100,8.80557861328125
200,7.743863677978515
300,7.499125889369419
400,5.798612594604492
500,7.143111334906684
600,6.932384236653646
700,6.354230880737305
800,6.998698552449544
900,6.078105926513672
1000,6.319246080186632
1100,6.999029636383057
1200,6.568895263671875
1300,6.310724258422852
1400,5.646319071451823
1500,6.463624477386475
1600,6.930850346883138
1700,6.701677958170573
1800,6.221379366787997
1900,6.537432861328125
2000,5.765653610229492
2100,6.251290321350098
2200,4.8595967292785645
2300,6.3525287083217075
2400,5.829257965087891
2500,6.38615837097168
2600,5.931752777099609
2700,6.307026256214488
2800,6.098254013061523
2900,5.818411690848214
3000,8.193130493164062
3100,6.417603015899658
3200,4.587584904261997
3300,5.86272212437221
3400,6.654392242431641
3500,5.915823364257813
3600,6.336854722764757
3700,6.588461134168837
3800,5.921091715494792
3900,6.068394252232143
4000,5.989510672433036
4100,5.907427978515625
4200,5.704693794250488
4300,5.9567405700683596
4400,7.427340507507324
4500,6.5431742668151855
4600,6.9437103271484375
4700,5.298783779144287
4800,6.4370286124093195
4900,6.211442129952567
5000,6.871619701385498
5100,6.2093329429626465
5200,5.0381879806518555
5300,6.8150787353515625
5400,6.205234103732639
5500,5.73231315612793
5600,6.134318033854167
5700,5.353270721435547
5800,5.810061264038086
5900,6.268786960177952
6000,6.083837297227648
6100,5.870922088623047
6200,8.160815238952637
6300,5.276985168457031
6400,6.892954739657315
6500,4.956948416573661
6600,5.403258514404297
6700,6.675927734375
6800,6.03073247273763
6900,5.6429524421691895
7000,5.745388878716363
7100,5.526669093540737
7200,6.84986941019694
7300,5.919485727945964
7400,6.404566838191106
7500,7.182302856445313
7600,6.006031036376953
7700,6.338930996981534
7800,9.258514404296875
7900,5.917823246547154
8000,5.991466045379639
8100,6.612803867885044
8200,6.110467093331473
8300,4.834158761160714
8400,6.6717996036305145
8500,6.5829010009765625
8600,6.237172444661458
8700,4.591039657592773
8800,5.524334907531738
8900,6.3853842995383525
9000,5.823409652709961
9100,5.792126742276278
9200,6.248319452459162
9300,5.653332901000977
9400,5.553127288818359
9500,6.3313783918108255
9600,5.096099429660374
9700,5.9250593185424805
9800,6.549045909534801
9900,6.082885155310998
10000,6.5958967208862305
0,52.13423647567661
0,7.560708160955189
10100,6.67939453125
10200,6.356777954101562
10300,6.5115203857421875
10400,4.079992294311523
10500,5.888862609863281
10600,5.494242858886719
10700,4.945570468902588
10800,6.5503082275390625
10900,4.7239945729573565
11000,5.657680087619358
11100,6.125534534454346
11200,6.101903686523437
11300,6.223593711853027
11400,4.948902765909831
11500,5.7499470710754395
11600,5.779429117838542
11700,6.002230326334636
11800,5.749101118607954
11900,6.074887084960937
12000,5.403749465942383
12100,6.220898628234863
12200,4.2326884269714355
12300,6.038091932024274
12400,5.340238189697265
12500,5.133919525146484
12600,5.278796005249023
12700,6.060191761363637
12800,5.611543655395508
12900,5.009778703962054
13000,7.563762664794922
13100,6.158315658569336
13200,4.186538968767438
13300,5.398023332868304
13400,5.936607996622722
13500,5.465444946289063
13600,5.9492602878146705
13700,6.200161404079861
13800,5.9783980051676435
13900,5.45965576171875
14000,5.842243739536831
14100,5.799899291992188
14200,5.329587459564209
14300,5.638898468017578
14400,6.658459663391113
14500,6.349052429199219
14600,5.873147964477539
14700,4.940001964569092
14800,6.171748570033482
14900,5.447703770228794
15000,6.314714431762695
15100,6.5043463706970215
15200,4.69525146484375
15300,6.542226409912109
15400,6.139500088161892
15500,5.403054714202881
15600,5.916313171386719
15700,5.312857818603516
15800,5.33473014831543
15900,6.393884023030599
16000,6.013134426540798
16100,5.829803466796875
16200,8.200998306274414
16300,5.270454830593533
16400,6.72659648548473
16500,4.5240903581891745
16600,5.407551574707031
16700,6.424195861816406
16800,5.862812678019206
16900,5.383124828338623
17000,5.413025750054254
17100,5.44983891078404
17200,6.772734959920247
17300,5.922688802083333
17400,6.176302983210637
17500,7.410554504394531
17600,5.921075439453125
17700,6.289692271839488
17800,8.755168914794922
17900,5.329717363630023
18000,6.029524803161621
18100,6.519656590053013
18200,5.7797377450125555
18300,4.652002607073102
18400,6.887768016142004
18500,6.249732494354248
18600,6.1727339426676435
18700,4.4840443929036455
18800,5.090478897094727
18900,6.149812178178267
19000,5.777030944824219
19100,5.648728804154829
19200,6.157860495827415
19300,5.496025466918946
19400,5.309491838727679
19500,6.5606520516531805
19600,5.093813578287761
19700,5.939624786376953
19800,6.372421958229759
19900,5.8414459228515625
20000,6.457379341125488
1,49.58704386344316
1,7.481909102029369
20100,6.576364898681641
20200,6.14343032836914
20300,6.404607500348773
20400,3.7851740519205728
20500,5.84577136569553
20600,5.351714070638021
20700,4.746735572814941
20800,6.565771738688151
20900,4.733529408772786
21000,5.5602773030598955
21100,6.332956314086914
21200,6.140732421875
21300,6.264623165130615
21400,4.874753952026367
21500,5.519193649291992
21600,5.746095021565755
21700,5.8450972239176435
21800,5.826932040127841
21900,6.074943542480469
22000,5.376583735148112
22100,6.243429660797119
22200,4.1691412925720215
22300,5.95214353288923
22400,5.380646896362305
22500,5.108221817016601
22600,5.146227264404297
22700,6.071348710493608
22800,5.58843765258789
22900,4.895181928362165
23000,7.313638687133789
23100,6.103658676147461
23200,4.183411734444754
23300,5.258195059640067
23400,5.8516419728597
23500,5.460892105102539
23600,6.193152109781901
23700,6.095528496636285
23800,5.904725392659505
23900,5.351781572614398
24000,5.798810686383929
24100,5.961160278320312
24200,5.258840560913086
24300,5.596794891357422
24400,6.549804210662842
24500,6.347712993621826
24600,5.618667221069336
24700,5.067600727081299
24800,6.151500701904297
24900,5.2856870378766745
25000,6.447429656982422
25100,6.507785797119141
25200,4.546210289001465
25300,6.269443511962891
25400,5.987918429904514
25500,5.299845218658447
25600,5.935014088948567
25700,5.472824478149414
25800,5.308034133911133
25900,6.323616027832031
26000,5.913937886555989
26100,5.895827611287435
26200,8.00413703918457
26300,5.3500722249348955
26400,6.68802226673473
26500,4.454390389578683
26600,5.4195304870605465
26700,6.25379638671875
26800,5.893263498942058
26900,5.326469421386719
27000,5.425331115722656
27100,5.506989615304129
27200,6.800506591796875
27300,5.846111721462673
27400,6.231728186974158
27500,7.34600830078125
27600,5.994538116455078
27700,6.32771093195135
27800,9.205607096354166
27900,5.450497763497489
28000,6.308132648468018
28100,6.586902618408203
28200,5.791655404227121
28300,4.5496995108468195
28400,6.863093656652114
28500,6.281475067138672
28600,6.361394882202148
28700,4.517012278238933
28800,4.993790626525879
28900,6.101060347123579
29000,5.691595077514648
29100,5.83411268754439
29200,6.12647108598189
29300,5.677325820922851
29400,5.149689265659878
29500,6.404751368931362
29600,5.0878185696072045
29700,5.991123199462891
29800,6.344806324351918
29900,5.805657019981971
30000,6.292788028717041
2,48.476773604968685
2,5.94649513115071
30100,6.4860893249511715
30200,6.007691192626953
30300,6.3734250749860495
30400,3.75137996673584
30500,5.751158396402995
30600,5.282850646972657
30700,4.680034160614014
30800,6.757857004801433
30900,4.531367301940918
31000,5.482504102918837
31100,6.098895072937012
31200,6.057421264648437
31300,6.285992622375488
31400,4.973562876383464
31500,5.502566337585449
31600,5.629276275634766
31700,5.880910873413086
31800,5.90389667857777
31900,6.1452491760253904
32000,5.381168365478516
32100,6.126201152801514
32200,4.209338188171387
32300,5.75861086164202
32400,5.340867614746093
32500,5.070249938964844
32600,5.093870162963867
32700,6.007537841796875
32800,5.493818664550782
32900,4.846788678850446
33000,6.731419563293457
33100,6.171965599060059
33200,4.127167837960379
33300,5.154852730887277
33400,5.860187530517578
33500,5.38031120300293
33600,6.072835710313585
33700,6.08626471625434
33800,5.999361038208008
33900,5.251385825020926
34000,5.723789760044643
34100,6.09674301147461
34200,5.222736358642578
34300,5.597066116333008
34400,6.4282026290893555
34500,6.2190260887146
34600,5.455781555175781
34700,5.048695087432861
34800,6.131487710135324
34900,5.172119685581753
35000,5.992204189300537
35100,6.518007755279541
35200,4.467878818511963
35300,6.360367965698242
35400,5.946042378743489
35500,5.256527900695801
35600,5.869794845581055
35700,5.547256088256836
35800,5.32003173828125
35900,6.323920355902778
36000,5.909021165635851
36100,5.823179880777995
36200,8.012384414672852
36300,5.199124654134114
36400,6.653714960271662
36500,4.289923259190151
36600,5.4531200408935545
36700,6.168904495239258
36800,5.82884407043457
36900,5.380830764770508
37000,5.360791948106554
37100,5.434089660644531
37200,6.779177983601888
37300,5.837814754909939
37400,6.196989206167368
37500,7.385163879394531
37600,5.893728637695313
37700,6.285618175159801
37800,9.050209045410156
37900,5.206382206508091
38000,6.279569149017334
38100,6.579706464494977
38200,5.7459836687360495
38300,4.447753361293247
38400,6.865746442009421
38500,6.130157947540283
38600,6.313833236694336
38700,4.470164616902669
38800,4.919735908508301
38900,6.0678183815696025
39000,5.756825256347656
39100,5.726407831365412
39200,6.059826937588778
39300,5.690083312988281
39400,5.06176267351423
39500,6.424892970493862
39600,4.945840623643663
39700,6.026900291442871
39800,6.348437222567472
39900,6.052683903620793
40000,6.265875816345215
3,47.81669560517822
3,5.955469351941519
40100,6.3479572296142575
40200,5.843744277954102
40300,6.3829803466796875
40400,3.6922547022501626
40500,5.712716420491536
40600,5.24520263671875
40700,4.592999458312988
40800,6.688231786092122
40900,4.442587216695149
41000,5.461651272243923
41100,5.921003818511963
41200,6.108271484375
41300,6.240034103393555
41400,4.8637440999348955
41500,5.5038371086120605
41600,5.61976687113444
41700,5.775835673014323
41800,5.918057528409091
41900,6.1129310607910154
42000,5.28098742167155
42100,6.08591890335083
42200,4.14732551574707
42300,5.662440708705357
42400,5.3839561462402346
42500,5.0417533874511715
42600,5.057376098632813
42700,6.031114058061079
42800,5.340120697021485
42900,4.9315016610281805
43000,6.943562984466553
43100,5.9848408699035645
43200,4.072834559849331
43300,5.225530896868024
43400,5.58985710144043
43500,5.301362609863281
43600,6.1112475925021705
43700,6.027879503038195
43800,5.852901458740234
43900,5.135617937360491
44000,5.733482360839844
44100,5.791062927246093
44200,5.226810455322266
44300,5.592618942260742
44400,6.2267656326293945
44500,6.177572250366211
44600,5.335406494140625
44700,5.035542964935303
44800,6.0716078622000555
44900,5.14868654523577
45000,6.088846206665039
45100,6.5117058753967285
45200,4.510916709899902
45300,6.3779254913330075
45400,6.030089908175999
45500,5.2100629806518555
45600,5.7242997487386065
45700,5.584979248046875
45800,5.250239562988281
45900,6.421848720974392
46000,5.851354387071398
46100,5.802461624145508
46200,7.946406364440918
46300,5.14896986219618
46400,6.649419611150568
46500,4.2631667000906805
46600,5.4099479675292965
46700,6.154911804199219
46800,5.896237055460612
46900,5.267714500427246
47000,5.324768914116754
47100,5.396065848214286
47200,6.7651793162028
47300,5.847306145562066
47400,6.061908428485577
47500,7.34087905883789
47600,5.956594085693359
47700,6.236610412597656
47800,8.60519790649414
47900,5.194394792829241
48000,6.381590366363525
48100,6.616941724504743
48200,5.53624507359096
48300,4.33737427847726
48400,6.623979007496553
48500,6.114777088165283
48600,6.294557571411133
48700,4.371044476826985
48800,4.855781555175781
48900,6.020099986683238
49000,5.731569290161133
49100,5.865115772594105
49200,6.026517694646662
49300,6.045654296875
49400,4.968866620744977
49500,6.3563368661063055
49600,4.861215379503038
49700,5.814456939697266
49800,6.34717421098189
49900,5.81146005483774
50000,6.125180244445801
4,46.41528103691031
4,6.7583815789993675
50100,6.106304931640625
50200,5.818268585205078
50300,6.262253897530692
50400,3.7149648666381836
50500,5.646097819010417
50600,5.1704559326171875
50700,4.496104717254639
50800,6.595279693603516
50900,4.454640706380208
51000,5.446091122097439
51100,6.06536340713501
51200,6.4550244140625
51300,6.169326305389404
51400,4.700178782145183
51500,5.518561363220215
51600,5.566101710001628
51700,5.7742048899332685
51800,6.171125238591975
51900,6.0966644287109375
52000,5.202930450439453
52100,6.013800144195557
52200,4.436881065368652
52300,5.656401497977121
52400,5.398049926757812
52500,5.027740859985352
52600,4.995929718017578
52700,5.975809270685369
52800,5.304487609863282
52900,4.686862400599888
53000,6.462638854980469
53100,5.901937484741211
53200,4.148941312517438
53300,5.057742527553013
53400,5.367516835530599
53500,5.263329696655274
53600,6.391970316569011
53700,6.021870930989583
53800,5.849623362223308
53900,5.221340724400112
54000,5.669233049665179
54100,5.840980529785156
54200,5.22785758972168
54300,5.7228961944580075
54400,6.28085470199585
54500,6.120400428771973
54600,5.255835342407226
54700,5.179382801055908
54800,6.073123931884766
54900,5.04271480015346
55000,5.945323944091797
55100,6.549694061279297
55200,4.302581310272217
55300,6.337893676757813
55400,6.03646002875434
55500,5.069167613983154
55600,5.836760838826497
55700,5.591881561279297
55800,5.194886779785156
55900,6.227572123209636
56000,5.9146300421820746
56100,5.316975911458333
56200,8.005987167358398
56300,5.31486341688368
56400,6.54004530473189
56500,4.173222950526646
56600,5.367032623291015
56700,6.0054271697998045
56800,5.765587488810222
56900,5.211759567260742
57000,5.36381361219618
57100,5.386135646275112
57200,6.595914204915364
57300,5.815265231662327
57400,6.09455812894381
57500,7.26224365234375
57600,5.888274765014648
57700,6.3067758733576
57800,8.29828961690267
57900,5.070315769740513
58000,6.287150859832764
58100,6.488612038748605
58200,5.785767146519253
58300,4.203309740339007
58400,6.525197197409237
58500,6.131259918212891
58600,6.009822845458984
58700,3.885019302368164
58800,4.990386009216309
58900,5.98034043745561
59000,5.355598068237304
59100,5.503826488148082
59200,5.960100347345525
59300,5.660467147827148
59400,4.884159088134766
59500,6.2909731183733255
59600,4.898044586181641
59700,5.578030109405518
59800,6.175220836292613
59900,5.658955500676082
60000,6.0658674240112305
5,44.189810216833486
5,7.046618968885375
60100,5.713634490966797
60200,5.717390441894532
60300,6.250634329659598
60400,3.5152053833007812
60500,5.6552755567762585
60600,5.176514689127604
60700,4.448534965515137
60800,6.335549672444661
60900,4.441188494364421
61000,5.371425204806858
61100,5.620146751403809
61200,6.152032470703125
61300,5.988409042358398
61400,4.441548029581706
61500,5.472935676574707
61600,5.453962326049805
61700,5.699495315551758
61800,5.879741321910512
61900,6.044016265869141
62000,5.206055959065755
62100,5.928896903991699
62200,4.689436912536621
62300,5.655387333461216
62400,5.30775032043457
62500,4.934244537353516
62600,4.902169036865234
62700,6.044416254216975
62800,5.335067367553711
62900,4.710754939488003
63000,6.926629066467285
63100,6.040883541107178
63200,4.194817679268973
63300,5.023429870605469
63400,5.172568639119466
63500,5.195324325561524
63600,6.22293938530816
63700,5.941829681396484
63800,5.733408610026042
63900,4.750684465680804
64000,5.634307316371372
64100,5.754322814941406
64200,5.15640926361084
64300,5.179806137084961
64400,6.475133895874023
64500,6.0571064949035645
64600,5.022325134277343
64700,5.201500415802002
64800,6.025061471121652
64900,4.877301897321429
65000,5.837109565734863
65100,6.459147930145264
65200,4.1914777755737305
65300,6.183021163940429
65400,6.157819112141927
65500,4.98745584487915
65600,5.844333648681641
65700,5.256175231933594
65800,5.116976928710938
65900,6.199517144097222
66000,5.603713565402561
66100,4.981381098429362
66200,8.222068786621094
66300,5.1634267171223955
66400,6.592977350408381
66500,4.2136704581124445
66600,5.312543487548828
66700,5.9030509948730465
66800,5.753602981567383
66900,5.198901653289795
67000,5.315637376573351
67100,5.1000486101422995
67200,6.569335301717122
67300,5.788364834255642
67400,6.190891559307392
67500,7.342336273193359
67600,5.937255477905273
67700,6.223796497691762
67800,8.486474990844727
67900,4.921963282993862
68000,6.405906677246094
68100,6.407170976911273
68200,5.781471797398159
68300,4.169878005981445
68400,6.54439365162569
68500,5.997106552124023
68600,6.049605051676433
68700,4.151626269022624
68800,4.8106489181518555
68900,5.923829512162642
69000,5.578938674926758
69100,5.335897272283381
69200,5.904631181196733
69300,5.616506576538086
69400,4.825570242745536
69500,5.936920166015625
69600,4.846583896213108
69700,5.418776035308838
69800,6.2180397727272725
69900,5.782504155085637
70000,5.928285598754883
6,42.593190408110175
6,7.5989855454562605
70100,5.782025909423828
70200,5.783084106445313
70300,6.168457576206753
70400,3.4095274607340493
70500,5.686558617485894
70600,5.143246968587239
70700,4.415187835693359
70800,6.426258087158203
70900,4.220932324727376
71000,5.340657975938585
71100,5.684795379638672
71200,6.277255859375
71300,5.898632526397705
71400,4.4452260335286455
71500,5.50754451751709
71600,5.431375503540039
71700,5.53077507019043
71800,5.913761485706676
71900,6.024765396118164
72000,5.076409657796224
72100,5.816901206970215
72200,4.938897132873535
72300,5.1780580793108255
72400,5.664206695556641
72500,4.9662120819091795
72600,4.778835296630859
72700,5.857237382368608
72800,5.192230606079102
72900,4.6212359837123325
73000,6.4349775314331055
73100,5.966409683227539
73200,4.49492563520159
73300,4.887025015694754
73400,5.0552317301432295
73500,5.087884140014649
73600,6.211566501193577
73700,5.935388353135851
73800,5.679348627726237
73900,4.8541058131626675
74000,5.605863298688616
74100,5.5680389404296875
74200,5.098748207092285
74300,5.089408111572266
74400,6.149713516235352
74500,5.957702159881592
74600,5.097821044921875
74700,4.949976921081543
74800,6.055811200823102
74900,4.831842694963727
75000,6.441524982452393
75100,6.630124092102051
75200,4.184873580932617
75300,6.006958770751953
75400,5.995658026801215
75500,4.857055187225342
75600,5.834918975830078
75700,5.239088439941407
75800,5.115135955810547
75900,6.26838853624132
76000,5.446737501356337
76100,4.856977144877116
76200,8.215102195739746
76300,5.212754143608941
76400,6.494402105158025
76500,4.216114044189453
76600,5.217736434936524
76700,5.894319915771485
76800,5.777602513631185
76900,5.031862735748291
77000,5.323733859592014
77100,5.2287172589983255
77200,6.593055725097656
77300,5.735317230224609
77400,5.932582561786358
77500,7.443064117431641
77600,5.952693176269531
77700,6.292096918279475
77800,7.860684076944987
77900,4.915344783238003
78000,6.604381084442139
78100,6.224523271833148
78200,5.550061362130301
78300,4.152890341622489
78400,6.602636898265166
78500,6.176852226257324
78600,5.817004521687825
78700,3.69488525390625
78800,4.867650985717773
78900,6.0659873268821025
79000,5.517767333984375
79100,5.487045981667259
79200,5.907694036310369
79300,5.344078063964844
79400,4.820482526506696
79500,5.906515393938337
79600,4.814123789469401
79700,5.3271870613098145
79800,6.074290882457387
79900,6.045829186072717
80000,5.882746696472168
7,41.34322083302976
7,8.491988779228583
80100,5.659074783325195
80200,5.714965438842773
80300,5.938943045479911
80400,3.3523146311442056
80500,5.725455390082465
80600,5.11306406656901
80700,4.243134021759033
80800,6.706787109375
80900,4.223355611165364
81000,5.272209167480469
81100,5.560617446899414
81200,6.343447875976563
81300,5.794300556182861
81400,4.296151796976726
81500,5.516096591949463
81600,5.358713150024414
81700,5.472269058227539
81800,5.639003753662109
81900,6.178626632690429
82000,4.912602424621582
82100,5.551702976226807
82200,4.448746681213379
82300,4.8812103271484375
82400,5.662079238891602
82500,5.062421417236328
82600,4.494269943237304
82700,5.8506552956321025
82800,4.9911659240722654
82900,4.620494842529297
83000,6.0196533203125
83100,5.839751243591309
83200,4.462579999651227
83300,4.7748854500906805
83400,4.85154914855957
83500,4.992838668823242
83600,6.062782711452908
83700,5.931360456678602
83800,5.811158498128255
83900,4.5418227059500555
84000,5.645215170724051
84100,5.684863662719726
84200,5.090071678161621
84300,5.111746978759766
84400,6.162802696228027
84500,5.950439929962158
84600,4.954730606079101
84700,4.866873264312744
84800,5.982141222272601
84900,4.700837816510882
85000,5.970721244812012
85100,6.64315938949585
85200,4.018426895141602
85300,6.119259262084961
85400,5.898366292317708
85500,4.8957929611206055
85600,5.878486633300781
85700,5.251973724365234
85800,5.010192489624023
85900,6.235548655192058
86000,5.583145565456814
86100,4.940774917602539
86200,8.194393157958984
86300,4.963452657063802
86400,6.4364235617897725
86500,4.342861720493862
86600,5.283440017700196
86700,5.899001693725586
86800,5.680077234903972
86900,4.8159894943237305
87000,5.1900350782606335
87100,5.160272325788226
87200,6.7880096435546875
87300,5.8526967366536455
87400,5.937045170710637
87500,7.255975341796875
87600,5.8769775390625
87700,6.108200766823509
87800,7.543183008829753
87900,4.829039437430246
88000,6.381078720092773
88100,6.209226335797991
88200,5.421033041817801
88300,4.07708740234375
88400,6.149002523983226
88500,5.86207389831543
88600,5.8233896891276045
88700,3.5667546590169272
88800,4.614344596862793
88900,5.907164833762429
89000,5.350230407714844
89100,5.559539794921875
89200,5.887605840509588
89300,4.9694374084472654
89400,4.752300262451172
89500,5.766809735979352
89600,4.6384472317165795
89700,5.226731777191162
89800,5.954621054909446
89900,5.766966599684495
90000,5.839371204376221
8,39.833963516300315
8,9.278781678074566
90100,5.663664627075195
90200,5.716177368164063
90300,5.900573185511997
90400,3.4713465372721353
90500,5.874728732638889
90600,5.219010925292968
90700,4.076296806335449
90800,6.112801233927409
90900,4.418537775675456
91000,5.255204094780816
91100,5.372965335845947
91200,6.146980590820313
91300,5.783344745635986
91400,4.279380162556966
91500,5.387934684753418
91600,5.541382471720378
91700,5.368843078613281
91800,6.051836187189275
91900,6.288315200805664
92000,5.0611006418863935
92100,5.508739471435547
92200,4.777172565460205
92300,4.862254551478794
92400,5.3548423767089846
92500,4.786357116699219
92600,4.415658187866211
92700,5.825094743208452
92800,5.040470123291016
92900,4.502946308680943
93000,6.123412609100342
93100,5.746687412261963
93200,4.419817243303571
93300,4.630433218819754
93400,4.83171272277832
93500,4.833435440063477
93600,6.329444037543403
93700,5.924345228407118
93800,5.74111811319987
93900,4.7051816667829245
94000,5.487543378557477
94100,5.620713424682617
94200,5.089377403259277
94300,5.078617095947266
94400,6.902033805847168
94500,5.921695709228516
94600,4.730966186523437
94700,5.062685966491699
94800,5.84979248046875
94900,4.650993347167969
95000,5.606442451477051
95100,6.496869087219238
95200,4.011682510375977
95300,6.155529022216797
95400,5.774671766493055
95500,4.874743461608887
95600,5.885485967000325
95700,5.066571807861328
95800,5.224152374267578
95900,6.329792870415582
96000,5.285423702663845
96100,5.308139483133952
96200,8.048742294311523
96300,5.171460469563802
96400,6.447097084738991
96500,4.338800430297852
96600,4.976736831665039
96700,5.8422901153564455
96800,5.6915022532145185
96900,4.983855247497559
97000,5.186519198947483
97100,5.206057412283761
97200,6.546220779418945
97300,5.760854085286458
97400,5.954285841721755
97500,7.2213493347167965
97600,5.923837280273437
97700,6.21042216907848
97800,8.100351333618164
97900,4.721151624407087
98000,6.430147647857666
98100,5.9996828351702005
98200,5.489711216517857
98300,4.024935586111886
98400,6.228218078613281
98500,5.976689338684082
98600,5.538118998209636
98700,3.4920667012532554
98800,4.520120620727539
98900,5.973492709073153
99000,5.357513046264648
99100,5.480050867254084
99200,5.86758769642223
99300,4.945224380493164
99400,4.639279501778739
99500,5.75603267124721
99600,4.612595876057942
99700,5.21373987197876
99800,5.967937816273082
99900,5.511331998384916
100000,5.757864475250244
9,39.2002493162182
9,9.414694459346086
100100,5.675299835205078
100200,5.745110321044922
100300,5.795281546456473
100400,3.4152654012044272
100500,5.667212592230903
100600,5.0859619140625
100700,4.102049350738525
100800,6.211429595947266
100900,4.331708272298177
101000,5.092572530110677
101100,5.625962257385254
101200,6.212171020507813
101300,5.64323616027832
101400,4.2069047292073565
101500,5.423974990844727
101600,5.047271728515625
101700,5.316901524861653
101800,5.723977522416548
101900,6.447119140625
102000,5.103901227315267
102100,5.469111919403076
102200,4.7323808670043945
102300,4.642599923270089
102400,5.4497734069824215
102500,4.664725494384766
102600,4.429911804199219
102700,5.7952117919921875
102800,4.870626831054688
102900,4.475379398890904
103000,6.332032680511475
103100,5.670270919799805
103200,4.028604779924665
103300,5.022992270333426
103400,4.8974456787109375
103500,4.8388313293457035
103600,6.054016537136501
103700,5.698293050130208
103800,5.848796844482422
103900,4.899204799107143
104000,5.418959481375558
104100,5.749774169921875
104200,5.261378288269043
104300,5.04130859375
104400,6.714827537536621
104500,5.913547515869141
104600,4.813312911987305
104700,4.6167311668396
104800,6.020943232945034
104900,4.612346649169922
105000,5.592214107513428
105100,6.546025276184082
105200,3.925503969192505
105300,5.947699356079101
105400,5.664719899495442
105500,5.0565595626831055
105600,5.908044179280599
105700,5.1729175567626955
105800,5.094035339355469
105900,6.2271982828776045
106000,5.608656989203559
106100,4.9170989990234375
106200,7.946163177490234
106300,5.218859354654948
106400,6.298620744185015
106500,4.087188175746372
106600,4.917283248901367
106700,5.8616943359375
106800,5.628873189290364
106900,4.735684871673584
107000,5.220050811767578
107100,5.129004887172154
107200,6.547281265258789
107300,5.989984724256727
107400,5.889702430138221
107500,7.176007843017578
107600,5.849469375610352
107700,6.018949335271662
107800,7.824858983357747
107900,4.6841245378766745
108000,6.294093132019043
108100,6.076194763183594
108200,5.472955976213727
108300,3.9296507154192244
108400,6.248891942641315
108500,5.900620460510254
108600,5.799518585205078
108700,3.6512184143066406
108800,4.530584335327148
108900,5.976179643110796
109000,5.192206192016601
109100,5.571523492986506
109200,5.824614091352983
109300,4.984780120849609
109400,4.4035603659493585
109500,5.709175109863281
109600,4.6255005730523004
109700,4.987218856811523
109800,5.891727100719105
109900,5.532345111553486
110000,5.802737712860107
10,38.33083565398402
10,10.190122406075847
110100,5.88426513671875
110200,5.5155189514160154
110300,5.7550201416015625
110400,3.1673717498779297
110500,5.771497514512804
110600,4.941827392578125
110700,3.923819065093994
110800,5.994200388590495
110900,4.2208404541015625
111000,5.134456210666233
111100,5.265364170074463
111200,6.302359619140625
111300,5.6046013832092285
111400,4.189149220784505
111500,5.36713171005249
111600,5.030138651529948
111700,5.222815195719401
111800,6.195079456676137
111900,6.39051513671875
112000,4.981405893961589
112100,5.697177410125732
112200,4.794732570648193
112300,4.632762363978794
112400,5.3474170684814455
112500,4.818731689453125
112600,4.277302169799805
112700,5.6563710299405185
112800,4.7320911407470705
112900,4.358638763427734
113000,5.917309761047363
113100,5.73402214050293
113200,4.156232016427176
113300,5.18397467476981
113400,4.70095952351888
113500,4.765973663330078
113600,5.938753763834636
113700,5.681315104166667
113800,5.795939127604167
113900,4.737908499581473
114000,5.721357073102679
114100,5.504307556152344
114200,5.262056350708008
114300,4.943265533447265
114400,6.240288734436035
114500,5.961068630218506
114600,4.752047348022461
114700,4.682783603668213
114800,6.0821364266531805
114900,4.484266826084682
115000,5.40617561340332
115100,6.487751007080078
115200,3.8118653297424316
115300,6.152421951293945
115400,5.946592542860243
115500,5.064823627471924
115600,5.708278656005859
115700,5.1567535400390625
115800,4.919558334350586
115900,6.458449469672309
116000,5.3112072414822045
116100,4.556589762369792
116200,7.955140113830566
116300,4.756662156846788
116400,6.24994590065696
116500,3.917999812534877
116600,5.178141784667969
116700,5.655793380737305
116800,5.602633794148763
116900,4.920164585113525
117000,5.463605244954427
117100,4.789675576346261
117200,6.583506902058919
117300,5.647391425238715
117400,5.790856581467849
117500,7.18260498046875
117600,6.013750839233398
117700,6.258349331942472
117800,7.145222981770833
117900,4.693395342145648
118000,6.232531547546387
118100,6.072568620954241
118200,4.954577309744699
118300,3.8974173409598216
118400,5.910404878504136
118500,5.648531913757324
118600,5.960711161295573
118700,3.4793574015299478
118800,4.377946853637695
118900,5.773472179066051
119000,4.999550628662109
119100,5.791053425181996
119200,5.728475397283381
119300,4.6523395538330075
119400,4.507286616734096
119500,6.10547365461077
119600,4.630015055338542
119700,4.9752678871154785
119800,5.97899697043679
119900,5.486783541165865
120000,5.797821998596191
11,37.551948847411815
11,10.085033942903017
120100,5.689871597290039
120200,5.643707275390625
120300,5.738681793212891
120400,3.092220942179362
120500,6.019794040256077
120600,4.9525807698567705
120700,3.689565420150757
120800,5.688741048177083
120900,4.28700065612793
121000,5.093597412109375
121100,5.334222793579102
121200,6.022069702148437
121300,5.594778537750244
121400,4.112643559773763
121500,5.341948509216309
121600,4.9217783610026045
121700,5.154794692993164
121800,5.7930051630193535
121900,6.325722122192383
122000,5.020159085591634
122100,5.756555557250977
122200,5.037231922149658
122300,4.610561370849609
122400,5.284975814819336
122500,4.737450790405274
122600,4.283551025390625
122700,5.938861500133168
122800,4.6550743103027346
122900,4.454699380057199
123000,6.567755222320557
123100,5.708639144897461
123200,4.111669267926898
123300,4.912488119942801
123400,4.71824836730957
123500,4.675252532958984
123600,6.001173231336805
123700,5.578761630588108
123800,5.811648050944011
123900,4.462835311889648
124000,5.093067169189453
124100,5.476334762573242
124200,4.886661529541016
124300,4.8837944030761715
124400,6.751018524169922
124500,5.912743091583252
124600,4.434967803955078
124700,4.760638236999512
124800,6.013712201799665
124900,4.528403690883091
125000,5.170304298400879
125100,6.515016078948975
125200,3.7680866718292236
125300,6.084469223022461
125400,5.558074103461371
125500,4.83080530166626
125600,5.80320421854655
125700,5.3475830078125
125800,5.04329833984375
125900,6.1305652194552955
126000,5.443548414442274
126100,4.713400204976399
126200,8.010357856750488
126300,5.228696187337239
126400,6.25110556862571
126500,3.92987060546875
126600,4.932951736450195
126700,5.509033966064453
126800,5.506845474243164
126900,4.610618591308594
127000,5.322898864746094
127100,5.082703181675503
127200,6.560610453287761
127300,5.448357899983724
127400,5.879744896521935
127500,6.941169738769531
127600,6.049858093261719
127700,5.88159873268821
127800,7.374734878540039
127900,4.419961111886161
128000,5.876062393188477
128100,5.85301753452846
128200,4.8021714346749445
128300,3.923224857875279
128400,6.119418873506434
128500,5.980745792388916
128600,5.730515162150065
128700,3.5179112752278647
128800,4.407904624938965
128900,6.0475616455078125
129000,5.013930892944336
129100,5.359084389426491
129200,5.856645757501775
129300,4.969055557250977
129400,4.6145798819405695
129500,6.0326739719935825
129600,4.387754652235243
129700,4.839573860168457
129800,5.862830422141335
129900,5.420648428109976
130000,5.695558547973633
12,37.02044602513209
12,10.433613455743874
130100,5.581289672851563
130200,5.570492553710937
130300,5.630213056291852
130400,3.0660133361816406
130500,5.371874491373698
130600,5.034269714355469
130700,3.6530954837799072
130800,5.911163330078125
130900,3.9226630528767905
131000,5.063079833984375
131100,5.043303966522217
131200,6.400208740234375
131300,5.508359432220459
131400,4.182484944661458
131500,5.268312454223633
131600,5.038572311401367
131700,5.242719968159993
131800,5.832957874644887
131900,6.386538314819336
132000,5.081718444824219
132100,5.535323143005371
132200,4.709020614624023
132300,4.317188262939453
132400,5.084466552734375
132500,4.502142333984375
132600,4.345662307739258
132700,5.645753687078303
132800,4.631687927246094
132900,4.258401053292411
133000,5.7067484855651855
133100,5.742013931274414
133200,3.8319119044712613
133300,4.828553336007254
133400,4.553239822387695
133500,4.625184631347656
133600,5.508910285101996
133700,5.466361575656467
133800,5.681343714396159
133900,4.584233965192523
134000,5.096566336495536
134100,5.349236297607422
134200,4.977561950683594
134300,4.810263061523438
134400,6.383196830749512
134500,5.927060127258301
134600,4.479959106445312
134700,4.513976097106934
134800,6.11297116960798
134900,4.512608664376395
135000,5.26833438873291
135100,6.563225269317627
135200,3.667092800140381
135300,6.056080627441406
135400,5.57254876030816
135500,4.671403884887695
135600,5.797814051310222
135700,5.073912811279297
135800,5.061829376220703
135900,6.612707349989149
136000,5.562491522894965
136100,5.163211822509766
136200,7.909475326538086
136300,5.040366702609592
136400,6.036689758300781
136500,4.0469834463936945
136600,4.937145614624024
136700,5.466811752319336
136800,5.489487330118815
136900,4.770613193511963
137000,5.372342427571614
137100,4.81922858101981
137200,6.534412384033203
137300,5.442455715603298
137400,5.8361082810622
137500,6.8167564392089846
137600,5.891720962524414
137700,5.865986217151988
137800,7.415782928466797
137900,4.254558835710798
138000,6.421631336212158
138100,5.917750222342355
138200,4.596050262451172
138300,3.731175013950893
138400,6.053927253274357
138500,5.713750839233398
138600,5.719875335693359
138700,3.5517215728759766
138800,4.515558242797852
138900,5.775914972478693
139000,5.2779090881347654
139100,5.705891002308238
139200,5.468771501020952
139300,4.351055145263672
139400,4.447387150355747
139500,5.740562983921596
139600,4.2680685255262585
139700,4.7703351974487305
139800,5.830381913618608
139900,5.470765920785757
140000,5.736024856567383
13,36.76506278483908
13,10.229525819029577
140100,5.4676666259765625
140200,5.427968597412109
140300,5.88971928187779
140400,3.300527254740397
140500,6.000792609320746
140600,5.078287760416667
140700,3.7327234745025635
140800,5.9951521555582685
140900,3.8666814168294272
141000,4.965254465738933
141100,5.153041839599609
141200,6.090906372070313
141300,5.691651344299316
141400,4.113236427307129
141500,5.4384446144104
141600,4.894753774007161
141700,5.259082476298015
141800,5.8533782958984375
141900,6.342431259155274
142000,5.039155006408691
142100,5.54210090637207
142200,4.953597068786621
142300,4.22950063432966
142400,5.301209259033203
142500,4.254792022705078
142600,4.126485061645508
142700,5.803547252308238
142800,4.553244781494141
142900,4.367066519601004
143000,5.327548503875732
143100,5.505398273468018
143200,3.9999400547572543
143300,5.609621865408761
143400,4.561063448588054
143500,4.520260238647461
143600,5.914676666259766
143700,5.36184565226237
143800,5.737972259521484
143900,4.4489127567836215
144000,5.303641183035714
144100,5.299410247802735
144200,4.860195636749268
144300,4.752931213378906
144400,5.98226261138916
144500,5.992941856384277
144600,4.440351867675782
144700,4.580491065979004
144800,6.092306409563337
144900,4.408445085797991
145000,5.6045098304748535
145100,6.483989715576172
145200,3.6563291549682617
145300,5.945038604736328
145400,5.574080149332683
145500,4.7404632568359375
145600,5.715872446695964
145700,4.981962203979492
145800,4.927116394042969
145900,5.952905442979601
146000,5.10763422648112
146100,4.583089828491211
146200,7.87795352935791
146300,5.163049485948351
146400,6.224485223943537
146500,3.8513123648507253
146600,4.812147903442383
146700,5.562760925292968
146800,5.439453125
146900,4.6189351081848145
147000,5.303834703233507
147100,4.687600816999163
147200,6.5398209889729815
147300,5.29853990342882
147400,5.762241656963642
147500,6.795925903320312
147600,5.918480682373047
147700,5.872461492365057
147800,6.957726796468099
147900,4.162497929164341
148000,6.320311069488525
148100,5.944801330566406
148200,4.837542397635324
148300,3.7486724853515625
148400,6.224014731014476
148500,6.047740936279297
148600,5.763145446777344
148700,3.3134339650472007
148800,4.329122543334961
148900,5.70181621204723
149000,5.116741180419922
149100,5.369828657670454
149200,5.615131724964488
149300,4.318574142456055
149400,4.277182987758091
149500,5.762435368129185
149600,4.075061374240452
149700,4.829036712646484
149800,5.864824468439275
149900,5.308905968299279
150000,5.617383003234863
14,36.018193848355835
14,10.632807607462835
150100,5.361933898925781
150200,5.237762832641602
150300,5.592205047607422
150400,3.1948372522989907
150500,5.5478871663411455
150600,4.939901733398438
150700,3.903848886489868
150800,5.689226786295573
150900,3.8468405405680337
151000,4.963858710394965
151100,5.053966522216797
151200,6.319304809570313
151300,5.5713419914245605
151400,4.142100969950358
151500,5.329166412353516
151600,4.868522644042969
151700,5.274251302083333
151800,6.285534945401278
151900,6.5312957763671875
152000,4.856456756591797
152100,5.408114433288574
152200,5.275175094604492
152300,4.2335613795689175
152400,5.209859848022461
152500,4.4497016906738285
152600,4.0941112518310545
152700,5.640820589932528
152800,4.585235595703125
152900,4.447980063302176
153000,5.396164417266846
153100,5.503948211669922
153200,3.910998208182199
153300,4.373062951224191
153400,4.628444989522298
153500,4.525510025024414
153600,6.868289523654514
153700,5.325974358452691
153800,5.59998893737793
153900,4.260962350027902
154000,5.056446620396206
154100,5.476227569580078
154200,4.704526901245117
154300,4.688180541992187
154400,6.043600559234619
154500,6.013460159301758
154600,4.449774551391601
154700,4.632850646972656
154800,6.216160910470145
154900,4.3304595947265625
155000,6.185425281524658
155100,6.404991149902344
155200,3.5999250411987305
155300,6.10390625
155400,5.662060207790798
155500,5.002433776855469
155600,5.732326507568359
155700,5.098606872558594
155800,5.043140029907226
155900,6.336395263671875
156000,5.2279713948567705
156100,4.61326535542806
156200,7.706546783447266
156300,4.917017194959852
156400,6.104281338778409
156500,4.120860508510044
156600,4.931996917724609
156700,5.555707550048828
156800,5.435249964396159
156900,4.475979328155518
157000,5.27889166937934
157100,4.61382566179548
157200,6.451686859130859
157300,5.3730519612630205
157400,5.765477107121394
157500,6.942421722412109
157600,5.881082916259766
157700,5.790709062056108
157800,7.349912007649739
157900,4.129599707467215
158000,6.2973856925964355
158100,5.929859706333706
158200,4.563355582101004
158300,3.827826908656529
158400,5.939196867101333
158500,5.839360237121582
158600,5.6443735758463545
158700,3.227275848388672
158800,4.275590419769287
158900,5.817948428067294
159000,4.806890869140625
159100,5.610991738059304
159200,5.559813065962358
159300,4.693534851074219
159400,4.255904878888812
159500,5.6847637721470425
159600,4.011118570963542
159700,4.785553932189941
159800,5.803452925248579
159900,6.157718365009014
160000,5.6699538230896
15,35.96202159641639
15,10.219074468872202
160100,5.168608856201172
160200,5.587795639038086
160300,5.528081621442523
160400,3.0405190785725913
160500,5.58421156141493
160600,4.978374735514323
160700,3.57222843170166
160800,5.480019887288411
160900,3.6743125915527344
161000,5.153256310356988
161100,5.073788642883301
161200,6.226475830078125
161300,5.705902576446533
161400,4.145432790120442
161500,5.352845668792725
161600,5.007942199707031
161700,5.149341583251953
161800,5.973449013449929
161900,6.602473449707031
162000,4.962564786275228
162100,5.454346179962158
162200,5.104759216308594
162300,4.053704670497349
162400,5.186552429199219
162500,4.176094055175781
162600,3.932123565673828
162700,5.61187119917436
162800,4.601585006713867
162900,4.310704912458148
163000,5.277280807495117
163100,5.562707901000977
163200,3.8759825570242747
163300,4.224320002964565
163400,4.749635060628255
163500,4.541171264648438
163600,5.6364928351508246
163700,5.401369730631511
163800,5.78103764851888
163900,4.970734732491629
164000,4.968224661690848
164100,5.328470230102539
164200,4.82374382019043
164300,4.629723358154297
164400,6.704563617706299
164500,5.831261157989502
164600,4.385287475585938
164700,4.501486778259277
164800,6.041177477155413
164900,4.24156243460519
165000,5.205304145812988
165100,6.606077194213867
165200,3.9247398376464844
165300,5.971020126342774
165400,5.5931955973307295
165500,4.639284610748291
165600,5.650382995605469
165700,5.027488708496094
165800,4.955930709838867
165900,5.96547105577257
166000,5.002040863037109
166100,4.380332946777344
166200,7.685832500457764
166300,5.129743364122179
166400,6.102424621582031
166500,3.6989549909319197
166600,4.895209884643554
166700,5.483805084228516
166800,5.297903060913086
166900,4.460021018981934
167000,5.49752680460612
167100,4.474053246634347
167200,6.448660532633464
167300,5.2607239617241754
167400,5.9530487060546875
167500,6.528329467773437
167600,5.870952987670899
167700,6.024210149591619
167800,7.826667785644531
167900,4.133874620710101
168000,6.089504241943359
168100,5.606106349400112
168200,4.7459308079310825
168300,3.7546084267752513
168400,5.796349469353171
168500,5.644626617431641
168600,5.782393137613933
168700,2.827571233113607
168800,4.2385358810424805
168900,5.650637193159624
169000,5.157306671142578
169100,5.50321474942294
169200,5.640781749378551
169300,4.274903869628906
169400,4.66272463117327
169500,5.830101558140346
169600,3.934900071885851
169700,4.865139007568359
169800,5.721609982577237
169900,5.383264394906851
170000,5.643483638763428
16,35.43977488761138
16,10.588916433340831
170100,5.28585205078125
170200,5.615177154541016
170300,5.531170981270926
170400,2.8946412404378257
170500,5.67088868882921
170600,4.923463439941406
170700,3.278964042663574
170800,5.4516245524088545
170900,3.559422810872396
171000,5.155325147840712
171100,4.909644603729248
171200,6.2307977294921875
171300,5.664393424987793
171400,3.9810053507486978
171500,5.24785041809082
171600,5.05485725402832
171700,4.975223223368327
171800,6.1884765625
171900,6.4088996887207035
172000,5.178993860880534
172100,5.471462249755859
172200,4.452460289001465
172300,3.9461939675467357
172400,5.334868621826172
172500,4.0544677734375
172600,3.9513816833496094
172700,5.6011269309303975
172800,4.7380729675292965
172900,4.4256439208984375
173000,4.9840898513793945
173100,5.423182964324951
173200,3.677534920828683
173300,4.529807499476841
173400,4.600028991699219
173500,4.397997665405273
173600,5.545296986897786
173700,5.328741709391276
173800,5.674953460693359
173900,4.967777797154018
174000,5.172499520438058
174100,5.153408050537109
174200,4.597243309020996
174300,4.771053695678711
174400,5.643269062042236
174500,5.960672378540039
174600,4.13195686340332
174700,4.654607772827148
174800,5.983546665736607
174900,4.501109804425921
175000,5.259519100189209
175100,6.5166521072387695
175200,3.4047951698303223
175300,6.101982498168946
175400,5.579224480523004
175500,4.394969940185547
175600,5.633320490519206
175700,4.994125747680664
175800,4.910469818115234
175900,5.790557861328125
176000,4.779892391628689
176100,4.525915781656901
176200,7.785439491271973
176300,4.725411732991536
176400,6.3648598410866475
176500,3.46689578465053
176600,4.89756965637207
176700,5.375613403320313
176800,5.392663319905599
176900,4.302351951599121
177000,5.418985154893663
177100,4.4604001726422995
177200,6.423748016357422
177300,5.3680614895290795
177400,5.603481586162861
177500,6.655560302734375
177600,5.69111442565918
177700,5.978759072043679
177800,7.48012097676595
177900,4.019017900739398
178000,6.113895416259766
178100,5.747929164341518
178200,5.0518935067313055
178300,3.821725845336914
178400,5.751025929170496
178500,5.842012405395508
178600,5.328212738037109
178700,3.192254384358724
178800,4.210594177246094
178900,5.822488958185369
179000,5.019051742553711
179100,5.564381686123935
179200,5.5638559514826
179300,4.40509262084961
179400,3.874048505510603
179500,5.716419219970703
179600,3.795882331000434
179700,4.678589344024658
179800,5.754110856489702
179900,5.5567803016075725
180000,5.67092227935791
17,35.11824552733892
17,11.11220102749955
180100,5.05970458984375
180200,5.249718475341797
180300,5.493039267403739
180400,2.6880130767822266
180500,5.666494581434462
180600,4.8938349405924475
180700,3.4126100540161133
180800,5.4801286061604815
180900,3.928770383199056
181000,5.003903706868489
181100,4.9188995361328125
181200,6.28959228515625
181300,5.518470764160156
181400,4.215572992960612
181500,5.280698776245117
181600,5.026017506917317
181700,5.117970784505208
181800,6.204387318004262
181900,6.137963485717774
182000,4.970304171244304
182100,5.563426971435547
182200,4.33811092376709
182300,3.9175082615443637
182400,4.633453369140625
182500,4.244444274902344
182600,3.7856658935546874
182700,5.948745033957741
182800,4.656936264038086
182900,4.328487941196987
183000,5.099579811096191
183100,5.472736358642578
183200,3.7761007036481584
183300,4.419703619820731
183400,4.579465230305989
183500,4.338591003417969
183600,5.392020331488715
183700,5.318048689100477
183800,5.9713999430338545
183900,4.4485915047781805
184000,5.086307525634766
184100,5.463780212402344
184200,4.70931339263916
184300,4.611796188354492
184400,5.720938682556152
184500,6.050664901733398
184600,4.0810600280761715
184700,4.668328762054443
184800,5.927545275006976
184900,4.212453297206333
185000,5.549266815185547
185100,6.397547721862793
185200,3.511308193206787
185300,5.683322525024414
185400,5.3412221272786455
185500,4.585549354553223
185600,5.599568049112956
185700,4.929255676269531
185800,4.735174560546875
185900,5.975800408257379
186000,4.974783579508464
186100,4.600516001383464
186200,7.670215606689453
186300,5.060644785563151
186400,6.0107290094549
186500,3.821141379220145
186600,4.974193572998047
186700,5.434898376464844
186800,5.364058176676433
186900,4.442051410675049
187000,5.823076883951823
187100,4.482935769217355
187200,6.48568852742513
187300,5.796728769938151
187400,5.597892174353967
187500,6.897922515869141
187600,5.798160552978516
187700,5.934028625488281
187800,7.456145604451497
187900,4.3853285653250555
188000,6.355903625488281
188100,5.666145869663784
188200,4.283998216901507
188300,3.7291766575404575
188400,5.730050030876608
188500,5.324923992156982
188600,5.58290417989095
188700,3.0687058766682944
188800,4.282431125640869
188900,5.6507509404962715
189000,5.1197456359863285
189100,5.655618494207209
189200,5.510841369628906
189300,4.242606735229492
189400,4.288494382585798
189500,5.303094046456473
189600,3.7687674628363714
189700,4.960245132446289
189800,5.567015214399858
189900,6.1918170635516825
190000,5.619215965270996
18,34.92132074919637
18,11.147249165145956
190100,5.0499114990234375
190200,5.142037963867187
190300,5.443116324288504
190400,2.967953364054362
190500,5.974582248263889
190600,4.943081665039062
190700,3.4577767848968506
190800,5.593518575032552
190900,4.089401880900065
191000,4.762245602077908
191100,5.076384544372559
191200,6.132105102539063
191300,5.4291839599609375
191400,4.003313064575195
191500,5.2779741287231445
191600,5.135627746582031
191700,5.216508229573567
191800,6.190580888227983
191900,6.124586486816407
192000,4.941029866536458
192100,5.667008399963379
192200,5.012228488922119
192300,3.9219605582101003
192400,4.9697731018066404
192500,3.921941375732422
192600,3.643894577026367
192700,5.322193492542613
192800,4.882113265991211
192900,4.763611929757254
193000,4.844294548034668
193100,5.496947765350342
193200,3.6308792659214566
193300,4.138732637677874
193400,4.590299606323242
193500,4.291329956054687
193600,5.832662794325087
193700,5.220277150472005
193800,5.51858647664388
193900,5.065020424979074
194000,4.961591448102679
194100,5.237968444824219
194200,4.58358097076416
194300,4.731173706054688
194400,6.103282451629639
194500,5.786620140075684
194600,4.180096054077149
194700,4.7497429847717285
194800,6.029537745884487
194900,4.112098148890904
195000,5.625042915344238
195100,6.1779608726501465
195200,3.9061222076416016
195300,6.105657958984375
195400,5.243913014729817
195500,4.446778297424316
195600,5.750667572021484
195700,4.922757720947265
195800,4.731877136230469
195900,5.719485388861762
196000,5.247362772623698
196100,4.241727193196614
196200,7.2310566902160645
196300,5.131139967176649
196400,6.0993735573508525
196500,4.147923878261021
196600,4.766437530517578
196700,5.611981201171875
196800,5.187972068786621
196900,4.000337600708008
197000,5.282717810736762
197100,4.635189601353237
197200,6.445667902628581
197300,5.069497850206163
197400,5.795705942007212
197500,6.7573081970214846
197600,5.720058441162109
197700,5.754770452325994
197800,6.656777699788411
197900,4.111468996320452
198000,5.999808311462402
198100,5.275138854980469
198200,4.313424246651786
198300,3.469341550554548
198400,6.0107520608341
198500,5.784701824188232
198600,5.27352778116862
198700,2.9982595443725586
198800,4.276125907897949
198900,5.615086988969282
199000,4.799563598632813
199100,5.437234011563388
199200,5.989368785511363
199300,4.283370590209961
199400,4.284102303641183
199500,5.333459036690848
199600,3.7316296895345054
199700,4.576136589050293
199800,5.964915882457387
199900,5.314142667330229
200000,5.528232574462891
19,34.728241170641695
19,11.081404877952666
200100,4.942970657348633
200200,5.337361907958984
200300,5.831965855189732
200400,3.072382609049479
200500,5.552343156602648
200600,4.897510782877604
200700,3.322923183441162
200800,5.450567881266276
200900,3.6899795532226562
201000,4.835633595784505
201100,5.165326118469238
201200,6.272683715820312
201300,5.565524578094482
201400,4.057839075724284
201500,5.4449567794799805
201600,4.908594131469727
201700,5.27671750386556
201800,5.861466841264204
201900,6.120321273803711
202000,5.0512237548828125
202100,5.602708339691162
202200,4.629583835601807
202300,3.8230934143066406
202400,4.63253173828125
202500,3.7965965270996094
202600,3.8849510192871093
202700,5.61046010797674
202800,4.696841812133789
202900,4.097937992640904
203000,4.602012634277344
203100,5.582272052764893
203200,3.680810110909598
203300,4.181714739118304
203400,4.463520050048828
203500,4.2445941925048825
203600,5.644319322374132
203700,5.229540506998698
203800,5.417914072672526
203900,4.65458733694894
204000,4.774149213518415
204100,5.189919281005859
204200,4.77554988861084
204300,4.6989280700683596
204400,6.054943084716797
204500,5.665813446044922
204600,4.151807022094727
204700,4.90910005569458
204800,5.938103812081473
204900,3.9639690944126675
205000,4.631017208099365
205100,6.163694381713867
205200,3.422640800476074
205300,5.583183670043946
205400,5.4065746731228295
205500,4.670886039733887
205600,5.573048273722331
205700,5.101601791381836
205800,4.765633392333984
205900,5.794664171006945
206000,5.210412343343099
206100,4.354053815205892
206200,7.297266483306885
206300,5.544032626681858
206400,6.018803683194247
206500,3.7606680733816966
206600,4.9482887268066404
206700,5.359557723999023
206800,5.424706776936849
206900,4.168692588806152
207000,5.310204399956597
207100,4.514856610979352
207200,6.380728403727214
207300,5.10208977593316
207400,5.705074603740986
207500,6.792742156982422
207600,5.891032409667969
207700,5.649349212646484
207800,7.349411646525065
207900,4.169713701520648
208000,6.037688255310059
208100,5.360286167689732
208200,4.097922733851841
208300,3.533616202218192
208400,5.8126965691061585
208500,5.484020709991455
208600,5.763580322265625
208700,3.2844645182291665
208800,4.124355792999268
208900,5.809973976828835
209000,4.894971084594727
209100,5.525981209494851
209200,5.192085266113281
209300,4.51015625
209400,4.124020167759487
209500,5.456492832728794
209600,3.627357906765408
209700,4.544485092163086
209800,5.630211223255504
209900,5.323445246769832
210000,5.654601097106934
20,34.16986630591353
20,11.462621400275367
210100,4.869011688232422
210200,5.101054382324219
210300,5.33794675554548
210400,2.7199840545654297
210500,5.675963507758246
210600,4.881723022460937
210700,3.115614891052246
210800,5.686744689941406
210900,3.5865605672200522
211000,4.57460191514757
211100,4.757342338562012
211200,6.26322265625
211300,5.361943244934082
211400,4.023889859517415
211500,5.155241966247559
211600,5.100307464599609
211700,4.914404233296712
211800,5.5516839460893115
211900,6.12365951538086
212000,4.909007708231608
212100,5.575884819030762
212200,4.948312759399414
212300,3.701444353376116
212400,4.721681213378906
212500,4.034801864624024
212600,3.6592037200927736
212700,5.505046497691762
212800,4.780460357666016
212900,3.9396760123116628
213000,4.801473617553711
213100,5.634652614593506
213200,3.6774095807756697
213300,4.031676156180246
213400,4.561140060424805
213500,4.195547866821289
213600,5.917223612467448
213700,5.111148410373264
213800,5.453261057535808
213900,4.772901262555804
214000,4.958280290876116
214100,5.111691284179687
214200,4.537276744842529
214300,4.449624252319336
214400,6.161004066467285
214500,5.715204238891602
214600,4.02587661743164
214700,4.396839141845703
214800,5.803310939243862
214900,3.997142791748047
215000,5.213717460632324
215100,6.30454683303833
215200,3.3133134841918945
215300,5.91284294128418
215400,5.659921010335286
215500,4.800379276275635
215600,5.56083615620931
215700,4.820972061157226
215800,4.707266998291016
215900,6.073327806260851
216000,5.059157053629558
216100,4.170195897420247
216200,7.591617107391357
216300,5.209239112006293
216400,6.127274253151634
216500,3.6401876722063338
216600,5.048562240600586
216700,5.192034149169922
216800,5.179222106933594
216900,3.979928970336914
217000,5.316803826226129
217100,4.284142085484096
217200,6.312407811482747
217300,5.3079202440049915
217400,5.634009141188401
217500,6.371048355102539
217600,5.568671798706054
217700,6.187600569291548
217800,7.099845250447591
217900,3.786888667515346
218000,6.231568336486816
218100,5.556278228759766
218200,4.176703861781529
218300,3.6317078726632253
218400,5.781054328469669
218500,5.3110032081604
218600,5.290958086649577
218700,2.8213278452555337
218800,3.9125447273254395
218900,5.742498224431818
219000,4.63152847290039
219100,5.4539663141424
219200,5.504997253417969
219300,4.433848571777344
219400,3.6424783979143416
219500,5.546018327985491
219600,3.609826829698351
219700,4.720149040222168
219800,5.563936060125178
219900,5.282254732572115
220000,5.7321696281433105
21,34.012890380260366
21,11.999249175539688
220100,4.952314376831055
220200,5.01971321105957
220300,5.518274579729352
220400,2.809536616007487
220500,5.320601145426433
220600,4.739683024088541
220700,3.394899606704712
220800,5.015097935994466
220900,3.3380349477132163
221000,5.041520012749566
221100,4.672418594360352
221200,6.0160302734375
221300,5.370990753173828
221400,4.252885818481445
221500,5.142190456390381
221600,4.33292293548584
221700,5.143714586893718
221800,6.565644697709517
221900,6.172494888305664
222000,4.927194277445476
222100,5.644812107086182
222200,4.658385753631592
222300,3.6579502650669644
222400,4.372063446044922
222500,3.9186378479003907
222600,3.6458953857421874
222700,5.60241664539684
222800,4.962790679931641
222900,4.000790187290737
223000,4.567179203033447
223100,5.568688869476318
223200,3.5282483782087053
223300,4.170671735491071
223400,4.843468983968099
223500,4.281497573852539
223600,6.107940673828125
223700,4.98566394382053
223800,5.429757436116536
223900,4.13684572492327
224000,4.97844968523298
224100,5.2531391143798825
224200,4.691899299621582
224300,4.544915008544922
224400,6.254084587097168
224500,5.861037731170654
224600,4.310990905761718
224700,4.321458339691162
224800,6.0905015127999445
224900,3.9457005092075894
225000,4.75864315032959
225100,6.282092094421387
225200,3.377002716064453
225300,5.696699523925782
225400,5.570763905843099
225500,4.173458576202393
225600,5.443999608357747
225700,4.80716552734375
225800,4.815572738647461
225900,5.714235093858507
226000,4.964897155761719
226100,4.270648002624512
226200,7.548673152923584
226300,5.500695970323351
226400,5.846711592240767
226500,3.518590654645647
226600,4.949919891357422
226700,5.167584991455078
226800,5.058287938435872
226900,4.163388252258301
227000,5.234616597493489
227100,4.399695532662528
227200,6.321299870808919
227300,5.177344852023655
227400,5.381607642540565
227500,6.510072326660156
227600,5.541385650634766
227700,5.735553394664418
227800,6.947017669677734
227900,3.613542284284319
228000,5.924355506896973
228100,5.105309622628348
228200,4.321167537144253
228300,3.434842790876116
228400,5.7140951717601105
228500,5.278199195861816
228600,4.9427947998046875
228700,2.884364446004232
228800,4.129406452178955
228900,5.877837441184304
229000,4.821754837036133
229100,5.281368602405895
229200,5.820035067471591
229300,4.056071472167969
229400,3.7190213884626115
229500,5.308843885149274
229600,3.531907399495443
229700,4.499659538269043
229800,5.575946461070668
229900,5.1625542273888225
230000,5.630252838134766
22,33.77831969659708
22,11.71049043743032
230100,4.6265007019042965
230200,5.207147216796875
230300,5.258444104875837
230400,2.7649787267049155
230500,5.580105675591363
230600,4.860607401529948
230700,3.204362392425537
230800,5.9232743581136065
230900,3.4584261576334634
231000,4.538191901312934
231100,4.699068546295166
231200,6.455172119140625
231300,5.424445629119873
231400,3.89274533589681
231500,5.084924697875977
231600,4.155543963114421
231700,5.0336863199869795
231800,5.761877580122515
231900,5.885773468017578
232000,4.792835871378581
232100,5.27433967590332
232200,4.3260579109191895
232300,3.7571699959891185
232400,4.638105773925782
232500,3.705170440673828
232600,3.6765106201171873
232700,5.3708627874201
232800,5.059233856201172
232900,3.862155096871512
233000,4.662630081176758
233100,5.268620491027832
233200,3.5452589307512556
233300,3.9200771876743863
233400,4.53632926940918
233500,4.151329803466797
233600,5.559774610731337
233700,5.290014478895399
233800,5.529876708984375
233900,4.901505606515067
234000,4.997293199811663
234100,5.35908317565918
234200,4.372846603393555
234300,4.6393989562988285
234400,5.472968101501465
234500,5.528573036193848
234600,4.475593566894531
234700,4.737532138824463
234800,6.04895509992327
234900,3.857335226876395
235000,5.25079870223999
235100,6.6015167236328125
235200,3.7446205615997314
235300,5.972587585449219
235400,5.468815273708767
235500,4.24371337890625
235600,5.489557266235352
235700,4.791046524047852
235800,4.952294158935547
235900,5.514475504557292
236000,4.818246629503038
236100,4.503202438354492
236200,7.609158039093018
236300,4.8637237548828125
236400,5.801994670521129
236500,3.4873640877859935
236600,4.8498687744140625
236700,5.371528244018554
236800,5.161963144938151
236900,3.891082286834717
237000,5.016255696614583
237100,4.050691604614258
237200,6.335409164428711
237300,4.942683325873481
237400,5.434476412259615
237500,6.51598892211914
237600,5.8258613586425785
237700,5.717121124267578
237800,6.07457160949707
237900,3.9265332903180803
238000,5.899396896362305
238100,5.290180206298828
238200,3.9922398158482144
238300,3.7893954685756137
238400,5.5698376823874085
238500,5.4456024169921875
238600,5.2216440836588545
238700,3.4362001419067383
238800,4.059938430786133
238900,5.639923095703125
239000,4.840059661865235
239100,5.548225749622691
239200,5.6309287331321025
239300,4.412882995605469
239400,4.381195068359375
239500,5.419340406145368
239600,3.5555831061469183
239700,4.391423225402832
239800,5.587467540394176
239900,5.1933734600360575
240000,5.589469909667969
23,33.45506668929738
23,11.990234080650975
240100,4.719172668457031
240200,5.223053359985352
240300,5.176163809640067
240400,2.555140495300293
240500,5.439774407280816
240600,4.794989522298177
240700,3.093628168106079
240800,5.548061370849609
240900,3.5524253845214844
241000,4.815377977159288
241100,4.599512100219727
241200,6.287642822265625
241300,5.281398296356201
241400,3.8028767903645835
241500,5.168451309204102
241600,4.33937390645345
241700,4.8988901774088545
241800,6.280150673606179
241900,6.277971267700195
242000,4.959540049235026
242100,5.259247303009033
242200,4.970794200897217
242300,3.500025068010603
242400,4.5704597473144535
242500,3.6365245819091796
242600,3.4751243591308594
242700,5.564868580211293
242800,4.731630325317383
242900,3.945346014840262
243000,5.055165767669678
243100,5.355758190155029
243200,3.5501229422433034
243300,4.429847172328404
243400,4.430320103963216
243500,4.124847793579102
243600,5.254881964789496
243700,5.125414106580946
243800,5.7796681722005205
243900,4.549833842686245
244000,4.903141566685268
244100,5.411475753784179
244200,4.5573601722717285
244300,4.664990234375
244400,5.536902904510498
244500,5.7721967697143555
244600,3.736528778076172
244700,4.9250617027282715
244800,5.9923248291015625
244900,4.017530168805804
245000,4.210775375366211
245100,6.461980819702148
245200,3.2516322135925293
245300,5.818648910522461
245400,5.421100192599827
245500,4.2129716873168945
245600,5.445454915364583
245700,5.050353622436523
245800,4.637421417236328
245900,5.420597500271267
246000,4.739485846625434
246100,4.461414337158203
246200,7.7046918869018555
246300,4.674068027072483
246400,5.823740178888494
246500,3.6311561039515903
246600,4.9065509796142575
246700,5.403550338745117
246800,5.106988271077474
246900,3.901791572570801
247000,5.294475979275173
247100,4.320527757917132
247200,6.284407297770183
247300,5.061619228786892
247400,5.526341951810396
247500,6.596958923339844
247600,5.864772033691406
247700,6.0859375
247800,6.060345967610677
247900,3.6807128361293246
248000,6.891072750091553
248100,5.204694475446429
248200,3.9531451633998325
248300,3.5578133719308034
248400,5.711410971248851
248500,5.435551643371582
248600,4.909066836039226
248700,2.994452794392904
248800,3.8760170936584473
248900,6.113908247514204
249000,4.984382247924804
249100,5.256211020729759
249200,6.1116485595703125
249300,3.973285675048828
249400,4.224978855678013
249500,5.808506556919643
249600,3.3822305467393665
249700,4.418429374694824
249800,5.717923251065341
249900,5.07164294903095
250000,5.61712646484375
24,33.62732077992866
24,12.121250763217951
