100,8.752638244628907
200,7.465373229980469
300,7.458856855119977
400,5.937417348225911
500,6.861838022867839
600,6.581061808268229
700,6.424989700317383
800,7.214505513509114
900,5.988135655721028
1000,6.340592278374566
1100,6.8572845458984375
1200,6.45839111328125
1300,6.257143974304199
1400,5.618014017740886
1500,6.457357406616211
1600,6.935971577962239
1700,6.680765787760417
1800,6.347260215065696
1900,6.572279357910157
2000,5.639244715372722
2100,6.417630195617676
2200,4.790797710418701
2300,6.370201655796596
2400,5.789471054077149
2500,6.075223159790039
2600,5.83927001953125
2700,6.34229209206321
2800,6.075706100463867
2900,5.681999206542969
3000,8.418380737304688
3100,6.6716508865356445
3200,4.488441467285156
3300,5.816093444824219
3400,6.657632191975911
3500,5.954813385009766
3600,6.335700988769531
3700,6.637758043077257
3800,5.682779947916667
3900,6.088481903076172
4000,5.977903638567243
4100,6.078457641601562
4200,5.734390735626221
4300,5.81741943359375
4400,6.689315319061279
4500,6.477507591247559
4600,6.356612014770508
4700,5.382382392883301
4800,6.254762922014509
4900,6.007216317313058
5000,6.816189765930176
5100,6.3364362716674805
5200,4.747742652893066
5300,6.724568176269531
5400,6.178147210015191
5500,5.593902111053467
5600,6.0726877848307295
5700,5.388176345825196
5800,5.755021667480468
5900,6.185352325439453
6000,5.987860361735026
6100,5.674593607584636
6200,8.071075439453125
6300,5.237885369194879
6400,6.936354897238991
6500,4.9517042977469305
6600,5.566131210327148
6700,6.667705535888672
6800,5.727653503417969
6900,5.384944915771484
7000,5.469132741292317
7100,5.6900449480329245
7200,6.815640131632487
7300,5.7956114874945746
7400,6.257991497333233
7500,7.1829780578613285
7600,6.104005432128906
7700,6.2789306640625
7800,9.10415013631185
7900,5.838408333914621
8000,6.0497589111328125
8100,7.115656171526227
8200,5.698282514299665
8300,4.913658687046596
8400,6.811115489286535
8500,6.411442756652832
8600,6.214369455973308
8700,4.569887479146321
8800,5.2463202476501465
8900,6.159793506969105
9000,5.616982269287109
9100,5.878376353870738
9200,6.3292929909446025
9300,5.771934890747071
9400,5.487067631312779
9500,6.323376791817801
9600,5.023309495713976
9700,5.946324825286865
9800,6.590425664728338
9900,6.043467008150541
10000,6.578001976013184
0,51.77101714661929
0,6.77232412053423
10100,6.694415283203125
10200,6.2594749450683596
10300,6.425810677664621
10400,3.928187688191732
10500,5.820674472384983
10600,5.227095031738282
10700,4.992945671081543
10800,6.687347412109375
10900,4.7937437693278
11000,5.674285888671875
11100,6.041616439819336
11200,6.2438037109375
11300,6.20158052444458
11400,4.820576349894206
11500,5.694552421569824
11600,6.013461430867513
11700,5.771544774373372
11800,5.759669217196378
11900,6.205165100097656
12000,5.505983988444011
12100,6.317740440368652
12200,4.185722351074219
12300,6.0764280046735495
12400,5.419372940063477
12500,5.03326416015625
12600,5.16028060913086
12700,6.184220053932884
12800,5.553443527221679
12900,5.049427577427456
13000,7.484766960144043
13100,6.3695454597473145
13200,4.1665802001953125
13300,5.448184422084263
13400,5.890086491902669
13500,5.462954330444336
13600,6.176865047878689
13700,6.27481926812066
13800,5.843469619750977
13900,5.4742006574358255
14000,5.840127672467913
14100,5.900541687011719
14200,5.3054728507995605
14300,5.540652465820313
14400,6.290135383605957
14500,6.293801784515381
14600,5.785345458984375
14700,5.075976371765137
14800,6.211968013218471
14900,5.4224957057407925
15000,6.381082534790039
15100,6.375741481781006
15200,4.54510498046875
15300,6.440985870361328
15400,5.9844512939453125
15500,5.377237319946289
15600,5.9518998463948565
15700,5.303023147583008
15800,5.537225341796875
15900,6.348551432291667
16000,5.907321929931641
16100,5.677990595499675
16200,8.117803573608398
16300,5.2174224853515625
16400,6.807263461026278
16500,4.541847229003906
16600,5.472584915161133
16700,6.352288436889649
16800,5.839139302571614
16900,5.288480758666992
17000,5.324720594618055
17100,5.7018023899623325
17200,6.695290247599284
17300,5.797329372829861
17400,6.2784905066856975
17500,7.304847717285156
17600,5.9507499694824215
17700,6.208043878728693
17800,9.0144894917806
17900,5.486369541713169
18000,6.0106916427612305
18100,6.892691476004464
18200,5.679684230259487
18300,4.686134338378906
18400,6.734188304227941
18500,6.297688961029053
18600,6.197153091430664
18700,4.513982772827148
18800,5.0467939376831055
18900,6.022886796431108
19000,5.606802368164063
19100,5.717153375799006
19200,6.253103082830256
19300,5.840686798095703
19400,5.344191414969308
19500,6.408270699637277
19600,4.96048821343316
19700,6.011826515197754
19800,6.398615056818182
19900,5.945873553936298
20000,6.434359073638916
1,48.982411538127764
1,5.692127321559365
20100,6.45312728881836
20200,6.20586051940918
20300,6.361880166190011
20400,3.7324272791544595
20500,5.903349982367621
20600,5.212128194173177
20700,4.730759143829346
20800,6.70088259379069
20900,4.743711471557617
21000,5.546044667561849
21100,5.930644989013672
21200,6.157236328125
21300,6.160724639892578
21400,4.793634414672852
21500,5.670178413391113
21600,5.831579844156901
21700,5.770116806030273
21800,5.812473643909801
21900,6.069654083251953
22000,5.562426249186198
22100,6.268563747406006
22200,4.1576738357543945
22300,5.848914010184152
22400,5.404217147827149
22500,4.949887084960937
22600,5.078589630126953
22700,6.1391074440696025
22800,5.374408721923828
22900,4.9216139657156805
23000,6.788471698760986
23100,6.224748611450195
23200,4.084842681884766
23300,5.25402341570173
23400,5.75543212890625
23500,5.378783416748047
23600,6.263677385118273
23700,6.145433637830946
23800,5.863681157430013
23900,5.256694248744419
24000,5.806959969656808
24100,5.897626876831055
24200,5.24567985534668
24300,5.540427780151367
24400,6.11081075668335
24500,6.227814674377441
24600,5.533826065063477
24700,5.1151323318481445
24800,6.203425816127232
24900,5.291925702776227
25000,6.102171897888184
25100,6.4095683097839355
25200,4.511831760406494
25300,6.390592575073242
25400,5.9263458251953125
25500,5.295186519622803
25600,6.056937535603841
25700,5.336967849731446
25800,5.474322891235351
25900,6.339753892686632
26000,5.884567684597439
26100,5.720348993937175
26200,8.049688339233398
26300,5.205374399820964
26400,6.650947570800781
26500,4.44569206237793
26600,5.418006134033203
26700,6.255958938598633
26800,5.855564117431641
26900,5.3009867668151855
27000,5.286291334364149
27100,5.695117950439453
27200,6.653758366902669
27300,5.788339402940538
27400,6.230563823993389
27500,7.4002220153808596
27600,5.897055053710938
27700,6.16027138449929
27800,8.812044779459635
27900,5.3929644993373325
28000,6.05251407623291
28100,6.753292628696987
28200,5.655942099434989
28300,4.562685285295759
28400,6.6860252829159
28500,6.210677623748779
28600,6.128989537556966
28700,4.414361317952474
28800,4.939741134643555
28900,5.967120083895597
29000,5.5354736328125
29100,5.605029713023793
29200,6.220673994584517
29300,5.908425521850586
29400,5.220115116664341
29500,6.372560773577009
29600,4.9412994384765625
29700,5.998141288757324
29800,6.27594618363814
29900,5.912021343524639
30000,6.289846420288086
2,47.73330521826989
2,5.739087779613007
30100,6.181544494628906
30200,6.224479675292969
30300,6.293317522321429
30400,3.6786295572916665
30500,5.989933437771267
30600,5.22872060139974
30700,4.619017601013184
30800,6.701796213785808
30900,4.683545430501302
31000,5.4769787258572045
31100,5.897669315338135
31200,6.1933447265625
31300,6.100769996643066
31400,4.758796056111653
31500,5.595707893371582
31600,5.74526850382487
31700,5.78330675760905
31800,5.897878473455256
31900,6.020123672485352
32000,5.594826380411784
32100,6.187415599822998
32200,4.138555526733398
32300,5.617740086146763
32400,5.3337757110595705
32500,4.947582244873047
32600,4.997795486450196
32700,6.149625604802912
32800,5.307064437866211
32900,4.8292743137904575
33000,6.369034767150879
33100,6.048693656921387
33200,4.0489798954554965
33300,5.207533700125558
33400,5.586017608642578
33500,5.313584518432617
33600,6.196053398980035
33700,6.149976094563802
33800,5.873252868652344
33900,4.909202575683594
34000,5.769623892647879
34100,5.861042022705078
34200,5.275445938110352
34300,5.332003784179688
34400,5.837159156799316
34500,6.180091857910156
34600,5.482011413574218
34700,5.161160469055176
34800,6.148885454450335
34900,5.205674307686942
35000,5.873196125030518
35100,6.373334884643555
35200,4.487245082855225
35300,6.331063079833984
35400,5.908659193250868
35500,5.235572814941406
35600,6.139634450276692
35700,5.282005310058594
35800,5.456849670410156
35900,6.2526906331380205
36000,5.700013478597005
36100,5.62698491414388
36200,8.052720069885254
36300,5.194631788465712
36400,6.651503129438921
36500,4.3387042454310825
36600,5.3809364318847654
36700,5.8704784393310545
36800,5.810484568277995
36900,5.324576377868652
37000,5.224369896782769
37100,5.576952253069196
37200,6.620510101318359
37300,5.757409413655599
37400,6.2546210655799275
37500,7.412493896484375
37600,5.8385875701904295
37700,6.161098133433949
37800,8.468942006429037
37900,5.266726357596261
38000,6.117118835449219
38100,6.698202950613839
38200,5.528907775878906
38300,4.422667367117746
38400,6.467975840849035
38500,6.032741546630859
38600,5.946235020955403
38700,3.9936447143554688
38800,4.853872299194336
38900,5.927938287908381
39000,5.498080062866211
39100,5.554127086292613
39200,6.247324163263494
39300,5.585758972167969
39400,5.087922232491629
39500,6.252445220947266
39600,4.869022793240017
39700,5.718976020812988
39800,6.16256367076527
39900,5.75955082820012
40000,6.117955684661865
3,45.40057103672344
3,7.0398951013185895
40100,5.5720680236816404
40200,6.235097503662109
40300,6.259720393589565
40400,3.6477413177490234
40500,6.043664296468099
40600,5.207696533203125
40700,4.453961372375488
40800,6.643332163492839
40900,4.551223119099935
41000,5.416805691189236
41100,5.789249420166016
41200,6.093557739257813
41300,6.042403221130371
41400,4.493487040201823
41500,5.514145374298096
41600,5.698266347249349
41700,5.746001561482747
41800,5.9168701171875
41900,6.00328369140625
42000,5.480350494384766
42100,6.098564147949219
42200,4.25236701965332
42300,5.258926936558315
42400,5.324362182617188
42500,4.937530899047852
42600,4.893431854248047
42700,6.05577989058061
42800,5.240472412109375
42900,4.740959167480469
43000,6.130495548248291
43100,6.033832550048828
43200,4.249834060668945
43300,5.288761683872768
43400,5.358121236165364
43500,5.148247146606446
43600,6.1756918165418835
43700,5.98045179578993
43800,5.874970118204753
43900,4.5052048819405695
44000,5.797908238002232
44100,5.988064193725586
44200,5.183664798736572
44300,5.126618576049805
44400,5.6652984619140625
44500,6.097456455230713
44600,5.274469375610352
44700,5.106451511383057
44800,6.10082026890346
44900,5.003272465297154
45000,5.433852195739746
45100,6.367114067077637
45200,4.364245891571045
45300,6.360686492919922
45400,6.015696207682292
45500,5.087351322174072
45600,6.000171025594075
45700,5.236290740966797
45800,5.271260070800781
45900,6.242042541503906
46000,5.762757195366754
46100,5.16392453511556
46200,8.131725311279297
46300,5.071919759114583
46400,6.497433055530895
46500,4.303179604666574
46600,5.224618530273437
46700,5.681021118164063
46800,5.829891204833984
46900,5.417026996612549
47000,5.155248430040148
47100,5.412872859409878
47200,6.5322011311848955
47300,5.759017520480686
47400,6.086009098933293
47500,7.412066650390625
47600,5.918550109863281
47700,6.233207702636719
47800,8.139178593953451
47900,5.112208775111607
48000,6.034814834594727
48100,6.638299124581473
48200,5.4047715323311945
48300,4.277448654174805
48400,6.403081108542049
48500,5.922759056091309
48600,5.8125152587890625
48700,3.6919228235880532
48800,4.715059757232666
48900,5.889767733487216
49000,5.509178543090821
49100,5.35061298717152
49200,6.120613098144531
49300,5.135812759399414
49400,4.996305193219866
49500,5.975899832589286
49600,4.870751274956597
49700,5.582579612731934
49800,6.19382754239169
49900,5.742106511042668
50000,5.872189044952393
4,42.74101280205031
4,7.359907639995722
50100,5.417166900634766
50200,6.0521282196044925
50300,6.220262799944196
50400,3.5684665044148765
50500,5.973433600531684
50600,5.181053670247396
50700,4.192233562469482
50800,6.84565544128418
50900,4.43007755279541
51000,5.280937194824219
51100,5.584682941436768
51200,6.094806518554687
51300,5.978884220123291
51400,4.320967038472493
51500,5.43928337097168
51600,5.450286865234375
51700,5.71468989054362
51800,5.9239370172674
51900,5.958243179321289
52000,5.3688303629557295
52100,5.898176670074463
52200,4.495331764221191
52300,5.1865997314453125
52400,5.405300140380859
52500,4.877316284179687
52600,4.579407501220703
52700,6.064300537109375
52800,5.193546295166016
52900,4.655557904924665
53000,5.985927581787109
53100,5.889151573181152
53200,4.3147367749895364
53300,5.168213435581753
53400,5.13927682240804
53500,4.991329193115234
53600,6.122725592719184
53700,5.945446438259548
53800,5.721754709879558
53900,4.490284511021206
54000,5.872803824288504
54100,5.852024078369141
54200,5.004327774047852
54300,5.0508068084716795
54400,5.865992069244385
54500,5.986600875854492
54600,5.226251220703125
54700,5.01773738861084
54800,6.026439666748047
54900,4.787326267787388
55000,5.185202598571777
55100,6.411283016204834
55200,4.325114727020264
55300,6.274003601074218
55400,5.892865498860677
55500,4.856522560119629
55600,5.965115865071614
55700,5.16854248046875
55800,5.256511688232422
55900,6.330264621310764
56000,5.7840088738335504
56100,5.000314394632976
56200,8.048128128051758
56300,4.965176476372613
56400,6.443350358442827
56500,4.156158992222378
56600,5.194573211669922
56700,5.556749725341797
56800,5.747367223103841
56900,5.381147384643555
57000,5.246911366780599
57100,5.335664476667132
57200,6.504527409871419
57300,5.607984330919054
57400,5.998269888070913
57500,7.310617065429687
57600,5.800937652587891
57700,6.035998257723722
57800,7.974305470784505
57900,4.976117270333426
58000,5.968319892883301
58100,6.505110604422433
58200,5.2421722412109375
58300,4.224399021693638
58400,6.334126191980698
58500,5.923779487609863
58600,6.0045216878255205
58700,3.716049830118815
58800,4.623672962188721
58900,5.950721740722656
59000,5.409704971313476
59100,5.35587553544478
59200,6.180150118741122
59300,4.864859390258789
59400,4.839904240199497
59500,5.886323111397879
59600,4.815522935655382
59700,5.382932662963867
59800,6.122582175514915
59900,5.6263862022986775
60000,5.729160785675049
5,40.99665835856967
5,8.248322353856157
60100,5.3017433166503904
60200,5.875329208374024
60300,6.104706900460379
60400,3.411174774169922
60500,5.81882561577691
60600,5.165764872233073
60700,3.9969916343688965
60800,6.6809844970703125
60900,4.4324696858723955
61000,5.1730499267578125
61100,5.393512725830078
61200,6.086840209960937
61300,5.862937927246094
61400,4.241006533304851
61500,5.54209041595459
61600,5.26386038462321
61700,5.64079475402832
61800,6.031347101384943
61900,5.962176895141601
62000,5.279266357421875
62100,5.837515354156494
62200,4.662373065948486
62300,5.086145128522601
62400,5.217090606689453
62500,4.708741760253906
62600,4.406115341186523
62700,5.956213517622515
62800,5.16125373840332
62900,4.623932429722378
63000,5.630456924438477
63100,5.823705673217773
63200,4.16192136492048
63300,5.1872100830078125
63400,5.041440327962239
63500,4.8429710388183596
63600,5.998694101969401
63700,5.890403747558594
63800,5.7153574625651045
63900,4.30298342023577
64000,5.645638602120536
64100,5.646045684814453
64200,4.920474529266357
64300,4.936176300048828
64400,5.799587726593018
64500,5.978886127471924
64600,5.174385833740234
64700,4.8347487449646
64800,6.037660326276507
64900,4.670976911272321
65000,4.997926712036133
65100,6.447102069854736
65200,4.265310287475586
65300,6.248029708862305
65400,5.746487511528863
65500,4.736781120300293
65600,6.013175328572591
65700,5.114998245239258
65800,5.24034423828125
65900,6.313691880967882
66000,5.640852610270183
66100,4.983535130818685
66200,8.051490783691406
66300,4.930054134792751
66400,6.334120316938921
66500,3.9513672419956754
66600,5.117689895629883
66700,5.476657485961914
66800,5.683464686075847
66900,5.308177471160889
67000,5.339436425103082
67100,5.138642447335379
67200,6.577795028686523
67300,5.45762464735243
67400,5.83541752741887
67500,7.1683349609375
67600,5.705456161499024
67700,5.955768931995738
67800,7.827417373657227
67900,4.792442321777344
68000,5.866144180297852
68100,6.296415601457868
68200,5.014349801199777
68300,4.1175351824079245
68400,6.184365216423483
68500,5.819169998168945
68600,6.193209966023763
68700,3.7244580586751304
68800,4.417390823364258
68900,5.910543268377131
69000,5.37779655456543
69100,5.394850297407671
69200,6.0780792236328125
69300,4.561177825927734
69400,4.657532283238003
69500,5.948907579694476
69600,4.626617431640625
69700,5.263290882110596
69800,5.969808405095881
69900,5.768299396221455
70000,5.6100382804870605
6,39.8570257536503
6,9.897591724730624
70100,5.243252563476562
70200,5.872195053100586
70300,6.119973318917411
70400,3.2897876103719077
70500,5.697890811496311
70600,5.082784525553385
70700,3.904874324798584
70800,6.261126200358073
70900,4.4226328531901045
71000,5.12619145711263
71100,5.28620719909668
71200,6.110162353515625
71300,5.8422441482543945
71400,4.147743860880534
71500,5.446374893188477
71600,5.1106618245442705
71700,5.5440317789713545
71800,5.854063554243608
71900,6.075912857055664
72000,5.268962542215983
72100,5.900458812713623
72200,4.666787624359131
72300,4.998538425990513
72400,5.163516998291016
72500,4.424773025512695
72600,4.206606674194336
72700,5.923048539595171
72800,4.901906204223633
72900,4.552930014474051
73000,5.329221725463867
73100,5.76076602935791
73200,4.050737653459821
73300,5.236915588378906
73400,4.947196324666341
73500,4.732398605346679
73600,5.822697109646267
73700,5.862829844156901
73800,5.6980438232421875
73900,4.256714412144253
74000,5.4230226789202005
74100,5.478910827636719
74200,4.824366092681885
74300,4.908437728881836
74400,5.6124653816223145
74500,6.020600318908691
74600,5.105536651611328
74700,4.700629711151123
74800,6.101515633719308
74900,4.529397147042411
75000,4.747089385986328
75100,6.423800468444824
75200,4.111202716827393
75300,6.151881408691406
75400,5.652400546603733
75500,4.7354841232299805
75600,5.915761311848958
75700,5.202687454223633
75800,5.250397872924805
75900,6.316687266031901
76000,5.510782453748915
76100,4.992464701334636
76200,8.03081226348877
76300,4.88758299085829
76400,6.244266163219105
76500,3.814775194440569
76600,5.0030876159667965
76700,5.452111053466797
76800,5.651822408040364
76900,5.190133094787598
77000,5.391155242919922
77100,5.010237557547433
77200,6.637685775756836
77300,5.30783928765191
77400,5.758245027982271
77500,7.09278564453125
77600,5.704689025878906
77700,5.8121958645907315
77800,7.601142883300781
77900,4.716249738420759
78000,5.648024559020996
78100,6.1877948216029575
78200,4.795348576136997
78300,3.941631862095424
78400,6.267979341394761
78500,5.783910751342773
78600,6.180736541748047
78700,3.7419004440307617
78800,4.259519100189209
78900,5.935972040349787
79000,5.339324569702148
79100,5.392174807461825
79200,6.095732255415483
79300,4.293244171142578
79400,4.459001541137695
79500,5.928741455078125
79600,4.459861755371094
79700,5.161574840545654
79800,5.847631974653765
79900,5.684396010178786
80000,5.518442153930664
7,39.048003176021034
7,9.899595634618954
80100,5.163990783691406
80200,5.830397415161133
80300,6.060401371547154
80400,3.170351028442383
80500,5.637877994113499
80600,5.016908772786459
80700,3.805943012237549
80800,6.125481287638347
80900,4.30683962504069
81000,5.096616956922743
81100,5.201204776763916
81200,6.12033203125
81300,5.774765491485596
81400,4.062967936197917
81500,5.418886184692383
81600,4.999591827392578
81700,5.518540700276692
81800,5.819902593439275
81900,6.078985214233398
82000,5.302295049031575
82100,5.772989273071289
82200,4.534133434295654
82300,4.864310673304966
82400,5.0955455780029295
82500,4.215076446533203
82600,4.1169891357421875
82700,5.904101285067472
82800,4.854345321655273
82900,4.493102482386997
83000,5.072075843811035
83100,5.725250720977783
83200,3.9545410701206754
83300,5.05028315952846
83400,4.9469553629557295
83500,4.667798614501953
83600,5.934222751193577
83700,5.8189807467990455
83800,5.566176096598308
83900,4.293200356619699
84000,5.383659362792969
84100,5.441759490966797
84200,4.763119697570801
84300,4.806171035766601
84400,5.554537773132324
84500,6.141483783721924
84600,5.097157669067383
84700,4.627696514129639
84800,6.044590541294643
84900,4.401093074253628
85000,4.55870246887207
85100,6.429654121398926
85200,3.8525445461273193
85300,6.045429611206055
85400,5.584632873535156
85500,4.686529159545898
85600,6.059532165527344
85700,5.036868286132813
85800,5.190608215332031
85900,6.313435448540582
86000,5.138899909125434
86100,4.89926020304362
86200,7.952564716339111
86300,4.804081810845269
86400,6.220178083939985
86500,3.732665470668248
86600,4.950580978393555
86700,5.4007720947265625
86800,5.593342463175456
86900,4.703028678894043
87000,5.451845804850261
87100,4.807341984340122
87200,6.636451721191406
87300,5.210133446587457
87400,5.649019681490385
87500,7.025867462158203
87600,5.658408737182617
87700,5.821352871981534
87800,7.35728645324707
87900,4.54523195539202
88000,5.509021282196045
88100,6.169896806989398
88200,4.697748456682477
88300,3.8234901428222656
88400,6.072009815889246
88500,5.641826152801514
88600,6.221183141072591
88700,3.724027951558431
88800,4.149991512298584
88900,5.928690130060369
89000,5.29760971069336
89100,5.39524355801669
89200,5.9683685302734375
89300,4.160191345214844
89400,4.425972257341657
89500,5.922036307198661
89600,4.348395453559028
89700,5.112983226776123
89800,5.728783347389915
89900,5.626368009127104
90000,5.5211334228515625
8,38.50647855313502
8,10.58538775767721
90100,5.052256011962891
90200,5.794983291625977
90300,5.994536263602121
90400,3.1296571095784507
90500,5.494218190511067
90600,4.927521260579427
90700,3.706718683242798
90800,6.036592483520508
90900,4.351451237996419
91000,5.115598890516493
91100,5.004473686218262
91200,6.139542236328125
91300,5.799224853515625
91400,3.9851983388264975
91500,5.416457653045654
91600,4.878698348999023
91700,5.4422957102457685
91800,5.862855391068892
91900,6.061466217041016
92000,5.301230112711589
92100,5.7620439529418945
92200,4.326436996459961
92300,4.7194622584751675
92400,5.060095977783203
92500,4.078406524658203
92600,4.045770263671875
92700,5.921015652743253
92800,4.735797500610351
92900,4.432309831891741
93000,4.897784233093262
93100,5.663694381713867
93200,3.9429664611816406
93300,5.016875130789621
93400,4.967864036560059
93500,4.6085975646972654
93600,6.096048990885417
93700,5.7577014499240455
93800,5.5843556722005205
93900,4.222494942801339
94000,5.281760079520089
94100,5.352583312988282
94200,4.672730445861816
94300,4.961238098144531
94400,5.322335720062256
94500,6.015759468078613
94600,4.961077880859375
94700,4.53718900680542
94800,5.963459559849331
94900,4.315155029296875
95000,4.457230091094971
95100,6.407557487487793
95200,3.6801793575286865
95300,6.160890197753906
95400,5.58834966023763
95500,4.6172637939453125
95600,6.011274973551433
95700,4.902095031738281
95800,5.175278854370117
95900,6.103130764431423
96000,5.039481268988715
96100,4.8154802322387695
96200,7.953135013580322
96300,4.854670630560981
96400,6.102163141424006
96500,3.738356181553432
96600,4.958325576782227
96700,5.417436981201172
96800,5.589272181193034
96900,4.63055419921875
97000,5.4839367336697045
97100,4.809613909040179
97200,6.538715362548828
97300,5.136102040608724
97400,5.640977712777945
97500,7.0084587097167965
97600,5.6313323974609375
97700,5.777146772904829
97800,7.155774434407552
97900,4.367676053728376
98000,5.435030460357666
98100,6.017441885811942
98200,4.521539960588727
98300,3.861665725708008
98400,5.951934814453125
98500,5.713759899139404
98600,6.208085378011067
98700,3.5339940388997397
98800,4.143192768096924
98900,6.013121865012429
99000,5.292212295532226
99100,5.394069324840199
99200,5.831040815873579
99300,4.009646606445313
99400,4.432151249476841
99500,5.841231209891183
99600,4.253796895345052
99700,5.0044732093811035
99800,5.640934684059837
99900,5.538486187274639
100000,5.505545139312744
9,38.078504884551904
9,10.899869832695845
100100,4.948178100585937
100200,5.672893142700195
100300,5.883852277483259
100400,3.0824057261149087
100500,5.340427822536892
100600,4.8988525390625
100700,3.717613935470581
100800,5.731850941975911
100900,4.609638532002767
101000,5.015798780653212
101100,4.728183746337891
101200,6.20115478515625
101300,5.741813659667969
101400,3.9996109008789062
101500,5.393082141876221
101600,4.767238616943359
101700,5.511505126953125
101800,5.830320878462358
101900,6.037502288818359
102000,5.253498395284017
102100,5.769989967346191
102200,4.1891584396362305
102300,4.574803488595145
102400,5.013387298583984
102500,4.028939056396484
102600,3.8350753784179688
102700,5.928941206498579
102800,4.729016876220703
102900,4.383050918579102
103000,4.69545841217041
103100,5.660581588745117
103200,3.9463795253208707
103300,5.2218508039202005
103400,5.111472447713216
103500,4.508595275878906
103600,6.204864501953125
103700,5.758386400010851
103800,5.529662450154622
103900,4.133971895490374
104000,5.244937351771763
104100,5.328575897216797
104200,4.5938215255737305
104300,4.9848686218261715
104400,5.195690155029297
104500,5.921387672424316
104600,4.804750061035156
104700,4.53164529800415
104800,6.004426138741629
104900,4.166591916765485
105000,4.3711652755737305
105100,6.351014614105225
105200,3.5775294303894043
105300,6.2100170135498045
105400,5.604581197102864
105500,4.563673496246338
105600,5.9939320882161455
105700,4.850625610351562
105800,5.118365859985351
105900,6.012750837537977
106000,4.806993696424696
106100,4.708016713460286
106200,7.784703254699707
106300,4.854106903076172
106400,6.045890808105469
106500,3.521914073399135
106600,4.88385124206543
106700,5.41712646484375
106800,5.573998769124349
106900,4.540708065032959
107000,5.349950578477648
107100,4.623092106410435
107200,6.48420524597168
107300,5.081722259521484
107400,5.561776968149038
107500,6.9122772216796875
107600,5.608864212036133
107700,5.750706065784801
107800,6.895224253336589
107900,4.275068828037807
108000,5.398196220397949
108100,5.879084995814732
108200,4.395054953438895
108300,3.7517411368233815
108400,5.929873298196232
108500,5.673352241516113
108600,6.301602681477864
108700,3.4026718139648438
108800,4.097283840179443
108900,6.1845314719460225
109000,5.249658203125
109100,5.343247500332919
109200,5.763633728027344
109300,3.9590911865234375
109400,4.522860390799386
109500,5.744786943708148
109600,4.128794352213542
109700,5.048644542694092
109800,5.616748809814453
109900,5.626076331505408
110000,5.617977142333984
10,37.615447148437624
10,11.656851881053203
110100,4.8372352600097654
110200,5.765818405151367
110300,5.854428972516741
110400,3.200643539428711
110500,5.310321384006077
110600,4.947904968261719
110700,3.8204424381256104
110800,5.732414881388347
110900,4.529404004414876
111000,4.913905673556858
111100,4.59400749206543
111200,6.15314697265625
111300,5.651423931121826
111400,3.8927907943725586
111500,5.440736770629883
111600,4.758519172668457
111700,5.50806999206543
111800,5.868995666503906
111900,5.966764068603515
112000,5.291037241617839
112100,5.739175319671631
112200,4.229092597961426
112300,4.37542234148298
112400,5.007786560058594
112500,3.908133697509766
112600,3.775065612792969
112700,5.810809742320668
112800,4.612286376953125
112900,4.465991973876953
113000,4.507114410400391
113100,5.63893985748291
113200,3.883350372314453
113300,4.913048880440848
113400,5.013467152913411
113500,4.436997985839843
113600,5.964372846815321
113700,5.7953033447265625
113800,5.4892730712890625
113900,4.157887050083706
114000,5.102402823311942
114100,5.273860931396484
114200,4.52800178527832
114300,5.018717575073242
114400,4.871517181396484
114500,5.819293975830078
114600,4.655740737915039
114700,4.537723541259766
114800,5.966947283063616
114900,4.035957336425781
115000,4.395280838012695
115100,6.286871910095215
115200,3.5253806114196777
115300,6.373276138305664
115400,5.625701056586371
115500,4.380652904510498
115600,5.8984629313151045
115700,4.764920043945312
115800,5.192576217651367
115900,5.910082075330946
116000,4.830991956922743
116100,4.812365531921387
116200,7.723841190338135
116300,4.935984293619792
116400,5.838036277077415
116500,3.3403423854282925
116600,4.77147216796875
116700,5.437542343139649
116800,5.47186279296875
116900,4.211001873016357
117000,5.307374318440755
117100,4.539056505475726
117200,6.4068044026692705
117300,5.1229532029893665
117400,5.519478431114783
117500,6.795466613769531
117600,5.609789276123047
117700,5.6735239895907315
117800,6.764998118082683
117900,4.106842585972378
118000,5.259064674377441
118100,5.778100149972098
118200,4.244921548025949
118300,3.779770987374442
118400,5.866292168112362
118500,5.624606609344482
118600,6.3792673746744795
118700,3.3269774119059243
118800,4.180635452270508
118900,6.429313659667969
119000,5.218484878540039
119100,5.237565127286044
119200,5.653336264870384
119300,3.8903457641601564
119400,4.364105769566128
119500,5.811456407819476
119600,4.076488494873047
119700,4.923898220062256
119800,5.698773470791903
119900,5.561678372896635
120000,5.601353168487549
11,37.39477027827319
11,12.082808476001471
120100,4.7517444610595705
120200,5.74218521118164
120300,5.732771737234933
120400,3.2263062795003257
120500,5.243426005045573
120600,5.132704162597657
120700,3.738335132598877
120800,5.504556655883789
120900,4.50364367167155
121000,4.772731357150608
121100,4.650723934173584
121200,6.1476611328125
121300,5.634781360626221
121400,3.849712371826172
121500,5.281210422515869
121600,4.872531572977702
121700,5.347341537475586
121800,5.944027293812145
121900,6.079806518554688
122000,5.298722585042317
122100,5.69263219833374
122200,4.000858306884766
122300,4.210187094552176
122400,4.90391731262207
122500,3.736336898803711
122600,3.6676368713378906
122700,5.877661271528765
122800,4.5417938232421875
122900,4.2618498120989114
123000,4.345961093902588
123100,5.56712007522583
123200,3.8563630240304128
123300,4.980457850864956
123400,4.877978642781575
123500,4.330977249145508
123600,5.929823981391059
123700,5.663092719184028
123800,5.449773788452148
123900,4.215847015380859
124000,5.17982428414481
124100,5.287070465087891
124200,4.504271030426025
124300,4.836743545532227
124400,4.5955095291137695
124500,5.683331489562988
124600,4.598237609863281
124700,4.684507369995117
124800,5.942443302699497
124900,3.8736842019217357
125000,4.225627899169922
125100,6.2992472648620605
125200,3.3473243713378906
125300,6.442678833007813
125400,5.596606784396702
125500,4.479679107666016
125600,5.804760615030925
125700,4.776352310180664
125800,4.978970718383789
125900,5.886448330349392
126000,4.837886386447483
126100,4.764315287272136
126200,7.645511150360107
126300,4.771886613633898
126400,5.760983207009056
126500,3.2418899536132812
126600,4.777376937866211
126700,5.475188446044922
126800,5.418354670206706
126900,4.129693984985352
127000,5.2039773729112415
127100,4.538178035191128
127200,6.3665720621744795
127300,5.106032477484809
127400,5.493686969463642
127500,6.738315582275391
127600,5.71844711303711
127700,5.484156868674538
127800,6.611942291259766
127900,3.974438803536551
128000,5.32866096496582
128100,5.499340057373047
128200,4.31881959097726
128300,3.8553859165736606
128400,5.751589606789982
128500,5.477628231048584
128600,6.282919565836589
128700,3.357586224873861
128800,4.041834831237793
128900,6.594960992986506
129000,5.208906555175782
129100,5.071815490722656
129200,5.595714222301137
129300,3.6736770629882813
129400,4.458836691720145
129500,5.855943952287946
129600,4.019047207302517
129700,5.0845208168029785
129800,5.59781924161044
129900,5.38504145695613
130000,5.616225242614746
12,37.113036019821834
12,12.065157584431041
130100,4.6553901672363285
130200,5.582878494262696
130300,5.636287689208984
130400,3.1704254150390625
130500,5.113616095648871
130600,4.954549153645833
130700,3.6392855644226074
130800,5.493038177490234
130900,4.752512613932292
131000,4.711430019802517
131100,4.672703742980957
131200,6.130484008789063
131300,5.7069807052612305
131400,3.8408940633138022
131500,5.314996242523193
131600,4.6727034250895185
131700,5.44217046101888
131800,5.928223349831321
131900,6.031595611572266
132000,5.27076784769694
132100,5.693877696990967
132200,3.956301689147949
132300,4.062160491943359
132400,4.809841537475586
132500,3.62872314453125
132600,3.621805953979492
132700,5.893870960582387
132800,4.376940155029297
132900,3.9585772923060825
133000,4.279736518859863
133100,5.402842998504639
133200,3.9844793592180525
133300,4.584025791713169
133400,4.820323626200358
133500,4.3276630401611325
133600,5.961996714274089
133700,5.62896728515625
133800,5.399564107259114
133900,4.103235517229352
134000,5.121423993791852
134100,5.124887466430664
134200,4.578373432159424
134300,4.530317687988282
134400,4.696578025817871
134500,5.5864739418029785
134600,4.334516906738282
134700,4.728732109069824
134800,5.936361585344587
134900,3.8027245657784596
135000,4.0737810134887695
135100,6.253668308258057
135200,3.4744839668273926
135300,6.439237976074219
135400,5.609708150227864
135500,4.285733222961426
135600,5.688032150268555
135700,4.564598083496094
135800,4.935778427124023
135900,5.928687625461155
136000,4.815193176269531
136100,4.84932009379069
136200,7.557997703552246
136300,4.5156750149197045
136400,5.720334833318537
136500,3.186812264578683
136600,4.7979278564453125
136700,5.501457595825196
136800,5.413992563883464
136900,4.2907328605651855
137000,5.1796459621853295
137100,4.3505859375
137200,6.468664805094401
137300,4.923050774468316
137400,5.609637920673077
137500,6.814447021484375
137600,5.387445068359375
137700,5.367217323996804
137800,6.379051208496094
137900,3.7508656638009206
138000,5.298524856567383
138100,5.463902064732143
138200,4.0161879403250555
138300,3.8013414655412947
138400,5.727600995232077
138500,5.4238786697387695
138600,6.241027196248372
138700,2.955416997273763
138800,3.9896535873413086
138900,6.28171123157848
139000,5.204006958007812
139100,5.020808826793324
139200,5.514761491255327
139300,3.932006072998047
139400,4.301839556012835
139500,5.814328874860491
139600,3.9506170484754772
139700,5.05140495300293
139800,5.668720592151988
139900,5.342012258676382
140000,5.621389389038086
13,36.93370947749125
13,12.272818228405857
140100,4.553236389160157
140200,5.551689910888672
140300,5.806913103376116
140400,2.9854965209960938
140500,5.1091126335991754
140600,4.9689081827799475
140700,3.5229594707489014
140800,5.97348149617513
140900,4.591741561889648
141000,4.600506252712673
141100,4.621631622314453
141200,6.367423095703125
141300,5.638843059539795
141400,3.7613159815470376
141500,5.294918060302734
141600,4.776885986328125
141700,5.370054880777995
141800,6.012995633212003
141900,5.796232986450195
142000,5.222492853800456
142100,5.630129337310791
142200,3.9863078594207764
142300,3.956058774675642
142400,4.782236862182617
142500,3.657122039794922
142600,3.4824928283691405
142700,5.670643893155185
142800,4.398142623901367
142900,4.047077178955078
143000,4.1054511070251465
143100,5.3498029708862305
143200,3.875037057059152
143300,4.4679734366280695
143400,4.613853454589844
143500,4.3295246124267575
143600,5.836139255099827
143700,5.684429592556423
143800,5.412530263264974
143900,4.095093863351004
144000,4.935967581612723
144100,5.349556732177734
144200,4.552764892578125
144300,4.468586349487305
144400,4.935705184936523
144500,5.389069557189941
144600,4.518236541748047
144700,4.43532133102417
144800,5.808264596121652
144900,3.8478235517229353
145000,3.906034231185913
145100,6.186006546020508
145200,3.4813473224639893
145300,6.332748794555664
145400,5.650733523898655
145500,4.18972110748291
145600,5.779325485229492
145700,4.483712387084961
145800,5.027416229248047
145900,5.789713541666667
146000,4.545735253228082
146100,4.9053955078125
146200,7.42897891998291
146300,4.650397406684028
146400,5.65256777676669
146500,3.140240260532924
146600,4.7810009002685545
146700,5.687134552001953
146800,5.4183349609375
146900,4.076213836669922
147000,5.250499725341797
147100,4.236123766217913
147200,6.316845575968425
147300,4.903890821668837
147400,5.454051677997295
147500,6.776673126220703
147600,5.539727020263672
147700,5.300105008212003
147800,6.217058181762695
147900,3.5244200570242747
148000,5.163955211639404
148100,5.251953669956753
148200,3.8774354117257253
148300,3.8302830287388394
148400,5.726899090935202
148500,5.2155256271362305
148600,6.099632263183594
148700,3.1233126322428384
148800,4.0783562660217285
148900,6.478548916903409
149000,5.207246017456055
149100,5.000845475630327
149200,5.4138665632768115
149300,3.709656524658203
149400,4.3927492414202005
149500,5.822489057268415
149600,3.7785665724012585
149700,4.807724952697754
149800,5.426417957652699
149900,5.293202913724459
150000,5.560510635375977
14,36.91977908225415
14,12.198853695521555
150100,4.526751327514648
150200,5.350525665283203
150300,5.953606741768973
150400,2.8814779917399087
150500,4.980350918240017
150600,4.9232666015625
150700,3.4878954887390137
150800,5.445233662923177
150900,4.742467880249023
151000,4.619119432237413
151100,4.518799781799316
151200,6.265452270507812
151300,5.709908485412598
151400,3.691533406575521
151500,5.21558141708374
151600,4.948578516642253
151700,5.175670623779297
151800,6.08995888449929
151900,5.858620452880859
152000,5.266668319702148
152100,5.634957790374756
152200,3.984250068664551
152300,4.063541957310268
152400,4.729886627197265
152500,3.4800735473632813
152600,3.493561553955078
152700,5.647032304243608
152800,4.449964141845703
152900,4.283484867640904
153000,3.973123550415039
153100,5.361715316772461
153200,3.889893123081752
153300,4.362118857247489
153400,4.541301091512044
153500,4.238153076171875
153600,5.830589294433594
153700,5.4024853176540795
153800,5.345355987548828
153900,4.065647670200893
154000,5.055993761335101
154100,5.218309020996093
154200,4.408185958862305
154300,4.516970825195313
154400,4.311963081359863
154500,5.524686813354492
154600,4.134555053710938
154700,4.239405632019043
154800,5.735376085553851
154900,3.6545742579868863
155000,3.7754008769989014
155100,6.079089641571045
155200,3.282228469848633
155300,6.3775074005126955
155400,5.701126946343316
155500,4.1439714431762695
155600,5.52067756652832
155700,4.449896621704101
155800,4.992095565795898
155900,5.687973870171441
156000,4.463777330186632
156100,4.653281847635905
156200,7.493523597717285
156300,4.650608910454644
156400,5.664829600941051
156500,3.1214561462402344
156600,4.790586471557617
156700,5.485206604003906
156800,5.459562301635742
156900,4.044841766357422
157000,5.021481831868489
157100,4.292768205915179
157200,6.35107421875
157300,4.903312259250217
157400,5.629321758563702
157500,6.644538879394531
157600,5.3162578582763675
157700,5.2440501126376065
157800,6.242929458618164
157900,3.441523960658482
158000,5.077849864959717
158100,5.413170950753348
158200,3.8037101200648715
158300,3.684321812220982
158400,5.608934739056756
158500,5.366452693939209
158600,5.982702891031901
158700,3.037114143371582
158800,3.7820539474487305
158900,6.264597112482244
159000,5.00854721069336
159100,5.050314816561612
159200,5.304649353027344
159300,3.8252010345458984
159400,4.1059755597795755
159500,5.452005658830915
159600,3.6691801283094616
159700,4.732335090637207
159800,5.341859990900213
159900,5.173495366023137
160000,5.6948747634887695
15,36.80218651106962
15,12.506945540718926
160100,4.393596649169922
160200,5.515869522094727
160300,5.575655255998884
160400,2.9775098164876304
160500,4.83382331000434
160600,4.867122904459635
160700,3.7115814685821533
160800,5.372613271077474
160900,4.633055369059245
161000,4.517901102701823
161100,4.600459098815918
161200,6.424142456054687
161300,5.629247188568115
161400,3.9228153228759766
161500,5.2504425048828125
161600,4.339151700337728
161700,5.231142044067383
161800,5.605834267356179
161900,5.696356201171875
162000,5.181912104288737
162100,5.720271110534668
162200,3.9380879402160645
162300,4.147715977260044
162400,4.585313415527343
162500,3.5650985717773436
162600,3.452506256103516
162700,5.7555600946599785
162800,4.177044296264649
162900,3.9251150403703963
163000,3.8650569915771484
163100,5.166502475738525
163200,4.37835202898298
163300,4.053902762276786
163400,4.501277923583984
163500,4.240139007568359
163600,5.931234571668837
163700,5.432537502712673
163800,5.2977250417073565
163900,4.049983160836356
164000,4.733642033168247
164100,5.153517150878907
164200,4.426705837249756
164300,4.593717575073242
164400,4.112207412719727
164500,5.143031120300293
164600,3.9434890747070312
164700,4.354557991027832
164800,5.867710658482143
164900,3.6562979561941966
165000,3.647064447402954
165100,5.975985050201416
165200,3.225799798965454
165300,6.196620941162109
165400,5.500854068332249
165500,4.089127540588379
165600,5.386050542195638
165700,4.402288818359375
165800,4.903832626342774
165900,5.619422064887153
166000,4.716474321153429
166100,4.796029726664226
166200,7.530022144317627
166300,4.2416576809353295
166400,5.717570911754262
166500,3.0072950635637556
166600,4.77275505065918
166700,5.310432434082031
166800,5.429285049438477
166900,4.136631965637207
167000,5.138008965386285
167100,4.213311331612723
167200,6.251477559407552
167300,4.858758714463976
167400,5.368462782639724
167500,6.549032592773438
167600,5.214711380004883
167700,5.144013144753196
167800,5.914717356363933
167900,3.429092134748186
168000,5.0511016845703125
168100,5.201998029436384
168200,3.6619554247174944
168300,3.619001933506557
168400,5.593847835765166
168500,5.323325157165527
168600,5.940114339192708
168700,2.9434690475463867
168800,3.8131537437438965
168900,6.27039198441939
169000,5.06609878540039
169100,5.194305766712535
169200,5.310279499400746
169300,3.5759326934814455
169400,4.344182695661273
169500,5.385569981166294
169600,3.593412611219618
169700,5.104142189025879
169800,5.383584109219638
169900,5.130055354191707
170000,5.681142807006836
16,37.13147200238698
16,12.91870280985934
170100,4.323412322998047
170200,5.568694686889648
170300,6.038483210972378
170400,2.904796600341797
170500,4.77299329969618
170600,5.0638880411783855
170700,3.675821304321289
170800,5.461901346842448
170900,4.72588316599528
171000,4.44596693250868
171100,4.186052322387695
171200,6.296603393554688
171300,5.544355392456055
171400,3.6435979207356772
171500,5.229883193969727
171600,4.546172459920247
171700,5.039113998413086
171800,6.016938643022017
171900,5.856713485717774
172000,5.1948652267456055
172100,5.546741962432861
172200,3.8388030529022217
172300,3.783160073416574
172400,4.530595016479492
172500,3.3895919799804686
172600,3.3896141052246094
172700,5.730771845037287
172800,4.4876361846923825
172900,3.789604731968471
173000,3.8251967430114746
173100,5.061383247375488
173200,3.786454881940569
173300,3.904556001935686
173400,4.405484199523926
173500,4.211392593383789
173600,5.644197252061632
173700,5.531637403700087
173800,5.290895462036133
173900,4.077831540788923
174000,4.925597054617746
174100,5.324090576171875
174200,4.0645432472229
174300,4.5743663787841795
174400,3.9829773902893066
174500,4.9850568771362305
174600,3.869455337524414
174700,4.135578155517578
174800,5.662702287946429
174900,3.635460989815848
175000,3.594709873199463
175100,5.835134029388428
175200,3.177326202392578
175300,6.199697875976563
175400,5.426216973198785
175500,4.342205047607422
175600,5.375965118408203
175700,4.330364990234375
175800,4.71386947631836
175900,5.53111097547743
176000,4.521531422932942
176100,4.831036885579427
176200,7.187917709350586
176300,4.432518429226345
176400,5.6399924538352275
176500,2.937619890485491
176600,5.1899971008300785
176700,5.239836120605469
176800,5.397355397542317
176900,4.182363033294678
177000,5.093129052056207
177100,4.208037240164621
177200,6.405175526936849
177300,4.842721727159288
177400,5.44956794151893
177500,6.445988464355469
177600,5.138211441040039
177700,5.143850153142756
177800,5.737955729166667
177900,3.3237212044852122
178000,5.111233711242676
178100,5.20783451625279
178200,4.390232631138393
178300,3.604923520769392
178400,5.495450188131893
178500,5.219317436218262
178600,5.769084294637044
178700,2.999131520589193
178800,3.624744415283203
178900,5.918802434747869
179000,4.993748474121094
179100,5.108909260142934
179200,4.899235812100497
179300,3.531888961791992
179400,3.841680254255022
179500,5.143270765032087
179600,3.6339535183376737
179700,4.841723918914795
179800,5.318513696843928
179900,5.055567227877104
180000,5.7081990242004395
17,37.586883267582046
17,13.07983788071223
180100,4.261364364624024
180200,5.575145721435547
180300,5.577211652483259
180400,3.351018269856771
180500,4.609607272677952
180600,4.946105448404948
180700,3.675370693206787
180800,5.1761118570963545
180900,3.875220616658529
181000,4.392826080322266
181100,4.722482681274414
181200,6.1308251953125
181300,5.627272605895996
181400,3.540735880533854
181500,5.2076897621154785
181600,4.202516555786133
181700,4.98457686106364
181800,5.723605069247159
181900,5.811466979980469
182000,5.015387535095215
182100,5.567916393280029
182200,3.7482588291168213
182300,3.6580731528145924
182400,4.591331481933594
182500,3.378942108154297
182600,3.2383544921875
182700,5.670641812411222
182800,4.688490676879883
182900,3.6200945717947826
183000,3.6323087215423584
183100,4.998848915100098
183200,3.7720494951520647
183300,3.9258665357317244
183400,4.3631331125895185
183500,4.1285346984863285
183600,5.493815528021918
183700,5.602804395887587
183800,5.454435348510742
183900,3.8171324048723494
184000,4.6400555201939175
184100,5.083184051513672
184200,3.979055881500244
184300,4.572871398925781
184400,3.803400993347168
184500,4.948020935058594
184600,3.7240615844726563
184700,4.342589855194092
184800,5.728123256138393
184900,3.570541109357561
185000,3.445347785949707
185100,5.960437774658203
185200,3.1247687339782715
185300,6.019463729858399
185400,5.347446865505642
185500,4.031556606292725
185600,5.461687723795573
185700,4.277423858642578
185800,4.916633605957031
185900,5.573890262179905
186000,4.386587778727214
186100,4.526132901509603
186200,7.3235650062561035
186300,4.131465488009983
186400,5.57090932672674
186500,2.973832539149693
186600,4.844049072265625
186700,5.679262924194336
186800,5.398981094360352
186900,4.052574157714844
187000,4.9710133870442705
187100,4.121395111083984
187200,6.179581960042317
187300,4.790706634521484
187400,5.786460876464844
187500,6.277433013916015
187600,5.123064804077148
187700,5.050676172429865
187800,5.544929504394531
187900,3.2620032174246654
188000,5.412637233734131
188100,5.22948728288923
188200,4.22752434866769
188300,3.1962661743164062
188400,5.518006268669577
188500,5.007350921630859
188600,5.7466786702473955
188700,3.089484532674154
188800,3.671036720275879
188900,5.973299893465909
189000,5.001377105712891
189100,5.040981292724609
189200,5.295367847789418
189300,3.375048828125
189400,3.9169041769845143
189500,5.1443345206124445
189600,3.457321378919813
189700,5.028800964355469
189800,5.248164437033913
189900,4.987939687875601
190000,5.423182964324951
18,37.3923384860925
18,12.539498884818451
190100,4.114112091064453
190200,5.373014068603515
190300,5.680770329066685
190400,2.9246959686279297
190500,4.5349010891384545
190600,4.976584879557292
190700,3.410154342651367
190800,5.1278870900472
190900,3.6384617487589517
191000,4.368981255425347
191100,4.474885940551758
191200,6.3979150390625
191300,5.519514560699463
191400,3.5355374018351235
191500,5.267009258270264
191600,4.072623252868652
191700,5.08844534556071
191800,5.666065216064453
191900,5.635730743408203
192000,5.042129834493001
192100,5.341955661773682
192200,3.6080050468444824
192300,3.4870801653180803
192400,4.582301330566406
192500,3.112130546569824
192600,3.348741149902344
192700,5.5497283935546875
192800,4.5241962432861325
192900,3.6052447727748325
193000,3.568021059036255
193100,4.964577674865723
193200,3.933501652308873
193300,3.810032980782645
193400,4.295724550882976
193500,4.113582611083984
193600,5.358136494954427
193700,5.651476542154948
193800,5.437876383463542
193900,3.8238841465541293
194000,4.706013270786831
194100,5.047005844116211
194200,3.9455907344818115
194300,4.310940170288086
194400,3.8227169513702393
194500,4.92689847946167
194600,3.7144821166992186
194700,4.018733501434326
194800,5.892126900809152
194900,4.101843697684152
195000,3.374974489212036
195100,5.715126037597656
195200,3.0267491340637207
195300,6.114908599853516
195400,5.759434170193142
195500,3.9644930362701416
195600,5.22705618540446
195700,4.2199653625488285
195800,4.790665817260742
195900,5.48337639702691
196000,4.756837632921007
196100,4.272981643676758
196200,7.09469747543335
196300,4.367038726806641
196400,5.824276317249645
196500,2.909392765590123
196600,4.75749626159668
196700,5.314378356933593
196800,5.485868453979492
196900,3.937225341796875
197000,4.977410634358724
197100,4.051479339599609
197200,6.3485565185546875
197300,5.098275502522786
197400,5.48600592980018
197500,6.284173583984375
197600,5.085615921020508
197700,5.061629902232777
197800,5.610399881998698
197900,3.1542290278843472
198000,5.505551815032959
198100,5.093613760811942
198200,3.5462169647216797
198300,3.561525617327009
198400,5.54164706959444
198500,4.986451148986816
198600,5.697732925415039
198700,2.268402576446533
198800,3.466770648956299
198900,6.26413310657848
199000,4.822909545898438
199100,5.291227167302912
199200,4.894622455943715
199300,3.2905338287353514
199400,3.596437726702009
199500,5.521761213030134
199600,3.532416025797526
199700,5.072129249572754
199800,5.237112565474077
199900,5.013308598445012
200000,5.317048072814941
19,37.890959474309334
19,13.066188929515407
200100,4.118430328369141
200200,5.405923843383789
200300,5.328478131975446
200400,2.8095219930013022
200500,4.634114583333333
200600,4.847014872233073
200700,3.313838481903076
200800,5.134136199951172
200900,3.628826141357422
201000,4.263874053955078
201100,4.07373046875
201200,6.466909790039063
201300,5.754086494445801
201400,3.5133495330810547
201500,5.246263027191162
201600,3.9666147232055664
201700,4.881543159484863
201800,5.986262234774503
201900,5.714576339721679
202000,4.762147267659505
202100,5.398521900177002
202200,3.4857020378112793
202300,3.5606893811907088
202400,4.621232223510742
202500,3.0363643646240233
202600,3.1684497833251952
202700,5.523610895330256
202800,4.251994323730469
202900,3.67938232421875
203000,3.4636497497558594
203100,4.889590263366699
203200,3.7297069004603793
203300,3.792210715157645
203400,4.23410161336263
203500,4.362428283691406
203600,5.319391038682726
203700,5.626998477511936
203800,5.328963915506999
203900,3.8747035435267856
204000,4.484463827950614
204100,4.9719482421875
204200,3.8681328296661377
204300,4.210154724121094
204400,3.4800593852996826
204500,4.850480079650879
204600,3.7865596771240235
204700,4.096465110778809
204800,5.693983895438058
204900,3.498997279575893
205000,3.2666823863983154
205100,6.010296821594238
205200,2.9855337142944336
205300,5.958242797851563
205400,5.366917080349392
205500,4.0460686683654785
205600,5.678449630737305
205700,4.407068252563477
205800,4.513162231445312
205900,5.234084659152561
206000,4.416014777289496
206100,4.287075678507487
206200,7.264122009277344
206300,4.030565049913195
206400,5.539620486172763
206500,2.810876028878348
206600,5.123971557617187
206700,5.079265213012695
206800,5.471010843912761
206900,3.826059579849243
207000,5.131706237792969
207100,4.623293740408761
207200,6.197818756103516
207300,5.261907789442274
207400,5.4913776104266825
207500,6.36474723815918
207600,4.970746612548828
207700,4.918626265092329
207800,5.409228006998698
207900,3.1872784750802174
208000,5.952572822570801
208100,5.151460920061384
208200,3.844724110194615
208300,3.41180910382952
208400,5.604296515969669
208500,5.020264625549316
208600,5.588647206624349
208700,2.8032093048095703
208800,3.562682628631592
208900,6.043162952769887
209000,4.935660171508789
209100,4.951257879083807
209200,4.61944614757191
209300,3.2921432495117187
209400,3.594008309500558
209500,5.067870003836496
209600,3.4167787763807507
209700,4.616929054260254
209800,5.192902998490767
209900,4.966208824744592
210000,5.7447123527526855
20,38.36322128681569
20,13.577512721852663
210100,3.9818649291992188
210200,5.433890533447266
210300,5.250176021030971
210400,2.681474049886068
210500,4.732497321234809
210600,4.8824915568033855
210700,3.027682304382324
210800,5.059815406799316
210900,3.7268549601236978
211000,4.39229498969184
211100,4.33961820602417
211200,6.153014526367188
211300,5.642202854156494
211400,3.6179272333780923
211500,5.360487461090088
211600,3.9656753540039062
211700,4.96421464284261
211800,5.694053649902344
211900,5.431351089477539
212000,4.756308237711589
212100,5.259718418121338
212200,3.568448543548584
212300,3.5107814243861606
212400,4.516170501708984
212500,2.933701515197754
212600,3.209835433959961
212700,5.487517616965554
212800,4.633327484130859
212900,3.4913035801478793
213000,3.3291704654693604
213100,4.880003452301025
213200,3.7676179068429128
213300,3.785889216831752
213400,4.281983693440755
213500,3.9889293670654298
213600,5.652983771430121
213700,5.628200954861111
213800,5.155171712239583
213900,3.9927237374441966
214000,4.892316545758929
214100,4.89718017578125
214200,3.7888007164001465
214300,4.288254928588867
214400,3.493375778198242
214500,4.643238544464111
214600,3.577738571166992
214700,4.13057804107666
214800,5.657719203404018
214900,3.434718813214983
215000,3.181797742843628
215100,5.780251502990723
215200,2.8878140449523926
215300,6.029464340209961
215400,5.399351331922743
215500,4.070122718811035
215600,5.340431849161784
215700,4.997141647338867
215800,4.643264389038086
215900,5.359052446153429
216000,4.308554331461589
216100,4.329518000284831
216200,6.900996208190918
216300,4.015549553765191
216400,5.43716083873402
216500,2.836643763950893
216600,4.694448089599609
216700,5.121795654296875
216800,5.623556772867839
216900,3.817195415496826
217000,5.012071821424696
217100,4.02625846862793
217200,6.081432978312175
217300,4.916255103217231
217400,5.701599707970252
217500,6.168143844604492
217600,5.344158554077149
217700,4.875597867098722
217800,5.380509694417317
217900,2.9708453587123325
218000,5.339186668395996
218100,4.939977373395648
218200,3.432859148297991
218300,3.1885283333914622
218400,5.6652522367589615
218500,4.879446506500244
218600,5.338368733723958
218700,2.5553126335144043
218800,3.392848491668701
218900,5.946006774902344
219000,4.787722396850586
219100,5.117652199485085
219200,5.072311748157848
219300,3.1435359954833983
219400,3.4665848868233815
219500,5.238715580531529
219600,3.3518392774793835
219700,4.912410736083984
219800,5.144114407626065
219900,4.844782315767729
220000,5.2532148361206055
21,39.108783723566695
21,13.027565355363032
220100,3.9444976806640626
220200,4.897224426269531
220300,5.17498288835798
220400,2.714873949686686
220500,4.377139621310764
220600,4.697420247395834
220700,3.13104248046875
220800,5.016873677571614
220900,3.775448481241862
221000,4.293157365587023
221100,4.23757266998291
221200,6.34772705078125
221300,5.441872596740723
221400,3.4842955271402993
221500,5.394248008728027
221600,3.937270482381185
221700,4.980143864949544
221800,5.202994259920987
221900,5.433901977539063
222000,4.2619476318359375
222100,5.085270404815674
222200,3.473719835281372
222300,3.422776358468192
222400,4.463129043579102
222500,3.2998275756835938
222600,3.2407405853271483
222700,5.728169181130149
222800,4.45544662475586
222900,3.533336639404297
223000,3.224761962890625
223100,4.805720329284668
223200,3.674391337803432
223300,3.6828765869140625
223400,4.231614430745442
223500,4.02213134765625
223600,5.364838070339626
223700,5.4640452067057295
223800,5.1257584889729815
223900,3.8664283752441406
224000,4.478460584368024
224100,5.0677040100097654
224200,3.836853504180908
224300,4.622236251831055
224400,3.3471570014953613
224500,4.585295677185059
224600,3.402840423583984
224700,3.9543490409851074
224800,5.540090833391462
224900,3.3400494711739674
225000,3.0531165599823
225100,5.699370384216309
225200,2.8389501571655273
225300,6.204475784301758
225400,5.2298083835177955
225500,4.11885929107666
225600,5.335976282755534
225700,4.526207733154297
225800,4.482373428344727
225900,5.180885314941406
226000,4.791852739122179
226100,4.374673843383789
226200,7.0108842849731445
226300,4.046878390842014
226400,5.491675290194425
226500,2.79034423828125
226600,4.657321166992188
226700,5.223722839355469
226800,5.425139745076497
226900,3.785515308380127
227000,5.1173116895887585
227100,4.116295950753348
227200,6.294078826904297
227300,5.13826666937934
227400,5.749142573429988
227500,6.01248779296875
227600,5.068696975708008
227700,4.895955866033381
227800,5.334300994873047
227900,2.9852992466517856
228000,5.143758773803711
228100,4.948086329868862
228200,4.3062591552734375
228300,2.920760290963309
228400,5.6431714226217835
228500,4.57997465133667
228600,5.401115417480469
228700,3.026174545288086
228800,3.506096839904785
228900,6.124272433194247
229000,4.771962738037109
229100,5.192944266579368
229200,4.655618147416548
229300,3.175442695617676
229400,3.4225681849888394
229500,5.054152352469308
229600,3.411523183186849
229700,4.795978546142578
229800,5.2807065790349785
229900,5.29655280480018
230000,5.058551788330078
22,39.7714444652448
22,13.294289063458983
230100,4.002176666259766
230200,4.758370208740234
230300,5.275501796177456
230400,2.7086639404296875
230500,4.6950878567165795
230600,4.872609456380208
230700,3.368429183959961
230800,4.939831415812175
230900,3.3152860005696616
231000,4.4132885403103295
231100,5.485817909240723
231200,6.0526220703125
231300,5.576827049255371
231400,3.6845423380533853
231500,5.331435203552246
231600,3.758427302042643
231700,4.525017738342285
231800,5.782975630326704
231900,5.320820999145508
232000,4.29691219329834
232100,4.995791912078857
232200,3.3615164756774902
232300,3.1850953783307756
232400,4.541459655761718
232500,2.8460100173950194
232600,3.3175174713134767
232700,5.735614776611328
232800,4.447564697265625
232900,3.3299805777413503
233000,3.350893259048462
233100,4.721123695373535
233200,3.5301589965820312
233300,3.945011683872768
233400,4.205367724100749
233500,4.363699340820313
233600,5.428195529513889
233700,5.535827212863499
233800,5.367125829060872
233900,3.6945691789899553
234000,4.519327436174665
234100,4.839781188964844
234200,3.7488856315612793
234300,4.74827766418457
234400,3.2556045055389404
234500,4.516754627227783
234600,3.293631744384766
234700,3.88191819190979
234800,5.526238032749721
234900,3.4915144784109935
235000,2.991462469100952
235100,5.951245307922363
235200,3.2264251708984375
235300,6.201968002319336
235400,5.174588521321614
235500,3.9316067695617676
235600,5.338263193766276
235700,4.4593360900878904
235800,4.560580444335938
235900,5.635131412082249
236000,4.153455098470052
236100,4.258281071980794
236200,6.864826679229736
236300,3.4696426391601562
236400,5.372364390980113
236500,2.795677730015346
236600,5.073595809936523
236700,5.101029968261718
236800,5.697547276814778
236900,3.554044723510742
237000,5.11826409233941
237100,4.573519025530134
237200,6.124422709147136
237300,5.17386711968316
237400,5.639456528883714
237500,6.188956069946289
237600,4.94561538696289
237700,5.173520174893466
237800,5.197283109029134
237900,3.752319880894252
238000,5.246598243713379
238100,4.835641588483538
238200,3.39196286882673
238300,3.3534213474818637
238400,5.62000633688534
238500,4.939391136169434
238600,5.242706298828125
238700,2.337822914123535
238800,3.40852689743042
238900,5.998837557705966
239000,4.787237930297851
239100,5.076112920587713
239200,4.87738002430309
239300,3.65361328125
239400,3.3410486493791853
239500,4.990231105259487
239600,3.193600336710612
239700,5.150108814239502
239800,5.0380259427157315
239900,5.113123380220854
240000,5.048643112182617
23,40.091930717382375
23,13.274291489773221
240100,3.9931236267089845
240200,4.715835952758789
240300,5.110584803989956
240400,2.641090234120687
240500,4.072180006239149
240600,4.864949544270833
240700,3.2852401733398438
240800,5.018426259358724
240900,3.3605454762776694
241000,4.099332173665364
241100,4.688316345214844
241200,6.1265869140625
241300,5.311596393585205
241400,3.426041920979818
241500,5.300901412963867
241600,3.7460104624430337
241700,4.517148017883301
241800,5.232309861616655
241900,5.355617523193359
242000,4.191348393758138
242100,4.871554374694824
242200,3.1929824352264404
242300,3.1196823120117188
242400,4.483687210083008
242500,2.948795700073242
242600,3.1910701751708985
242700,5.544125990434126
242800,4.279736328125
242900,3.5378287179129466
243000,3.2802846431732178
243100,4.867888927459717
243200,3.5569684164864674
243300,3.563962391444615
243400,4.223416010538737
243500,3.9190933227539064
243600,5.775210910373264
243700,5.32280773586697
243800,5.136035601298015
243900,3.572406768798828
244000,4.798560006277902
244100,4.8488609313964846
244200,3.738734006881714
244300,4.472304916381836
244400,3.107093095779419
244500,4.499913692474365
244600,3.125865364074707
244700,3.8574397563934326
244800,5.2854445321219305
244900,3.2983245849609375
245000,2.9702999591827393
245100,5.681727409362793
245200,3.4890382289886475
245300,5.8620765686035154
245400,5.048775143093533
245500,4.034299850463867
245600,5.1715192794799805
245700,4.08984489440918
245800,4.620870208740234
245900,5.042346954345703
246000,4.200784895155165
246100,4.16487471262614
246200,7.237412452697754
246300,3.556987762451172
246400,5.265090595592152
246500,2.926771708897182
246600,5.0254661560058596
246700,5.005119705200196
246800,5.508911768595378
246900,3.595475912094116
247000,5.160654703776042
247100,4.993797302246094
247200,5.903769175211589
247300,5.142649756537543
247400,5.195819561298077
247500,5.939412689208984
247600,4.948921203613281
247700,5.091280503706499
247800,5.156359036763509
247900,3.423379898071289
248000,5.4438910484313965
248100,4.679223196847098
248200,3.3311585017613004
248300,3.558107648577009
248400,5.658403733197381
248500,4.885887145996094
248600,5.123702049255371
248700,2.2266669273376465
248800,3.266399383544922
248900,5.8859474875710225
249000,4.7336681365966795
249100,5.034252166748047
249200,5.127578388560902
249300,3.471741485595703
249400,3.475499016898019
249500,5.086540767124721
249600,3.1736621856689453
249700,4.5759406089782715
249800,5.075117631392046
249900,4.856812990628756
250000,5.0138630867004395
24,41.162586068489766
24,13.737253796572713
