100,8.60739974975586
200,7.752175140380859
300,7.616633823939732
400,5.709076563517253
500,6.727464887830946
600,6.8260009765625
700,6.980103969573975
800,7.2551695505778
900,5.865680694580078
1000,6.313823699951172
1100,6.9822235107421875
1200,6.596824951171875
1300,7.070130825042725
1400,5.131302833557129
1500,7.240780353546143
1600,6.612775802612305
1700,7.916103363037109
1800,7.1735687255859375
1900,7.142449188232422
2000,6.075049718221028
2100,7.996549129486084
2200,6.609225749969482
2300,7.160757337297712
2400,6.227612686157227
2500,7.136543273925781
2600,6.8816993713378904
2700,7.617075833407315
2800,7.270406341552734
2900,6.611174447195871
3000,7.130446434020996
3100,7.7776994705200195
3200,7.11767578125
3300,6.615265437534878
3400,6.845263799031575
3500,6.521880340576172
3600,6.473658667670356
3700,7.874739752875434
3800,6.509488423665364
3900,7.051656450544085
4000,5.8563368661063055
4100,5.901360321044922
4200,6.824258804321289
4300,6.870335388183594
4400,6.478185653686523
4500,6.42286491394043
4600,6.160320281982422
4700,5.877847671508789
4800,6.580808367047991
4900,7.1640456063406805
5000,6.445041179656982
5100,6.892580986022949
5200,7.1693830490112305
5300,6.473661041259765
5400,7.860522800021702
5500,7.676557540893555
5600,6.355893452962239
5700,5.498101425170899
5800,5.600897598266601
5900,5.893007066514757
6000,7.213690863715278
6100,6.14889653523763
6200,9.277464866638184
6300,5.832360585530599
6400,6.651455965909091
6500,4.897753034319196
6600,5.742844009399414
6700,6.426582336425781
6800,6.745830535888672
6900,6.491588115692139
7000,6.68921618991428
7100,5.656990051269531
7200,6.798866271972656
7300,7.188535054524739
7400,7.0786297137920675
7500,7.608219909667969
7600,6.001622009277344
7700,6.730059537020597
7800,8.725743611653646
7900,6.864778246198382
8000,6.724277496337891
8100,7.28644779750279
8200,6.7250246320452005
8300,4.7152829851422995
8400,7.5674591064453125
8500,7.106851100921631
8600,7.330217997233073
8700,5.689316431681315
8800,6.443954944610596
8900,6.2080841064453125
9000,5.884264373779297
9100,5.686284151944247
9200,6.0620505593039775
9300,5.832400131225586
9400,6.484798431396484
9500,6.823078700474331
9600,5.9869639078776045
9700,8.039029121398926
9800,7.832369717684659
9900,6.214396550105168
10000,7.110936164855957
0,60.163350309024324
0,5.906031013366826
10100,6.182630157470703
10200,6.772209930419922
10300,7.073168618338449
10400,3.532801310221354
10500,7.074864281548394
10600,5.926469930013021
10700,5.646923065185547
10800,8.750129699707031
10900,5.998538335164388
11000,7.6396942138671875
11100,7.588195323944092
11200,6.361234130859375
11300,5.992015838623047
11400,4.547314961751302
11500,6.7901153564453125
11600,6.9043121337890625
11700,6.834739049275716
11800,6.450274380770597
11900,7.132651519775391
12000,6.6102447509765625
12100,6.132534980773926
12200,5.644571304321289
12300,7.963526589529855
12400,5.61858901977539
12500,5.162963104248047
12600,6.882443237304687
12700,7.046469254927202
12800,6.214935684204102
12900,5.704663957868304
13000,8.489372253417969
13100,5.899910926818848
13200,5.164436885288784
13300,5.886719839913504
13400,5.718070983886719
13500,6.440248107910156
13600,6.920041402180989
13700,6.460938347710504
13800,7.274700164794922
13900,5.555000850132534
14000,7.479328700474331
14100,6.783232879638672
14200,5.416473388671875
14300,6.3890525817871096
14400,6.586235046386719
14500,6.143021583557129
14600,7.832522583007813
14700,5.102479457855225
14800,7.395538875034878
14900,5.384044647216797
15000,9.301189422607422
15100,6.510247230529785
15200,7.029762268066406
15300,7.0537879943847654
15400,6.8439585367838545
15500,5.326486110687256
15600,6.179532368977864
15700,6.360714721679687
15800,6.505703735351562
15900,6.933133443196614
16000,6.704797532823351
16100,5.1508839925130205
16200,8.695558547973633
16300,6.445511711968316
16400,6.59725605357777
16500,4.793945857456753
16600,6.837968444824218
16700,6.052164840698242
16800,5.9308732350667315
16900,6.563911437988281
17000,5.085742526584202
17100,5.938962663922991
17200,7.583813349405925
17300,5.463161044650608
17400,6.905420743502104
17500,7.891550445556641
17600,6.426520538330078
17700,6.376223477450284
17800,8.114243825276693
17900,6.065993172781808
18000,6.903473854064941
18100,7.278573172433036
18200,5.94696044921875
18300,4.36024420601981
18400,6.745096543255975
18500,7.416579246520996
18600,7.566622416178386
18700,7.0435333251953125
18800,5.846225738525391
18900,6.714361017400568
19000,6.3792366027832035
19100,6.735264171253551
19200,6.80870957808061
19300,5.233520126342773
19400,6.280326843261719
19500,6.832239423479352
19600,5.874541812472874
19700,6.554861068725586
19800,6.324450406161222
19900,6.5122234637920675
20000,6.508504867553711
1,51.90921759604276
1,6.4325569260519435
20100,5.7900856018066404
20200,6.764289093017578
20300,6.987125941685268
20400,4.717857996622722
20500,8.271235148111979
20600,5.768476867675782
20700,6.655788421630859
20800,7.006829579671224
20900,4.568942387898763
21000,6.2696656121148004
21100,5.5737528800964355
21200,7.1299285888671875
21300,7.045665264129639
21400,5.26112174987793
21500,6.100953102111816
21600,5.398838043212891
21700,6.247432708740234
21800,6.366288618607954
21900,6.427581787109375
22000,5.955955505371094
22100,6.301051616668701
22200,5.096351623535156
22300,5.548228672572544
22400,6.268198013305664
22500,4.9378814697265625
22600,6.700355529785156
22700,6.402198097922585
22800,5.8140815734863285
22900,5.367699759347098
23000,6.9003448486328125
23100,7.711273670196533
23200,6.949299403599331
23300,6.915554046630859
23400,6.924828847249349
23500,6.47008056640625
23600,6.196233961317274
23700,6.885427686903212
23800,6.399351119995117
23900,7.023356846400669
24000,6.620347159249442
24100,6.475227355957031
24200,5.118879795074463
24300,5.977154541015625
24400,9.613759994506836
24500,7.593438148498535
24600,5.490535736083984
24700,5.277885437011719
24800,6.128294808523996
24900,4.9263153076171875
25000,5.859004020690918
25100,7.038910865783691
25200,4.663477420806885
25300,7.77801284790039
25400,6.2458038330078125
25500,6.440610408782959
25600,6.40054194132487
25700,6.850617980957031
25800,5.491909790039062
25900,7.046735127766927
26000,5.505391862657335
26100,5.286490122477214
26200,8.247066497802734
26300,5.8912027147081165
26400,6.533109491521662
26500,7.240382603236607
26600,5.181769180297851
26700,6.523539733886719
26800,6.342515309651692
26900,5.581972122192383
27000,6.383630540635851
27100,7.070074898856027
27200,7.269467671712239
27300,5.978922949896918
27400,6.232911330003005
27500,9.006532287597656
27600,6.158252716064453
27700,5.97647441517223
27800,8.415028889973959
27900,5.121726989746094
28000,8.72953987121582
28100,7.300361088344029
28200,6.688246590750558
28300,5.5629392351422995
28400,7.127339082605698
28500,8.199064254760742
28600,5.918958028157552
28700,4.537152290344238
28800,5.092955589294434
28900,6.134592229669744
29000,5.193695068359375
29100,6.272356900301847
29200,6.70916123823686
29300,5.546234893798828
29400,6.819736480712891
29500,5.5544264657156805
29600,6.506588829888238
29700,6.3901519775390625
29800,6.168346751819957
29900,6.145332923302283
30000,6.859450817108154
2,49.02509034313375
2,7.056144899254435
30100,6.344778823852539
30200,6.037538146972656
30300,5.5371518816266745
30400,3.4226560592651367
30500,7.414590623643663
30600,5.452527872721354
30700,5.060724258422852
30800,8.942520141601562
30900,6.764870325724284
31000,6.196764204237196
31100,6.354330539703369
31200,6.617609252929688
31300,6.53655481338501
31400,5.161052068074544
31500,5.796933174133301
31600,6.037009557088216
31700,6.347829182942708
31800,6.573217912153765
31900,6.428872680664062
32000,6.450930913289388
32100,6.599693775177002
32200,5.592385292053223
32300,5.925169808523996
32400,7.43199462890625
32500,4.7951194763183596
32600,6.468911743164062
32700,7.107323386452415
32800,5.5693000793457035
32900,7.102796282087054
33000,8.03760051727295
33100,7.20933723449707
33200,6.194861275809152
33300,6.555932181222098
33400,6.552288055419922
33500,5.032509231567383
33600,6.2232237921820746
33700,6.082691192626953
33800,6.412184397379558
33900,6.328819819859096
34000,5.5735353742327005
34100,7.189680480957032
34200,4.882688045501709
34300,5.996598815917968
34400,9.192011833190918
34500,6.802194595336914
34600,6.787969970703125
34700,6.73406457901001
34800,6.02012688773019
34900,5.882683890206473
35000,7.52980899810791
35100,7.362143039703369
35200,4.29392147064209
35300,6.697257995605469
35400,7.273312886555989
35500,6.311863422393799
35600,6.458869298299153
35700,6.78016357421875
35800,5.877320861816406
35900,6.34869384765625
36000,6.584603203667535
36100,6.016968409220378
36200,8.720697402954102
36300,5.890186309814453
36400,6.842369773171165
36500,3.9849581037248885
36600,5.998970794677734
36700,6.456831359863282
36800,6.9074554443359375
36900,6.233609199523926
37000,5.212008158365886
37100,6.28772953578404
37200,6.649519602457683
37300,5.979830847846137
37400,5.947715172400842
37500,7.048243713378906
37600,5.987047958374023
37700,6.832652005282315
37800,8.702645619710287
37900,4.998292650495257
38000,7.054171562194824
38100,6.19218989780971
38200,5.168170928955078
38300,4.082635879516602
38400,6.661786696490119
38500,6.33068323135376
38600,7.313861846923828
38700,3.505598704020182
38800,4.7820820808410645
38900,7.22770898992365
39000,6.350688171386719
39100,6.717013272372159
39200,5.995115800337358
39300,6.89539794921875
39400,6.15827396937779
39500,6.633719308035714
39600,4.973045349121094
39700,6.556642055511475
39800,6.118694652210582
39900,6.223239605243389
40000,5.694380283355713
3,45.83083415842428
3,8.439227426750064
40100,5.6942596435546875
40200,7.657347106933594
40300,6.886451721191406
40400,4.743256251017253
40500,6.154993269178602
40600,5.871925354003906
40700,5.668845176696777
40800,7.1451066335042315
40900,4.433432896931966
41000,4.806364271375868
41100,5.624419212341309
41200,7.375372314453125
41300,7.197604179382324
41400,5.817873636881511
41500,5.929287433624268
41600,5.515562693277995
41700,6.1738942464192705
41800,6.46390117298473
41900,7.538916778564453
42000,6.02940050760905
42100,6.457647800445557
42200,5.965171813964844
42300,6.9388307843889505
42400,6.523415374755859
42500,5.806200408935547
42600,5.991125869750976
42700,5.950632268732244
42800,4.964175796508789
42900,5.266443525041852
43000,6.782437801361084
43100,5.842862606048584
43200,5.757562909807477
43300,5.034198760986328
43400,8.055455525716146
43500,5.521231460571289
43600,7.659065246582031
43700,7.481115553114149
43800,6.680834452311198
43900,5.377938406808036
44000,6.431973593575614
44100,7.321717834472656
44200,4.993693828582764
44300,5.366046142578125
44400,6.520756721496582
44500,6.611118793487549
44600,4.793099975585937
44700,5.727344512939453
44800,6.491096496582031
44900,6.506502423967634
45000,7.345418930053711
45100,6.2622175216674805
45200,4.2509541511535645
45300,7.099262237548828
45400,6.873913235134548
45500,4.932082176208496
45600,6.576150258382161
45700,6.153653717041015
45800,5.1921436309814455
45900,6.129582299126519
46000,6.257471296522352
46100,7.503527959187825
46200,8.49310302734375
46300,5.239108615451389
46400,6.339754278009588
46500,5.015838078090122
46600,7.222273254394532
46700,7.184888458251953
46800,5.7689971923828125
46900,5.915280342102051
47000,6.541954040527344
47100,5.0269268580845425
47200,6.973275502522786
47300,5.670320298936632
47400,6.391687833345854
47500,7.462740325927735
47600,5.568470001220703
47700,6.383954134854403
47800,9.782496134440104
47900,7.338967459542411
48000,6.949317932128906
48100,7.251746586390904
48200,6.424854278564453
48300,4.026937212262835
48400,6.887071946088006
48500,6.329990386962891
48600,6.320925394694011
48700,5.708934783935547
48800,5.254879951477051
48900,6.707853143865412
49000,5.4778297424316404
49100,7.83377421985973
49200,6.7255096435546875
49300,6.559222412109375
49400,6.601581573486328
49500,7.2981687273297995
49600,5.566992017957899
49700,7.548013687133789
49800,6.1456298828125
49900,6.248770493727464
50000,5.847348690032959
4,44.04950444010852
4,8.491598905807967
50100,7.16175537109375
50200,7.083982849121094
50300,6.7789715358189175
50400,3.060807545979818
50500,5.537784152560764
50600,5.390077718098959
50700,4.702002048492432
50800,6.791492462158203
50900,6.562247594197591
51000,6.274386935763889
51100,5.883249759674072
51200,6.1678094482421875
51300,6.532321929931641
51400,4.297452290852864
51500,5.456852436065674
51600,5.73760986328125
51700,7.0986785888671875
51800,6.255199085582387
51900,6.13189697265625
52000,4.799463272094727
52100,6.952298164367676
52200,5.4934401512146
52300,6.249850136893136
52400,5.095541763305664
52500,6.020803833007813
52600,4.879126739501953
52700,6.079041914506392
52800,5.3138786315917965
52900,4.648468562534878
53000,8.999341011047363
53100,6.703812122344971
53200,5.74529538835798
53300,7.239224025181362
53400,6.612191518147786
53500,6.500804901123047
53600,6.180017259385851
53700,6.818948533799913
53800,6.314399719238281
53900,4.896395547049386
54000,7.066131591796875
54100,6.7862495422363285
54200,6.3628644943237305
54300,5.40570068359375
54400,6.465215682983398
54500,8.199368476867676
54600,7.3358512878417965
54700,5.906838417053223
54800,5.999651772635324
54900,4.463703700474331
55000,6.723769664764404
55100,6.781317234039307
55200,5.269198894500732
55300,7.012540435791015
55400,6.587549421522352
55500,5.989077568054199
55600,6.251857757568359
55700,5.462199783325195
55800,5.498577880859375
55900,6.599059634738499
56000,5.60971917046441
56100,5.683724721272786
56200,8.309225082397461
56300,7.226275126139323
56400,6.99475721879439
56500,4.863984244210379
56600,6.112847900390625
56700,6.7539619445800785
56800,6.036411285400391
56900,7.100109577178955
57000,5.8835296630859375
57100,6.03729738507952
57200,6.620480219523112
57300,5.7559835645887585
57400,7.079762972318209
57500,7.854640197753906
57600,6.775421142578125
57700,5.751312255859375
57800,7.1827239990234375
57900,5.629802158900669
58000,8.497598648071289
58100,6.001304626464844
58200,4.860440935407366
58300,5.015895298549107
58400,7.191519344554228
58500,6.890675067901611
58600,7.335840225219727
58700,4.680826822916667
58800,4.256676197052002
58900,7.334318681196733
59000,5.228362655639648
59100,7.496976679021662
59200,6.19418681751598
59300,5.686677551269531
59400,5.5206402369907925
59500,6.283449990408761
59600,5.3945799933539496
59700,6.446871280670166
59800,6.068294178355824
59900,6.482792780949519
60000,5.612097263336182
5,43.29844443358436
5,8.835392925795924
60100,7.035485076904297
60200,6.278506469726563
60300,5.512512751988003
60400,5.686596552530925
60500,6.796566433376736
60600,6.491152445475261
60700,5.345494747161865
60800,7.372561136881511
60900,7.5653076171875
61000,5.019103156195746
61100,5.344723224639893
61200,6.724560546875
61300,7.363541126251221
61400,5.615515391031901
61500,6.207592010498047
61600,6.448150634765625
61700,6.024878184000651
61800,7.271832552823153
61900,7.047263336181641
62000,5.253125190734863
62100,7.3363237380981445
62200,5.20883321762085
62300,5.862164633614676
62400,6.046643447875977
62500,4.27404556274414
62600,5.037269210815429
62700,7.383967312899503
62800,5.898095321655274
62900,4.937817709786551
63000,8.680922508239746
63100,5.848649024963379
63200,3.8846239362444197
63300,5.5684002467564175
63400,5.597907384236653
63500,5.512833786010742
63600,6.041475931803386
63700,6.424446953667535
63800,5.904852549235026
63900,5.123003823416574
64000,6.413224356515067
64100,6.083642959594727
64200,5.770437240600586
64300,5.152744293212891
64400,6.477585792541504
64500,5.550408363342285
64600,5.884559631347656
64700,6.4062371253967285
64800,6.739115033830915
64900,6.355799538748605
65000,5.211563587188721
65100,6.410447120666504
65200,4.611209869384766
65300,7.0094146728515625
65400,6.480760786268446
65500,5.478270530700684
65600,6.157896677652995
65700,5.421695327758789
65800,7.436278533935547
65900,6.655277252197266
66000,6.616837819417317
66100,5.208216667175293
66200,9.069580078125
66300,6.440023634168837
66400,6.754652543501421
66500,4.585351126534598
66600,7.011006164550781
66700,6.4667716979980465
66800,5.556984583536784
66900,6.248730659484863
67000,5.610618167453342
67100,7.005345480782645
67200,6.471106211344401
67300,6.893899281819661
67400,7.249117924616887
67500,7.650179290771485
67600,5.452787399291992
67700,6.194028680974787
67800,10.738661448160807
67900,4.348388126918247
68000,6.091672897338867
68100,7.660302843366351
68200,5.427618844168527
68300,3.6340506417410716
68400,6.944664899040671
68500,6.885200500488281
68600,6.943953196207683
68700,4.9850413004557295
68800,4.195906162261963
68900,6.6114723899147725
69000,6.561971282958984
69100,6.825954090465199
69200,5.7190867337313565
69300,6.61553955078125
69400,5.5438706534249445
69500,6.779972076416016
69600,4.87496100531684
69700,6.537500858306885
69800,6.739284168590199
69900,5.88975583589994
70000,7.746010780334473
6,41.46944337349937
6,9.327753412623665
70100,5.332157135009766
70200,6.134591674804687
70300,6.682217734200614
70400,5.278175036112468
70500,7.119573805067274
70600,5.5452824910481775
70700,5.308818817138672
70800,6.930444081624349
70900,4.140069643656413
71000,5.39410400390625
71100,6.838106155395508
71200,6.803178100585938
71300,7.202751159667969
71400,8.000581741333008
71500,6.019145965576172
71600,5.2207991282145185
71700,6.173389434814453
71800,5.981273997913707
71900,6.697648620605468
72000,4.987235069274902
72100,5.9969096183776855
72200,5.41970157623291
72300,5.155148097446987
72400,5.3486682891845705
72500,4.3614013671875
72600,4.213569641113281
72700,5.754098718816584
72800,6.257718658447265
72900,5.936540876116071
73000,6.869387149810791
73100,7.48546028137207
73200,4.996090480259487
73300,5.260956900460379
73400,7.253166198730469
73500,5.320851516723633
73600,7.584545559353298
73700,6.817807515462239
73800,5.838204065958659
73900,6.68974358694894
74000,5.8875547136579245
74100,7.235547637939453
74200,4.4361066818237305
74300,4.550564575195312
74400,6.5611443519592285
74500,5.5366530418396
74600,5.7263427734375
74700,5.814805030822754
74800,6.655608040945871
74900,5.246824537004743
75000,4.785855293273926
75100,7.474316120147705
75200,4.763707637786865
75300,6.464943695068359
75400,5.76084221733941
75500,5.166498184204102
75600,6.328241348266602
75700,5.4419208526611325
75800,4.961189270019531
75900,6.309196472167969
76000,5.446837531195746
76100,5.026300112406413
76200,8.426933288574219
76300,5.845358530680339
76400,6.135056929154829
76500,4.478454862322126
76600,6.045784378051758
76700,6.568121337890625
76800,5.867177327473958
76900,5.785850524902344
77000,5.49221674601237
77100,5.1183673313685825
77200,6.982840855916341
77300,6.404493119981554
77400,6.910286536583533
77500,7.8815971374511715
77600,5.537950897216797
77700,5.83664980801669
77800,7.387786865234375
77900,6.183113098144531
78000,5.998593807220459
78100,5.617467062813895
78200,4.585625784737723
78300,5.356263296944754
78400,7.664952895220588
78500,6.740805149078369
78600,6.265844345092773
78700,3.155620257059733
78800,4.5347490310668945
78900,5.925838817249645
79000,4.951457214355469
79100,5.905366377397017
79200,5.985789905894887
79300,5.094073486328125
79400,5.633959089006696
79500,6.990297045026507
79600,5.851807064480251
79700,4.982023239135742
79800,7.0145485617897725
79900,6.299397982083834
80000,5.5691237449646
7,41.228896580755766
7,9.864361761432193
80100,7.612567138671875
80200,7.559919738769532
80300,7.095912388392857
80400,3.2209739685058594
80500,5.555227915445964
80600,6.497462972005208
80700,4.841434001922607
80800,6.907323837280273
80900,5.462480545043945
81000,4.805444929334852
81100,4.8906145095825195
81200,6.7261474609375
81300,5.717817306518555
81400,4.1113936106363935
81500,5.697492599487305
81600,5.617516835530599
81700,5.554322560628255
81800,6.4937896728515625
81900,7.098429870605469
82000,6.680217107137044
82100,6.632287979125977
82200,7.028209209442139
82300,5.936305454799107
82400,5.745686340332031
82500,6.229495239257813
82600,4.5453132629394535
82700,5.45963564786044
82800,5.255854797363281
82900,4.220644814627511
83000,6.698424816131592
83100,5.829062461853027
83200,4.37126704624721
83300,5.113381522042411
83400,4.761019070943196
83500,6.4633842468261715
83600,6.999738481309679
83700,6.475593566894531
83800,5.950747172037761
83900,5.221765245710101
84000,5.190832955496652
84100,7.2008522033691404
84200,4.898611068725586
84300,4.98961181640625
84400,5.888051986694336
84500,7.820369720458984
84600,5.289987945556641
84700,5.114161491394043
84800,6.100334167480469
84900,6.09600830078125
85000,5.248459339141846
85100,6.833654403686523
85200,5.117020606994629
85300,7.3674369812011715
85400,6.63382085164388
85500,5.620213985443115
85600,6.352043787638347
85700,5.805986022949218
85800,5.017121124267578
85900,6.343829684787327
86000,5.980297512478298
86100,5.740161895751953
86200,8.70207405090332
86300,6.497892591688368
86400,6.140797008167613
86500,4.913269587925503
86600,7.438108825683594
86700,6.3593696594238285
86800,6.00193468729655
86900,4.979855537414551
87000,6.281634012858073
87100,4.416778019496372
87200,6.458960215250651
87300,5.508856031629774
87400,6.571601867675781
87500,7.664235687255859
87600,5.579088592529297
87700,5.89190673828125
87800,8.565264383951822
87900,5.331050327845982
88000,5.899425506591797
88100,5.860501425606864
88200,5.330296107700893
88300,4.212026868547712
88400,6.867244047277114
88500,5.897685527801514
88600,7.085577011108398
88700,2.9903717041015625
88800,6.633459568023682
88900,6.2971413352272725
89000,6.211642456054688
89100,6.082484852183949
89200,5.938643022017046
89300,4.519401550292969
89400,4.700679234095982
89500,7.025265829903739
89600,4.201836480034722
89700,5.70827579498291
89800,6.345540826970881
89900,7.079535851111779
90000,6.992038249969482
8,39.179875081177784
8,10.758552790548247
90100,5.244315338134766
90200,7.256201934814453
90300,6.535611833844866
90400,5.786050160725911
90500,5.738229539659288
90600,5.346661376953125
90700,4.48350191116333
90800,5.593900044759114
90900,6.0786787668863935
91000,5.577946133083767
91100,6.190537929534912
91200,6.59235595703125
91300,6.413759231567383
91400,4.195902506510417
91500,6.418418884277344
91600,6.391790390014648
91700,5.949638366699219
91800,6.42792441628196
91900,6.863533782958984
92000,5.106992085774739
92100,5.885655403137207
92200,4.690426349639893
92300,5.5082871573311945
92400,6.043680572509766
92500,3.917156982421875
92600,5.447988128662109
92700,5.9763571999289775
92800,5.4821311950683596
92900,4.567623683384487
93000,7.165581703186035
93100,5.764279842376709
93200,6.107803889683315
93300,6.833287920270648
93400,4.768501281738281
93500,5.11414794921875
93600,6.070237053765191
93700,5.789164649115668
93800,5.527573267618815
93900,5.990836552211216
94000,6.463386535644531
94100,5.29835205078125
94200,5.314604759216309
94300,4.8195442199707035
94400,8.579010009765625
94500,5.609066009521484
94600,5.547686767578125
94700,4.729875087738037
94800,6.698205675397601
94900,4.792301177978516
95000,5.096951484680176
95100,7.295037269592285
95200,4.056889533996582
95300,6.3049766540527346
95400,8.14286888970269
95500,4.900364875793457
95600,6.177226384480794
95700,6.187570953369141
95800,5.784008026123047
95900,6.3067211574978295
96000,6.296699947781033
96100,6.178625742594401
96200,7.962385654449463
96300,5.4617258707682295
96400,7.2125244140625
96500,4.795490264892578
96600,6.430039978027343
96700,6.935082244873047
96800,6.094540913899739
96900,5.121601104736328
97000,5.761539883083767
97100,5.440654754638672
97200,6.900484720865886
97300,5.983422173394097
97400,6.450825617863582
97500,7.450767517089844
97600,7.461216735839844
97700,6.596846840598366
97800,7.090627670288086
97900,4.241100311279297
98000,6.212461948394775
98100,6.778713771275112
98200,5.100775582449777
98300,3.6150076729910716
98400,6.048648609834559
98500,5.5749101638793945
98600,6.188327789306641
98700,5.336660385131836
98800,3.8876876831054688
98900,6.439098011363637
99000,5.579837036132813
99100,6.190107172185725
99200,6.462527881969105
99300,5.494721603393555
99400,5.76518304007394
99500,5.833199637276786
99600,4.439059787326389
99700,4.798755645751953
99800,6.317181673916903
99900,5.945581876314604
100000,6.390491485595703
9,38.56189155719051
9,10.552047540757602
100100,5.060550308227539
100200,5.364140319824219
100300,5.654869624546596
100400,4.336682319641113
100500,5.9270824856228295
100600,5.451249694824218
100700,4.044033050537109
100800,6.818155924479167
100900,3.687692642211914
101000,5.1166432698567705
101100,4.826633453369141
101200,6.397132568359375
101300,5.494154930114746
101400,5.411661148071289
101500,6.091314315795898
101600,6.944061915079753
101700,6.231536865234375
101800,5.949922041459517
101900,7.022215270996094
102000,5.038014094034831
102100,6.173112392425537
102200,4.80433988571167
102300,5.788258143833706
102400,5.9911048889160154
102500,5.348355484008789
102600,4.542745971679688
102700,6.498261191628196
102800,5.260585784912109
102900,4.444546018327985
103000,5.912249565124512
103100,7.063776016235352
103200,3.931668145315988
103300,5.061194828578404
103400,6.0057373046875
103500,4.454847717285157
103600,6.724582672119141
103700,6.9659067789713545
103800,6.164784749348958
103900,6.545746939522879
104000,7.397807529994419
104100,5.826316833496094
104200,5.842623710632324
104300,6.7038734436035154
104400,6.71259880065918
104500,5.375829219818115
104600,4.852745056152344
104700,6.670937538146973
104800,6.136227199009487
104900,5.976310729980469
105000,8.37027359008789
105100,6.8414506912231445
105200,5.281301021575928
105300,5.590294265747071
105400,5.543986426459418
105500,5.2434210777282715
105600,6.152167002360026
105700,6.562106323242188
105800,5.813138580322265
105900,6.8289845784505205
106000,5.6357676188151045
106100,5.645529429117839
106200,8.16837215423584
106300,6.341506110297309
106400,7.077493147416548
106500,5.933691842215402
106600,5.967060470581055
106700,5.733309936523438
106800,5.442721684773763
106900,6.1565470695495605
107000,5.933889600965712
107100,4.383090700422015
107200,7.117984771728516
107300,6.1819784376356335
107400,6.180006173940805
107500,6.684466552734375
107600,5.811592102050781
107700,5.786454634232954
107800,8.613044738769531
107900,4.387178148542132
108000,6.606276512145996
108100,6.276034763881138
108200,6.282476697649274
108300,3.0821617671421597
108400,7.241034115062041
108500,8.050344467163086
108600,7.473855336507161
108700,4.020497639973958
108800,4.320745468139648
108900,6.690014925870028
109000,5.179280090332031
109100,5.606250069358132
109200,6.87479678067294
109300,5.191099166870117
109400,6.013293130057199
109500,6.916717529296875
109600,5.561117808024089
109700,5.994858264923096
109800,5.603215997869318
109900,5.72384760929988
110000,6.139447212219238
10,38.73659096084115
10,11.470147603026724
110100,5.902777862548828
110200,6.889434051513672
110300,5.28600093296596
110400,5.009268442789714
110500,6.453768836127387
110600,5.052423095703125
110700,3.3518896102905273
110800,6.466526031494141
110900,5.107719421386719
111000,5.248971727159288
111100,6.313446521759033
111200,6.878626708984375
111300,6.805901527404785
111400,4.053749720255534
111500,5.740029335021973
111600,5.1750837961832685
111700,5.239841779073079
111800,6.369443720037287
111900,6.425138854980469
112000,4.713511784871419
112100,6.239199638366699
112200,6.0684733390808105
112300,6.695900508335659
112400,4.5760032653808596
112500,3.8465545654296873
112600,5.016662979125977
112700,7.076784307306463
112800,5.042372131347657
112900,6.224867684500558
113000,6.543210983276367
113100,5.8315629959106445
113200,4.543468475341797
113300,4.469129289899554
113400,4.610986709594727
113500,5.664799499511719
113600,5.891992357042101
113700,5.2251129150390625
113800,5.756131490071614
113900,5.479164123535156
114000,5.637543814522879
114100,6.311983108520508
114200,4.956272602081299
114300,5.998426818847657
114400,8.252525329589844
114500,5.0848708152771
114600,3.638988494873047
114700,5.601028919219971
114800,5.9995237077985495
114900,6.084570748465402
115000,5.827352523803711
115100,6.605419158935547
115200,6.139136791229248
115300,6.199902725219727
115400,6.473662906222874
115500,5.939513683319092
115600,7.011102040608724
115700,6.105242156982422
115800,4.755646514892578
115900,5.908561282687717
116000,5.5224863688151045
116100,6.031487782796224
116200,7.900323867797852
116300,5.667416466606988
116400,6.202443903142756
116500,6.039886474609375
116600,4.763336181640625
116700,7.6124122619628904
116800,5.427972793579102
116900,6.161190986633301
117000,5.508881039089626
117100,4.3689422607421875
117200,6.507494608561198
117300,6.650561862521702
117400,7.388523982121394
117500,7.2350341796875
117600,6.406304168701172
117700,5.904709555886009
117800,6.756714502970378
117900,4.629369463239398
118000,5.787728309631348
118100,5.602633340018136
118200,5.168262481689453
118300,6.2006988525390625
118400,6.671021405388327
118500,7.564580917358398
118600,5.932615280151367
118700,3.899759292602539
118800,5.647304534912109
118900,6.723399769176137
119000,4.970191574096679
119100,6.1719748757102275
119200,6.318277532404119
119300,5.0739288330078125
119400,6.7144284929547995
119500,5.734886714390346
119600,4.276803758409288
119700,5.864991664886475
119800,6.094752225008878
119900,6.389438922588642
120000,5.702269554138184
11,37.79982816258001
11,11.66187378840805
120100,5.615318679809571
120200,6.023348236083985
120300,6.5368853977748325
120400,3.9332669576009116
120500,5.928830464680989
120600,5.3166554768880205
120700,5.992580413818359
120800,6.176480611165364
120900,4.884681701660156
121000,6.496286180284288
121100,5.411741733551025
121200,6.7175244140625
121300,5.470136642456055
121400,3.824703852335612
121500,5.666102886199951
121600,5.471604665120442
121700,5.571850458780925
121800,6.172168384898793
121900,7.4555206298828125
122000,6.6167647043863935
122100,5.7004804611206055
122200,5.917286396026611
122300,5.252372741699219
122400,5.64166145324707
122500,5.445364761352539
122600,4.367326354980468
122700,5.32567006891424
122800,6.435691833496094
122900,4.25678471156529
123000,7.7813591957092285
123100,7.169402599334717
123200,5.093329293387277
123300,5.508399963378906
123400,5.626299540201823
123500,7.0238807678222654
123600,6.307214525010851
123700,5.83482191297743
123800,6.066305796305339
123900,6.829126630510602
124000,6.291507175990513
124100,7.071138000488281
124200,5.904524326324463
124300,6.109346389770508
124400,9.129051208496094
124500,6.848829746246338
124600,5.207630920410156
124700,6.146623611450195
124800,6.999744415283203
124900,6.7447340829031805
125000,4.990184783935547
125100,6.666774749755859
125200,4.048407554626465
125300,7.0883232116699215
125400,5.521550072564019
125500,5.989343166351318
125600,5.46556282043457
125700,7.267169189453125
125800,4.652858734130859
125900,6.128949483235677
126000,5.737041473388672
126100,8.183069864908854
126200,8.599288940429688
126300,6.106986575656467
126400,6.364367398348722
126500,3.6126294817243303
126600,4.389879989624023
126700,6.626390075683593
126800,5.654940287272136
126900,4.647684097290039
127000,6.514537811279297
127100,6.738438197544643
127200,8.056343078613281
127300,5.678365919325087
127400,6.845491849459135
127500,7.214607238769531
127600,7.124275970458984
127700,5.823987093838778
127800,6.693052927652995
127900,5.486101422991071
128000,5.9820756912231445
128100,6.350796290806362
128200,4.973021915980747
128300,3.423721040998186
128400,6.442430832806756
128500,6.088828086853027
128600,6.32791264851888
128700,6.6055755615234375
128800,5.080740928649902
128900,6.531333923339844
129000,5.061947631835937
129100,6.025287974964488
129200,6.4512176513671875
129300,5.069548797607422
129400,4.84562737601144
129500,5.783263070242746
129600,4.754950205485026
129700,6.019903182983398
129800,6.498551802201704
129900,5.471435546875
130000,7.860084533691406
12,37.29170275120685
12,11.958510468927871
130100,5.618811416625976
130200,7.7661994934082035
130300,6.380209241594587
130400,4.797863642374675
130500,6.2538909912109375
130600,5.413178507486979
130700,6.4014973640441895
130800,5.228404362996419
130900,4.699316660563151
131000,6.009276496039496
131100,5.345376968383789
131200,6.09671142578125
131300,6.672069072723389
131400,6.163649876912435
131500,6.350546836853027
131600,6.17963981628418
131700,5.520707448323567
131800,6.434618863192472
131900,6.5489646911621096
132000,6.309004465738933
132100,6.157620429992676
132200,5.387790203094482
132300,4.9850567408970425
132400,6.280124282836914
132500,4.69775505065918
132600,4.821724319458008
132700,5.653144489635121
132800,4.964637374877929
132900,4.220207486833845
133000,5.258608818054199
133100,5.8346638679504395
133200,4.536802019391741
133300,5.889515468052456
133400,4.343374252319336
133500,4.884926223754883
133600,6.5603222317165795
133700,5.2847705417209205
133800,6.153248469034831
133900,5.009593963623047
134000,5.365985870361328
134100,6.465965270996094
134200,4.109652042388916
134300,4.529825592041016
134400,6.061258316040039
134500,7.730016708374023
134600,4.566495513916015
134700,6.299051284790039
134800,6.359673636300223
134900,3.6459432329450334
135000,4.531781196594238
135100,6.582152366638184
135200,5.043586254119873
135300,5.559268569946289
135400,7.3292287190755205
135500,5.626564979553223
135600,5.640619277954102
135700,6.005807113647461
135800,5.100481796264648
135900,5.687764485677083
136000,5.780400170220269
136100,5.665568033854167
136200,8.00245475769043
136300,4.75349595811632
136400,6.0201804421164775
136500,4.868517739432199
136600,6.740857696533203
136700,6.439736175537109
136800,5.936058680216472
136900,5.315174102783203
137000,5.635258144802517
137100,4.606551034109933
137200,6.804278055826823
137300,5.5630471971299915
137400,5.730775099534255
137500,6.984070587158203
137600,5.455194473266602
137700,6.185299960049716
137800,6.3075612386067705
137900,6.300714220319476
138000,6.547142505645752
138100,6.655824933733259
138200,4.860369001116071
138300,3.8828964233398438
138400,6.937776902142693
138500,5.673274040222168
138600,7.9362532297770185
138700,2.856138229370117
138800,5.058980941772461
138900,6.193227594549006
139000,5.4384807586669925
139100,6.176564303311435
139200,5.70064301924272
139300,6.238488006591797
139400,6.251861027308872
139500,6.7701214381626675
139600,4.838447570800781
139700,4.955283164978027
139800,5.756859519264915
139900,6.600740872896635
140000,6.287619590759277
13,36.45392387788455
13,12.266222529928912
140100,4.403475189208985
140200,5.696648406982422
140300,8.545031411307198
140400,4.71796989440918
140500,5.451577504475911
140600,5.1816553751627605
140700,4.0149030685424805
140800,5.022076606750488
140900,3.5494702657063804
141000,4.74885008070204
141100,5.759576797485352
141200,6.352808227539063
141300,5.856557369232178
141400,4.924069404602051
141500,6.504720687866211
141600,6.076927820841472
141700,5.054065068562825
141800,5.573619495738637
141900,6.236582183837891
142000,4.642640431722005
142100,6.536289691925049
142200,4.894018173217773
142300,5.2790020533970425
142400,4.59581184387207
142500,6.020407104492188
142600,3.6929958343505858
142700,6.944508639248935
142800,5.251988220214844
142900,5.068617684500558
143000,6.278166770935059
143100,7.059770584106445
143200,4.6317563738141745
143300,5.4865264892578125
143400,6.363942464192708
143500,4.969713973999023
143600,6.9108399285210504
143700,6.0551037258572045
143800,5.565797170003255
143900,5.152992248535156
144000,6.264736175537109
144100,6.2893321990966795
144200,6.5490264892578125
144300,5.208585357666015
144400,7.628995418548584
144500,6.186125755310059
144600,4.837799072265625
144700,5.437316417694092
144800,6.227345057896206
144900,6.688372475760324
145000,4.777988433837891
145100,7.762290000915527
145200,4.087174892425537
145300,5.353437805175782
145400,6.333709716796875
145500,6.558376789093018
145600,5.880139032999675
145700,5.070632553100586
145800,4.746163940429687
145900,6.103826734754774
146000,5.524122026231554
146100,6.002224604288737
146200,9.149699211120605
146300,5.506672753228082
146400,6.85082383589311
146500,4.827249799455915
146600,5.539299011230469
146700,6.067818832397461
146800,6.020640055338542
146900,4.314295291900635
147000,5.802270677354601
147100,6.130338396344866
147200,6.832061767578125
147300,6.108876546223958
147400,6.235900292029748
147500,7.078370666503906
147600,7.2982421875
147700,6.652094060724432
147800,6.5100657145182295
147900,4.9413621085030695
148000,5.982253074645996
148100,4.99999509538923
148200,5.363459995814732
148300,4.169584546770368
148400,6.985418880687041
148500,5.9741315841674805
148600,7.176104227701823
148700,3.830834070841471
148800,4.249934673309326
148900,5.536475441672585
149000,4.812596130371094
149100,5.525868849320845
149200,5.9243621826171875
149300,5.364984512329102
149400,3.8213588169642856
149500,6.764189038957868
149600,4.095421685112847
149700,4.742229461669922
149800,5.94147422096946
149900,5.928944514347957
150000,6.765846252441406
14,36.063551131299896
14,12.012084265541128
150100,4.662833404541016
150200,5.833224487304688
150300,6.0446352277483255
150400,3.018008550008138
150500,5.145064459906684
150600,5.538493855794271
150700,3.6785616874694824
150800,5.865234375
150900,3.2021106084187827
151000,4.198187934027778
151100,5.786499977111816
151200,6.410225219726563
151300,5.334436893463135
151400,5.979014078776042
151500,5.935169696807861
151600,6.004668553670247
151700,6.148248036702474
151800,5.994609485973012
151900,6.807057952880859
152000,5.151344299316406
152100,6.46187162399292
152200,5.913249969482422
152300,4.891686575753348
152400,4.738462829589844
152500,5.70531997680664
152600,4.3061683654785154
152700,6.02973105690696
152800,5.357217788696289
152900,5.106777736118862
153000,4.707892417907715
153100,7.779111862182617
153200,4.538139888218471
153300,6.249691009521484
153400,4.715260187784831
153500,4.944039916992187
153600,6.808865017361111
153700,5.652192857530382
153800,5.972159703572591
153900,5.877137865339007
154000,5.437475476946149
154100,5.766519165039062
154200,6.065953731536865
154300,4.569659042358398
154400,8.058448791503906
154500,5.464287757873535
154600,3.131937026977539
154700,5.373096466064453
154800,6.545824868338449
154900,5.768471309116909
155000,7.206094264984131
155100,6.399673938751221
155200,4.951849937438965
155300,6.0403694152832035
155400,6.118921067979601
155500,5.69182014465332
155600,5.7572275797526045
155700,6.051740646362305
155800,4.986163330078125
155900,5.683509826660156
156000,5.780752817789714
156100,4.128499348958333
156200,8.216320991516113
156300,6.099747551812066
156400,5.73949501731179
156500,5.043328966413226
156600,5.860923385620117
156700,5.983256530761719
156800,5.526968002319336
156900,5.22809362411499
157000,6.440433078342014
157100,5.152803693498884
157200,7.1600901285807295
157300,6.1960033840603295
157400,5.94877683199369
157500,6.43389892578125
157600,7.92918701171875
157700,5.987736788662997
157800,7.269495010375977
157900,4.603619711739676
158000,6.174933433532715
158100,5.647705623081753
158200,4.746229989188058
158300,3.859094892229353
158400,7.607420977424173
158500,6.578025817871094
158600,6.14590326944987
158700,6.244620005289714
158800,4.163754940032959
158900,7.290746515447443
159000,4.760896301269531
159100,6.779205322265625
159200,7.287749550559304
159300,5.011529922485352
159400,3.7435545240129744
159500,5.951517377580915
159600,6.188064151340061
159700,5.51433801651001
159800,6.269536105069247
159900,5.829528221717248
160000,6.142690658569336
15,36.218660521107495
15,12.173640242852374
160100,4.397206878662109
160200,6.613059997558594
160300,6.7968951633998325
160400,5.475964864095052
160500,6.523464202880859
160600,6.360125223795573
160700,3.1492514610290527
160800,6.159545262654622
160900,4.557200749715169
161000,4.298056284586589
161100,4.4386467933654785
161200,6.78419189453125
161300,6.279715538024902
161400,6.226413091023763
161500,5.343235969543457
161600,7.404062906901042
161700,6.03955078125
161800,6.717136729847301
161900,6.460325622558594
162000,6.06035041809082
162100,6.924590110778809
162200,5.131530284881592
162300,3.9824137006487166
162400,5.215475463867188
162500,4.30179443359375
162600,4.82716064453125
162700,6.043203180486506
162800,5.486551666259766
162900,5.174574715750558
163000,7.986782073974609
163100,6.382664203643799
163200,4.372184208461216
163300,4.528739656720843
163400,6.3916015625
163500,4.643838500976562
163600,7.155291239420573
163700,5.597240871853298
163800,5.615347544352214
163900,6.322517395019531
164000,6.029236384800503
164100,5.671271133422851
164200,5.097434043884277
164300,6.477011108398438
164400,6.539212226867676
164500,6.481706619262695
164600,4.388469314575195
164700,5.8663105964660645
164800,6.8960674830845425
164900,3.664259229387556
165000,4.906345367431641
165100,6.060805320739746
165200,6.161046981811523
165300,7.281897735595703
165400,6.347230699327257
165500,5.082488059997559
165600,6.213723500569661
165700,5.860019302368164
165800,6.189829254150391
165900,5.791821797688802
166000,6.060384962293837
166100,4.505505561828613
166200,7.975408554077148
166300,5.666836208767361
166400,6.209608598188921
166500,5.891610826764788
166600,5.864952468872071
166700,6.391804504394531
166800,5.323853492736816
166900,4.373806953430176
167000,6.575350867377387
167100,4.4426405770438055
167200,6.282602945963542
167300,5.840523189968533
167400,6.931029686560998
167500,6.44560546875
167600,5.422399520874023
167700,7.514613758433949
167800,7.099605560302734
167900,3.7571558271135603
168000,6.66318416595459
168100,6.583302089146206
168200,4.860160827636719
168300,3.3474328177315846
168400,6.634197459501379
168500,5.602606296539307
168600,6.319764455159505
168700,4.267687797546387
168800,3.6348347663879395
168900,6.41144492409446
169000,5.23749008178711
169100,6.521333174272017
169200,6.457570856267756
169300,5.056712341308594
169400,5.8813645499093195
169500,6.5630596705845425
169600,4.95743645562066
169700,4.4675469398498535
169800,5.988225763494318
169900,5.9865875244140625
170000,5.25956916809082
16,35.079668677630195
16,13.106177224550622
170100,5.939427185058594
170200,5.341378784179687
170300,6.045205797467913
170400,3.3149998982747397
170500,5.270030127631293
170600,5.610825602213541
170700,4.149999618530273
170800,4.868672053019206
170900,4.8979644775390625
171000,6.110713534884983
171100,5.269783020019531
171200,6.4761810302734375
171300,6.382897853851318
171400,3.810948053995768
171500,6.134455680847168
171600,7.404248555501302
171700,7.867897033691406
171800,5.695552825927734
171900,6.367710876464844
172000,6.106374104817708
172100,5.742526531219482
172200,4.788693904876709
172300,5.476584843226841
172400,5.808391189575195
172500,5.574246215820312
172600,5.106849288940429
172700,5.32609766179865
172800,4.690985107421875
172900,5.597981044224331
173000,5.906282424926758
173100,5.199311256408691
173200,3.786118643624442
173300,7.0622373308454245
173400,4.346780141194661
173500,6.828734588623047
173600,6.42269049750434
173700,6.0564770168728295
173800,5.273621241251628
173900,5.020015171595982
174000,4.890998840332031
174100,7.409219360351562
174200,6.0872907638549805
174300,5.345127105712891
174400,7.040510654449463
174500,5.218507766723633
174600,5.674607467651367
174700,5.024796009063721
174800,6.0703599112374445
174900,3.3169408525739397
175000,5.8533830642700195
175100,6.512707710266113
175200,5.365534782409668
175300,6.299068832397461
175400,6.081498463948567
175500,4.180913925170898
175600,6.117688496907552
175700,5.879672241210938
175800,6.414750671386718
175900,7.228320651584202
176000,6.119579739040798
176100,4.42529837290446
176200,7.8087873458862305
176300,6.1794484456380205
176400,7.272695367986506
176500,4.790338243756976
176600,6.424958801269531
176700,6.872795104980469
176800,5.934799830118815
176900,4.280115127563477
177000,5.7577319675021705
177100,4.908041817801339
177200,7.061005274454753
177300,5.8902710808648004
177400,6.961581303523137
177500,6.818987274169922
177600,5.850963592529297
177700,6.137528852982954
177800,7.733956019083659
177900,3.7254371643066406
178000,7.022714614868164
178100,5.126583644321987
178200,4.386358261108398
178300,2.9089603424072266
178400,6.34757412181181
178500,6.7521467208862305
178600,6.492044448852539
178700,2.7315797805786133
178800,4.019675254821777
178900,6.082991860129616
179000,5.527232360839844
179100,6.0699462890625
179200,6.602597323330966
179300,4.824950408935547
179400,6.277619498116629
179500,6.224136897495815
179600,6.420855204264323
179700,4.467733383178711
179800,5.384273875843395
179900,5.916846055250901
180000,5.639407634735107
17,35.04394813527702
17,13.30982667295619
180100,5.607463836669922
180200,6.330416870117188
180300,6.88726316179548
180400,3.9526650110880532
180500,4.544734954833984
180600,5.622062683105469
180700,4.51331901550293
180800,4.5040022532145185
180900,3.154963493347168
181000,4.717507680257161
181100,5.5221099853515625
181200,6.684877319335937
181300,6.533686637878418
181400,3.8774712880452475
181500,5.807388782501221
181600,6.840639114379883
181700,4.985340754191081
181800,6.533656727183949
181900,6.171585464477539
182000,4.524375279744466
182100,7.540713310241699
182200,4.994949817657471
182300,5.370937347412109
182400,5.395724868774414
182500,4.171578979492187
182600,4.246952819824219
182700,6.259667830033735
182800,6.189452362060547
182900,6.820733751569476
183000,7.0587158203125
183100,6.778023719787598
183200,4.57465090070452
183300,4.804240635463169
183400,5.370677312215169
183500,4.299682998657227
183600,5.9223001268174915
183700,5.534056769476996
183800,6.309232076009114
183900,5.582140241350446
184000,4.931460789271763
184100,5.615050888061523
184200,5.062804222106934
184300,6.1083019256591795
184400,6.124363422393799
184500,6.3030219078063965
184600,4.3231761932373045
184700,5.264845848083496
184800,6.521658761160714
184900,4.507998330252511
185000,4.031071662902832
185100,6.815206527709961
185200,5.586556911468506
185300,6.807660675048828
185400,5.319286770290798
185500,6.514353275299072
185600,6.8669783274332685
185700,5.448283386230469
185800,5.698876953125
185900,6.550453186035156
186000,6.508849249945746
186100,5.920171737670898
186200,8.367756843566895
186300,5.995516459147136
186400,6.59570936723189
186500,4.9836899893624445
186600,5.323640823364258
186700,6.496517944335937
186800,5.616220474243164
186900,5.015895843505859
187000,5.796473609076606
187100,5.114577157156808
187200,6.071367899576823
187300,5.724021487765842
187400,6.166573744553786
187500,7.180142211914062
187600,5.788534164428711
187700,5.884230873801491
187800,8.523493448893229
187900,5.223167419433594
188000,6.201440334320068
188100,6.683815002441406
188200,3.8972020830426897
188300,6.563555036272321
188400,7.090852625229779
188500,6.280508518218994
188600,6.754735946655273
188700,4.980139414469401
188800,4.034997940063477
188900,6.928138039328835
189000,5.0104717254638675
189100,5.685962330211293
189200,6.628727999600497
189300,5.928994369506836
189400,5.215425218854632
189500,7.005274091448102
189600,4.3830006917317705
189700,7.443028450012207
189800,6.495758750221946
189900,5.570075988769531
190000,5.389298439025879
18,34.93872173240496
18,13.432498336431086
190100,3.974803161621094
190200,5.409609603881836
190300,6.8908266339983255
190400,3.932945887247721
190500,5.613976372612847
190600,5.192746480305989
190700,3.3579790592193604
190800,4.560715357462565
190900,4.670762697855632
191000,6.7781524658203125
191100,5.195703029632568
191200,6.815805053710937
191300,5.089236259460449
191400,6.386854807535808
191500,5.499699115753174
191600,7.714790980021159
191700,5.181972503662109
191800,5.691084428267046
191900,7.129411315917968
192000,4.561968485514323
192100,5.778034210205078
192200,5.341869831085205
192300,3.6572162083217075
192400,6.819998931884766
192500,5.912896728515625
192600,4.567237091064453
192700,5.317114396528765
192800,5.747731781005859
192900,4.432446616036551
193000,5.108905792236328
193100,5.335843086242676
193200,3.8168043409075056
193300,4.5210435049874445
193400,4.812406222025554
193500,4.799674224853516
193600,6.227902730305989
193700,5.489306131998698
193800,6.0690256754557295
193900,5.1781801496233255
194000,6.643852233886719
194100,5.749546051025391
194200,5.10093355178833
194300,4.534828567504883
194400,8.653695106506348
194500,6.084266185760498
194600,6.943393707275391
194700,6.037219524383545
194800,6.576417650495257
194900,4.0369159153529575
195000,4.340266704559326
195100,8.312101364135742
195200,4.879608631134033
195300,6.582984924316406
195400,7.7360178629557295
195500,5.819136619567871
195600,6.2215932210286455
195700,4.774333953857422
195800,5.9107097625732425
195900,6.317836337619358
196000,6.006740146213108
196100,6.549854278564453
196200,7.993165969848633
196300,5.586712307400173
196400,5.669789747758345
196500,5.608122144426618
196600,5.44866943359375
196700,5.312520980834961
196800,5.691478093465169
196900,5.858216285705566
197000,5.219852023654514
197100,5.463181631905692
197200,6.277463277180989
197300,5.902434878879124
197400,5.978331345778245
197500,6.766581726074219
197600,6.080402755737305
197700,6.838329661976207
197800,6.234926223754883
197900,5.042472839355469
198000,5.408012866973877
198100,4.669730050223214
198200,3.516998835972377
198300,6.737277439662388
198400,6.500500847311581
198500,7.269041538238525
198600,5.039599100748698
198700,3.8615404764811196
198800,3.504913330078125
198900,5.608264576305043
199000,5.88372573852539
199100,5.743025346235796
199200,6.640818509188565
199300,4.505300140380859
199400,3.641729082380022
199500,6.752465384347098
199600,5.415122561984592
199700,4.19932222366333
199800,7.911684209650213
199900,6.948348412146935
200000,4.81174373626709
19,34.063453755601245
19,13.3257425446799
200100,4.300614929199218
200200,8.078944396972656
200300,5.168981824602399
200400,6.816492080688477
200500,4.954122331407335
200600,5.645358276367188
200700,3.4035134315490723
200800,5.957111358642578
200900,5.201582590738933
201000,4.548153347439236
201100,4.79141902923584
201200,6.280757446289062
201300,6.076706886291504
201400,6.04891840616862
201500,5.9453125
201600,6.330460866292317
201700,5.032481511433919
201800,5.496448863636363
201900,7.2403564453125
202000,4.918063481648763
202100,5.292737007141113
202200,6.312468528747559
202300,4.476476396833148
202400,5.12103500366211
202500,6.252701187133789
202600,4.569980621337891
202700,6.1373818137428975
202800,5.115313720703125
202900,3.7559683663504466
203000,6.011349678039551
203100,6.480194568634033
203200,6.363480159214565
203300,4.521760395595005
203400,3.988398551940918
203500,5.5159423828125
203600,5.872163560655382
203700,5.071576436360677
203800,6.121486663818359
203900,4.754335130964007
204000,5.107889447893415
204100,6.122905731201172
204200,5.070310115814209
204300,5.159124755859375
204400,6.694838523864746
204500,5.418907642364502
204600,4.078818511962891
204700,5.437914848327637
204800,6.680837903703962
204900,5.23931394304548
205000,7.083054542541504
205100,6.615910530090332
205200,6.089746475219727
205300,5.8576301574707035
205400,6.177731831868489
205500,5.107241630554199
205600,5.938326517740886
205700,4.893156814575195
205800,5.562983703613281
205900,6.338387807210286
206000,6.629772186279297
206100,3.9722086588541665
206200,8.063685417175293
206300,4.542716979980469
206400,6.448484940962358
206500,5.491774422781808
206600,7.618215179443359
206700,5.361601257324219
206800,5.775370279947917
206900,5.459106922149658
207000,4.4986928304036455
207100,5.23595700945173
207200,6.009568532307942
207300,5.907361348470052
207400,6.831977844238281
207500,7.485135650634765
207600,6.692646789550781
207700,6.514795476740057
207800,7.437631607055664
207900,3.534181867327009
208000,6.581008434295654
208100,4.977940695626395
208200,4.196387154715402
208300,4.437714168003628
208400,6.498313903808594
208500,5.058724403381348
208600,6.899609883626302
208700,6.104836781819661
208800,4.954805374145508
208900,6.2601450139826
209000,4.94666862487793
209100,5.546840667724609
209200,6.480449329723012
209300,4.7793434143066404
209400,4.360448019845145
209500,5.706271580287388
209600,4.2881520589192705
209700,6.4390788078308105
209800,5.272921475497159
209900,6.05555431659405
210000,5.973476409912109
20,34.32839332587329
20,13.856977591183817
210100,5.686597061157227
210200,5.670768356323242
210300,7.564315250941685
210400,3.6817423502604165
210500,5.744331783718533
210600,6.41007080078125
210700,2.639692783355713
210800,5.896701812744141
210900,5.717060089111328
211000,4.398741828070746
211100,4.870968341827393
211200,6.66956787109375
211300,7.3145599365234375
211400,5.870473225911458
211500,5.842219352722168
211600,6.91719118754069
211700,5.872849782307942
211800,4.914672157981179
211900,6.791990661621094
212000,5.682149251302083
212100,5.227158546447754
212200,5.708339691162109
212300,3.1317901611328125
212400,4.751047897338867
212500,4.295042419433594
212600,5.18775634765625
212700,7.289233814586293
212800,4.44962158203125
212900,3.6130082266671315
213000,4.084074020385742
213100,6.218542098999023
213200,5.711023603166852
213300,4.767097473144531
213400,5.227905909220378
213500,4.80467643737793
213600,6.751403384738499
213700,5.881377749972874
213800,5.589966456095378
213900,4.581478663853237
214000,5.691076551164899
214100,5.357442474365234
214200,4.893470287322998
214300,4.958952331542969
214400,5.797785758972168
214500,7.269618988037109
214600,3.8695137023925783
214700,5.999892711639404
214800,6.309325081961496
214900,4.304967062813895
215000,8.977662086486816
215100,8.344937324523926
215200,6.603383541107178
215300,7.189910888671875
215400,7.362302992078993
215500,5.589722633361816
215600,5.886664708455403
215700,5.422080993652344
215800,4.6930389404296875
215900,7.096391042073567
216000,6.110142178005642
216100,5.27900759379069
216200,7.2607340812683105
216300,5.4388406541612415
216400,7.149947426535866
216500,4.052612032209124
216600,5.362857818603516
216700,5.950688171386719
216800,6.4619185129801435
216900,4.118020057678223
217000,4.943504757351345
217100,6.303640638078962
217200,6.809427261352539
217300,5.715456644694011
217400,6.324575570913462
217500,6.169612884521484
217600,5.562075805664063
217700,5.881063981489702
217800,6.5260976155598955
217900,4.143202645438058
218000,6.616156578063965
218100,4.642543792724609
218200,7.3768446786063055
218300,6.758954729352679
218400,6.903882643755744
218500,6.265529632568359
218600,6.6498057047526045
218700,2.808980941772461
218800,4.978093147277832
218900,5.335045554421165
219000,4.819523620605469
219100,5.576610911976207
219200,5.84540488503196
219300,4.726539611816406
219400,5.5775146484375
219500,5.523351396833148
219600,5.025199890136719
219700,5.583229064941406
219800,5.869997891512784
219900,6.059827951284555
220000,4.9194769859313965
21,33.690866267102756
21,13.644351741485403
220100,4.177174377441406
220200,6.180091094970703
220300,6.147576468331473
220400,3.3800878524780273
220500,5.22413804796007
220600,5.843910217285156
220700,2.660545825958252
220800,4.5135148366292315
220900,3.9469591776529946
221000,4.144895765516493
221100,5.5228376388549805
221200,5.960963745117187
221300,4.7028021812438965
221400,4.902997970581055
221500,5.760544776916504
221600,6.439782460530599
221700,6.219626744588216
221800,5.819385875355113
221900,6.111592864990234
222000,6.280550638834636
222100,6.2072296142578125
222200,5.2560272216796875
222300,4.217440741402762
222400,6.135774230957031
222500,4.39257583618164
222600,4.642127990722656
222700,5.883730108087713
222800,6.560289001464843
222900,3.5189296177455356
223000,5.801648139953613
223100,7.0847272872924805
223200,4.90667724609375
223300,5.867721012660435
223400,5.101830164591472
223500,4.637016677856446
223600,7.296559651692708
223700,6.026412116156684
223800,5.896408716837565
223900,6.693409511021206
224000,5.884199959891183
224100,6.7540031433105465
224200,5.656086444854736
224300,6.194185256958008
224400,6.875370502471924
224500,6.196136474609375
224600,4.900390625
224700,4.943658828735352
224800,6.759850093296596
224900,5.203548976353237
225000,4.321104049682617
225100,6.156284332275391
225200,4.699505805969238
225300,6.403455352783203
225400,6.828817579481337
225500,6.6000213623046875
225600,6.237569173177083
225700,7.348796081542969
225800,6.2670234680175785
225900,5.781663682725695
226000,6.914739820692274
226100,3.7502543131510415
226200,7.910943984985352
226300,5.502022637261285
226400,7.394558993252841
226500,4.538796561104911
226600,4.946854782104492
226700,6.923767852783203
226800,5.916184743245442
226900,4.72491455078125
227000,5.417564815945095
227100,3.942129680088588
227200,7.244387308756511
227300,5.0697754753960504
227400,6.774753277118389
227500,7.11358642578125
227600,5.881686401367188
227700,5.838847767223012
227800,6.482743581136067
227900,4.220573152814593
228000,6.55626106262207
228100,5.737293788364956
228200,5.296983991350446
228300,3.844781058175223
228400,6.686714172363281
228500,6.568633556365967
228600,6.5290171305338545
228700,4.873903910319011
228800,5.052274227142334
228900,5.540447581898082
229000,5.762184143066406
229100,6.426578174937855
229200,5.354879205877131
229300,5.440374755859375
229400,5.085946764264788
229500,5.91156005859375
229600,3.435311211480035
229700,6.436491966247559
229800,6.660231156782671
229900,6.129507798414964
230000,6.280059337615967
22,34.06207385837789
22,14.086516739963157
230100,3.7320762634277345
230200,6.305092239379883
230300,7.980280194963727
230400,4.295322736104329
230500,3.9036483764648438
230600,4.826223754882813
230700,4.581554889678955
230800,4.886289596557617
230900,3.9917917251586914
231000,4.553182390001085
231100,6.441814422607422
231200,6.978876342773438
231300,5.1363139152526855
231400,4.766206741333008
231500,6.151727676391602
231600,6.210337956746419
231700,6.172432581583659
231800,6.712316339666193
231900,7.614186096191406
232000,4.559274037679036
232100,7.108829498291016
232200,4.364030361175537
232300,3.3587662833077565
232400,4.662096405029297
232500,5.9181571960449215
232600,4.3826171875
232700,6.026981006969105
232800,6.029741668701172
232900,3.627716609409877
233000,4.23200798034668
233100,6.116889476776123
233200,5.94000244140625
233300,4.578168596540179
233400,4.633873303731282
233500,4.801749801635742
233600,6.064782036675347
233700,6.576589796278212
233800,5.517260233561198
233900,4.108954293387277
234000,5.069450378417969
234100,6.089001083374024
234200,4.205091953277588
234300,6.150946426391601
234400,5.724133491516113
234500,6.975027561187744
234600,4.017691421508789
234700,4.570223808288574
234800,6.471284048897879
234900,3.46390506199428
235000,4.374969005584717
235100,6.224197864532471
235200,4.272833824157715
235300,5.811634063720703
235400,6.413208855523004
235500,4.337368011474609
235600,6.044690450032552
235700,5.189124298095703
235800,5.038541793823242
235900,6.515447404649523
236000,7.508706834581163
236100,3.71235720316569
236200,8.18569564819336
236300,5.200337727864583
236400,6.422382701526988
236500,4.879599434988839
236600,4.7093994140625
236700,5.3075096130371096
236800,6.588907877604167
236900,4.96519660949707
237000,5.897342258029514
237100,5.003684997558594
237200,6.732401529947917
237300,5.816580878363715
237400,6.34437267596905
237500,7.0266258239746096
237600,5.513289260864258
237700,5.998294483531605
237800,8.63314437866211
237900,4.587068830217634
238000,5.906336307525635
238100,4.842848641531808
238200,3.8261429922921315
238300,4.343749727521624
238400,6.990177378934972
238500,5.160519123077393
238600,6.818597793579102
238700,3.796876907348633
238800,3.203831434249878
238900,6.655365683815696
239000,6.860423278808594
239100,5.838386535644531
239200,5.187699404629794
239300,4.881114196777344
239400,4.237414223807199
239500,7.342985970633371
239600,6.288459777832031
239700,5.4249491691589355
239800,6.396421259099787
239900,5.9060516357421875
240000,5.30236291885376
23,34.09764167198416
23,14.920526256297306
240100,4.083106231689453
240200,5.882015228271484
240300,4.937090737479074
240400,5.744426091512044
240500,4.8063913981119795
240600,4.5628514607747395
240700,4.931912422180176
240800,4.205914815266927
240900,3.8485914866129556
241000,5.996769375271267
241100,7.0259904861450195
241200,6.842147216796875
241300,5.761419296264648
241400,4.664811134338379
241500,6.237111568450928
241600,5.5870405832926435
241700,6.081289927164714
241800,5.3616815046830615
241900,6.768603515625
242000,6.527731577555339
242100,7.205392837524414
242200,4.742558479309082
242300,4.589714595249721
242400,5.34484634399414
242500,5.269537353515625
242600,3.42276611328125
242700,6.136878967285156
242800,4.601359558105469
242900,4.596667153494699
243000,4.030428886413574
243100,5.997474193572998
243200,6.066011156354632
243300,5.17858396257673
243400,4.0954545338948565
243500,5.984162139892578
243600,6.6276876661512585
243700,5.902028401692708
243800,5.78632926940918
243900,6.598762512207031
244000,5.784705025809152
244100,5.20660400390625
244200,4.780125617980957
244300,5.058747482299805
244400,8.040682792663574
244500,6.392472743988037
244600,6.296816635131836
244700,5.398773193359375
244800,6.462248665945871
244900,3.2627792358398438
245000,6.6215972900390625
245100,6.420754909515381
245200,5.144989967346191
245300,5.982172012329102
245400,5.847293853759766
245500,6.205988883972168
245600,5.052163441975911
245700,5.984477996826172
245800,5.369231414794922
245900,5.687338511149089
246000,4.901670667860243
246100,5.377519607543945
246200,7.097557544708252
246300,5.886444939507379
246400,6.108430342240767
246500,6.450581141880581
246600,5.739585494995117
246700,6.017018890380859
246800,5.915880839029948
246900,4.125292778015137
247000,4.824334462483724
247100,6.995453970772879
247200,6.045526504516602
247300,5.144415961371528
247400,6.4002532958984375
247500,6.644144439697266
247600,6.928746032714844
247700,5.504097331653941
247800,6.2955983479817705
247900,4.80970709664481
248000,6.06839656829834
248100,4.544401986258371
248200,3.255434036254883
248300,3.2848706926618303
248400,6.637074638815487
248500,5.621267318725586
248600,5.790381749471028
248700,4.767724672953288
248800,2.9565048217773438
248900,5.336537101052024
249000,5.756283187866211
249100,6.1966469504616475
249200,4.844563224098899
249300,4.0667274475097654
249400,4.961663927350726
249500,6.559894561767578
249600,4.429158104790582
249700,4.573683261871338
249800,5.673608259721235
249900,5.4567401592548075
250000,5.16777229309082
24,33.88859481575987
24,15.336040006035075
