100,8.484371185302734
200,7.584661865234375
300,7.21861321585519
400,5.065757433573405
500,6.6146117316351996
600,6.273942565917968
700,6.231742858886719
800,6.881296157836914
900,5.418701807657878
1000,6.166051652696398
1100,6.825953483581543
1200,6.32092529296875
1300,6.225641250610352
1400,5.070845286051433
1500,6.437151908874512
1600,6.495491663614909
1700,6.697088877360026
1800,6.076091419566762
1900,6.454105377197266
2000,5.513818740844727
2100,6.356433868408203
2200,4.530109882354736
2300,6.369447435651507
2400,5.4879096984863285
2500,5.451974868774414
2600,5.614627456665039
2700,6.143732244318182
2800,5.6565399169921875
2900,5.603967394147601
3000,7.602644920349121
3100,6.31910514831543
3200,4.578181675502232
3300,5.863711220877511
3400,6.271657307942708
3500,5.699784851074218
3600,6.2418874104817705
3700,6.503379397922092
3800,5.728946685791016
3900,6.047359466552734
4000,6.1252866472516745
4100,5.801747894287109
4200,5.644736289978027
4300,5.841062927246094
4400,6.527830123901367
4500,6.439500331878662
4600,6.193428802490234
4700,5.18940544128418
4800,6.200896126883371
4900,6.092772347586496
5000,6.888764381408691
5100,6.1281232833862305
5200,4.782514572143555
5300,6.67825927734375
5400,6.159581926133898
5500,5.787103652954102
5600,6.173245747884114
5700,5.165117263793945
5800,5.732328796386719
5900,6.180440266927083
6000,6.117928398980035
6100,5.4758555094401045
6200,8.058411598205566
6300,5.601144578721788
6400,7.250919688831676
6500,4.661174774169922
6600,5.4492443084716795
6700,6.452505493164063
6800,5.859791437784831
6900,5.406223297119141
7000,5.268060472276476
7100,5.888562338692801
7200,6.944101969401042
7300,5.9407369825575085
7400,6.290353041428786
7500,7.424284362792969
7600,6.001982116699219
7700,6.31021464954723
7800,8.437498092651367
7900,5.494690486363003
8000,6.050336837768555
8100,6.56072998046875
8200,5.760244641985212
8300,4.818353380475726
8400,6.7121429443359375
8500,6.465764045715332
8600,5.980676651000977
8700,4.492557207743327
8800,5.183243751525879
8900,6.373739762739702
9000,5.686179351806641
9100,5.717351046475497
9200,6.379983381791548
9300,5.515570831298828
9400,5.627093178885324
9500,6.177397046770368
9600,5.020348442925347
9700,5.864142417907715
9800,6.635683926669034
9900,5.985891488882212
10000,6.370463848114014
0,49.74767459720263
0,4.545606633070518
10100,6.242595672607422
10200,6.2237201690673825
10300,6.406824384416852
10400,3.787450154622396
10500,5.9170422024197045
10600,5.393846638997396
10700,5.000035285949707
10800,6.772818247477214
10900,4.4965165456136065
11000,5.858850267198351
11100,6.029816627502441
11200,6.003692626953125
11300,6.073229789733887
11400,4.581795692443848
11500,5.869004249572754
11600,5.5166810353597
11700,5.933272043863933
11800,5.721684542569247
11900,6.078499984741211
12000,5.368974049886067
12100,6.070383071899414
12200,4.504423141479492
12300,5.855866023472378
12400,5.501505661010742
12500,4.947754669189453
12600,5.177462005615235
12700,6.027561534534801
12800,5.561790847778321
12900,4.956905909946987
13000,7.237463474273682
13100,6.152390956878662
13200,4.355479376656668
13300,5.427431379045759
13400,5.64254633585612
13500,5.329251861572265
13600,6.156072828504774
13700,6.173707750108507
13800,5.844027201334636
13900,5.212126595633371
14000,5.968524932861328
14100,5.798043823242187
14200,5.336867332458496
14300,5.4293769836425785
14400,6.562873363494873
14500,6.1608500480651855
14600,5.717169952392578
14700,4.958768844604492
14800,6.007817949567523
14900,5.2488283429827005
15000,6.424806118011475
15100,6.211297035217285
15200,4.563315391540527
15300,6.279203414916992
15400,6.035522884792751
15500,5.460423469543457
15600,6.191104253133138
15700,5.090100479125977
15800,5.418701553344727
15900,6.17219712999132
16000,5.58115980360243
16100,5.0685014724731445
16200,8.263011932373047
16300,5.514360639784071
16400,6.934030012650923
16500,4.580631801060268
16600,5.174197006225586
16700,6.161201477050781
16800,5.852537155151367
16900,5.242401123046875
17000,5.012301974826389
17100,5.5003220694405695
17200,6.887477874755859
17300,5.839917500813802
17400,6.281871502216045
17500,7.441867065429688
17600,5.741135787963867
17700,6.037315368652344
17800,8.620113372802734
17900,5.252576555524554
18000,6.04281759262085
18100,6.637109483991351
18200,5.578802926199777
18300,4.481054850987026
18400,6.540915545295267
18500,5.99239444732666
18600,5.815114339192708
18700,3.787014643351237
18800,5.017811298370361
18900,6.2734527587890625
19000,5.2768089294433596
19100,5.765808799050071
19200,6.26584209095348
19300,5.076599884033203
19400,5.545763288225446
19500,6.085862295968192
19600,4.891786363389757
19700,5.518818378448486
19800,6.406802090731534
19900,5.869867764986479
20000,6.083802223205566
1,43.82073722428564
1,6.8294327771739844
20100,5.774392700195312
20200,5.982862091064453
20300,5.960734776088169
20400,3.42641544342041
20500,5.928118387858073
20600,5.283352661132812
20700,4.718729019165039
20800,6.476621627807617
20900,4.350352923075358
21000,5.6191079881456165
21100,5.418526649475098
21200,5.90000732421875
21300,5.9976277351379395
21400,4.488917350769043
21500,5.711332321166992
21600,5.505553563435872
21700,5.872578938802083
21800,5.484025781804865
21900,6.25848159790039
22000,5.013682683308919
22100,5.936558246612549
22200,4.535267353057861
22300,5.167488643101284
22400,5.344556427001953
22500,4.774095916748047
22600,4.857379913330078
22700,5.820220253684304
22800,5.017059707641602
22900,4.772875104631696
23000,6.980671405792236
23100,5.98674201965332
23200,4.2183734348842075
23300,5.231295994349888
23400,5.361799875895183
23500,5.248405075073242
23600,6.049990759955512
23700,5.96051745944553
23800,5.9558664957682295
23900,4.7178769792829245
24000,5.684055873325893
24100,5.950926208496094
24200,4.995634078979492
24300,5.083213806152344
24400,6.187132835388184
24500,5.853906631469727
24600,5.350328063964843
24700,4.879776477813721
24800,6.041080474853516
24900,4.840118408203125
25000,6.378436088562012
25100,6.232028961181641
25200,4.466604232788086
25300,6.153530883789062
25400,5.878831651475695
25500,5.35304069519043
25600,6.122458140055339
25700,4.946184539794922
25800,5.444721984863281
25900,6.175546434190538
26000,5.408426920572917
26100,5.145792643229167
26200,8.13249683380127
26300,5.361294216579861
26400,6.578874761408025
26500,4.39811406816755
26600,5.004111862182617
26700,6.105744171142578
26800,5.879763285319011
26900,5.1182684898376465
27000,5.077908833821614
27100,5.323311941964286
27200,6.877920786539714
27300,5.686951107449001
27400,6.185425978440505
27500,7.362435913085937
27600,5.531882095336914
27700,5.95000596479936
27800,8.183828989664713
27900,5.017331259591239
28000,6.113346099853516
28100,6.414240155901227
28200,5.286688668387277
28300,4.316730499267578
28400,6.541727402630975
28500,5.825085639953613
28600,5.564247767130534
28700,3.4936304092407227
28800,5.056295871734619
28900,6.071495749733665
29000,5.042341232299805
29100,5.644629044966265
29200,6.140584772283381
29300,5.002936553955078
29400,5.434849330357143
29500,5.905665806361607
29600,4.754070705837673
29700,5.425306797027588
29800,6.204655040394176
29900,5.844224783090445
30000,6.036273956298828
2,40.595295976366714
2,7.853737796019687
30100,5.549347686767578
30200,6.082974624633789
30300,5.757657732282366
30400,3.3189061482747397
30500,5.9835662841796875
30600,5.169738260904948
30700,4.142686367034912
30800,6.355846405029297
30900,4.231824239095052
31000,5.576776716444227
31100,5.0887932777404785
31200,5.93025146484375
31300,5.834087371826172
31400,4.373006184895833
31500,5.653995513916016
31600,5.168538411458333
31700,5.800295511881511
31800,5.2672060186212715
31900,6.358262634277343
32000,4.966941515604655
32100,6.109968662261963
32200,4.342144966125488
32300,5.321107591901507
32400,5.352373123168945
32500,4.730255126953125
32600,4.5482322692871096
32700,5.762828133322976
32800,4.831597137451172
32900,4.580821446010044
33000,6.671991348266602
33100,6.03508186340332
33200,4.044778006417411
33300,5.153612409319196
33400,5.249477386474609
33500,5.126639175415039
33600,6.130947536892361
33700,5.80698988172743
33800,5.751847585042317
33900,4.530878067016602
34000,5.584199632917132
34100,5.644290924072266
34200,4.88150691986084
34300,4.886306381225586
34400,6.375729560852051
34500,5.87007999420166
34600,5.282217788696289
34700,4.944690704345703
34800,6.116972242082868
34900,4.683072771344866
35000,6.2165327072143555
35100,6.230396747589111
35200,4.321796417236328
35300,5.945945739746094
35400,5.865607367621528
35500,5.206625938415527
35600,6.0784486134847
35700,5.096634292602539
35800,5.37779655456543
35900,6.377471923828125
36000,5.735607571072048
36100,4.834456125895183
36200,8.4646577835083
36300,5.2889383104112415
36400,6.420142433860085
36500,4.25389153616769
36600,4.960568237304687
36700,5.955792999267578
36800,5.872795104980469
36900,5.172893524169922
37000,5.30354987250434
37100,5.21330806187221
37200,6.832659403483073
37300,5.624678717719184
37400,5.99749755859375
37500,7.1826316833496096
37600,5.434681701660156
37700,5.735857876864347
37800,8.003486633300781
37900,4.832671029227121
38000,6.173730373382568
38100,6.235696520124163
38200,5.097756522042411
38300,4.105878829956055
38400,6.564499350155101
38500,5.712455749511719
38600,6.172920227050781
38700,3.530904769897461
38800,4.581246852874756
38900,6.153958407315341
39000,4.928780746459961
39100,5.664591008966619
39200,6.090791875665838
39300,4.658617782592773
39400,5.077375139508929
39500,6.07519040788923
39600,4.834153069390191
39700,5.40692138671875
39800,6.066045587713068
39900,5.866787837101863
40000,5.888791084289551
3,38.74052766373584
3,8.790795286369441
40100,5.514305114746094
40200,6.133141326904297
40300,5.657674516950335
40400,3.2582982381184897
40500,5.956470489501953
40600,5.085591634114583
40700,4.12320613861084
40800,6.219573974609375
40900,4.103300094604492
41000,5.270164913601345
41100,5.060214996337891
41200,5.86978515625
41300,5.7762041091918945
41400,4.286954879760742
41500,5.702032089233398
41600,5.1365915934244795
41700,5.883277893066406
41800,5.31326640735973
41900,6.338001251220703
42000,4.86833922068278
42100,5.929225444793701
42200,4.682336807250977
42300,5.106981549944196
42400,5.1407417297363285
42500,4.449566650390625
42600,4.270929336547852
42700,5.691395499489524
42800,4.861838531494141
42900,4.5198549543108255
43000,6.550010681152344
43100,5.999433517456055
43200,4.272800990513393
43300,5.317771366664341
43400,5.109385172526042
43500,5.023020553588867
43600,6.025919596354167
43700,5.689507378472222
43800,5.8193314870198565
43900,4.455721718924386
44000,5.601929800851004
44100,5.769371414184571
44200,4.818812370300293
44300,4.8721973419189455
44400,6.346314430236816
44500,5.737181186676025
44600,4.95875244140625
44700,4.778568744659424
44800,6.065886906215122
44900,4.5484322139195035
45000,6.054371356964111
45100,6.324956893920898
45200,4.302088260650635
45300,5.798181533813477
45400,5.976462046305339
45500,5.187352180480957
45600,6.032986958821614
45700,5.14105339050293
45800,5.250759124755859
45900,6.317394256591797
46000,5.539486779106988
46100,4.7758331298828125
46200,8.088994026184082
46300,5.200090620252821
46400,6.483274286443537
46500,4.229091099330357
46600,5.184756088256836
46700,6.260648727416992
46800,5.856160481770833
46900,4.967892646789551
47000,5.48536851671007
47100,5.0244020734514505
47200,6.723084767659505
47300,5.6615926954481335
47400,6.032137944148137
47500,7.078709411621094
47600,5.280681991577149
47700,5.633642716841265
47800,7.737714131673177
47900,4.742656707763672
48000,6.111485958099365
48100,6.115159170968192
48200,4.909826551164899
48300,4.044378825596401
48400,6.522454654469209
48500,5.836510181427002
48600,5.881397883097331
48700,3.544457753499349
48800,4.4456562995910645
48900,5.839743180708452
49000,4.983116149902344
49100,5.752778833562678
49200,5.989802967418324
49300,4.526846694946289
49400,4.8094313485281805
49500,6.052634102957589
49600,4.661949157714844
49700,5.218918800354004
49800,5.864262667569247
49900,5.903811528132512
50000,5.840681552886963
4,37.245393129026226
4,9.015441702358293
50100,5.662222290039063
50200,5.9022361755371096
50300,5.530978611537388
50400,3.100804646809896
50500,5.930211808946398
50600,5.061563618977865
50700,4.009679317474365
50800,6.129142761230469
50900,3.8444811503092446
51000,5.039546542697483
51100,4.944934368133545
51200,5.762523803710938
51300,5.672956943511963
51400,4.1511885325113935
51500,5.525998592376709
51600,4.9015547434488935
51700,5.668420155843099
51800,5.365733753551137
51900,6.251701354980469
52000,4.973362286885579
52100,5.947690010070801
52200,4.783106803894043
52300,5.363390241350446
52400,4.978675079345703
52500,4.256748199462891
52600,4.090648651123047
52700,5.700828205455434
52800,4.815378189086914
52900,4.3837432861328125
53000,5.840334415435791
53100,5.955696105957031
53200,4.052480970110212
53300,5.184957231794085
53400,5.065435409545898
53500,4.945532989501953
53600,6.031615363226996
53700,5.5180553860134545
53800,5.647622426350911
53900,4.100337982177734
54000,5.402913774762835
54100,5.663442993164063
54200,4.727363586425781
54300,4.789925384521484
54400,6.283538818359375
54500,5.852340221405029
54600,4.797186660766601
54700,4.804232597351074
54800,6.007376534598214
54900,4.5270892551967075
55000,5.795990943908691
55100,6.326294422149658
55200,4.2991719245910645
55300,5.809476089477539
55400,5.835726420084636
55500,5.098241806030273
55600,5.790691375732422
55700,5.2075141906738285
55800,5.071623611450195
55900,6.420848846435547
56000,5.568426344129774
56100,4.736044883728027
56200,7.914868354797363
56300,5.004907819959852
56400,6.41773085160689
56500,3.991565159388951
56600,5.026889419555664
56700,5.885497665405273
56800,5.758575439453125
56900,4.855241775512695
57000,5.369591183132595
57100,4.875611986432757
57200,6.611220677693685
57300,5.4270434909396705
57400,6.140057490422175
57500,7.093665313720703
57600,5.382383346557617
57700,5.802712873979048
57800,7.527087529500325
57900,4.4698576245989114
58000,6.384573936462402
58100,5.960841587611607
58200,4.7749497549874445
58300,3.955897194998605
58400,6.219535827636719
58500,5.837876319885254
58600,5.863150278727214
58700,3.4570910135904946
58800,4.093112945556641
58900,5.922260631214488
59000,4.926493072509766
59100,5.681111075661399
59200,5.99667011607777
59300,4.56690788269043
59400,4.691959926060268
59500,6.2549013410295755
59600,4.419286939832899
59700,5.2514967918396
59800,5.727799155495384
59900,5.942852900578425
60000,5.814631462097168
5,36.07025699707756
5,9.692880785635131
60100,5.538136291503906
60200,6.0655670166015625
60300,5.4442629132952005
60400,3.2970409393310547
60500,5.700974782307942
60600,4.939750162760417
60700,3.9573447704315186
60800,5.809790293375651
60900,3.7683140436808267
61000,5.037512885199653
61100,4.870584487915039
61200,5.953779907226562
61300,5.514479637145996
61400,4.121634801228841
61500,5.437108993530273
61600,5.137450536092122
61700,5.546943028767903
61800,5.421171708540483
61900,6.481082916259766
62000,4.737498601277669
62100,6.08840274810791
62200,4.413595199584961
62300,5.26533453805106
62400,4.8308250427246096
62500,4.273820495605468
62600,3.9951648712158203
62700,5.629586653275923
62800,4.809075164794922
62900,4.293875558035714
63000,5.4645490646362305
63100,5.889912128448486
63200,3.911392484392439
63300,5.212302616664341
63400,4.904279708862305
63500,4.755736541748047
63600,5.955746968587239
63700,5.435089959038629
63800,5.859106063842773
63900,4.165488379342215
64000,5.255007062639509
64100,5.588738250732422
64200,4.577946186065674
64300,4.84986572265625
64400,5.892637252807617
64500,5.889719009399414
64600,4.526242065429687
64700,4.867610454559326
64800,6.044840131487165
64900,4.513471330915179
65000,5.209048748016357
65100,6.241303443908691
65200,4.2357497215271
65300,5.871349334716797
65400,5.867070939805773
65500,4.979798316955566
65600,5.673931121826172
65700,5.145315551757813
65800,5.163897323608398
65900,6.435447269015842
66000,5.290137396918403
66100,4.71962292989095
66200,7.920659065246582
66300,5.090966118706597
66400,6.375380776145241
66500,3.833317347935268
66600,5.131326293945312
66700,5.9639335632324215
66800,5.636613210042317
66900,4.773166179656982
67000,5.367463005913629
67100,4.796219961983817
67200,6.636161168416341
67300,5.2659657796223955
67400,5.850308344914363
67500,6.817498016357422
67600,5.323241806030273
67700,5.6488564231178975
67800,6.989023844401042
67900,4.249264308384487
68000,6.292093753814697
68100,5.914618900844029
68200,4.848948887416294
68300,3.7878995622907365
68400,6.166314966538373
68500,5.81317138671875
68600,5.789427439371745
68700,3.5910768508911133
68800,4.1286516189575195
68900,5.947561090642756
69000,4.849934387207031
69100,5.690344376997515
69200,5.891999678178267
69300,4.332594299316407
69400,4.420228140694754
69500,6.053149087088449
69600,4.285128275553386
69700,5.013045310974121
69800,5.699552362615412
69900,5.775334871732271
70000,5.8470964431762695
6,34.94940177705061
6,10.122037959197524
70100,5.4450946807861325
70200,5.9017478942871096
70300,5.334709167480469
70400,3.245704015096029
70500,5.441002315945095
70600,4.935025024414062
70700,3.833190441131592
70800,5.77740478515625
70900,3.4502687454223633
71000,4.834329393174913
71100,5.265399932861328
71200,6.120863037109375
71300,5.504738807678223
71400,3.9911603927612305
71500,5.457378387451172
71600,4.980030695597331
71700,5.457791010538737
71800,5.32936581698331
71900,6.542367553710937
72000,4.8750254313151045
72100,5.7403459548950195
72200,4.402505874633789
72300,4.895173209054129
72400,4.796975708007812
72500,4.120912551879883
72600,3.8672698974609374
72700,5.596257643266157
72800,4.673886108398437
72900,4.339560917445591
73000,5.165480613708496
73100,5.864556789398193
73200,3.9491100311279297
73300,5.097390311104911
73400,4.821251551310222
73500,4.642057037353515
73600,5.858710394965278
73700,5.394926283094618
73800,5.597436269124349
73900,3.9978425162179128
74000,5.27958733694894
74100,5.658654022216797
74200,4.543680667877197
74300,4.659324264526367
74400,6.10858154296875
74500,5.733531475067139
74600,4.3483844757080075
74700,4.726407051086426
74800,6.045199257986886
74900,4.313993726457868
75000,5.354348659515381
75100,6.189719200134277
75200,4.081691741943359
75300,5.989930725097656
75400,5.86492919921875
75500,4.890562534332275
75600,5.805014928181966
75700,5.231010437011719
75800,5.103600311279297
75900,6.242571512858073
76000,5.713509029812283
76100,4.892925262451172
76200,8.076508522033691
76300,4.895737542046441
76400,6.066433993252841
76500,3.8436856951032365
76600,5.174356842041016
76700,5.812080001831054
76800,5.627957026163737
76900,4.578336715698242
77000,5.374210357666016
77100,4.546088082449777
77200,6.4306182861328125
77300,5.511968824598524
77400,5.831093421349158
77500,6.73363037109375
77600,5.433189773559571
77700,5.644615173339844
77800,7.146963755289714
77900,4.316259111676898
78000,6.57363748550415
78100,5.7571531023297995
78200,4.646608080182757
78300,3.8053599766322543
78400,6.262881559484145
78500,5.497878074645996
78600,6.005526860555013
78700,3.2859322230021157
78800,3.750769853591919
78900,5.931178699840199
79000,4.867157363891602
79100,5.883415222167969
79200,5.883428400213068
79300,4.228192138671875
79400,4.4774169921875
79500,6.105128152029855
79600,4.147054036458333
79700,5.002588748931885
79800,5.595197504216975
79900,5.498479989858774
80000,5.862093925476074
7,34.09495116159667
7,10.74076372995695
80100,5.368425750732422
80200,5.878480529785156
80300,5.3578676496233255
80400,3.1798117955525718
80500,5.4251119825575085
80600,4.905472819010416
80700,3.7886219024658203
80800,5.963301340738933
80900,3.4318666458129883
81000,4.836870829264323
81100,5.000828266143799
81200,6.209169311523437
81300,5.297154426574707
81400,3.94200070699056
81500,5.372252464294434
81600,4.738307634989421
81700,5.473837534586589
81800,5.335594177246094
81900,6.483778381347657
82000,4.665531158447266
82100,5.726536750793457
82200,4.412296295166016
82300,4.917966570172991
82400,4.98246955871582
82500,3.9024906158447266
82600,3.8631248474121094
82700,5.780433307994496
82800,4.534690856933594
82900,4.203841618129185
83000,5.466860771179199
83100,5.724099636077881
83200,3.9821297781808034
83300,5.183805193219866
83400,4.757411956787109
83500,4.762874603271484
83600,5.8797760009765625
83700,5.354720221625434
83800,5.850347518920898
83900,4.255641937255859
84000,5.0582139151436945
84100,5.592745208740235
84200,4.646877288818359
84300,4.627909851074219
84400,5.98347806930542
84500,5.888169288635254
84600,4.279966735839844
84700,4.582643508911133
84800,5.852797372000558
84900,4.228751591273716
85000,5.588793754577637
85100,6.229700088500977
85200,4.114744186401367
85300,5.847016143798828
85400,6.302602979871962
85500,4.945230960845947
85600,5.733387629191081
85700,5.15118179321289
85800,5.122323608398437
85900,6.155858781602648
86000,5.58025148179796
86100,4.833031336466472
86200,8.023454666137695
86300,4.977084689670139
86400,6.042223843661222
86500,3.9145660400390625
86600,5.12652587890625
86700,5.852677917480468
86800,5.56553332010905
86900,4.358314037322998
87000,5.209532843695746
87100,4.625248500279018
87200,6.475162506103516
87300,5.270188225640191
87400,5.792056157038762
87500,6.96344223022461
87600,5.409745788574218
87700,5.546769228848544
87800,6.7175547281901045
87900,4.054839542933872
88000,6.207334518432617
88100,5.693392617361886
88200,4.607472011021206
88300,3.659323283604213
88400,6.154268601361443
88500,5.8239827156066895
88600,6.066397349039714
88700,3.3035380045572915
88800,3.787130355834961
88900,5.907497059215199
89000,4.840660858154297
89100,5.620980349454013
89200,5.821789828213778
89300,4.005744171142578
89400,4.272864477975028
89500,5.957949502127511
89600,3.982039557562934
89700,4.9312968254089355
89800,5.523159720680931
89900,5.474203256460337
90000,5.684859752655029
8,33.754896638791124
8,11.02174342884627
90100,5.181856155395508
90200,5.553885269165039
90300,5.055623735700335
90400,3.0469957987467446
90500,5.242006089952257
90600,4.8513951619466145
90700,3.65932035446167
90800,5.883216857910156
90900,3.3569952646891275
91000,4.529761844211155
91100,4.75289249420166
91200,6.113038330078125
91300,5.244960308074951
91400,3.940185546875
91500,5.340213775634766
91600,4.526449203491211
91700,5.4744002024332685
91800,5.216852361505682
91900,6.40015869140625
92000,4.802843411763509
92100,5.776371479034424
92200,4.319616317749023
92300,4.725584302629743
92400,5.0172370910644535
92500,3.8592788696289064
92600,3.889391326904297
92700,5.748109990900213
92800,4.6968341827392575
92900,4.1468979971749445
93000,4.874091148376465
93100,5.748870372772217
93200,3.747699737548828
93300,4.6047548566545755
93400,4.6095841725667315
93500,4.569683456420899
93600,5.570120917426215
93700,5.2144521077473955
93800,5.843834559122722
93900,4.102323532104492
94000,5.099207741873605
94100,5.445363616943359
94200,4.547417163848877
94300,4.518892669677735
94400,6.028658866882324
94500,5.701419353485107
94600,4.055184936523437
94700,4.589476108551025
94800,5.8902740478515625
94900,4.2110731942313055
95000,5.795004844665527
95100,6.158256530761719
95200,3.8805689811706543
95300,5.975459289550781
95400,6.111718919542101
95500,4.693065643310547
95600,5.783304850260417
95700,5.197257995605469
95800,4.759558486938476
95900,6.040592193603516
96000,5.260132259792751
96100,4.7068297068278
96200,7.883335590362549
96300,5.181960635715061
96400,5.827796242453835
96500,3.828961508614676
96600,5.326753234863281
96700,5.937823486328125
96800,5.507924397786458
96900,4.3647308349609375
97000,5.2178192138671875
97100,4.485484804425921
97200,6.382291158040364
97300,5.149459415011936
97400,5.848440903883714
97500,6.719453430175781
97600,5.127391815185547
97700,5.515617023814809
97800,6.455485026041667
97900,4.187336512974331
98000,6.399467468261719
98100,5.6155275617327005
98200,4.466744559151786
98300,3.65549441746303
98400,5.941096586339614
98500,5.4967546463012695
98600,5.710219065348308
98700,3.0540599822998047
98800,3.79978609085083
98900,5.814190951260653
99000,4.9543907165527346
99100,5.6129445162686435
99200,6.0013205788352275
99300,3.929667663574219
99400,4.235073634556362
99500,6.201184953962054
99600,3.8424364725748696
99700,4.702165603637695
99800,5.565624583851207
99900,5.8863055889423075
100000,5.786343097686768
9,32.860640736890446
9,11.749777074823086
100100,4.903738403320313
100200,5.70519905090332
100300,5.083332061767578
100400,3.028109868367513
100500,5.27013185289171
100600,4.922746785481771
100700,3.614898443222046
100800,5.6693979899088545
100900,3.306267420450846
101000,4.476679907904731
101100,4.865159511566162
101200,6.07710693359375
101300,5.205140113830566
101400,3.9993368784586587
101500,5.37967586517334
101600,4.744813601175944
101700,5.3948408762613935
101800,5.539371837269176
101900,6.385535049438476
102000,4.828866640726726
102100,5.610301971435547
102200,4.6264424324035645
102300,4.245829718453543
102400,4.6730186462402346
102500,3.8237449645996096
102600,3.8491065979003904
102700,5.715510975230824
102800,4.51692008972168
102900,4.34552846636091
103000,4.914108753204346
103100,5.8582868576049805
103200,3.7574550083705356
103300,5.555361611502511
103400,4.617229461669922
103500,4.419767761230469
103600,5.7829700046115455
103700,5.083447774251302
103800,5.742411931355794
103900,4.272515433175223
104000,5.0366412571498325
104100,5.237752914428711
104200,4.428551197052002
104300,4.416487503051758
104400,5.953995704650879
104500,5.69511079788208
104600,3.8675262451171877
104700,4.75341796875
104800,5.887244633265904
104900,3.9990479605538503
105000,4.995187759399414
105100,6.079916000366211
105200,3.976539134979248
105300,5.769228744506836
105400,5.893551720513238
105500,4.86556339263916
105600,5.398770014444987
105700,5.175214004516602
105800,4.9437915802001955
105900,6.250182681613499
106000,5.60793940226237
106100,4.584012985229492
106200,7.638129711151123
106300,5.072781880696614
106400,5.942795493386009
106500,3.7791922433035716
106600,5.235110855102539
106700,5.62693977355957
106800,5.248036066691081
106900,4.186374187469482
107000,5.180005391438802
107100,4.467719486781529
107200,6.27584711710612
107300,5.206734127468533
107400,5.77658198429988
107500,6.680825042724609
107600,5.466091918945312
107700,5.636335893110796
107800,6.263142903645833
107900,4.100900377546038
108000,6.429111003875732
108100,5.489584786551339
108200,4.4152436937604636
108300,3.614060265677316
108400,5.996333851533778
108500,5.416628360748291
108600,5.798266092936198
108700,3.2176901499430337
108800,3.540133476257324
108900,6.091494473544034
109000,4.788946151733398
109100,5.677773562344638
109200,6.055639093572443
109300,4.05096206665039
109400,4.294807706560407
109500,6.0312668936593195
109600,3.85658942328559
109700,4.7322893142700195
109800,5.5422727411443535
109900,5.63511716402494
110000,5.892996311187744
10,32.32600938113599
10,12.104181626894125
110100,5.074237823486328
110200,5.874332427978516
110300,5.097334725516183
110400,2.840269088745117
110500,5.160016801622179
110600,4.862339274088542
110700,3.988755941390991
110800,5.670778910319011
110900,3.512751261393229
111000,4.444943745930989
111100,4.942651748657227
111200,6.501621704101563
111300,5.099470138549805
111400,3.8865362803141275
111500,5.229104995727539
111600,4.411258379618327
111700,5.515806833902995
111800,5.203451676802202
111900,6.338561630249023
112000,4.979950904846191
112100,5.5713701248168945
112200,4.523617744445801
112300,4.578335353306362
112400,4.946341705322266
112500,3.7750576019287108
112600,3.73685302734375
112700,5.91547948663885
112800,4.4850830078125
112900,4.121099744524274
113000,4.836493015289307
113100,5.9081315994262695
113200,3.7062369755336215
113300,4.497408185686384
113400,4.616037686665853
113500,4.425820922851562
113600,5.571824815538195
113700,5.129159715440538
113800,5.742987314860026
113900,4.051087515694754
114000,4.9122210911342075
114100,5.42686653137207
114200,4.4268975257873535
114300,4.402748489379883
114400,5.6065354347229
114500,5.7502899169921875
114600,4.185489654541016
114700,4.477164268493652
114800,5.816890716552734
114900,4.003783634730747
115000,5.060908317565918
115100,6.211761951446533
115200,3.9967665672302246
115300,5.732088470458985
115400,6.239223904079861
115500,4.690154552459717
115600,5.598084131876628
115700,5.342307281494141
115800,4.716011047363281
115900,5.934816996256511
116000,5.416998969184028
116100,4.33578364054362
116200,7.787982940673828
116300,5.054715474446614
116400,5.802010622891513
116500,3.5174574170793806
116600,5.147518539428711
116700,5.8103588104248045
116800,5.5569000244140625
116900,3.850266933441162
117000,5.262588077121311
117100,4.162364687238421
117200,6.149147033691406
117300,5.116181267632379
117400,5.568582388070913
117500,6.776361083984375
117600,5.168019866943359
117700,5.498343034224077
117800,6.099908828735352
117900,3.903531755719866
118000,6.296128273010254
118100,5.417425973074777
118200,4.295260293143136
118300,3.6211471557617188
118400,5.895873125861673
118500,5.388580799102783
118600,5.580938975016276
118700,3.2314608891805015
118800,3.654446601867676
118900,5.757594021883878
119000,4.562136459350586
119100,5.5793540261008525
119200,5.795516274192116
119300,3.722586441040039
119400,4.044816153390067
119500,5.9897003173828125
119600,3.739437527126736
119700,4.744679927825928
119800,5.449260018088601
119900,5.795089134803185
120000,5.791761875152588
11,32.08517259680408
11,12.326586524869585
120100,4.941204071044922
120200,5.946216583251953
120300,4.883228846958706
120400,2.8814897537231445
120500,5.11703364054362
120600,4.816532897949219
120700,3.3791542053222656
120800,5.78054936726888
120900,3.205756505330404
121000,4.35433832804362
121100,5.0096354484558105
121200,6.159947509765625
121300,5.072059631347656
121400,3.778261184692383
121500,5.176210880279541
121600,4.919544537862142
121700,5.505204518636067
121800,5.440888144753196
121900,6.425379943847656
122000,4.971687952677409
122100,5.509737014770508
122200,4.279935359954834
122300,4.701764242989676
122400,4.573509597778321
122500,3.8533401489257812
122600,3.7454143524169923
122700,5.819474653764204
122800,4.384966278076172
122900,4.203429630824497
123000,4.574668884277344
123100,6.032249927520752
123200,3.4868409293038503
123300,4.385203770228794
123400,4.400456428527832
123500,4.580041122436524
123600,5.633635626898871
123700,5.154106140136719
123800,5.623545328776042
123900,3.829974583217076
124000,4.950408935546875
124100,5.2703704833984375
124200,4.315770626068115
124300,4.394202041625976
124400,5.474896430969238
124500,5.736550807952881
124600,3.6513599395751952
124700,4.793886184692383
124800,5.887247358049665
124900,3.915636880057199
125000,4.825782775878906
125100,6.033132076263428
125200,4.009133338928223
125300,5.808963394165039
125400,5.897110409206814
125500,4.6196794509887695
125600,5.367522557576497
125700,5.115754699707031
125800,4.665103149414063
125900,5.743533664279514
126000,5.30235120985243
126100,4.219196955362956
126200,7.348641872406006
126300,4.702547709147136
126400,5.884959827769887
126500,3.869671412876674
126600,5.200419235229492
126700,5.590439987182617
126800,5.3825734456380205
126900,3.9842722415924072
127000,5.366950988769531
127100,4.3151381356375555
127200,6.0721995035807295
127300,5.046671973334418
127400,5.498299818772536
127500,6.88512954711914
127600,5.2974189758300785
127700,5.508779005570845
127800,6.225327173868815
127900,3.8131539481026784
128000,6.200138092041016
128100,5.242286137172154
128200,4.035201481410435
128300,3.6822297232491628
128400,5.9698315788717835
128500,5.308000087738037
128600,5.8445479075113935
128700,3.121519406636556
128800,3.499955177307129
128900,5.810793443159624
129000,4.948636245727539
129100,5.704215656627309
129200,5.847947554154829
129300,4.10008544921875
129400,4.046195438929966
129500,5.976596287318638
129600,3.7550926208496094
129700,4.978918552398682
129800,5.607267206365412
129900,5.534488971416767
130000,5.935729026794434
12,31.392260765915815
12,12.738914139735009
130100,4.829267501831055
130200,5.401357650756836
130300,4.769353594098773
130400,3.119569460550944
130500,4.957994249131945
130600,4.7183888753255205
130700,3.596259117126465
130800,5.472196578979492
130900,3.2855428059895835
131000,4.485125223795573
131100,4.954636573791504
131200,6.09593017578125
131300,5.058286666870117
131400,3.830556551615397
131500,5.272237777709961
131600,4.421911875406901
131700,5.326253573099772
131800,5.134941101074219
131900,6.13641586303711
132000,4.924010594685872
132100,5.237455368041992
132200,4.135265350341797
132300,4.344455718994141
132400,4.840438461303711
132500,3.4589359283447267
132600,3.7298412322998047
132700,5.6807993108576
132800,4.2758430480957035
132900,3.8854004996163503
133000,4.837495803833008
133100,5.6911420822143555
133200,3.579254695347377
133300,4.735430036272321
133400,4.3537295659383135
133500,4.327294540405274
133600,5.569643656412761
133700,5.10775883992513
133800,5.749664306640625
133900,3.8373595646449496
134000,4.979065486363003
134100,5.129357528686524
134200,4.1306281089782715
134300,4.315457153320312
134400,5.470107078552246
134500,5.632450103759766
134600,3.6317108154296873
134700,4.57949161529541
134800,5.829601287841797
134900,3.8911331721714566
135000,5.320517539978027
135100,6.34763240814209
135200,3.981487274169922
135300,5.702476501464844
135400,6.0953174167209205
135500,4.727229118347168
135600,5.377525329589844
135700,5.232313919067383
135800,4.9018199920654295
135900,5.5182342529296875
136000,5.1910726759168835
136100,4.087656656901042
136200,7.791533470153809
136300,4.641503228081597
136400,5.760981126265093
136500,3.311047145298549
136600,5.1477210998535154
136700,5.508596801757813
136800,5.643007914225261
136900,3.855135679244995
137000,5.047891404893663
137100,4.172817775181362
137200,5.973430633544922
137300,5.135874854193793
137400,5.509103041428786
137500,6.550999450683594
137600,5.179525756835938
137700,5.44010405106978
137800,6.011110941569011
137900,3.634814126150949
138000,5.888952255249023
138100,5.169427054268973
138200,4.075172424316406
138300,3.157941000802176
138400,5.9005584716796875
138500,5.359192848205566
138600,5.6715958913167315
138700,3.0578486124674478
138800,3.327279806137085
138900,5.786928350275213
139000,4.6791332244873045
139100,5.389479203657671
139200,5.503953413529829
139300,4.103238677978515
139400,4.1186932155064175
139500,5.948114667619977
139600,3.661118401421441
139700,4.787846088409424
139800,5.512225757945668
139900,5.286506065955529
140000,5.989191055297852
13,31.257001840930634
13,12.748952321637313
140100,4.6833030700683596
140200,6.118805694580078
140300,4.692752293178013
140400,2.875258127848307
140500,5.190101623535156
140600,4.768300374348958
140700,3.528010368347168
140800,5.3323319753011065
140900,3.1566270192464194
141000,4.166063944498698
141100,4.6920671463012695
141200,6.0851123046875
141300,4.9749436378479
141400,3.7416149775187173
141500,5.264634132385254
141600,4.82578976949056
141700,5.739104588826497
141800,5.29636625810103
141900,6.378700256347656
142000,4.8522078196207685
142100,5.448753356933594
142200,4.088682174682617
142300,4.062803540910993
142400,4.6728565216064455
142500,3.4110458374023436
142600,3.6320926666259767
142700,5.680327675559304
142800,4.367005157470703
142900,4.0815004621233255
143000,4.510721206665039
143100,5.806352615356445
143200,3.6092185974121094
143300,4.365844181605747
143400,4.282649993896484
143500,4.348769760131836
143600,5.82756847805447
143700,4.847210354275173
143800,5.755739847819011
143900,3.839942387172154
144000,4.994445255824497
144100,5.230442047119141
144200,4.270055770874023
144300,4.369906616210938
144400,5.272648334503174
144500,5.266171455383301
144600,3.4233638763427736
144700,4.613813400268555
144800,5.665331704275949
144900,3.6465132577078685
145000,5.667046546936035
145100,6.324889659881592
145200,3.940495491027832
145300,5.8528495788574215
145400,6.0506235758463545
145500,5.079171657562256
145600,5.450908660888672
145700,5.039009857177734
145800,4.934854125976562
145900,6.149444156222874
146000,4.92897711859809
146100,4.186495145161946
146200,7.371435165405273
146300,4.53705808851454
146400,5.620955033735796
146500,4.0448455810546875
146600,4.972566223144531
146700,5.549010848999023
146800,5.288610776265462
146900,3.971604824066162
147000,5.234742058648004
147100,4.219233921595982
147200,6.076337814331055
147300,4.849917517768012
147400,5.551087012657752
147500,6.480955505371094
147600,5.272336959838867
147700,5.416650945490057
147800,6.473781585693359
147900,3.789095197405134
148000,5.7847771644592285
148100,5.0909625462123325
148200,4.261860438755581
148300,3.168675558907645
148400,5.853778165929458
148500,5.244213104248047
148600,5.319000244140625
148700,3.2031275431315103
148800,3.0559473037719727
148900,5.815925598144531
149000,4.780636215209961
149100,5.389001326127485
149200,5.401452498002485
149300,4.168738555908203
149400,3.834843226841518
149500,5.925495147705078
149600,3.4762613508436413
149700,4.730741024017334
149800,5.386756550181996
149900,5.979212247408354
150000,5.5646748542785645
14,31.114079159491435
14,12.619169113973285
150100,4.881620025634765
150200,5.47137680053711
150300,4.9176515851702005
150400,3.0392532348632812
150500,4.786841498480903
150600,4.649932352701823
150700,3.3655190467834473
150800,5.357545216878255
150900,3.170040766398112
151000,4.209534962972005
151100,4.9804277420043945
151200,5.782169189453125
151300,5.000431060791016
151400,3.6911017100016275
151500,5.235486030578613
151600,4.643105824788411
151700,5.334550221761067
151800,5.244958357377485
151900,6.610745239257812
152000,4.788484573364258
152100,5.238530158996582
152200,4.119348049163818
152300,3.897123064313616
152400,4.317073059082031
152500,3.2928810119628906
152600,3.6190399169921874
152700,5.739715229381215
152800,4.6490734100341795
152900,3.9401097978864397
153000,4.505754470825195
153100,5.8146772384643555
153200,3.480255126953125
153300,4.622526441301618
153400,4.39454460144043
153500,4.267637634277344
153600,5.334509107801649
153700,5.107401529947917
153800,5.487316767374675
153900,3.8778305053710938
154000,4.880445207868304
154100,5.090172576904297
154200,4.1986799240112305
154300,4.272304916381836
154400,5.303222179412842
154500,5.608790397644043
154600,3.6056427001953124
154700,4.528251647949219
154800,5.718891143798828
154900,3.8036351885114397
155000,5.171762466430664
155100,6.055994033813477
155200,4.030335426330566
155300,5.754536437988281
155400,6.366659800211589
155500,4.721396446228027
155600,5.319185892740886
155700,4.933078002929688
155800,4.704597091674804
155900,5.891575283474392
156000,5.443001217312283
156100,4.218074798583984
156200,7.4883623123168945
156300,4.6885121663411455
156400,5.696864388205788
156500,3.8225173950195312
156600,5.366053771972656
156700,5.61024169921875
156800,5.341864903767903
156900,4.2768120765686035
157000,5.075148264567058
157100,4.006811959402902
157200,5.995748519897461
157300,4.963244967990452
157400,5.595172588641827
157500,6.616456604003906
157600,5.25328483581543
157700,5.506586941805753
157800,6.2940673828125
157900,3.509831019810268
158000,5.6824517250061035
158100,5.031350272042411
158200,3.8995562962123325
158300,3.378574916294643
158400,5.883477603687959
158500,4.833874225616455
158600,5.803539276123047
158700,3.136948903401693
158800,3.0307576656341553
158900,5.684230804443359
159000,4.973284149169922
159100,5.421348918568004
159200,5.285538413307884
159300,3.661965179443359
159400,3.8713476998465404
159500,5.926492963518415
159600,3.375616285536024
159700,4.8472676277160645
159800,5.385345112193715
159900,5.661295964167668
160000,5.5547027587890625
15,30.712589379832345
15,12.853824251455936
160100,4.848574447631836
160200,5.806224822998047
160300,4.837630680629185
160400,3.0672988891601562
160500,4.940908643934462
160600,4.787172444661459
160700,3.3734536170959473
160800,5.3670094807942705
160900,3.149290084838867
161000,4.215286678738064
161100,4.618954658508301
161200,5.99778076171875
161300,4.983878135681152
161400,3.9866485595703125
161500,5.222655296325684
161600,4.542219797770183
161700,5.462546666463216
161800,5.2968361594460225
161900,6.23523178100586
162000,4.810035705566406
162100,5.169931411743164
162200,3.8765673637390137
162300,4.121146610804966
162400,4.727079010009765
162500,3.6914573669433595
162600,3.5900474548339845
162700,5.713348388671875
162800,4.316820526123047
162900,4.11217771257673
163000,4.620587348937988
163100,5.636395454406738
163200,3.5198522295270647
163300,4.291635240827288
163400,4.373984018961589
163500,4.205208587646484
163600,5.333313835991754
163700,4.8409839206271705
163800,5.5690053304036455
163900,3.989489964076451
164000,4.767982482910156
164100,5.172528839111328
164200,4.066631317138672
164300,4.199588394165039
164400,5.353287696838379
164500,5.713751792907715
164600,3.372075653076172
164700,4.443786144256592
164800,5.515966687883649
164900,3.604907717023577
165000,4.327699661254883
165100,6.373937129974365
165200,3.8395090103149414
165300,5.8678546905517575
165400,6.351207733154297
165500,4.751443862915039
165600,5.52639643351237
165700,4.8279167175292965
165800,5.087718200683594
165900,5.529801262749566
166000,5.360264248318142
166100,3.809443155924479
166200,7.356746673583984
166300,4.6270031399197045
166400,5.760935696688565
166500,3.6969315665108815
166600,5.092204666137695
166700,5.421409225463867
166800,5.233064651489258
166900,4.089035511016846
167000,4.8512450324164496
167100,3.9082728794642856
167200,6.3098405202229815
167300,4.9083404541015625
167400,5.518150916466346
167500,6.409300231933594
167600,5.248402786254883
167700,5.549216183749112
167800,5.720608393351237
167900,3.3632169451032365
168000,5.806062698364258
168100,5.183138166155134
168200,3.739063262939453
168300,3.196145466395787
168400,5.7922192741842835
168500,4.722542762756348
168600,5.425560633341472
168700,2.9370956420898438
168800,3.1875696182250977
168900,5.879311995072798
169000,4.73938217163086
169100,5.443690213290128
169200,5.634669217196378
169300,3.822221374511719
169400,3.651210239955357
169500,5.958009992327009
169600,3.225120120578342
169700,4.55773401260376
169800,5.32178358598189
169900,5.445713923527644
170000,5.827874183654785
16,30.46813845792817
16,12.832001234059783
170100,4.443361282348633
170200,5.380623245239258
170300,4.485184533255441
170400,2.913760503133138
170500,4.864986419677734
170600,4.748037719726563
170700,3.2915430068969727
170800,5.138466835021973
170900,3.097693761189779
171000,3.972523159450955
171100,5.361834526062012
171200,6.154041137695312
171300,4.980171203613281
171400,3.778985023498535
171500,5.301380157470703
171600,4.265980402628581
171700,5.122020085652669
171800,5.4101409912109375
171900,6.538697052001953
172000,4.65261713663737
172100,5.157107353210449
172200,3.7118701934814453
172300,3.8790386744907925
172400,4.492030334472656
172500,3.4269203186035155
172600,3.690856170654297
172700,5.788042935458097
172800,4.355998611450195
172900,4.056953430175781
173000,4.321165084838867
173100,5.742279052734375
173200,3.5968358176095143
173300,4.325349262782505
173400,4.205443700154622
173500,4.358563232421875
173600,5.639446682400173
173700,4.78513929578993
173800,5.4169127146403
173900,3.716362271990095
174000,4.691283089773996
174100,5.364902114868164
174200,4.091365337371826
174300,4.249565887451172
174400,4.898655891418457
174500,5.329776763916016
174600,3.310685729980469
174700,4.487514495849609
174800,5.660676683698382
174900,3.885772705078125
175000,4.717637062072754
175100,6.296736717224121
175200,3.900388240814209
175300,5.667792510986328
175400,6.179405636257595
175500,4.135188102722168
175600,5.234609285990397
175700,5.002464294433594
175800,4.937395477294922
175900,5.536669413248698
176000,5.372735765245226
176100,3.786294937133789
176200,7.07145881652832
176300,4.480273776584202
176400,5.517005226828835
176500,3.681338446480887
176600,5.108428573608398
176700,5.722138214111328
176800,5.321763038635254
176900,3.627495527267456
177000,5.046141730414496
177100,3.898622785295759
177200,5.890246073404948
177300,4.705843607584636
177400,5.547343327448918
177500,6.504731750488281
177600,5.204906463623047
177700,5.731374220414595
177800,6.193838755289714
177900,3.3280552455357144
178000,5.840391635894775
178100,4.758550371442523
178200,3.6772079467773438
178300,3.2293924604143416
178400,5.758219101849725
178500,4.885780334472656
178600,5.717553456624349
178700,2.9306980768839517
178800,3.1206488609313965
178900,5.536895751953125
179000,4.610786437988281
179100,5.3527044816450635
179200,5.4148687882856885
179300,4.046944427490234
179400,3.4225709097726003
179500,5.8659853254045755
179600,3.360073301527235
179700,4.6991868019104
179800,5.43256308815696
179900,5.72471207838792
180000,5.4731550216674805
17,30.45247000731114
17,13.562907149810027
180100,4.443726348876953
180200,5.6488700866699215
180300,4.772914341517857
180400,2.9692465464274087
180500,4.657599555121528
180600,4.820016479492187
180700,3.3204941749572754
180800,5.4588470458984375
180900,2.987664540608724
181000,4.285263485378689
181100,4.509027004241943
181200,5.929693603515625
181300,4.984921932220459
181400,3.738868077596029
181500,5.193389415740967
181600,4.064100901285808
181700,5.096540451049805
181800,4.9361749128861865
181900,6.3543701171875
182000,4.804478009541829
182100,5.154088020324707
182200,4.243706226348877
182300,3.573437282017299
182400,4.245710372924805
182500,3.3958457946777343
182600,3.527944564819336
182700,5.519562461159446
182800,4.4113105773925785
182900,3.6909920828683034
183000,4.010865211486816
183100,6.151899337768555
183200,3.5533414568219865
183300,4.305301666259766
183400,4.301723798116048
183500,4.096718978881836
183600,5.532164255777995
183700,4.540679931640625
183800,5.672187805175781
183900,3.6612031119210378
184000,5.266603742327009
184100,5.187691497802734
184200,3.8583295345306396
184300,5.015879821777344
184400,5.19893217086792
184500,5.482425689697266
184600,3.221387481689453
184700,4.164681911468506
184800,5.473730904715402
184900,3.572631290980748
185000,4.34459114074707
185100,6.234694004058838
185200,3.99609375
185300,5.852944946289062
185400,5.9154684278700085
185500,4.081605911254883
185600,5.170576095581055
185700,5.172161102294922
185800,4.652719116210937
185900,5.27556398179796
186000,5.122058444552952
186100,3.854907989501953
186200,7.080880165100098
186300,4.9940948486328125
186400,5.597072601318359
186500,3.3466148376464844
186600,4.891923141479492
186700,5.1805419921875
186800,5.07021967569987
186900,4.121555328369141
187000,5.082584804958767
187100,3.7126546587262834
187200,5.811126708984375
187300,4.571379767523871
187400,5.529195345365084
187500,6.40133056640625
187600,5.145552062988282
187700,5.529570839621804
187800,6.111560821533203
187900,3.575404575892857
188000,5.837940692901611
188100,4.798962729317801
188200,4.0516204833984375
188300,3.058732713971819
188400,5.981605529785156
188500,4.72003173828125
188600,5.895343780517578
188700,2.8244495391845703
188800,3.5317633152008057
188900,5.622600208629262
189000,4.884717178344727
189100,5.255237579345703
189200,5.3165903958407315
189300,3.6095901489257813
189400,3.706237248011998
189500,5.427508217947824
189600,3.1796561347113714
189700,4.411111831665039
189800,5.514603354714134
189900,5.6860515887920675
190000,5.782237529754639
18,30.394261864590458
18,13.281715829636559
190100,4.364488983154297
190200,5.043470764160157
190300,4.441660472324917
190400,3.0649941762288413
190500,4.5092052883572045
190600,4.532712300618489
190700,3.2250266075134277
190800,5.383111317952474
190900,3.01326847076416
191000,3.970211876763238
191100,4.6588029861450195
191200,6.4314599609375
191300,4.809717178344727
191400,3.882793426513672
191500,5.133312225341797
191600,4.392158508300781
191700,5.1431884765625
191800,5.20066313310103
191900,6.102186584472657
192000,4.706282297770183
192100,4.914608001708984
192200,3.8844549655914307
192300,3.7384068625313893
192400,4.94768180847168
192500,3.1973752975463867
192600,3.7976734161376955
192700,5.658325888893821
192800,4.408358001708985
192900,3.8353573935372487
193000,4.141899108886719
193100,5.415097713470459
193200,3.4185458592006137
193300,4.165985652378628
193400,4.2124989827473955
193500,4.184116363525391
193600,5.170712365044488
193700,4.563476138644749
193800,5.435356775919597
193900,3.9111058371407643
194000,4.556207384381976
194100,5.018588256835938
194200,4.050995826721191
194300,4.511243057250977
194400,4.918583393096924
194500,5.1791534423828125
194600,3.2666858673095702
194700,4.582777500152588
194800,5.612893785749163
194900,3.534294673374721
195000,4.156208038330078
195100,6.27955961227417
195200,3.943674087524414
195300,5.705069732666016
195400,6.057817671034071
195500,4.211364269256592
195600,5.508345286051433
195700,5.240459060668945
195800,4.812401962280274
195900,5.500237358940972
196000,5.331145816379124
196100,3.7934230168660483
196200,7.047957420349121
196300,4.449165344238281
196400,5.396367853338068
196500,3.4612206050327847
196600,4.979340362548828
196700,5.194144439697266
196800,5.254627227783203
196900,3.631239891052246
197000,5.058097839355469
197100,3.7775611877441406
197200,5.92466672261556
197300,4.566062927246094
197400,5.320071293757512
197500,6.419621276855469
197600,5.083425903320313
197700,5.194392464377663
197800,6.200207392374675
197900,3.442747116088867
198000,5.970306873321533
198100,4.730832781110491
198200,3.8184754507882253
198300,3.0285737173897878
198400,5.8531812780043655
198500,4.7626953125
198600,5.297529220581055
198700,3.0525426864624023
198800,2.9230663776397705
198900,5.731740084561435
199000,4.644317626953125
199100,5.342810197310015
199200,5.6349008733576
199300,3.9940750122070314
199400,3.3797691890171597
199500,5.669839041573661
199600,3.236084408230252
199700,4.407271862030029
199800,5.246271653608843
199900,5.288107065054087
200000,5.445433616638184
19,30.17252681401806
19,13.873295725380656
200100,4.368269348144532
200200,5.18055534362793
200300,4.698691231863839
200400,2.8630126317342124
200500,4.651189592149523
200600,4.605030314127604
200700,3.117210626602173
200800,5.248246828715007
200900,3.2333653767903647
201000,3.7741470336914062
201100,4.511980056762695
201200,6.16736572265625
201300,4.989858150482178
201400,3.743854522705078
201500,4.966382026672363
201600,4.377585728963216
201700,5.068062782287598
201800,5.261043201793324
201900,6.1456653594970705
202000,4.509311993916829
202100,4.841702461242676
202200,3.595447063446045
202300,3.3897666931152344
202400,4.407004165649414
202500,3.2491119384765623
202600,3.578055572509766
202700,5.872759732333097
202800,4.283557510375976
202900,3.8789351327078685
203000,4.276693344116211
203100,5.918797969818115
203200,3.3774632045200894
203300,4.385340826851981
203400,4.278145790100098
203500,4.081853866577148
203600,5.457126193576389
203700,4.476010216606988
203800,5.535259246826172
203900,3.7438883100237166
204000,4.479311261858259
204100,4.992392730712891
204200,3.8748579025268555
204300,4.280130004882812
204400,4.956630706787109
204500,5.578134536743164
204600,3.1910423278808593
204700,4.668915748596191
204800,5.488605499267578
204900,3.5101114000592912
205000,4.26693058013916
205100,6.358583450317383
205200,3.4598913192749023
205300,5.707352066040039
205400,6.253461625840929
205500,4.236884117126465
205600,5.118812561035156
205700,4.957891464233398
205800,4.887787628173828
205900,5.094489203559028
206000,5.132960849338108
206100,3.9839531580607095
206200,7.335748195648193
206300,4.739964379204644
206400,5.441160722212358
206500,3.7177252088274275
206600,4.9075172424316404
206700,5.3732154846191404
206800,5.341084798177083
206900,3.727940082550049
207000,4.860218895806207
207100,3.6950896126883372
207200,5.717507044474284
207300,4.4970813327365455
207400,5.505235525277945
207500,6.375416564941406
207600,5.13458251953125
207700,5.153845700350675
207800,5.778689066569011
207900,3.5615733010428294
208000,6.26014518737793
208100,4.805484771728516
208200,3.831814629690988
208300,2.9457501002720425
208400,5.630475212545956
208500,4.856878280639648
208600,5.108742713928223
208700,2.56734037399292
208800,2.9054484367370605
208900,5.877360950816762
209000,4.530626678466797
209100,5.352569580078125
209200,5.257144234397194
209300,3.8619117736816406
209400,3.4128096444266185
209500,5.473299298967634
209600,3.0587259928385415
209700,4.62542200088501
209800,5.3262082880193535
209900,5.39135976938101
210000,5.53641414642334
20,29.87653201350677
20,13.99998196057261
210100,4.333831787109375
210200,5.025951766967774
210300,4.589999607631138
210400,2.9962310791015625
210500,4.72843763563368
210600,4.779508972167969
210700,3.307579517364502
210800,4.888276735941569
210900,2.9079484939575195
211000,4.761861589219835
211100,4.599857807159424
211200,6.077166137695312
211300,4.747632026672363
211400,3.852781295776367
211500,5.276001453399658
211600,4.171212832132976
211700,4.975701332092285
211800,5.174111799760298
211900,6.113765716552734
212000,4.7414900461832685
212100,4.611693382263184
212200,3.5277347564697266
212300,3.429621015276228
212400,4.2316123962402346
212500,3.1282907485961915
212600,3.3927040100097656
212700,5.66249569979581
212800,4.237587356567383
212900,3.9373681204659596
213000,4.703400135040283
213100,5.799834251403809
213200,3.2585509163992747
213300,3.801556723458426
213400,4.186644872029622
213500,4.020504760742187
213600,5.2511791653103295
213700,4.556425306532118
213800,5.506431579589844
213900,3.381664276123047
214000,4.513463156563895
214100,5.205636596679687
214200,3.6882472038269043
214300,4.250686264038086
214400,5.10455322265625
214500,5.1181840896606445
214600,2.9751861572265623
214700,4.562502861022949
214800,5.587572915213449
214900,3.734043393816267
215000,4.105605125427246
215100,6.3117780685424805
215200,3.6820549964904785
215300,5.813312530517578
215400,6.28495619032118
215500,4.295099258422852
215600,4.952267011006673
215700,5.1743522644042965
215800,4.7841636657714846
215900,5.1599536471896705
216000,4.818656921386719
216100,3.4738852183024087
216200,7.238121032714844
216300,5.142550574408637
216400,5.359304948286577
216500,3.6556573595319475
216600,4.8555351257324215
216700,5.1580970764160154
216800,5.271079699198405
216900,3.915642261505127
217000,4.799004448784722
217100,3.653830119541713
217200,5.733278274536133
217300,4.5098287794325085
217400,5.365363487830529
217500,6.747770690917969
217600,5.124877548217773
217700,5.349028153852983
217800,6.040133794148763
217900,3.2360000610351562
218000,5.872498035430908
218100,4.605751582554409
218200,3.9060745239257812
218300,2.9621118818010603
218400,5.751831952263327
218500,4.802872657775879
218600,5.004917462666829
218700,2.801105499267578
218800,2.781111478805542
218900,6.005430048162287
219000,4.5708168029785154
219100,5.023824865167791
219200,5.362817244096235
219300,3.503574752807617
219400,3.6511241367885043
219500,5.4444699968610495
219600,3.3039347330729165
219700,4.225019454956055
219800,5.2532196044921875
219900,5.8733074481670675
220000,5.223168849945068
21,29.77623779767664
21,14.331761851056763
220100,4.4765068054199215
220200,5.120181655883789
220300,4.6762575422014505
220400,3.0941940943400064
220500,4.691501193576389
220600,4.477512613932292
220700,3.3674769401550293
220800,4.667490005493164
220900,2.9962501525878906
221000,3.7393150329589844
221100,4.573764801025391
221200,5.965532836914062
221300,4.739912033081055
221400,3.561394373575846
221500,5.09801721572876
221600,4.359974543253581
221700,4.922930081685384
221800,5.10883261940696
221900,6.150363540649414
222000,4.733926137288411
222100,4.712926864624023
222200,3.4847893714904785
222300,3.1884002685546875
222400,4.648488616943359
222500,3.369158935546875
222600,3.5962497711181642
222700,5.544990539550781
222800,4.399868392944336
222900,4.110755102975028
223000,4.548145294189453
223100,5.639651775360107
223200,3.239469255719866
223300,4.166346686226981
223400,4.059786478678386
223500,3.941344451904297
223600,5.039293077256945
223700,4.465918646918403
223800,5.604921340942383
223900,3.500422886439732
224000,4.729628426688058
224100,4.94469108581543
224200,3.6577563285827637
224300,4.046475219726562
224400,5.01889705657959
224500,5.292593479156494
224600,3.1193222045898437
224700,4.557950973510742
224800,5.6117144993373325
224900,3.439052309308733
225000,3.8372015953063965
225100,6.082584381103516
225200,3.717909812927246
225300,5.665057754516601
225400,5.983238220214844
225500,4.497566223144531
225600,5.017992337544759
225700,5.274793243408203
225800,5.021847534179687
225900,5.190569559733073
226000,5.19322755601671
226100,3.4329452514648438
226200,7.310687065124512
226300,4.364812639024523
226400,5.408858906139027
226500,3.7276099068777904
226600,4.981295013427735
226700,5.205145645141601
226800,4.968446731567383
226900,3.49143648147583
227000,4.959097120496962
227100,3.5551079341343472
227200,5.893876393636067
227300,4.3502858479817705
227400,5.4857342059795675
227500,6.353702163696289
227600,5.303398132324219
227700,5.350424333052202
227800,5.864496231079102
227900,3.3357445853097096
228000,6.1437788009643555
228100,4.589424678257534
228200,3.6119559151785716
228300,2.9123788561139787
228400,5.837181540096507
228500,4.777422904968262
228600,5.158037185668945
228700,2.5369491577148438
228800,2.6992897987365723
228900,5.534597223455256
229000,4.640126419067383
229100,5.24056660045277
229200,5.647572257302024
229300,3.693109130859375
229400,3.3540333339146207
229500,5.696636199951172
229600,3.262102339002821
229700,5.050197601318359
229800,5.516897028142756
229900,5.659601064828726
230000,5.248076915740967
22,29.62717551254825
22,14.188181600799618
230100,4.254773712158203
230200,5.338082504272461
230300,4.434539249965122
230400,2.9173243840535483
230500,4.741802639431423
230600,4.446829223632813
230700,3.527226448059082
230800,4.550498962402344
230900,3.0107291539510093
231000,3.4960670471191406
231100,4.676054000854492
231200,6.267772216796875
231300,4.813295364379883
231400,3.5294628143310547
231500,5.128870487213135
231600,4.0235592524210615
231700,4.77352778116862
231800,5.593434767289595
231900,6.443947601318359
232000,4.941200256347656
232100,4.9188666343688965
232200,3.8657517433166504
232300,3.014008113316127
232400,4.089916610717774
232500,3.125705909729004
232600,3.4478836059570312
232700,5.47527382590554
232800,4.312895202636719
232900,3.835906437465123
233000,4.412376880645752
233100,5.436804294586182
233200,3.1887779235839844
233300,4.155213492257254
233400,4.064377148946126
233500,4.026272964477539
233600,5.12171385023329
233700,4.266398111979167
233800,5.576768239339192
233900,3.649271011352539
234000,4.483631678989956
234100,5.167369079589844
234200,3.6144652366638184
234300,4.08586540222168
234400,5.113420486450195
234500,5.210549354553223
234600,2.9417306900024416
234700,4.636064052581787
234800,5.480797358921596
234900,3.3422794342041016
235000,4.2741289138793945
235100,5.987480640411377
235200,3.899008274078369
235300,5.509245681762695
235400,5.933048672146267
235500,4.025162696838379
235600,5.0292205810546875
235700,4.971024703979492
235800,4.704604721069336
235900,5.236083560519749
236000,5.284631093343099
236100,3.182313919067383
236200,7.184961795806885
236300,4.7918590969509545
236400,5.343515569513494
236500,3.435083661760603
236600,5.011900329589844
236700,5.022338104248047
236800,5.178564707438151
236900,4.380800247192383
237000,4.690937042236328
237100,3.431055341448103
237200,5.635870615641276
237300,4.758914523654514
237400,5.349638131948618
237500,6.140398406982422
237600,5.171185684204102
237700,5.332934292879972
237800,5.884859720865886
237900,3.24391964503697
238000,5.67900276184082
238100,4.27625002179827
238200,3.5466106959751675
238300,2.9911231994628906
238400,5.948018691119025
238500,4.820267677307129
238600,4.833260218302409
238700,3.033969243367513
238800,2.599864959716797
238900,6.396941445090554
239000,4.606280517578125
239100,5.439387928355824
239200,5.087466846812855
239300,3.5228599548339843
239400,3.966355460030692
239500,5.591187068394253
239600,3.1366390652126737
239700,4.218420028686523
239800,5.168216705322266
239900,5.273948082557092
240000,5.243575096130371
23,29.685682760145895
23,14.593346609000552
240100,4.152256011962891
240200,5.150697326660156
240300,4.373922620500837
240400,3.23968505859375
240500,4.51708984375
240600,4.380443827311198
240700,2.9781436920166016
240800,4.957513173421224
240900,3.154212315877279
241000,3.884601593017578
241100,4.477765083312988
241200,6.05485107421875
241300,4.609879970550537
241400,3.7452475229899087
241500,5.045839309692383
241600,4.056499481201172
241700,4.9548749923706055
241800,5.00293592973189
241900,5.96862678527832
242000,4.8514862060546875
242100,4.87031364440918
242200,3.646172046661377
242300,3.647489275251116
242400,4.292813491821289
242500,3.262379837036133
242600,3.3419090270996095
242700,5.542154485529119
242800,4.277377700805664
242900,3.567908150809152
243000,4.104840278625488
243100,5.547589302062988
243200,3.070492608206613
243300,3.4598846435546875
243400,4.0172913869222
243500,3.9792957305908203
243600,5.025273217095269
243700,4.528970082600911
243800,5.391215642293294
243900,3.667052677699498
244000,4.65937750680106
244100,4.802023315429688
244200,3.4394683837890625
244300,4.026683044433594
244400,4.97635555267334
244500,5.129358768463135
244600,3.00582218170166
244700,4.568687438964844
244800,5.534118107386997
244900,3.691192081996373
245000,4.104207992553711
245100,6.20808219909668
245200,3.6564478874206543
245300,5.549971008300782
245400,5.982029385036892
245500,4.341128349304199
245600,4.744813601175944
245700,5.3030952453613285
245800,4.611940383911133
245900,5.603111690945095
246000,5.273135715060764
246100,3.773371696472168
246200,6.914594650268555
246300,4.2595019870334205
246400,5.342866724187678
246500,3.4432967049734935
246600,4.8568603515625
246700,5.248406600952149
246800,5.253227233886719
246900,3.681375503540039
247000,5.220642513699001
247100,3.391533987862723
247200,5.705699920654297
247300,4.247370825873481
247400,5.228950500488281
247500,6.320903778076172
247600,5.214916229248047
247700,5.103109186345881
247800,5.931493759155273
247900,3.4234515598842075
248000,5.767842769622803
248100,4.369982583182199
248200,3.6624548775809154
248300,2.8156187874930247
248400,6.037350374109605
248500,4.748578071594238
248600,5.4696095784505205
248700,3.0317761103312173
248800,2.5622329711914062
248900,5.593463204123757
249000,4.5800834655761715
249100,5.344609347256747
249200,5.036168185147372
249300,4.058280181884766
249400,3.264368329729353
249500,5.280515398297991
249600,2.8918565114339194
249700,4.093501091003418
249800,5.0450522682883525
249900,5.245464618389423
250000,5.322920322418213
24,29.882989783252704
24,14.787960435479727
