100,8.460580444335937
200,7.364105224609375
300,7.372083391462054
400,5.896949132283528
500,6.9107776217990455
600,6.665294392903646
700,6.394291877746582
800,7.427819569905599
900,5.934669494628906
1000,6.42705323961046
1100,7.040936470031738
1200,6.481027221679687
1300,6.263352394104004
1400,5.609029134114583
1500,6.4348039627075195
1600,6.854974110921224
1700,6.666054407755534
1800,6.367265181107954
1900,6.468779754638672
2000,5.638883590698242
2100,6.1843342781066895
2200,4.803924083709717
2300,6.274398258754185
2400,5.917501068115234
2500,6.098703765869141
2600,5.841485595703125
2700,6.21882421320135
2800,6.1310173034667965
2900,5.926070077078683
3000,8.493386268615723
3100,6.4553680419921875
3200,4.5455322265625
3300,5.961565290178571
3400,6.694226582845052
3500,5.894141387939453
3600,6.332704332139757
3700,6.500351376003689
3800,5.746948877970378
3900,6.013026646205357
4000,5.940262385777065
4100,6.020719146728515
4200,5.77414608001709
4300,5.8561443328857425
4400,6.938292503356934
4500,6.51939582824707
4600,6.525416564941406
4700,5.361608505249023
4800,6.228427342006138
4900,5.821040562220982
5000,6.287745475769043
5100,6.221285820007324
5200,4.791784763336182
5300,6.740843200683594
5400,6.115739186604817
5500,5.687405109405518
5600,6.115552266438802
5700,5.370806884765625
5800,5.775470733642578
5900,6.123256683349609
6000,5.863955179850261
6100,5.645124435424805
6200,8.041424751281738
6300,5.273425632052952
6400,7.242863741787997
6500,4.76972416469029
6600,5.532311248779297
6700,6.554074096679687
6800,5.9915720621744795
6900,5.418276309967041
7000,5.45405748155382
7100,5.662198747907366
7200,6.747631072998047
7300,5.878436618381077
7400,6.192754892202524
7500,7.247689056396484
7600,5.940399932861328
7700,6.33887342973189
7800,9.177748998006185
7900,5.796418326241629
8000,6.1008830070495605
8100,6.7945355006626675
8200,5.700910295758929
8300,4.873497009277344
8400,6.84731247845818
8500,6.586082935333252
8600,6.17775281270345
8700,4.570200602213542
8800,5.297094345092773
8900,6.21959824995561
9000,5.7319793701171875
9100,5.904527143998579
9200,6.314435785466975
9300,5.61126937866211
9400,5.538694654192243
9500,6.591209956577846
9600,5.080590142144097
9700,5.919933319091797
9800,6.494428461248225
9900,5.946058420034555
10000,6.433945655822754
0,52.16004889393335
0,7.046780568764845
10100,6.574774932861328
10200,6.114660263061523
10300,6.588924407958984
10400,3.952521642049154
10500,5.834164937337239
10600,5.362253824869792
10700,4.957965850830078
10800,6.614758173624675
10900,4.673401514689128
11000,6.044490814208984
11100,6.321866035461426
11200,6.128344116210937
11300,6.158663272857666
11400,4.894104639689128
11500,5.852874279022217
11600,5.867911020914714
11700,5.899258295694987
11800,5.751955205743963
11900,6.090936279296875
12000,5.4085439046223955
12100,6.108327388763428
12200,4.191679000854492
12300,5.982028961181641
12400,5.419753646850586
12500,5.0128662109375
12600,5.19665756225586
12700,6.073290738192472
12800,5.555432891845703
12900,5.22606440952846
13000,7.611755847930908
13100,6.119312286376953
13200,4.207500457763672
13300,5.49958256312779
13400,6.044420878092448
13500,5.413589859008789
13600,6.194213443332249
13700,6.217343224419488
13800,5.822503407796224
13900,5.457180568150112
14000,5.842969621930804
14100,5.918014907836914
14200,5.333077907562256
14300,5.578401565551758
14400,6.265230655670166
14500,6.309249401092529
14600,5.872193145751953
14700,5.088437557220459
14800,6.1979473658970425
14900,5.396524701799665
15000,6.161815643310547
15100,6.43068790435791
15200,4.633665084838867
15300,6.315653991699219
15400,5.9487660725911455
15500,5.47543478012085
15600,6.049041112263997
15700,5.483636093139649
15800,5.51661262512207
15900,6.293121337890625
16000,5.957174513075087
16100,5.611826578776042
16200,8.111074447631836
16300,5.218377855088976
16400,7.0431130149147725
16500,4.500367300851004
16600,5.501708602905273
16700,6.387768173217774
16800,5.958140055338542
16900,5.304666996002197
17000,5.331376393636067
17100,5.583368573869977
17200,6.749629974365234
17300,5.825341118706597
17400,6.192452650803786
17500,7.395761871337891
17600,5.863829040527344
17700,6.283503445712003
17800,9.06228256225586
17900,5.372711181640625
18000,6.175946235656738
18100,6.71619633265904
18200,5.661811828613281
18300,4.713490077427456
18400,6.68388905244715
18500,6.446343421936035
18600,6.172529220581055
18700,4.508022944132487
18800,5.117967128753662
18900,6.057520086115057
19000,5.691716003417969
19100,5.787513386119496
19200,6.22370078346946
19300,5.507144927978516
19400,5.324966975620815
19500,6.54779543195452
19600,4.9332457648383246
19700,5.971501350402832
19800,6.439238114790483
19900,5.7590155968299275
20000,6.32806921005249
1,49.31276523210077
1,5.413977102108948
20100,6.409716033935547
20200,6.0193931579589846
20300,6.460959298270089
20400,3.7071812947591147
20500,5.751841227213542
20600,5.234383138020833
20700,4.7463059425354
20800,6.508993148803711
20900,4.597649256388347
21000,5.834428151448567
21100,6.090152740478516
21200,6.049768676757813
21300,6.052234649658203
21400,4.8835798899332685
21500,5.689306259155273
21600,5.742964426676433
21700,5.832440694173177
21800,5.866026444868608
21900,6.122515487670898
22000,5.463480631510417
22100,6.133607864379883
22200,4.119431495666504
22300,5.885168892996652
22400,5.394044494628906
22500,4.9471179962158205
22600,5.1026161193847654
22700,6.088592529296875
22800,5.450706100463867
22900,5.079856872558594
23000,7.388707637786865
23100,6.048494338989258
23200,4.140533992222378
23300,5.281681605747768
23400,5.968965530395508
23500,5.316455078125
23600,6.355973561604817
23700,6.102052476671007
23800,5.915018717447917
23900,5.251137324741909
24000,5.817763192313058
24100,5.8640625
24200,5.277096748352051
24300,5.537564086914062
24400,6.08466100692749
24500,6.204775810241699
24600,5.596402740478515
24700,5.093242645263672
24800,6.1546173095703125
24900,5.272194998604911
25000,5.945435523986816
25100,6.443524360656738
25200,4.600310802459717
25300,6.197460174560547
25400,5.871250576443142
25500,5.367803573608398
25600,5.9976247151692705
25700,5.594136428833008
25800,5.419747161865234
25900,6.267626444498698
26000,5.864249335394965
26100,5.632517496744792
26200,8.08809757232666
26300,5.276243421766493
26400,6.881114612926137
26500,4.375583103724888
26600,5.4531303405761715
26700,6.3086601257324215
26800,5.9365692138671875
26900,5.362273693084717
27000,5.284122043185764
27100,5.530792236328125
27200,6.7295176188151045
27300,5.831498040093316
27400,6.199552095853365
27500,7.451974487304687
27600,5.840618515014649
27700,6.237008528275923
27800,8.847820917765299
27900,5.2425656999860495
28000,6.317374229431152
28100,6.7253570556640625
28200,5.6365846906389505
28300,4.623245784214565
28400,6.659321055692785
28500,6.337963104248047
28600,6.120897928873698
28700,4.446904182434082
28800,5.029824256896973
28900,6.009260697798296
29000,5.669535827636719
29100,5.767079786820845
29200,6.214405406605113
29300,5.527708435058594
29400,5.195945194789341
29500,6.452315194266183
29600,4.854946560329861
29700,5.9713921546936035
29800,6.389371698552912
29900,5.726131145770733
30000,6.253028869628906
2,47.8462770383334
2,4.585863719397319
30100,6.209245300292968
30200,5.945880889892578
30300,6.428167615618024
30400,3.6423718134562173
30500,5.675769382052952
30600,5.250194295247396
30700,4.693765640258789
30800,6.421165466308594
30900,4.562338511149089
31000,5.741036309136285
31100,6.088515758514404
31200,6.04252685546875
31300,5.956869125366211
31400,4.868349711100261
31500,5.574475288391113
31600,5.6201171875
31700,5.779181162516276
31800,5.903474287553267
31900,6.135633087158203
32000,5.461357116699219
32100,6.065829277038574
32200,4.148706912994385
32300,5.682318006243024
32400,5.345510101318359
32500,4.9500892639160154
32600,4.971903991699219
32700,6.077822598544034
32800,5.361127853393555
32900,5.012250627790179
33000,7.229733467102051
33100,5.972691059112549
33200,4.083003997802734
33300,5.200245448521206
33400,5.860799153645833
33500,5.2235107421875
33600,6.3435384962293835
33700,6.068643358018663
33800,5.860808690388997
33900,5.052451542445591
34000,5.820684160505023
34100,5.867787551879883
34200,5.181210517883301
34300,5.499745941162109
34400,5.906909942626953
34500,6.149433612823486
34600,5.498157501220703
34700,5.146663665771484
34800,6.110062735421317
34900,5.14288820539202
35000,5.697776794433594
35100,6.449888229370117
35200,4.527482509613037
35300,6.1722572326660154
35400,5.855342441134983
35500,5.290985584259033
35600,5.997897466023763
35700,5.619947814941407
35800,5.3751373291015625
35900,6.214796278211805
36000,5.8412585788302955
36100,5.442679087320964
36200,8.079607963562012
36300,5.28178236219618
36400,6.837128379128196
36500,4.314216613769531
36600,5.471116638183593
36700,6.075095748901367
36800,5.797569910685222
36900,5.340574264526367
37000,5.258370717366536
37100,5.421288081577846
37200,6.70488166809082
37300,5.762525346544054
37400,6.122698857234075
37500,7.34454116821289
37600,5.833583831787109
37700,6.187236439098012
37800,8.68716557820638
37900,5.105456215994699
38000,6.383583068847656
38100,6.686922890799386
38200,5.605965205601284
38300,4.391810825892857
38400,6.775273940142463
38500,6.331231117248535
38600,6.024008433024089
38700,4.04746659596761
38800,4.839022636413574
38900,6.000975175337358
39000,5.5576530456542965
39100,5.584042635830966
39200,6.272770968350497
39300,5.449365234375
39400,5.083160400390625
39500,6.326321738106864
39600,4.763987223307292
39700,5.692641258239746
39800,6.378381208939985
39900,5.7695136437049275
40000,6.0948052406311035
3,45.52262352394673
3,6.753110742743515
40100,5.660427856445312
40200,5.956963729858399
40300,6.292665209089007
40400,3.4870904286702475
40500,5.5768280029296875
40600,5.2189687093098955
40700,4.6070237159729
40800,6.290772120157878
40900,4.440862973531087
41000,5.654107835557726
41100,6.089942455291748
41200,6.1376025390625
41300,5.849702835083008
41400,4.589824358622233
41500,5.478752613067627
41600,5.599215189615886
41700,5.575517654418945
41800,5.87359619140625
41900,6.049356460571289
42000,5.359657923380534
42100,5.880924224853516
42200,4.4170684814453125
42300,5.4693499973842075
42400,5.247626495361328
42500,4.959307098388672
42600,4.821659088134766
42700,5.993825739080256
42800,5.263838195800782
42900,4.783839634486607
43000,6.895296573638916
43100,5.938147068023682
43200,4.073585510253906
43300,5.238162449428013
43400,5.533486048380534
43500,4.996809005737305
43600,6.0331980387369795
43700,6.050804138183594
43800,5.75400988260905
43900,4.834267207554409
44000,5.695730481828962
44100,5.756324386596679
44200,5.14715051651001
44300,5.29742546081543
44400,5.7238593101501465
44500,6.093688488006592
44600,5.410284423828125
44700,5.005224227905273
44800,6.1082643781389505
44900,4.969144548688616
45000,5.528940200805664
45100,6.409293174743652
45200,4.361891269683838
45300,6.233499908447266
45400,5.943275451660156
45500,5.109687328338623
45600,6.028521219889323
45700,5.481158065795898
45800,5.229139709472657
45900,6.164262135823567
46000,5.765525394015842
46100,5.079841613769531
46200,8.301228523254395
46300,5.179874844021267
46400,6.689126448197798
46500,4.393182754516602
46600,5.335945892333984
46700,5.803113555908203
46800,5.750906626383464
46900,5.119064807891846
47000,5.0808156331380205
47100,5.365267072405134
47200,6.72715695699056
47300,5.773507012261285
47400,6.136607243464543
47500,7.32135238647461
47600,5.895102310180664
47700,6.056385387073863
47800,8.286208470662435
47900,5.143530709402902
48000,6.356762409210205
48100,6.509025028773716
48200,5.395450047084263
48300,4.249281747000558
48400,6.81325486127068
48500,6.390377521514893
48600,5.880635579427083
48700,4.025496164957683
48800,4.649624824523926
48900,5.824341513893821
49000,5.312410736083985
49100,5.667556069113991
49200,6.081147627397017
49300,5.205809783935547
49400,4.958769662039621
49500,6.007834298270089
49600,4.790595160590278
49700,5.598886013031006
49800,6.357581398703835
49900,5.644381009615385
50000,5.868372917175293
4,42.76947221558753
4,7.414172594153004
50100,5.533262252807617
50200,5.967765045166016
50300,6.1867572239467075
50400,3.2544886271158853
50500,5.616240607367621
50600,5.234859720865885
50700,4.281791687011719
50800,6.153855641682942
50900,4.269213358561198
51000,5.394413418240017
51100,5.711667537689209
51200,6.05400390625
51300,5.814949035644531
51400,4.360759417215983
51500,5.4046525955200195
51600,5.462159474690755
51700,5.558748881022136
51800,5.797291148792613
51900,6.036750411987304
52000,5.161609649658203
52100,5.579170227050781
52200,4.578492641448975
52300,5.334617614746094
52400,5.183448410034179
52500,4.887060546875
52600,4.634685516357422
52700,5.91545937278054
52800,5.273445892333984
52900,4.736703055245536
53000,6.609636306762695
53100,5.776922225952148
53200,4.15491703578404
53300,5.156277792794364
53400,5.362973531087239
53500,4.850720596313477
53600,5.766206529405382
53700,5.914070553249783
53800,5.715952555338542
53900,4.476718902587891
54000,5.654245104108538
54100,5.622814559936524
54200,4.979979038238525
54300,5.440157318115235
54400,5.992380142211914
54500,6.066506385803223
54600,5.362735748291016
54700,4.88718318939209
54800,6.011874062674386
54900,4.870418003627232
55000,5.629963397979736
55100,6.439641952514648
55200,4.273044586181641
55300,6.276416778564453
55400,6.098606109619141
55500,5.0580549240112305
55600,6.0165252685546875
55700,5.349321365356445
55800,5.183747863769531
55900,6.310208214653863
56000,5.334873199462891
56100,4.852227210998535
56200,8.195838928222656
56300,5.01690673828125
56400,6.603765314275568
56500,4.184107644217355
56600,5.316950988769531
56700,5.665254974365235
56800,5.799477259318034
56900,4.9287590980529785
57000,5.084865570068359
57100,5.240905216761997
57200,6.854387283325195
57300,5.834401024712457
57400,6.0695941631610575
57500,7.160244750976562
57600,5.934740829467773
57700,6.0430776422674
57800,7.9870351155598955
57900,5.022046770368304
58000,6.416895389556885
58100,6.374000549316406
58200,5.11631829398019
58300,4.07632691519601
58400,6.509868397432215
58500,6.230611801147461
58600,5.63490358988444
58700,3.8569262822469077
58800,4.45595645904541
58900,5.90204481645064
59000,5.315157699584961
59100,5.738072482022372
59200,5.9905783913352275
59300,5.0558422088623045
59400,4.887953622000558
59500,5.860287257603237
59600,4.732477400037977
59700,5.4494147300720215
59800,6.326230135830966
59900,5.661919227013221
60000,5.814501762390137
5,40.98712570431833
5,8.549506210035894
60100,5.548023986816406
60200,5.907387161254883
60300,6.198696681431362
60400,3.12803586324056
60500,5.684854719373915
60600,5.178142293294271
60700,4.040907859802246
60800,6.062211354573567
60900,4.2070668538411455
61000,5.255868275960286
61100,5.560033321380615
61200,6.267162475585938
61300,5.764094829559326
61400,4.242881774902344
61500,5.372594833374023
61600,5.423677444458008
61700,5.462804794311523
61800,5.917430530894887
61900,6.093025970458984
62000,5.080356280008952
62100,5.485124588012695
62200,4.754228115081787
62300,4.996411459786551
62400,5.291370391845703
62500,4.741982650756836
62600,4.406011962890625
62700,5.889631097966975
62800,5.101650238037109
62900,4.733916146414621
63000,6.2910637855529785
63100,5.62207555770874
63200,4.100537436349051
63300,5.131896427699497
63400,5.111335754394531
63500,4.744263458251953
63600,5.781212276882595
63700,5.781588236490886
63800,5.656047185262044
63900,4.348101479666574
64000,5.6401519775390625
64100,5.533580780029297
64200,5.01552677154541
64300,5.334723281860351
64400,5.913661956787109
64500,6.008082389831543
64600,5.212216186523437
64700,4.699186325073242
64800,5.981006622314453
64900,4.756762368338449
65000,5.654148101806641
65100,6.454599380493164
65200,4.222726821899414
65300,6.240153121948242
65400,6.013502332899305
65500,4.934473991394043
65600,6.019558588663737
65700,5.3140308380126955
65800,5.106845855712891
65900,6.371567620171441
66000,5.354586283365886
66100,4.737169901529948
66200,8.026945114135742
66300,4.9038980272081165
66400,6.566844593394887
66500,4.130254473005023
66600,5.152320480346679
66700,5.6104736328125
66800,5.809048334757487
66900,4.7732648849487305
67000,4.946175469292535
67100,5.025841849190848
67200,6.894824345906575
67300,5.675425211588542
67400,5.9388873760516825
67500,7.016919708251953
67600,5.8357597351074215
67700,5.9680869362571025
67800,7.631406784057617
67900,4.875902993338449
68000,6.389280319213867
68100,6.20506831577846
68200,4.926770891462054
68300,4.169441495622907
68400,6.394207225126379
68500,6.085508346557617
68600,5.80929692586263
68700,3.6615219116210938
68800,4.417996406555176
68900,5.907695423473012
69000,5.227023696899414
69100,5.835316051136363
69200,5.950362465598366
69300,4.898429870605469
69400,4.879847935267857
69500,5.808906010219029
69600,4.604238722059462
69700,5.36787223815918
69800,6.160120183771307
69900,5.636229294996995
70000,5.749904155731201
6,39.79897318136747
6,9.420706878110273
70100,5.467785263061524
70200,5.784344100952149
70300,6.1813523428780695
70400,3.0045433044433594
70500,5.659250047471788
70600,5.070721435546875
70700,3.8594210147857666
70800,5.915079752604167
70900,4.224059422810872
71000,5.090035332573785
71100,5.536935806274414
71200,6.243936157226562
71300,5.775975227355957
71400,4.170408248901367
71500,5.2865071296691895
71600,5.187408447265625
71700,5.287272135416667
71800,6.017705743963068
71900,6.191826629638672
72000,5.107394536336263
72100,5.524955749511719
72200,4.813907146453857
72300,4.806770324707031
72400,5.0849353790283205
72500,4.592938995361328
72600,4.19903450012207
72700,5.885301069779829
72800,4.771189117431641
72900,4.5949875967843195
73000,5.924436569213867
73100,5.587435722351074
73200,4.088339124407087
73300,5.010008130754743
73400,4.938412984212239
73500,4.609716796875
73600,5.870185852050781
73700,5.690467410617405
73800,5.605892817179362
73900,4.283133915492466
74000,5.6086562020438055
74100,5.491994094848633
74200,4.90583610534668
74300,5.239577865600586
74400,5.651371955871582
74500,5.980958938598633
74600,5.058555984497071
74700,4.666262149810791
74800,6.0069089617047995
74900,4.762332916259766
75000,5.607518196105957
75100,6.418341159820557
75200,4.072232246398926
75300,6.2235675811767575
75400,6.086553785536024
75500,4.781164646148682
75600,5.989849090576172
75700,5.181497955322266
75800,5.084293365478516
75900,6.302142673068577
76000,5.418762630886501
76100,4.654412587483724
76200,8.019355773925781
76300,4.860986497667101
76400,6.559489857066762
76500,4.092732838221958
76600,4.955596160888672
76700,5.570243835449219
76800,5.741840998331706
76900,4.756190299987793
77000,4.916456858317058
77100,4.830738612583706
77200,6.915398915608724
77300,5.486182742648655
77400,5.79127913254958
77500,6.955668640136719
77600,5.827699279785156
77700,5.881254716352983
77800,7.512276967366536
77900,4.791046687534878
78000,6.3493547439575195
78100,6.039984566824777
78200,4.735322679792132
78300,4.084314618791852
78400,6.290825787712546
78500,6.096505641937256
78600,5.831623077392578
78700,3.5099528630574546
78800,4.32029914855957
78900,5.900947570800781
79000,5.151001358032227
79100,5.824787486683238
79200,5.874856428666548
79300,4.699634552001953
79400,4.765277862548828
79500,5.7420229230608255
79600,4.405528174506293
79700,5.261285781860352
79800,6.032186334783381
79900,5.557438777043269
80000,5.6741228103637695
7,39.04135850709635
7,9.761531902580522
80100,5.419462203979492
80200,5.689037704467774
80300,6.123436519077846
80400,2.939826011657715
80500,5.711673312717014
80600,5.029899597167969
80700,3.7400012016296387
80800,5.759681065877278
80900,4.090123812357585
81000,4.989911821153429
81100,5.304959297180176
81200,6.303530883789063
81300,5.758732795715332
81400,4.114426930745442
81500,5.294309616088867
81600,5.019523938496907
81700,5.243897120157878
81800,5.98117412220348
81900,6.297811508178711
82000,5.132151921590169
82100,5.578055381774902
82200,4.656375885009766
82300,4.698393685477121
82400,4.964379501342774
82500,4.374807739257813
82600,4.085336303710937
82700,5.858360290527344
82800,4.579656600952148
82900,4.53594480242048
83000,5.488246917724609
83100,5.568818092346191
83200,3.8933448791503906
83300,5.120609828404018
83400,4.794383684794108
83500,4.5030559539794925
83600,5.970822652180989
83700,5.641559176974827
83800,5.54788080851237
83900,4.249754769461496
84000,5.528063637869699
84100,5.444701385498047
84200,4.67805290222168
84300,5.051043319702148
84400,5.3490824699401855
84500,5.880396842956543
84600,4.950596618652344
84700,4.628434181213379
84800,5.9230837140764505
84900,4.664827619280134
85000,5.587945938110352
85100,6.4287004470825195
85200,3.912797212600708
85300,6.383581924438476
85400,6.087181091308594
85500,4.731444358825684
85600,5.960145950317383
85700,5.085256958007813
85800,4.957566452026367
85900,6.183086819118923
86000,5.399022844102648
86100,4.566460927327474
86200,7.899610996246338
86300,4.785315619574653
86400,6.499924399636009
86500,4.156805855887277
86600,4.851950836181641
86700,5.564547348022461
86800,5.653929392496745
86900,4.665189266204834
87000,4.881705813937717
87100,4.632480621337891
87200,6.952938079833984
87300,5.38301764594184
87400,5.799831683819111
87500,6.919915008544922
87600,5.815436935424804
87700,5.785306410356001
87800,8.203042348225912
87900,4.681309291294643
88000,6.252931594848633
88100,5.894812447684152
88200,4.578700474330357
88300,3.796918051583426
88400,6.2562861723058365
88500,6.03487491607666
88600,5.848772684733073
88700,3.5950918197631836
88800,4.223624229431152
88900,5.866258101029829
89000,5.049101638793945
89100,5.897943670099432
89200,5.769556912508878
89300,4.4589378356933596
89400,4.661509922572544
89500,5.68707275390625
89600,4.220717536078559
89700,5.1500420570373535
89800,5.94391562721946
89900,5.530728266789363
90000,5.540919780731201
8,38.356131260247174
8,10.23493457481672
90100,5.3689838409423825
90200,5.659025192260742
90300,6.109247480119977
90400,2.8429342905680337
90500,5.51453357272678
90600,5.013810221354166
90700,3.6400814056396484
90800,5.558526357014974
90900,3.9215831756591797
91000,4.950487348768446
91100,5.229088306427002
91200,6.316494140625
91300,5.706727027893066
91400,4.05761178334554
91500,5.233946323394775
91600,4.97808837890625
91700,5.15494441986084
91800,5.948570251464844
91900,6.498619079589844
92000,5.1497297286987305
92100,5.733362197875977
92200,4.486391067504883
92300,4.565207345145089
92400,4.914590835571289
92500,4.263541793823242
92600,4.060581207275391
92700,5.868989424272017
92800,4.5223854064941404
92900,4.417633601597378
93000,5.283149719238281
93100,5.587692737579346
93200,3.848893846784319
93300,4.944886888776507
93400,4.638720830281575
93500,4.405918884277344
93600,5.932945675320095
93700,5.644528283013238
93800,5.396669387817383
93900,4.30656978062221
94000,5.430207388741629
94100,5.369923400878906
94200,4.526061534881592
94300,4.988338470458984
94400,5.089066505432129
94500,5.72790002822876
94600,4.830318450927734
94700,4.518190860748291
94800,5.923036302839007
94900,4.521042960030692
95000,5.383292198181152
95100,6.382096290588379
95200,3.8939995765686035
95300,6.471971893310547
95400,5.7984619140625
95500,4.559747695922852
95600,5.879852294921875
95700,5.040085983276367
95800,4.973263168334961
95900,6.080353630913629
96000,5.240118662516276
96100,4.49949582417806
96200,7.907494068145752
96300,4.690842946370442
96400,6.611246282404119
96500,3.9635347638811385
96600,4.781253051757813
96700,5.510349273681641
96800,5.566537221272786
96900,4.657259941101074
97000,4.772441864013672
97100,4.597512381417411
97200,6.876664479573567
97300,5.202475229899089
97400,5.619680551382212
97500,6.916347503662109
97600,5.839469146728516
97700,5.808224764737216
97800,7.715441385904948
97900,4.577125004359654
98000,6.273221969604492
98100,5.789181845528739
98200,4.441013881138393
98300,3.81606319972447
98400,6.147686677820542
98500,5.935410976409912
98600,5.869431813557942
98700,3.5506807963053384
98800,4.153669834136963
98900,5.774877374822443
99000,4.942251586914063
99100,5.825673883611506
99200,5.782658316872337
99300,4.283417510986328
99400,4.577817644391741
99500,5.638832637241909
99600,4.131944868299696
99700,4.962920188903809
99800,5.846072110262784
99900,5.434072641225962
100000,5.4234137535095215
9,38.11577091086843
9,10.56654282456908
100100,5.231661224365235
100200,5.7496685028076175
100300,6.09502683367048
100400,2.725306193033854
100500,5.3366199069552955
100600,4.939888509114583
100700,3.551332950592041
100800,5.368689219156901
100900,3.7893218994140625
101000,4.880741543240017
101100,5.248548984527588
101200,6.386554565429687
101300,5.634834289550781
101400,4.001370112101237
101500,5.255626678466797
101600,4.908302307128906
101700,5.195955594380696
101800,5.8016908819025215
101900,6.591728210449219
102000,5.185153007507324
102100,5.721259117126465
102200,4.342668533325195
102300,4.450956072126116
102400,4.806078720092773
102500,4.078375625610351
102600,3.985148239135742
102700,5.811173872514204
102800,4.4526622772216795
102900,4.3460589817592075
103000,5.084434509277344
103100,5.552399635314941
103200,3.8520001002720425
103300,4.819746834891183
103400,4.5149838129679365
103500,4.324203109741211
103600,5.945705837673611
103700,5.656920539008246
103800,5.353182474772136
103900,4.26165281023298
104000,5.329200744628906
104100,5.304568481445313
104200,4.449342727661133
104300,4.850381469726562
104400,4.861319541931152
104500,5.757330417633057
104600,4.708438110351563
104700,4.3971662521362305
104800,5.9228635515485495
104900,4.465455736432757
105000,5.289432048797607
105100,6.363974094390869
105200,3.889409065246582
105300,6.34356803894043
105400,5.728610568576389
105500,4.465317726135254
105600,5.720831553141276
105700,4.954971694946289
105800,4.916432952880859
105900,5.941294352213542
106000,5.039320627848308
106100,4.480997721354167
106200,7.862975120544434
106300,4.678351084391276
106400,6.587257385253906
106500,3.722525187901088
106600,4.820030212402344
106700,5.58419189453125
106800,5.553371429443359
106900,4.4441752433776855
107000,4.614309522840712
107100,4.459423065185547
107200,6.892029444376628
107300,5.048310173882379
107400,5.543117229755108
107500,6.885865020751953
107600,5.978112030029297
107700,5.809371601451527
107800,7.455776850382487
107900,4.631877354213169
108000,6.3111677169799805
108100,5.687008993966239
108200,4.328566414969308
108300,3.848015376499721
108400,5.9939718807444855
108500,5.624152183532715
108600,5.851880391438802
108700,3.4359668095906577
108800,4.15854024887085
108900,5.717682231556285
109000,4.9707695007324215
109100,5.776982047341087
109200,5.752166054465554
109300,4.134015274047852
109400,4.598854609898159
109500,5.764519827706473
109600,4.0482970343695746
109700,4.840790748596191
109800,5.797244332053444
109900,5.268686147836538
110000,5.399996280670166
10,37.620395424303
10,11.048357937115433
110100,5.159972381591797
110200,5.829873275756836
110300,6.114036560058594
110400,2.6985111236572266
110500,5.269348992241754
110600,4.86770273844401
110700,3.5105807781219482
110800,5.2257124582926435
110900,3.625268300374349
111000,4.8731871710883246
111100,5.156113624572754
111200,6.311580810546875
111300,5.565070152282715
111400,3.8724152247111
111500,5.228565692901611
111600,4.805618604024251
111700,5.019446055094401
111800,5.719191117720171
111900,6.538301086425781
112000,5.13137944539388
112100,5.7043986320495605
112200,4.130975723266602
112300,4.325260707310268
112400,4.69920539855957
112500,3.909809112548828
112600,3.845165252685547
112700,5.961320356889204
112800,4.358771514892578
112900,4.172204426356724
113000,4.919154644012451
113100,5.539355278015137
113200,3.767502920968192
113300,4.623588562011719
113400,4.434902509053548
113500,4.217312622070312
113600,5.747206793891059
113700,5.677244822184245
113800,5.337563832600911
113900,4.590171813964844
114000,5.279632023402622
114100,5.240016174316406
114200,4.351984977722168
114300,4.686205673217773
114400,4.615516185760498
114500,5.595865249633789
114600,4.527178955078125
114700,4.294497013092041
114800,5.887118748256138
114900,4.301713126046317
115000,5.493254661560059
115100,6.5158796310424805
115200,3.9988386631011963
115300,6.128559494018555
115400,5.71900388929579
115500,4.374129295349121
115600,5.866247177124023
115700,4.880870819091797
115800,4.973737716674805
115900,5.903011745876736
116000,4.925132751464844
116100,4.525616963704427
116200,7.777760982513428
116300,4.4920065138075085
116400,6.534975225275213
116500,3.593787057059152
116600,4.828976440429687
116700,5.664847183227539
116800,5.559499104817708
116900,4.1365485191345215
117000,4.642817603217231
117100,4.385143280029297
117200,6.783275604248047
117300,5.066138797336155
117400,5.549035292405349
117500,6.72989501953125
117600,6.028810501098633
117700,5.685025995427912
117800,7.293610254923503
117900,4.250817980085101
118000,6.3739190101623535
118100,5.602408817836216
118200,4.223081588745117
118300,3.780627931867327
118400,6.017850539263557
118500,5.496240139007568
118600,5.888065338134766
118700,3.2711970011393228
118800,4.178430080413818
118900,5.77718075838956
119000,4.981057357788086
119100,5.611073580655185
119200,5.695492484352806
119300,3.988550567626953
119400,4.870693206787109
119500,5.673818860735212
119600,3.972012413872613
119700,4.733969688415527
119800,5.735291914506392
119900,5.303044245793269
120000,5.379828453063965
11,36.89652171208564
11,11.841169474835347
120100,5.122383880615234
120200,5.715367126464844
120300,6.000430515834263
120400,2.7030232747395835
120500,5.189578586154514
120600,4.913972981770834
120700,3.444305181503296
120800,5.07672119140625
120900,3.4625110626220703
121000,4.886475880940755
121100,5.111642837524414
121200,6.3994512939453125
121300,5.526654243469238
121400,3.796156565348307
121500,5.206463813781738
121600,4.847614606221517
121700,4.858553250630696
121800,5.701366077769887
121900,6.512663269042969
122000,5.096680641174316
122100,5.759934425354004
122200,3.8609206676483154
122300,4.159017835344587
122400,4.748260116577148
122500,3.866627502441406
122600,3.708171844482422
122700,5.992396961558949
122800,4.28026237487793
122900,4.078595842633929
123000,4.797055721282959
123100,5.470949172973633
123200,3.8078204563685825
123300,4.593170166015625
123400,4.330239295959473
123500,4.131542205810547
123600,5.717492421468099
123700,5.603841993543837
123800,5.260094006856282
123900,4.64179447719029
124000,5.252434321812221
124100,5.286587524414062
124200,4.208682060241699
124300,4.6055339813232425
124400,4.342061996459961
124500,5.431281566619873
124600,4.433879470825195
124700,4.251341819763184
124800,5.957681383405413
124900,4.426804678780692
125000,5.008673667907715
125100,6.3612895011901855
125200,4.0122480392456055
125300,6.105303955078125
125400,5.61299302842882
125500,4.298274040222168
125600,5.698310216267903
125700,4.768912506103516
125800,5.008441543579101
125900,5.7774331834581165
126000,4.8410186767578125
126100,4.496430079142253
126200,7.651471138000488
126300,4.37744140625
126400,6.595424305308949
126500,3.5592940194266185
126600,4.834087371826172
126700,5.492486572265625
126800,5.587996164957683
126900,4.1981916427612305
127000,4.601763407389323
127100,4.534234455653599
127200,6.55332628885905
127300,5.183163960774739
127400,5.4031207744891825
127500,6.607807922363281
127600,6.0859619140625
127700,5.656407442959872
127800,7.015154520670573
127900,3.918999808175223
128000,6.433049201965332
128100,5.6523927961077005
128200,4.100817544119699
128300,3.648299353463309
128400,5.831624199362362
128500,5.34131383895874
128600,5.767955144246419
128700,3.1400022506713867
128800,4.046964645385742
128900,5.773917111483487
129000,4.878399658203125
129100,5.684743707830256
129200,5.640519575639204
129300,3.9233875274658203
129400,4.852507455008371
129500,5.6394500732421875
129600,4.006690555148655
129700,4.707266330718994
129800,5.779023950750178
129900,5.181676424466646
130000,5.4082722663879395
12,36.708396609673315
12,12.175399710821242
130100,4.962518310546875
130200,5.796642303466797
130300,5.862489427839007
130400,2.7137349446614585
130500,4.991680569118923
130600,5.113039143880209
130700,3.3682913780212402
130800,4.97866694132487
130900,3.3173065185546875
131000,4.958678351508246
131100,5.1813435554504395
131200,6.5228515625
131300,5.490653038024902
131400,3.7757136027018228
131500,5.179872989654541
131600,4.832508722941081
131700,4.798704147338867
131800,5.517687710848722
131900,6.444316864013672
132000,5.203959782918294
132100,5.75330924987793
132200,3.756598949432373
132300,3.9727270943777904
132400,4.649636077880859
132500,3.711717987060547
132600,3.680933380126953
132700,5.996104847301137
132800,4.324112319946289
132900,3.950152260916574
133000,4.632360935211182
133100,5.570494174957275
133200,3.6323070526123047
133300,4.707550048828125
133400,4.292812983194987
133500,4.085826873779297
133600,5.70993889702691
133700,5.567831675211589
133800,5.233395258585612
133900,4.580538068498884
134000,5.1425645010811945
134100,5.124162673950195
134200,4.147479057312012
134300,4.587734985351562
134400,4.195925712585449
134500,5.345370292663574
134600,4.197632598876953
134700,4.262949466705322
134800,5.903751373291016
134900,4.402141571044922
135000,4.681478500366211
135100,6.174306869506836
135200,3.870835304260254
135300,6.0559947967529295
135400,5.591515011257595
135500,4.206360816955566
135600,5.720696767171224
135700,4.788307189941406
135800,5.080870056152344
135900,5.703847249348958
136000,4.868194580078125
136100,4.398964881896973
136200,7.536159992218018
136300,4.25698979695638
136400,6.1598968505859375
136500,3.6246681213378906
136600,4.715949249267578
136700,5.5249382019042965
136800,5.449562072753906
136900,3.9621150493621826
137000,4.558644612630208
137100,4.367728642054966
137200,6.439465840657552
137300,5.009202745225695
137400,5.490599412184495
137500,6.515966796875
137600,6.037126159667968
137700,5.655851190740412
137800,7.147032419840495
137900,3.7692151750837053
138000,6.448078155517578
138100,5.6198577880859375
138200,4.0367551531110495
138300,3.6061417715890065
138400,5.887478099149816
138500,5.277530670166016
138600,5.726612726847331
138700,2.762131373087565
138800,3.9160470962524414
138900,5.85319033536044
139000,4.890896224975586
139100,5.727686795321378
139200,5.50189833207564
139300,3.753147506713867
139400,4.747059413364956
139500,5.814725603376116
139600,3.863062964545356
139700,4.724052906036377
139800,5.8026275634765625
139900,5.0806133563701925
140000,5.351362228393555
13,37.12299275308425
13,12.800856005701347
140100,4.848488616943359
140200,5.7019695281982425
140300,5.790100642613003
140400,2.6986125310262046
140500,5.335350036621094
140600,5.020088704427083
140700,3.262798309326172
140800,4.923235257466634
140900,3.2088902791341147
141000,4.998625013563368
141100,5.172758102416992
141200,6.638732299804688
141300,5.401310443878174
141400,3.720099767049154
141500,5.272067070007324
141600,4.940814971923828
141700,4.7552080154418945
141800,5.398268959738991
141900,6.549465942382812
142000,5.039129892985026
142100,5.49966287612915
142200,3.8238728046417236
142300,3.9358242579868863
142400,4.620391845703125
142500,3.5709957122802733
142600,3.7277366638183596
142700,5.6913930719549
142800,4.212740325927735
142900,3.9305627005440846
143000,4.512263298034668
143100,5.35693359375
143200,3.4100674220493863
143300,4.662637438092913
143400,4.254881540934245
143500,4.044608688354492
143600,5.4819662306043835
143700,5.559991624620226
143800,5.168694496154785
143900,4.671907697405134
144000,5.013064248221261
144100,5.197289276123047
144200,4.107238292694092
144300,4.547743225097657
144400,4.012029647827148
144500,5.3067803382873535
144600,4.173279571533203
144700,4.144658088684082
144800,5.853446960449219
144900,4.167302812848773
145000,4.344141006469727
145100,6.080628395080566
145200,3.891106128692627
145300,6.159539031982422
145400,5.4948548210991754
145500,4.295172214508057
145600,5.698632558186849
145700,4.716286849975586
145800,5.189383316040039
145900,5.564950731065538
146000,4.811439514160156
146100,4.436553955078125
146200,7.563531875610352
146300,4.295867072211371
146400,6.283877286044034
146500,3.4161758422851562
146600,4.629766464233398
146700,5.480265808105469
146800,5.706963221232097
146900,3.7689778804779053
147000,4.532119327121311
147100,4.338041305541992
147200,6.410972595214844
147300,5.09025404188368
147400,5.423211904672476
147500,6.554063415527343
147600,6.153964233398438
147700,5.553737640380859
147800,6.92118771870931
147900,3.5938668932233537
148000,6.582297325134277
148100,5.365363529750279
148200,4.473544529506138
148300,3.788343974522182
148400,5.990336249856388
148500,5.373614311218262
148600,5.528602600097656
148700,2.8495006561279297
148800,4.113332271575928
148900,5.701554038307884
149000,5.0194450378417965
149100,5.6732635498046875
149200,5.405525207519531
149300,3.662307357788086
149400,4.837528773716518
149500,5.533268519810268
149600,3.7719599405924478
149700,4.5558695793151855
149800,5.782082991166548
149900,5.1935565655048075
150000,5.3606133460998535
14,36.8545836883405
14,12.371716002724815
150100,4.755159759521485
150200,5.7545825958251955
150300,5.681550707135882
150400,2.6056113243103027
150500,4.621234893798828
150600,4.645699564615885
150700,3.245079517364502
150800,4.82158088684082
150900,3.5464655558268228
151000,4.997111002604167
151100,5.131648063659668
151200,6.6653900146484375
151300,5.316571235656738
151400,3.6843668619791665
151500,5.174115180969238
151600,4.860259056091309
151700,4.826186180114746
151800,5.287952769886363
151900,6.432862854003906
152000,4.810239473978679
152100,5.463712692260742
152200,3.815659523010254
152300,3.9897351946149553
152400,4.623028182983399
152500,3.5127944946289062
152600,3.824781036376953
152700,5.6066977761008525
152800,4.740555191040039
152900,3.9281343732561385
153000,4.352014541625977
153100,5.354014873504639
153200,3.7813317435128346
153300,4.25831549508231
153400,4.182282129923503
153500,4.006757354736328
153600,5.344081454806858
153700,5.691712273491754
153800,5.116682370503743
153900,4.496151515415737
154000,4.92463139125279
154100,5.1121337890625
154200,3.99477481842041
154300,4.415628814697266
154400,4.02352237701416
154500,5.215253829956055
154600,4.139628601074219
154700,4.231433868408203
154800,5.859798976353237
154900,4.354637690952846
155000,4.159334659576416
155100,6.059372425079346
155200,3.925950288772583
155300,5.749813842773437
155400,5.732699500189887
155500,4.309815406799316
155600,5.699075063069661
155700,4.699731826782227
155800,5.112840270996093
155900,5.437060885959202
156000,5.028177473280165
156100,4.332900683085124
156200,7.558493614196777
156300,4.294188605414496
156400,6.101826060901988
156500,3.268963950020926
156600,4.664889144897461
156700,5.477083206176758
156800,5.563080469767253
156900,3.6891167163848877
157000,4.555979834662543
157100,4.227967398507254
157200,6.577401479085286
157300,4.871684180365668
157400,5.42576188307542
157500,6.588169860839844
157600,6.29073486328125
157700,5.5371152704412285
157800,6.910247802734375
157900,3.3978985377720425
158000,6.556622505187988
158100,5.307977403913226
158200,3.8399759020124162
158300,3.704120091029576
158400,5.799569073845358
158500,5.37230110168457
158600,5.561714172363281
158700,2.7025623321533203
158800,4.312472820281982
158900,5.821207219904119
159000,4.919849014282226
159100,5.781089782714844
159200,5.395714846524325
159300,3.6964317321777345
159400,4.769529070172991
159500,5.72771235874721
159600,3.701265123155382
159700,4.800706386566162
159800,5.684473211115057
159900,5.059083791879507
160000,5.232863903045654
15,36.80523346919155
15,13.350257491511602
160100,4.659139251708984
160200,5.627396774291992
160300,5.491553170340402
160400,2.5492893854777017
160500,4.505182478162977
160600,4.603050231933594
160700,3.331941843032837
160800,4.8312021891276045
160900,3.9535627365112305
161000,4.988673739963108
161100,4.719208240509033
161200,6.599137573242188
161300,5.32765007019043
161400,3.663029670715332
161500,5.2374091148376465
161600,4.880896250406901
161700,4.788650830586751
161800,5.426404086026278
161900,6.500698089599609
162000,4.829358418782552
162100,5.477294921875
162200,3.5719971656799316
162300,3.796999522617885
162400,4.600242233276367
162500,3.3879768371582033
162600,3.713838577270508
162700,5.768524169921875
162800,4.410685729980469
162900,3.67125974382673
163000,4.293295860290527
163100,5.186075210571289
163200,3.244037083217076
163300,4.25799696786063
163400,4.162132263183594
163500,3.902777099609375
163600,5.4311502244737415
163700,5.723921457926433
163800,5.130395253499349
163900,4.351048060825893
164000,4.987580435616629
164100,5.0845787048339846
164200,3.935352325439453
164300,4.370150375366211
164400,3.8345062732696533
164500,5.177962303161621
164600,4.1429283142089846
164700,4.1013922691345215
164800,5.943968091692243
164900,3.6053003583635603
165000,4.04155158996582
165100,6.091459274291992
165200,3.780350685119629
165300,5.761436843872071
165400,5.722281985812717
165500,4.103537082672119
165600,5.546143849690755
165700,4.7028350830078125
165800,5.114997100830078
165900,5.622399648030599
166000,4.936570061577691
166100,4.37047004699707
166200,7.4178900718688965
166300,4.115359412299262
166400,5.854443636807528
166500,3.5532523563929965
166600,4.509468078613281
166700,5.376564025878906
166800,5.476808547973633
166900,3.570326805114746
167000,4.583986918131511
167100,4.114891052246094
167200,6.4842580159505205
167300,4.8055572509765625
167400,5.314493619478666
167500,6.454506683349609
167600,6.156089782714844
167700,5.511403170498935
167800,7.084815343221028
167900,3.2485482352120534
168000,6.6439290046691895
168100,5.209436689104352
168200,4.2275188991001675
168300,3.8080765860421315
168400,5.6664868523092835
168500,5.253909587860107
168600,5.637889226277669
168700,2.8280394872029624
168800,4.175704002380371
168900,5.632916537198153
169000,4.910462951660156
169100,5.692448702725497
169200,5.257829839533025
169300,3.7440727233886717
169400,4.916771480015346
169500,5.344676971435547
169600,3.778831058078342
169700,4.501958847045898
169800,5.686570601029829
169900,5.25970224233774
170000,5.2840471267700195
16,36.375543855230475
16,13.476140637636128
170100,4.648348999023438
170200,5.6492561340332035
170300,5.722165243966239
170400,2.6670379638671875
170500,4.727127922905816
170600,4.509894307454427
170700,3.1439032554626465
170800,4.752700169881185
170900,2.928921381632487
171000,4.891129387749566
171100,4.688473701477051
171200,6.894203491210938
171300,5.264998435974121
171400,3.6373233795166016
171500,5.157865524291992
171600,4.854572931925456
171700,5.044765790303548
171800,4.965449593283913
171900,6.4758049011230465
172000,4.746759414672852
172100,5.357428073883057
172200,3.433335781097412
172300,3.8073057447160994
172400,4.663639831542969
172500,3.606017303466797
172600,3.516925811767578
172700,5.8972036188299
172800,4.391479873657227
172900,3.5090882437569753
173000,4.2217607498168945
173100,5.118300437927246
173200,3.6104638235909596
173300,3.7930733816964284
173400,4.195380210876465
173500,3.8996810913085938
173600,5.170187632242839
173700,5.432544708251953
173800,5.034423192342122
173900,4.173605237688337
174000,5.056579044886997
174100,5.082122802734375
174200,4.046840190887451
174300,4.301133346557617
174400,4.002157688140869
174500,5.081810474395752
174600,4.064719390869141
174700,3.951451063156128
174800,5.911684853690011
174900,3.5713789803641185
175000,3.999460220336914
175100,6.032193183898926
175200,3.42134952545166
175300,5.441809463500976
175400,5.657115088568793
175500,4.162009239196777
175600,5.686073939005534
175700,4.681759262084961
175800,5.016339492797852
175900,5.399307674831814
176000,4.889091491699219
176100,4.239678700764974
176200,7.486367702484131
176300,3.7801606920030384
176400,5.86151747270064
176500,3.399650846208845
176600,4.564516830444336
176700,5.382203674316406
176800,5.401782989501953
176900,3.744591474533081
177000,4.392117818196614
177100,4.080074310302734
177200,6.454360326131185
177300,5.190636105007595
177400,5.337230975811298
177500,6.702007293701172
177600,6.486355590820312
177700,5.621124961159446
177800,6.31484858194987
177900,3.2963074275425504
178000,6.646632671356201
178100,5.112641470772879
178200,4.1323427472795755
178300,3.639929635184152
178400,5.688583822811351
178500,5.1343994140625
178600,5.773418426513672
178700,2.581416924794515
178800,3.9685277938842773
178900,5.59320068359375
179000,4.972954559326172
179100,5.633337541060015
179200,5.45531567660245
179300,3.5441055297851562
179400,5.111598423549107
179500,5.230127062116351
179600,3.7159754435221353
179700,4.496391296386719
179800,5.5567238547585225
179900,5.009128277118389
180000,5.334786415100098
17,37.63988416273818
17,13.649328074286233
180100,4.571804046630859
180200,5.530141448974609
180300,5.2083233424595425
180400,2.6107667287190757
180500,4.715831756591797
180600,4.495770772298177
180700,3.3707685470581055
180800,5.091566721598308
180900,3.11473019917806
181000,4.8811696370442705
181100,4.661027431488037
181200,6.431658935546875
181300,5.288565635681152
181400,3.6291144688924155
181500,5.163131237030029
181600,4.937358220418294
181700,4.690196990966797
181800,5.2271107760342685
181900,6.173328399658203
182000,4.639432907104492
182100,5.250445365905762
182200,3.421351909637451
182300,3.469922201974051
182400,4.56670913696289
182500,3.3014488220214844
182600,3.5823978424072265
182700,5.738185882568359
182800,4.292645645141602
182900,3.450130190168108
183000,4.074693202972412
183100,5.1067914962768555
183200,3.2918128967285156
183300,3.8562254224504744
183400,4.2044932047526045
183500,4.171359252929688
183600,5.129546695285374
183700,5.463863796657986
183800,5.189360618591309
183900,4.270282472882952
184000,4.795338221958706
184100,5.004367065429688
184200,4.057868480682373
184300,4.666449737548828
184400,3.792459011077881
184500,5.0712571144104
184600,4.934593200683594
184700,3.949824333190918
184800,5.716346740722656
184900,3.454479762486049
185000,3.794182062149048
185100,5.958231449127197
185200,3.212580680847168
185300,5.435797119140625
185400,5.417593638102214
185500,4.126584053039551
185600,5.3924134572347
185700,4.672058486938477
185800,4.9765373229980465
185900,5.463611602783203
186000,5.0470123291015625
186100,4.352342923482259
186200,7.3842644691467285
186300,4.093883514404297
186400,5.6748435280539775
186500,3.460724421909877
186600,4.751493453979492
186700,5.369479751586914
186800,5.333712259928386
186900,3.472898483276367
187000,4.512120140923394
187100,4.018640790666852
187200,6.4651743570963545
187300,5.360176086425781
187400,5.394721397986779
187500,6.724522399902344
187600,6.429399108886718
187700,5.477258855646307
187800,6.295111974080403
187900,3.115006583077567
188000,6.698729038238525
188100,5.071131025041852
188200,4.274628775460379
188300,3.0303660801478793
188400,5.605826882755055
188500,5.370982646942139
188600,5.642490386962891
188700,2.684398333231608
188800,3.8391575813293457
188900,5.60393593528054
189000,4.895801162719726
189100,5.534251819957387
189200,5.248021212491122
189300,3.4192867279052734
189400,4.899855477469308
189500,5.193623134068081
189600,3.8200755649142795
189700,4.406064510345459
189800,5.321113933216441
189900,5.432226914625901
190000,5.193392753601074
18,37.645788339431725
18,14.209549945621314
190100,4.463622283935547
190200,5.4813682556152346
190300,5.187211172921317
190400,2.817617416381836
190500,4.6567272610134545
190600,4.378733825683594
190700,3.5071146488189697
190800,4.564411481221517
190900,2.85845947265625
191000,4.492306179470486
191100,4.679526329040527
191200,6.474891967773438
191300,5.318574905395508
191400,3.481299082438151
191500,5.138008117675781
191600,4.847984949747722
191700,4.649227142333984
191800,4.937755931507457
191900,6.459868621826172
192000,4.418540954589844
192100,5.299004077911377
192200,3.3657517433166504
192300,3.389204842703683
192400,4.889918518066406
192500,3.064168167114258
192600,3.7516925811767576
192700,5.805478182705966
192800,4.17621078491211
192900,3.390710013253348
193000,3.935394525527954
193100,4.9332780838012695
193200,3.367730276925223
193300,3.9451441083635603
193400,4.259340286254883
193500,3.778762435913086
193600,5.108100043402778
193700,5.321228875054254
193800,4.889670054117839
193900,4.484029497419085
194000,4.829202924455915
194100,4.9349815368652346
194200,3.9039015769958496
194300,4.636752319335938
194400,3.630633592605591
194500,4.934138774871826
194600,3.7907745361328127
194700,3.900179386138916
194800,5.8825225830078125
194900,3.5624188014439175
195000,3.6807334423065186
195100,6.154476642608643
195200,3.2269363403320312
195300,5.334159851074219
195400,5.275482601589626
195500,4.1598734855651855
195600,5.548430760701497
195700,4.582047653198242
195800,4.983948516845703
195900,5.46426518758138
196000,5.361830817328559
196100,4.149341583251953
196200,7.214156150817871
196300,3.665928734673394
196400,5.757341211492365
196500,3.4447825295584544
196600,4.570457839965821
196700,5.18249740600586
196800,5.375680287679036
196900,3.5774269104003906
197000,4.348968505859375
197100,3.9043551853724887
197200,6.481389999389648
197300,4.735460493299696
197400,5.269725506122295
197500,6.3946887969970705
197600,6.2689769744873045
197700,5.4721738641912285
197800,6.038092295328776
197900,3.0348118373325894
198000,6.848082065582275
198100,4.897248949323382
198200,4.610913412911551
198300,3.3186890738351003
198400,5.4941410737879135
198500,5.501587867736816
198600,5.876417795817058
198700,2.4507177670796714
198800,3.8305859565734863
198900,5.661415100097656
199000,4.8690448760986325
199100,5.5828562649813565
199200,5.118331215598366
199300,3.3276741027832033
199400,4.835372379847935
199500,5.117676871163504
199600,3.4704246520996094
199700,4.316952228546143
199800,5.180964036421343
199900,5.307975182166467
200000,5.171501159667969
19,37.82969635698072
19,14.204524927581904
200100,4.39000129699707
200200,5.731643295288086
200300,5.396561758858817
200400,2.717392603556315
200500,4.063667297363281
200600,4.514913940429688
200700,3.006761312484741
200800,5.401559193929036
200900,2.765235265096029
201000,4.441657172309028
201100,4.573365688323975
201200,6.229736328125
201300,5.308776378631592
201400,3.53874142964681
201500,5.1738433837890625
201600,4.883908589680989
201700,4.713388442993164
201800,4.709809736772017
201900,6.348443603515625
202000,4.471183141072591
202100,5.24440336227417
202200,3.1056413650512695
202300,3.2373134068080356
202400,4.578368759155273
202500,3.0269018173217774
202600,3.6573020935058596
202700,5.683936379172585
202800,4.210427093505859
202900,3.323817116873605
203000,3.820716619491577
203100,4.9288177490234375
203200,3.164595467703683
203300,3.643693106515067
203400,4.193836212158203
203500,3.7834095001220702
203600,5.185103098551433
203700,5.158075544569227
203800,5.273983001708984
203900,4.130551201956613
204000,4.902271815708706
204100,4.737647247314453
204200,3.828204870223999
204300,4.958795547485352
204400,3.5736217498779297
204500,4.843547821044922
204600,4.079852294921875
204700,3.849215030670166
204800,5.705644880022321
204900,3.717487335205078
205000,3.5422582626342773
205100,6.094147682189941
205200,3.1323792934417725
205300,5.790390396118164
205400,5.56617185804579
205500,4.096384048461914
205600,5.561875661214192
205700,4.752573776245117
205800,4.976133346557617
205900,5.130115085177952
206000,4.953114403618707
206100,4.06924565633138
206200,7.155723571777344
206300,3.5368951161702475
206400,5.903555436567827
206500,3.3218465532575334
206600,4.574351119995117
206700,5.091500854492187
206800,4.996865272521973
206900,3.6768178939819336
207000,4.626693301730686
207100,3.930528368268694
207200,6.726751327514648
207300,4.9866833157009545
207400,5.305210993840144
207500,6.366798400878906
207600,5.893412017822266
207700,5.484552556818182
207800,5.760522206624349
207900,3.159839085170201
208000,6.673004150390625
208100,4.780235290527344
208200,4.419914518083845
208300,2.850102015904018
208400,5.405886481789982
208500,4.9836835861206055
208600,5.571736653645833
208700,2.3790763219197593
208800,3.589588165283203
208900,5.614812330766157
209000,5.0279796600341795
209100,5.689997239546343
209200,5.138839028098366
209300,3.120402526855469
209400,5.054068429129464
209500,5.074977329799107
209600,3.4169235229492188
209700,4.537012577056885
209800,5.25507909601385
209900,5.026202862079327
210000,5.240231513977051
20,37.66556197680152
20,13.662634411509837
210100,4.363507080078125
210200,5.122491836547852
210300,5.178278241838727
210400,3.057600975036621
210500,4.416804419623481
210600,4.424168395996094
210700,3.1714258193969727
210800,4.63090451558431
210900,2.5767768224080405
211000,4.348725212944879
211100,4.535007476806641
211200,6.27948486328125
211300,5.426008224487305
211400,3.4722728729248047
211500,5.082907676696777
211600,4.709288279215495
211700,4.664765357971191
211800,4.860635237260298
211900,6.048908233642578
212000,4.261569658915202
212100,5.252536773681641
212200,2.863645553588867
212300,3.1420811244419644
212400,4.547851181030273
212500,2.908683013916016
212600,3.629938507080078
212700,5.815492803400213
212800,4.081468963623047
212900,3.2364115033830916
213000,3.812120199203491
213100,4.954901695251465
213200,3.0092337472098216
213300,4.201561519077846
213400,4.201455434163411
213500,3.7378261566162108
213600,5.112039777967665
213700,5.206578996446398
213800,4.983774503072103
213900,4.130041667393276
214000,4.9792616707938055
214100,4.78266487121582
214200,3.7934656143188477
214300,4.54510269165039
214400,3.5393993854522705
214500,4.888373374938965
214600,3.6062900543212892
214700,4.384531021118164
214800,5.789430345807757
214900,3.390009198869978
215000,3.490799903869629
215100,6.1702656745910645
215200,3.3627853393554688
215300,5.3906394958496096
215400,5.225320604112413
215500,3.8008108139038086
215600,5.400895436604817
215700,4.524094009399414
215800,4.731940841674804
215900,5.096533881293403
216000,4.938663906521267
216100,4.047280947367351
216200,7.074827194213867
216300,3.546702914767795
216400,5.906193126331676
216500,3.0457281385149275
216600,4.5300041198730465
216700,5.098554611206055
216800,4.928790092468262
216900,3.732532501220703
217000,4.3212534586588545
217100,3.797955104282924
217200,6.226959864298503
217300,4.482845730251736
217400,5.169290982759916
217500,6.466136932373047
217600,5.911953735351562
217700,5.431629527698863
217800,6.106005986531575
217900,3.07904543195452
218000,6.798129081726074
218100,4.6712750026157925
218200,4.271056583949497
218300,2.8559188842773438
218400,5.458886090446921
218500,4.935993194580078
218600,5.2831071217854815
218700,2.2212483088175454
218800,3.76332426071167
218900,5.704873865300959
219000,4.951671600341797
219100,5.509091810746626
219200,4.987457622181285
219300,3.1093082427978516
219400,4.774723597935268
219500,5.092694963727679
219600,3.356353335910373
219700,4.301126480102539
219800,5.268826918168501
219900,5.006077106182392
220000,5.213505268096924
21,38.28129302699189
21,14.01175860024405
220100,4.280188369750976
220200,4.892295074462891
220300,5.237968989780971
220400,2.661320527394613
220500,4.072761535644531
220600,4.622964986165365
220700,2.8942291736602783
220800,4.296023686726888
220900,2.5900650024414062
221000,4.2858166164822045
221100,4.563505172729492
221200,6.155499267578125
221300,5.220005035400391
221400,3.3834635416666665
221500,5.228572845458984
221600,4.859792709350586
221700,4.811421076456706
221800,4.772602428089488
221900,5.7567901611328125
222000,4.23489252726237
222100,5.2289137840271
222200,3.000873327255249
222300,3.341089521135603
222400,4.764042663574219
222500,2.783249092102051
222600,3.442365264892578
222700,5.760991183194247
222800,4.207468414306641
222900,3.166313443865095
223000,3.7667744159698486
223100,4.954776763916016
223200,2.9441942487444197
223300,3.4068494524274553
223400,4.170893669128418
223500,3.757295608520508
223600,4.870174831814236
223700,5.1586049397786455
223800,4.894092241923015
223900,3.987049102783203
224000,4.780758449009487
224100,4.722239303588867
224200,3.721482753753662
224300,4.171307373046875
224400,3.420358657836914
224500,4.797527313232422
224600,3.4021820068359374
224700,3.8649353981018066
224800,5.768802642822266
224900,4.04197747366769
225000,3.353062152862549
225100,6.117700576782227
225200,3.092092990875244
225300,5.3402458190917965
225400,5.258315616183811
225500,3.9377031326293945
225600,5.2217607498168945
225700,4.668721389770508
225800,4.739776611328125
225900,5.073659261067708
226000,4.895541297064887
226100,3.9457321166992188
226200,7.098907470703125
226300,3.4750595092773438
226400,5.785492636940696
226500,3.025142124720982
226600,4.528082275390625
226700,5.04178466796875
226800,5.260965347290039
226900,3.6579718589782715
227000,4.423071119520399
227100,3.7083097185407365
227200,6.288366953531901
227300,5.3581258985731335
227400,5.348016592172476
227500,6.137538146972656
227600,5.910810089111328
227700,5.480863744562322
227800,5.5360260009765625
227900,3.0233094351632253
228000,6.251348972320557
228100,4.600337982177734
228200,4.8151702880859375
228300,2.729639325823103
228400,5.561034258674173
228500,5.278806686401367
228600,5.209316571553548
228700,2.1617215474446616
228800,3.5914554595947266
228900,5.480369221080434
229000,4.990671920776367
229100,5.4599855596368965
229200,4.896918903697621
229300,3.036373519897461
229400,4.604634966169085
229500,4.991278512137277
229600,3.686354319254557
229700,4.158597946166992
229800,5.175990017977628
229900,5.044010455791767
230000,5.107623100280762
22,38.54662463349499
22,14.040063926385063
230100,4.496717071533203
230200,4.971343231201172
230300,5.152117047991071
230400,2.8839845657348633
230500,3.9315164354112415
230600,4.462948608398437
230700,2.9307737350463867
230800,4.8306779861450195
230900,2.534158229827881
231000,4.330599466959636
231100,4.576748371124268
231200,6.060345458984375
231300,5.38848352432251
231400,3.3985780080159507
231500,5.352115631103516
231600,4.635183970133464
231700,4.865173975626628
231800,4.784114144065163
231900,6.003630065917969
232000,4.209824244181315
232100,5.090126037597656
232200,2.9223523139953613
232300,3.019070489065988
232400,4.280893707275391
232500,2.777455139160156
232600,3.5945819854736327
232700,5.6815032958984375
232800,4.706032943725586
232900,3.1037161690848216
233000,3.6759257316589355
233100,4.940546989440918
233200,2.8537281581333707
233300,3.387587411063058
233400,4.089598973592122
233500,3.6685699462890624
233600,5.026173909505208
233700,5.529908074273004
233800,5.171349843343099
233900,3.893854413713728
234000,4.9279681614467075
234100,5.166473770141602
234200,3.667945384979248
234300,4.884560394287109
234400,3.2143847942352295
234500,4.671631336212158
234600,3.3075592041015627
234700,3.818401336669922
234800,5.539748055594308
234900,3.4039955139160156
235000,3.264596462249756
235100,6.148908615112305
235200,3.062425136566162
235300,5.420705413818359
235400,5.265318552652995
235500,3.820831775665283
235600,5.314497311909993
235700,4.920859146118164
235800,4.888216781616211
235900,5.013443417019314
236000,4.3753712972005205
236100,3.922326405843099
236200,7.352115154266357
236300,3.202118343777127
236400,5.928391196511009
236500,3.027075631277902
236600,4.920867156982422
236700,4.868132781982422
236800,5.028580983479817
236900,3.6253085136413574
237000,4.55576917860243
237100,3.7394496372767856
237200,6.237354278564453
237300,4.4616648356119795
237400,5.1750629131610575
237500,6.653554534912109
237600,5.956491851806641
237700,5.437807603315874
237800,5.528260548909505
237900,2.7990450177873885
238000,6.220852375030518
238100,4.53683716910226
238200,4.7118410382952005
238300,2.9243294852120534
238400,5.499405356014476
238500,4.896353244781494
238600,5.229934056599935
238700,2.0175038973490396
238800,3.637251138687134
238900,5.580318797718395
239000,4.974713134765625
239100,5.501400687477806
239200,4.977819269353693
239300,3.032581329345703
239400,4.364681243896484
239500,5.609183720179966
239600,3.234511693318685
239700,4.089463233947754
239800,5.295616496693004
239900,4.9673591026893025
240000,4.9775567054748535
23,39.02464179779885
23,14.73946428898813
240100,4.296588897705078
240200,4.748760223388672
240300,4.88832037789481
240400,2.667944590250651
240500,4.708980560302734
240600,4.6149449666341145
240700,2.854740619659424
240800,4.354291280110677
240900,2.529874801635742
241000,4.251333448621962
241100,4.650450706481934
241200,6.116123657226563
241300,5.356557369232178
241400,3.3024368286132812
241500,5.379669189453125
241600,4.564724922180176
241700,4.848296165466309
241800,4.581131675026634
241900,5.846580505371094
242000,4.071069399515788
242100,5.140727996826172
242200,2.8272218704223633
242300,3.0063111441476003
242400,4.2729042053222654
242500,2.6916339874267576
242600,3.591527557373047
242700,5.649694269353693
242800,4.223414611816406
242900,3.015545436314174
243000,3.629580497741699
243100,4.873532295227051
243200,3.0204010009765625
243300,3.7159085954938615
243400,4.0768477121988935
243500,3.698320007324219
243600,4.959024217393663
243700,5.532796223958333
243800,4.703000704447429
243900,3.872964314052037
244000,4.7767214093889505
244100,4.6428070068359375
244200,3.742342472076416
244300,4.02667465209961
244400,3.112896203994751
244500,4.7529802322387695
244600,3.0135372161865233
244700,3.717723846435547
244800,5.540683201381138
244900,3.282093048095703
245000,3.1917173862457275
245100,5.911962985992432
245200,3.074876308441162
245300,6.267671966552735
245400,5.151887681749132
245500,3.8437280654907227
245600,5.320692380269368
245700,4.546087646484375
245800,5.125946044921875
245900,4.845566219753689
246000,4.894922468397352
246100,3.9673115412394204
246200,7.104909896850586
246300,3.200250413682726
246400,5.9350807883522725
246500,2.887494223458426
246600,4.493863296508789
246700,4.949414825439453
246800,4.846996943155925
246900,3.8314554691314697
247000,4.22605726453993
247100,3.747267586844308
247200,6.520058314005534
247300,4.447433895534939
247400,5.100439218374399
247500,6.509529113769531
247600,5.385907745361328
247700,5.190517425537109
247800,5.4827219645182295
247900,4.066141401018415
248000,6.167359352111816
248100,4.406671251569476
248200,3.5661743709019254
248300,2.746720450265067
248400,5.444877175723805
248500,5.297684669494629
248600,5.3460267384847
248700,2.1127405166625977
248800,3.5164036750793457
248900,5.387908241965554
249000,4.904673767089844
249100,5.46426738392223
249200,5.026256908069957
249300,2.9711910247802735
249400,4.399288177490234
249500,5.7421079363141745
249600,3.3337910970052085
249700,3.954115629196167
249800,5.075741160999645
249900,4.8817878136268025
250000,4.932063579559326
24,39.923915508035506
24,14.33446760097779
