100,8.734703063964844
200,7.641346740722656
300,7.491452898297991
400,5.960834503173828
500,7.097503238254124
600,6.813026936848958
700,6.4103803634643555
800,7.104640960693359
900,5.874858856201172
1000,6.372638278537327
1100,6.958112716674805
1200,6.45591064453125
1300,6.1405158042907715
1400,5.629357020060222
1500,6.558027267456055
1600,7.088639577229817
1700,6.751753489176433
1800,6.2744598388671875
1900,6.443087768554688
2000,5.721991221110026
2100,6.24896764755249
2200,4.921525955200195
2300,6.328916277204241
2400,5.879293823242188
2500,6.406217956542969
2600,5.853181457519531
2700,6.280292857776988
2800,6.103596878051758
2900,5.670939854213169
3000,8.492501258850098
3100,6.554245948791504
3200,4.5747479030064175
3300,5.7469024658203125
3400,6.587615966796875
3500,5.884538269042968
3600,6.29230711195204
3700,6.6850564744737415
3800,5.859947840372722
3900,6.134306771414621
4000,5.958358219691685
4100,5.780788421630859
4200,5.718145370483398
4300,5.894112014770508
4400,7.231569290161133
4500,6.57107400894165
4600,7.060824584960938
4700,5.2861223220825195
4800,6.376611982073102
4900,6.060597011021206
5000,6.821442127227783
5100,6.3115739822387695
5200,4.78660249710083
5300,6.628147125244141
5400,6.2082366943359375
5500,5.742577075958252
5600,6.1195424397786455
5700,5.462625503540039
5800,5.889786911010742
5900,6.043890211317274
6000,5.998668670654297
6100,5.684010187784831
6200,8.000959396362305
6300,5.247274610731337
6400,7.153882113370028
6500,5.003934042794364
6600,5.659901428222656
6700,6.4739234924316404
6800,5.702866236368815
6900,5.644707679748535
7000,5.569537692599827
7100,5.694801875523159
7200,6.7984466552734375
7300,5.8157704671223955
7400,6.184503995455229
7500,7.261839294433594
7600,5.953546524047852
7700,6.311364607377485
7800,9.282601674397787
7900,5.665574210030692
8000,6.023021221160889
8100,6.800817217145648
8200,5.674622671944754
8300,4.911045074462891
8400,6.790459127987132
8500,6.631841659545898
8600,6.073057810465495
8700,4.566843032836914
8800,5.448997974395752
8900,6.29636660489169
9000,5.753624343872071
9100,5.81694863059304
9200,6.42816786332564
9300,5.542317962646484
9400,5.593028477260044
9500,6.172589438302176
9600,5.132983737521702
9700,6.139106273651123
9800,6.5571816184303975
9900,6.157627399151142
10000,6.483524799346924
0,51.99076703963955
0,7.213491328900861
10100,6.806132507324219
10200,6.3180999755859375
10300,6.807275499616351
10400,3.9394989013671875
10500,5.944636874728733
10600,5.338479614257812
10700,5.142734050750732
10800,6.8650252024332685
10900,4.646434783935547
11000,5.9147839016384545
11100,6.24598503112793
11200,6.167449951171875
11300,6.195104122161865
11400,4.867807388305664
11500,5.744736194610596
11600,6.1398874918619795
11700,5.944260915120442
11800,5.91113974831321
11900,5.972503280639648
12000,5.432024002075195
12100,6.221886157989502
12200,4.181325912475586
12300,6.05003411429269
12400,5.416537475585938
12500,5.019296264648437
12600,5.249886322021484
12700,6.0290069580078125
12800,5.4734344482421875
12900,5.002420697893415
13000,7.3470377922058105
13100,6.140255928039551
13200,4.326250348772321
13300,5.379724230085101
13400,5.8845265706380205
13500,5.381550216674805
13600,6.105185190836589
13700,6.309124416775173
13800,5.801564534505208
13900,5.4713848658970425
14000,5.784698486328125
14100,5.9335075378417965
14200,5.268374443054199
14300,5.634675979614258
14400,6.151548385620117
14500,6.387786865234375
14600,6.107184600830078
14700,5.112458229064941
14800,6.203851427350726
14900,5.4534726824079245
15000,6.378464221954346
15100,6.437674522399902
15200,4.608622074127197
15300,6.270962142944336
15400,6.051333109537761
15500,5.375999927520752
15600,5.984275182088216
15700,5.5736236572265625
15800,5.485114669799804
15900,6.3522228664822045
16000,6.066435919867621
16100,5.6084639231363935
16200,8.019275665283203
16300,5.281688690185547
16400,6.777990861372515
16500,4.570187704903739
16600,5.505774688720703
16700,6.457562255859375
16800,5.947452545166016
16900,5.332660675048828
17000,5.330828348795573
17100,5.562460763113839
17200,6.7080338795979815
17300,5.819693671332465
17400,6.145815922663762
17500,7.357015991210938
17600,5.935265350341797
17700,6.204029430042613
17800,9.042308807373047
17900,5.4105377197265625
18000,6.134079933166504
18100,6.686536516462054
18200,5.666683197021484
18300,4.738857269287109
18400,6.689177569221048
18500,6.483402252197266
18600,6.066394805908203
18700,4.510007858276367
18800,5.1183552742004395
18900,6.154320456764915
19000,5.593995666503906
19100,5.650016437877309
19200,6.368539289994673
19300,5.255314636230469
19400,5.3714174543108255
19500,6.244777679443359
19600,4.923038906521267
19700,6.030959606170654
19800,6.441659407182173
19900,6.015514667217548
20000,6.36447811126709
1,49.30500857116263
1,6.49029189470297
20100,6.5179496765136715
20200,6.126669692993164
20300,6.519152505057199
20400,3.8618205388387046
20500,5.797908359103733
20600,5.250465393066406
20700,4.757020950317383
20800,6.774461110432942
20900,4.535921096801758
21000,5.834258609347874
21100,6.0554704666137695
21200,5.957618408203125
21300,6.046052932739258
21400,4.841328938802083
21500,5.6363091468811035
21600,5.802378336588542
21700,5.91363525390625
21800,5.75427904996005
21900,5.943994522094727
22000,5.443174362182617
22100,6.241419792175293
22200,4.172097206115723
22300,5.991417476109096
22400,5.4749603271484375
22500,4.976145172119141
22600,5.13485107421875
22700,6.061024058948863
22800,5.351631927490234
22900,4.903355189732143
23000,7.413056373596191
23100,6.114932537078857
23200,4.209148134504046
23300,5.277051653180804
23400,5.821912129720052
23500,5.367249298095703
23600,6.186580234103733
23700,6.129974365234375
23800,5.831553777058919
23900,5.318200247628348
24000,5.808802468436105
24100,6.057067108154297
24200,5.233059406280518
24300,5.555906677246094
24400,6.49574089050293
24500,6.314499378204346
24600,5.750439453125
24700,5.114528179168701
24800,6.251627240862165
24900,5.338057926722935
25000,6.1640119552612305
25100,6.466443061828613
25200,4.599001407623291
25300,6.165851974487305
25400,5.992673238118489
25500,5.246470928192139
25600,5.96688715616862
25700,5.566952514648437
25800,5.337552642822265
25900,6.463802761501736
26000,6.066532982720269
26100,5.574190139770508
26200,8.073281288146973
26300,5.3350414699978295
26400,6.80708798495206
26500,4.532334463936942
26600,5.5857902526855465
26700,6.3883918762207035
26800,5.978418350219727
26900,5.385848522186279
27000,5.309566073947483
27100,5.643660409109933
27200,6.7483673095703125
27300,5.885891808403863
27400,6.11114736703726
27500,7.402871704101562
27600,5.940879821777344
27700,6.1827004172585225
27800,9.215460459391275
27900,5.515860966273716
28000,6.295428276062012
28100,6.719091142926898
28200,5.627381461007254
28300,4.653016226632254
28400,6.691401313332951
28500,6.326356410980225
28600,6.010498682657878
28700,4.483330408732097
28800,4.937777042388916
28900,6.044948231090199
29000,5.615142822265625
29100,5.738567352294922
29200,6.3268210671164775
29300,5.3650859832763675
29400,5.161919730050223
29500,6.229891640799386
29600,4.939573923746745
29700,6.065194606781006
29800,6.395877491344105
29900,5.913888784555288
30000,6.251009464263916
2,48.022496451739194
2,5.7412420787463185
30100,6.411357879638672
30200,5.985907745361328
30300,6.353878566196987
30400,3.7852611541748047
30500,5.767854478624132
30600,5.300738525390625
30700,4.679159164428711
30800,6.734673817952474
30900,4.530962626139323
31000,5.6085692511664496
31100,6.0762224197387695
31200,6.20314453125
31300,6.159272193908691
31400,4.946170171101888
31500,5.457545757293701
31600,5.882527669270833
31700,5.881572723388672
31800,5.952230280095881
31900,6.0210918426513675
32000,5.408274332682292
32100,6.2859697341918945
32200,4.2286858558654785
32300,5.931873866489956
32400,5.455833816528321
32500,4.915853881835938
32600,5.04962158203125
32700,6.095434015447443
32800,5.398410034179688
32900,4.901409149169922
33000,7.646664619445801
33100,6.2136921882629395
33200,4.16814204624721
33300,5.209244319370815
33400,5.644782384236653
33500,5.263844299316406
33600,6.24092271592882
33700,6.060095893012153
33800,5.849828720092773
33900,5.308798653738839
34000,5.7655759538922995
34100,5.934115219116211
34200,5.227871417999268
34300,5.5767051696777346
34400,5.972064971923828
34500,6.262010097503662
34600,5.523731994628906
34700,5.170381546020508
34800,6.187067304338727
34900,5.317757197788784
35000,5.793118476867676
35100,6.454080581665039
35200,4.475982666015625
35300,6.084751129150391
35400,5.986962636311849
35500,5.152628421783447
35600,5.954984029134114
35700,5.598654174804688
35800,5.297308731079101
35900,6.437156253390842
36000,6.005897098117405
36100,5.70166015625
36200,8.03273868560791
36300,5.360716925726996
36400,6.616568131880327
36500,4.492352621895926
36600,5.40927734375
36700,6.296395874023437
36800,6.019163131713867
36900,5.304171085357666
37000,5.313560909695095
37100,5.621051788330078
37200,6.790173212687175
37300,5.882279290093316
37400,6.046606797438401
37500,7.337588500976563
37600,5.931199264526367
37700,6.181353482333097
37800,8.874318440755209
37900,5.249737875802176
38000,6.355282306671143
38100,6.672538757324219
38200,5.860177721296038
38300,4.583311353410993
38400,6.78046776266659
38500,6.103041172027588
38600,5.9992116292317705
38700,4.364597320556641
38800,4.889595985412598
38900,5.949730613014915
39000,5.659651565551758
39100,5.7232655611905185
39200,6.190209128639915
39300,5.208323669433594
39400,5.189049312046596
39500,6.296970912388393
39600,4.892619238959418
39700,5.902960777282715
39800,6.3664682561701
39900,5.880108759953425
40000,6.2061686515808105
3,47.030576341333045
3,5.442359661451994
40100,6.228229522705078
40200,5.9792125701904295
40300,6.260428292410714
40400,3.748159090677897
40500,5.732247246636285
40600,5.306041971842448
40700,4.557623386383057
40800,6.769666035970052
40900,4.535520553588867
41000,5.530349307590061
41100,5.793058395385742
41200,5.937242431640625
41300,6.027902126312256
41400,4.898627599080403
41500,5.488310813903809
41600,5.728251775105794
41700,5.86839230855306
41800,6.056543523615057
41900,5.946440124511719
42000,5.55494499206543
42100,6.0294575691223145
42200,4.073057174682617
42300,5.750538417271206
42400,5.2545215606689455
42500,4.967472076416016
42600,4.92596321105957
42700,6.066441622647372
42800,5.3453624725341795
42900,4.807181222098214
43000,6.840750694274902
43100,6.199273586273193
43200,4.1311798095703125
43300,5.225544520786831
43400,5.518896102905273
43500,5.150543212890625
43600,6.240343729654948
43700,6.062900119357639
43800,5.76982053120931
43900,5.030718122209821
44000,5.817483629499163
44100,5.842088317871093
44200,5.238887786865234
44300,5.660756683349609
44400,5.99960994720459
44500,6.187704086303711
44600,5.492413330078125
44700,5.210763931274414
44800,6.128037588936942
44900,5.256158011300223
45000,6.087934494018555
45100,6.488254547119141
45200,4.611721038818359
45300,6.076039123535156
45400,6.006828308105469
45500,5.156854629516602
45600,5.8772125244140625
45700,5.4886119842529295
45800,5.286656188964844
45900,6.3609161376953125
46000,5.818442874484592
46100,5.377902984619141
46200,7.881880760192871
46300,5.422563764784071
46400,6.575488697398793
46500,4.417349134172712
46600,5.397846603393555
46700,6.239612579345703
46800,5.982401529947917
46900,5.217103004455566
47000,5.24046876695421
47100,5.62397221156529
47200,6.741491953531901
47300,5.738983578152126
47400,6.054315420297476
47500,7.400685882568359
47600,5.941143798828125
47700,6.2207183837890625
47800,8.233702977498373
47900,5.222790854317801
48000,6.472481727600098
48100,6.65869140625
48200,5.562468392508371
48300,4.46893446786063
48400,6.6058030969956345
48500,5.909423828125
48600,5.852200190226237
48700,3.924078623453776
48800,4.923553943634033
48900,5.91070556640625
49000,5.599264907836914
49100,5.552342501553622
49200,6.188274036754262
49300,5.636436080932617
49400,4.9954833984375
49500,6.20447758265904
49600,4.793957180447048
49700,5.655022144317627
49800,6.31528750332919
49900,5.93051030085637
50000,5.952751159667969
4,45.30471614305462
4,7.215300760511771
50100,5.813215637207032
50200,5.987249755859375
50300,6.269925798688616
50400,3.5976034800211587
50500,5.7034962972005205
50600,5.239219156901042
50700,4.525249481201172
50800,6.721728642781575
50900,4.460255940755208
51000,5.587340037027995
51100,5.840725421905518
51200,6.361764526367187
51300,5.940903663635254
51400,4.731221834818522
51500,5.449148178100586
51600,5.903045018513997
51700,5.71278444925944
51800,6.199702869762074
51900,5.969118881225586
52000,5.414578119913737
52100,6.018405437469482
52200,4.2930908203125
52300,5.559471675327846
52400,5.292794799804687
52500,4.930217742919922
52600,4.910762023925781
52700,6.075896523215554
52800,5.346581268310547
52900,4.772600991385324
53000,7.083388328552246
53100,6.124190807342529
53200,3.9915384565080916
53300,5.188804626464844
53400,5.264231363932292
53500,5.009330749511719
53600,5.924381679958767
53700,6.0974070231119795
53800,5.817056020100911
53900,4.992112295968192
54000,5.756464276994977
54100,5.832297515869141
54200,5.330891132354736
54300,5.3835502624511715
54400,5.8238630294799805
54500,6.031037330627441
54600,5.3257080078125
54700,5.145272731781006
54800,6.235772269112723
54900,5.0847336905343195
55000,5.940113544464111
55100,6.610248565673828
55200,4.515045642852783
55300,5.994387817382813
55400,5.949592590332031
55500,5.009698867797852
55600,5.83652941385905
55700,5.2222343444824215
55800,5.121510696411133
55900,6.211548699273004
56000,5.656771765814887
56100,5.183983484903972
56200,8.090272903442383
56300,5.409997728135851
56400,6.538270430131392
56500,4.295863015311105
56600,5.373800277709961
56700,5.934282302856445
56800,5.9425474802653
56900,5.166749477386475
57000,5.173560248480903
57100,5.441555023193359
57200,6.762338002522786
57300,5.726958804660374
57400,6.128333458533654
57500,7.443337249755859
57600,5.853537750244141
57700,6.09963642467152
57800,8.122795740763346
57900,5.144576481410435
58000,6.181722640991211
58100,6.416768755231585
58200,5.413364410400391
58300,4.286215645926339
58400,6.708172966452206
58500,6.03283166885376
58600,6.042717615763347
58700,3.8876673380533853
58800,4.926626205444336
58900,5.97251406582919
59000,5.406303405761719
59100,5.53470889004794
59200,6.067568692294034
59300,5.358359909057617
59400,4.956569126674107
59500,6.203877040318081
59600,4.747862074110243
59700,5.590263843536377
59800,6.298962679776278
59900,5.8876483623798075
60000,5.795345783233643
5,42.94700807478819
5,7.006368000197027
60100,5.588189697265625
60200,5.882839965820312
60300,6.191667829241071
60400,3.4927924474080405
60500,5.685719807942708
60600,5.219136555989583
60700,4.622105598449707
60800,6.741039911905925
60900,4.435108184814453
61000,5.549142625596788
61100,5.668863773345947
61200,6.1984405517578125
61300,5.8569512367248535
61400,4.5872446695963545
61500,5.431598663330078
61600,5.636587778727214
61700,5.742185592651367
61800,6.226405750621449
61900,5.966823577880859
62000,5.274003982543945
62100,5.869263172149658
62200,4.4486775398254395
62300,5.237028394426618
62400,5.367712020874023
62500,4.919946670532227
62600,4.871501159667969
62700,5.984794616699219
62800,5.430614471435547
62900,4.541339874267578
63000,6.959526062011719
63100,5.8389787673950195
63200,4.021751948765346
63300,5.039425441196987
63400,5.2951711018880205
63500,4.990611267089844
63600,5.76129150390625
63700,6.00373289320204
63800,5.688498814900716
63900,5.008842468261719
64000,5.631080082484654
64100,5.710047912597656
64200,5.184344291687012
64300,5.2042594909667965
64400,6.510311126708984
64500,6.072187423706055
64600,5.186328125
64700,5.027001857757568
64800,6.0410292489188055
64900,4.815377371651786
65000,5.6983418464660645
65100,6.528603553771973
65200,4.5365166664123535
65300,5.896733093261719
65400,5.843728383382161
65500,4.933686256408691
65600,5.833250681559245
65700,5.396203231811524
65800,5.08614501953125
65900,6.319206237792969
66000,5.42740715874566
66100,5.149550437927246
66200,8.01740550994873
66300,5.328601413302952
66400,6.650678461248225
66500,4.167020797729492
66600,5.3042449951171875
66700,5.936856842041015
66800,5.942431767781575
66900,5.021101951599121
67000,5.190550062391493
67100,5.299442836216518
67200,6.636763254801433
67300,5.616876390245226
67400,5.964112501878005
67500,7.355839538574219
67600,5.905292892456055
67700,5.92766640403054
67800,8.265730539957682
67900,5.2606048583984375
68000,6.375967025756836
68100,6.460300990513393
68200,5.518998282296317
68300,4.396700177873884
68400,6.45413522159352
68500,6.143136501312256
68600,6.284465154012044
68700,3.7636400858561196
68800,4.754270076751709
68900,5.940481706099077
69000,5.285758972167969
69100,5.37114126032049
69200,6.0017173073508525
69300,4.998657989501953
69400,4.998712267194476
69500,5.947462899344308
69600,4.684933980305989
69700,5.4738264083862305
69800,6.341378645463423
69900,6.229332557091346
70000,5.682327747344971
6,41.65391551864221
6,7.907899630054477
70100,5.523566055297851
70200,5.918992614746093
70300,6.137003217424665
70400,3.479091008504232
70500,5.806649949815538
70600,5.231886800130209
70700,4.131616592407227
70800,6.551398595174153
70900,4.420460383097331
71000,5.294734954833984
71100,5.312066078186035
71200,6.22658447265625
71300,6.039364814758301
71400,4.524269104003906
71500,5.5264129638671875
71600,5.487101872762044
71700,5.497791290283203
71800,5.955515774813565
71900,5.94635009765625
72000,5.111021677652995
72100,5.71651554107666
72200,4.241762161254883
72300,5.3389756338936945
72400,5.287669372558594
72500,4.867428970336914
72600,4.6858673095703125
72700,5.948158264160156
72800,5.177859878540039
72900,4.669715881347656
73000,6.932858943939209
73100,5.8682541847229
73200,4.044094085693359
73300,4.814849853515625
73400,5.114763259887695
73500,4.937261962890625
73600,5.72263420952691
73700,6.226753234863281
73800,5.629486719767253
73900,4.488043103899274
74000,5.636295318603516
74100,5.861849212646485
74200,5.126004219055176
74300,5.165897369384766
74400,6.822839260101318
74500,6.034151077270508
74600,5.032658386230469
74700,5.156294822692871
74800,6.134895869663784
74900,4.751582554408482
75000,5.9471635818481445
75100,6.534095764160156
75200,4.461320400238037
75300,5.889993286132812
75400,5.7898669772677955
75500,5.074272632598877
75600,5.8881072998046875
75700,5.167266082763672
75800,5.0633903503417965
75900,6.351314544677734
76000,5.7929869757758246
76100,5.029547373453776
76200,8.138731002807617
76300,5.336772070990668
76400,6.35674424604936
76500,4.146528788975307
76600,5.197496795654297
76700,6.063199615478515
76800,6.041148503621419
76900,4.978560447692871
77000,5.32319810655382
77100,5.408512115478516
77200,6.649852116902669
77300,5.639585706922743
77400,6.02557138296274
77500,7.244798278808593
77600,5.731741333007813
77700,6.025252602317116
77800,8.118777592976889
77900,5.127570016043527
78000,6.339725971221924
78100,6.171377999441964
78200,5.2677781241280695
78300,4.2530476706368585
78400,6.477724860696232
78500,6.246934413909912
78600,5.876031875610352
78700,3.463888168334961
78800,4.654390335083008
78900,5.840784939852628
79000,5.326114654541016
79100,5.669414867054332
79200,6.014048489657315
79300,4.671251678466797
79400,5.041023799351284
79500,5.760628291538784
79600,4.677595774332683
79700,5.281525611877441
79800,6.233641884543679
79900,6.060950646033654
80000,5.885287284851074
7,40.33422014217209
7,8.828971415199318
80100,5.560380172729492
80200,5.640129470825196
80300,5.8950909205845425
80400,3.511094411214193
80500,5.889900631374783
80600,5.165776062011719
80700,4.049238204956055
80800,6.5743662516276045
80900,4.3184051513671875
81000,5.225554572211371
81100,5.458211898803711
81200,6.163319091796875
81300,5.861654281616211
81400,4.399281819661458
81500,5.3933539390563965
81600,5.424013773600261
81700,5.406002044677734
81800,6.041523326526988
81900,6.092647552490234
82000,5.132154146830241
82100,5.604255676269531
82200,4.320412635803223
82300,4.970130920410156
82400,5.284123229980469
82500,4.960122680664062
82600,4.528216552734375
82700,5.97699598832564
82800,5.082854461669922
82900,4.785447256905692
83000,6.367907524108887
83100,5.818543910980225
83200,3.988509859357561
83300,4.965633937290737
83400,4.958548863728841
83500,4.932722473144532
83600,5.571613311767578
83700,5.898868136935764
83800,5.518420537312825
83900,4.291801452636719
84000,5.645325796944754
84100,5.686026763916016
84200,5.027717590332031
84300,5.144441986083985
84400,6.442046165466309
84500,6.106381416320801
84600,5.1210174560546875
84700,5.019603729248047
84800,6.009078434535435
84900,4.724634443010602
85000,5.1653032302856445
85100,6.5024824142456055
85200,4.089798927307129
85300,5.958658599853516
85400,5.743968115912543
85500,4.907282829284668
85600,5.78420893351237
85700,5.581827163696289
85800,5.081564712524414
85900,6.473054673936632
86000,5.7266417609320746
86100,5.0491689046223955
86200,7.821998596191406
86300,5.347063700358073
86400,6.430698741566051
86500,3.972677230834961
86600,5.21819953918457
86700,5.664950942993164
86800,5.9327443440755205
86900,4.8629350662231445
87000,5.28639390733507
87100,5.329010009765625
87200,6.622204462687175
87300,5.425732930501302
87400,5.893844017615685
87500,7.229891204833985
87600,5.8984626770019535
87700,5.887575322931463
87800,7.358462015787761
87900,4.6419269016810825
88000,6.261930465698242
88100,6.268532889229911
88200,5.168086460658482
88300,4.1164253779820035
88400,6.440752814797794
88500,5.794116020202637
88600,6.187539418538411
88700,3.3732868830362954
88800,4.691195487976074
88900,5.848562760786577
89000,5.306490707397461
89100,5.49475062977184
89200,6.008279973810369
89300,4.547621154785157
89400,4.788358415876116
89500,5.769194466727121
89600,4.649951510959202
89700,5.408063888549805
89800,6.13729511607777
89900,6.062617962176983
90000,5.736127853393555
8,39.009548606387355
8,9.018228972387247
90100,5.791673278808593
90200,5.7938079833984375
90300,5.846615382603237
90400,3.531967798868815
90500,5.802367316351996
90600,5.094514465332031
90700,3.987384557723999
90800,6.184048334757487
90900,4.255743344624837
91000,5.065976460774739
91100,5.202662944793701
91200,6.250698852539062
91300,5.751498222351074
91400,4.535744349161784
91500,5.344640254974365
91600,5.1899058024088545
91700,5.36369260152181
91800,6.022683577104048
91900,6.277158737182617
92000,5.028302510579427
92100,5.711453437805176
92200,4.67618465423584
92300,4.948488507952009
92400,5.172100067138672
92500,4.66919174194336
92600,4.341439056396484
92700,5.772877779873935
92800,4.773363494873047
92900,4.53967775617327
93000,6.022844314575195
93100,5.669795989990234
93200,3.9282024928501675
93300,4.882607596261161
93400,4.945742925008138
93500,4.808708572387696
93600,5.493908352322048
93700,5.857365078396267
93800,5.717776616414388
93900,4.918006352015904
94000,5.508119310651507
94100,5.774555969238281
94200,5.012303352355957
94300,5.029095840454102
94400,5.994668006896973
94500,6.033975601196289
94600,4.828914642333984
94700,5.259740829467773
94800,6.044220515659878
94900,4.610685076032366
95000,5.259058475494385
95100,6.463742256164551
95200,3.934596061706543
95300,6.0384174346923825
95400,5.929039001464844
95500,4.889744758605957
95600,5.861600875854492
95700,5.197821807861328
95800,5.004893112182617
95900,6.263489193386501
96000,5.9027659098307295
96100,4.878057479858398
96200,7.992374897003174
96300,5.471009572347005
96400,6.415020335804332
96500,4.242678778512137
96600,5.1152793884277346
96700,5.535721969604492
96800,5.867434183756511
96900,4.703187465667725
97000,5.326805962456597
97100,4.953104291643415
97200,6.613327662150065
97300,5.7643322414822045
97400,5.772616459773137
97500,7.284837341308593
97600,5.917206954956055
97700,6.014715021306818
97800,8.09496815999349
97900,4.50837516784668
98000,6.350674629211426
98100,6.169041224888393
98200,4.988349369594029
98300,4.042489188058036
98400,6.518267912023208
98500,5.934195041656494
98600,5.990352630615234
98700,3.3519252141316733
98800,4.61441707611084
98900,5.902571938254616
99000,5.308386611938476
99100,5.390168623490767
99200,5.839134216308594
99300,4.35655403137207
99400,4.702789851597378
99500,5.810521806989398
99600,4.533865186903212
99700,5.1696624755859375
99800,6.145693692294034
99900,5.736186100886418
100000,5.866583824157715
9,38.40239076587239
9,9.655163056665211
100100,5.477886962890625
100200,5.971382522583008
100300,6.081154959542411
100400,3.423112233479818
100500,5.942819383409288
100600,4.884131368001302
100700,3.769216775894165
100800,5.772566477457683
100900,4.234732945760091
101000,5.006870269775391
101100,5.506867408752441
101200,6.0212860107421875
101300,5.683173179626465
101400,4.39701779683431
101500,5.237593650817871
101600,4.96177864074707
101700,5.290584882100423
101800,5.787860523570668
101900,5.944953918457031
102000,5.212559064229329
102100,5.577227592468262
102200,4.372725009918213
102300,4.553822108677456
102400,5.043545150756836
102500,4.53339958190918
102600,4.41466064453125
102700,5.770483537153765
102800,4.756542205810547
102900,4.2299908229282925
103000,6.747328758239746
103100,5.921276092529297
103200,3.879301071166992
103300,4.828794751848493
103400,4.807950655619304
103500,4.8346809387207035
103600,5.710764567057292
103700,5.735997094048394
103800,5.679557800292969
103900,4.489782060895648
104000,5.269652230398996
104100,5.746411514282227
104200,4.893989086151123
104300,5.201334762573242
104400,6.3741350173950195
104500,6.051933765411377
104600,4.819865798950195
104700,4.995316028594971
104800,5.892618451799665
104900,4.504062380109515
105000,4.973939895629883
105100,6.430449962615967
105200,3.9711952209472656
105300,6.122162628173828
105400,5.54910151163737
105500,4.884587287902832
105600,5.753424962361653
105700,5.045335006713867
105800,5.06263313293457
105900,6.172387864854601
106000,5.638016170925564
106100,4.6582991282145185
106200,7.8306779861450195
106300,5.229504903157552
106400,6.407850785688921
106500,4.06144768851144
106600,5.216764831542969
106700,5.558525466918946
106800,6.032368342081706
106900,4.687448501586914
107000,5.377925025092231
107100,5.1829986572265625
107200,6.820250829060872
107300,5.383077409532335
107400,5.782362130972055
107500,7.084410095214844
107600,5.8490966796875
107700,5.80546777898615
107800,6.897782643636067
107900,4.6133591788155695
108000,6.2555646896362305
108100,5.979719979422433
108200,4.896249498639788
108300,4.044425419398716
108400,6.616040846880744
108500,5.513337135314941
108600,5.949342091878255
108700,3.38545290629069
108800,4.324594497680664
108900,5.720866810191762
109000,5.31306037902832
109100,5.39297832142223
109200,5.965917413884943
109300,4.1751148223876955
109400,4.707394736153739
109500,5.697522844587054
109600,4.378480699327257
109700,5.191138744354248
109800,6.124515186656605
109900,5.650022653432993
110000,5.689785480499268
10,37.697666576740474
10,10.421774579774201
110100,5.694040679931641
110200,6.0679771423339846
110300,5.993953159877232
110400,3.244073232014974
110500,6.090987311469184
110600,4.964164733886719
110700,3.777966022491455
110800,5.910570780436198
110900,4.105511983235677
111000,5.055162217881945
111100,5.368325710296631
111200,5.961793212890625
111300,5.4061689376831055
111400,4.4284102121988935
111500,5.264213562011719
111600,5.519290924072266
111700,5.384681065877278
111800,6.062688654119318
111900,6.276776885986328
112000,5.282215118408203
112100,5.714152812957764
112200,4.3162126541137695
112300,4.359307697841099
112400,4.947089767456054
112500,4.344166564941406
112600,4.333644104003906
112700,5.850947293368253
112800,4.558606338500977
112900,4.380706787109375
113000,5.489230155944824
113100,5.893661022186279
113200,4.0388690403529575
113300,4.796085902622768
113400,4.783196449279785
113500,4.78955192565918
113600,5.660207960340712
113700,5.759233686659071
113800,5.732944488525391
113900,4.1526303972516745
114000,5.476912362234933
114100,5.9243415832519535
114200,4.961452484130859
114300,5.1610572814941404
114400,6.456902503967285
114500,6.096930027008057
114600,4.689395523071289
114700,4.797391891479492
114800,6.006297520228794
114900,4.440653937203543
115000,5.034252643585205
115100,6.308406829833984
115200,3.8775720596313477
115300,6.008251953125
115400,5.737839168972439
115500,4.916592597961426
115600,5.745059331258138
115700,4.88193359375
115800,4.976950836181641
115900,6.080793168809679
116000,5.457755618625217
116100,4.692971865336101
116200,7.727104187011719
116300,4.9742541842990455
116400,6.2984092018821025
116500,4.374168940952846
116600,5.099623107910157
116700,5.678163146972656
116800,5.675453186035156
116900,4.752570152282715
117000,5.240761227077908
117100,5.123928615025112
117200,6.821030934651692
117300,5.571889241536458
117400,5.69586181640625
117500,7.045219421386719
117600,5.93284912109375
117700,5.719874988902699
117800,7.394997914632161
117900,4.557831083025251
118000,6.3996100425720215
118100,5.982398441859654
118200,4.831081390380859
118300,3.893499101911272
118400,6.259835635914522
118500,5.541973114013672
118600,6.072231292724609
118700,3.2303034464518228
118800,4.238900184631348
118900,5.769614132967862
119000,5.077482604980469
119100,5.570218866521662
119200,5.844850019975142
119300,4.0498504638671875
119400,4.532117026192801
119500,5.726802280970982
119600,4.2968393961588545
119700,4.938427925109863
119800,6.110972317782315
119900,5.950778080866887
120000,5.794872283935547
11,36.91658617347358
11,10.299982370517375
120100,5.563771057128906
120200,5.936025238037109
120300,5.6083237784249445
120400,3.277212142944336
120500,5.626465691460504
120600,4.819122823079427
120700,3.643059730529785
120800,6.012399037679036
120900,4.144036610921224
121000,5.043606228298611
121100,4.9979071617126465
121200,6.1179962158203125
121300,5.656139373779297
121400,4.465433756510417
121500,5.307578086853027
121600,5.05824089050293
121700,5.381575266520183
121800,5.978534351695668
121900,6.098093032836914
122000,4.981494903564453
122100,5.498745441436768
122200,4.9118123054504395
122300,4.53191648210798
122400,4.916567611694336
122500,4.265045166015625
122600,4.27197036743164
122700,5.72479248046875
122800,4.64056396484375
122900,4.488367353166852
123000,5.9506378173828125
123100,5.774155616760254
123200,3.985429218837193
123300,4.740927559988839
123400,4.696158091227214
123500,4.742179489135742
123600,6.065181308322483
123700,5.619450039333767
123800,5.562862396240234
123900,4.009535925728934
124000,5.128121512276786
124100,5.600473403930664
124200,4.858952045440674
124300,5.142751693725586
124400,5.539473533630371
124500,6.134574890136719
124600,4.548544692993164
124700,5.4753923416137695
124800,5.989692687988281
124900,4.351207733154297
125000,5.256045818328857
125100,6.1932053565979
125200,3.90384578704834
125300,6.028005218505859
125400,5.522712707519531
125500,5.186000823974609
125600,5.664360046386719
125700,5.131818771362305
125800,4.945097351074219
125900,6.202018737792969
126000,5.562972174750434
126100,4.86099910736084
126200,7.827880382537842
126300,4.91653315226237
126400,6.170824917879972
126500,4.442305428641183
126600,5.166120910644532
126700,5.407927322387695
126800,5.773368199666341
126900,4.354090690612793
127000,5.052998860677083
127100,4.9679990495954245
127200,6.744072596232097
127300,5.446871863471137
127400,5.71257077730619
127500,7.027760314941406
127600,5.859713745117188
127700,5.709072806618431
127800,7.2414201100667315
127900,4.276632581438337
128000,6.2238240242004395
128100,5.93268803187779
128200,4.832845960344587
128300,3.98122433253697
128400,6.3532553280101105
128500,5.46851110458374
128600,5.909055709838867
128700,3.2012672424316406
128800,4.373077392578125
128900,5.797473560680043
129000,5.116831207275391
129100,5.568723505193537
129200,5.724600358442827
129300,4.1024635314941404
129400,4.6015744890485495
129500,5.9842409406389505
129600,4.147609286838108
129700,5.278019905090332
129800,5.960177334872159
129900,5.855675330528846
130000,5.722226142883301
12,36.320077777274946
12,10.338448420689007
130100,5.3698677062988285
130200,5.882601928710938
130300,5.403169904436384
130400,3.065182685852051
130500,5.3821826510959205
130600,4.918393961588541
130700,3.7679829597473145
130800,5.677669525146484
130900,4.140343983968099
131000,4.862556457519531
131100,4.884296417236328
131200,6.11746337890625
131300,5.425589561462402
131400,4.295573552449544
131500,5.342616081237793
131600,4.9084726969401045
131700,5.271175384521484
131800,6.102609114213423
131900,5.965656280517578
132000,5.088329950968425
132100,5.598708152770996
132200,4.585340976715088
132300,4.536347525460379
132400,4.70373764038086
132500,4.208963775634766
132600,4.307799530029297
132700,5.683592362837358
132800,4.695761489868164
132900,4.132762091500418
133000,6.09663200378418
133100,6.179338455200195
133200,3.9985130855015347
133300,5.1391498020717075
133400,4.653607686360677
133500,4.756633377075195
133600,5.426193661159939
133700,5.6557668050130205
133800,5.416455586751302
133900,4.294931139264788
134000,5.255705152239118
134100,5.569160842895508
134200,4.8051886558532715
134300,4.767744827270508
134400,6.067983150482178
134500,6.006265640258789
134600,4.724354934692383
134700,5.12962007522583
134800,6.015332903180804
134900,4.105923788888114
135000,4.801990509033203
135100,6.305146217346191
135200,3.7932043075561523
135300,6.039102172851562
135400,5.7269948323567705
135500,4.735689163208008
135600,5.706487655639648
135700,5.584912872314453
135800,4.836642456054688
135900,6.047723982069227
136000,5.271595848931207
136100,4.664797147115071
136200,7.667926788330078
136300,4.709417555067274
136400,6.112995494495738
136500,4.283932277134487
136600,4.968169784545898
136700,5.419778060913086
136800,5.844095230102539
136900,4.447212219238281
137000,5.134114583333333
137100,5.0580934797014505
137200,6.742119471232097
137300,5.320395999484592
137400,5.763845003568209
137500,6.999528503417968
137600,5.873986053466797
137700,5.76506250554865
137800,6.935234705607097
137900,4.225496564592634
138000,6.6144232749938965
138100,5.745019095284598
138200,4.794605800083706
138300,3.9288575308663503
138400,6.529348485610065
138500,5.15429162979126
138600,5.963620503743489
138700,3.0207608540852866
138800,4.245359420776367
138900,5.758254311301491
139000,4.899006652832031
139100,5.347763755104759
139200,5.9291298606178975
139300,4.299570083618164
139400,5.17564937046596
139500,5.824916839599609
139600,4.241111331515842
139700,5.258250713348389
139800,5.929492603648793
139900,5.507499107947717
140000,5.623043060302734
13,35.971857309878914
13,11.098951435189907
140100,5.442416000366211
140200,5.437187957763672
140300,5.9553424290248325
140400,2.96421750386556
140500,5.760387420654297
140600,4.940106201171875
140700,4.026395797729492
140800,5.7608286539713545
140900,4.236716588338216
141000,5.13263660007053
141100,4.734679222106934
141200,6.268299560546875
141300,5.559657573699951
141400,4.450965245564778
141500,5.2957987785339355
141600,5.228254636128743
141700,5.240439097086589
141800,5.7953362898393115
141900,5.878924942016601
142000,5.277111371358235
142100,5.74183988571167
142200,4.421044826507568
142300,4.492743083408901
142400,4.700605773925782
142500,4.193705368041992
142600,4.124773788452148
142700,5.538834658536044
142800,4.364141464233398
142900,3.976426805768694
143000,5.705979347229004
143100,6.006629943847656
143200,3.8720000130789622
143300,4.470888137817383
143400,4.486471494038899
143500,4.653301620483399
143600,5.526706271701389
143700,5.831338670518663
143800,5.572010676066081
143900,4.057623182024274
144000,4.987325395856585
144100,5.407836532592773
144200,4.726177215576172
144300,4.810834884643555
144400,6.015804290771484
144500,5.8907670974731445
144600,4.602136611938477
144700,4.95435905456543
144800,5.9113567897251675
144900,4.0228729248046875
145000,4.673959732055664
145100,6.230792999267578
145200,3.722503185272217
145300,5.769758224487305
145400,5.6234995524088545
145500,4.789683818817139
145600,5.778143564860026
145700,5.285641479492187
145800,4.805712127685547
145900,6.242284562852648
146000,5.795461866590712
146100,4.644018173217773
146200,7.761158466339111
146300,4.980898539225261
146400,6.2556020563299
146500,3.9879989624023438
146600,5.072949981689453
146700,5.4269050598144535
146800,5.722001393636067
146900,4.3942060470581055
147000,5.0524181789822045
147100,4.939063480922154
147200,6.658201217651367
147300,5.189348856608073
147400,5.656342139610877
147500,6.780390930175781
147600,6.047406387329102
147700,5.714822248979048
147800,7.249224344889323
147900,4.119740349905832
148000,6.221091270446777
148100,5.646284920828683
148200,4.625311170305524
148300,4.075503758021763
148400,6.263727973489201
148500,5.317474365234375
148600,5.916037241617839
148700,2.9900201161702475
148800,4.2580366134643555
148900,5.8762900612571025
149000,4.94402847290039
149100,5.259152499112216
149200,5.877492731267756
149300,3.880123519897461
149400,4.147090366908482
149500,6.051751273018973
149600,4.133353763156467
149700,5.209959030151367
149800,5.882494839754972
149900,5.854465191180889
150000,5.559253692626953
14,35.6204226707433
14,11.262013826531675
150100,5.206458282470703
150200,5.821508407592773
150300,5.6330462864467075
150400,3.025828997294108
150500,5.682877010769314
150600,4.852122497558594
150700,3.432032823562622
150800,5.636518478393555
150900,4.228076299031575
151000,4.964904361300999
151100,4.631621837615967
151200,6.102755126953125
151300,5.440162658691406
151400,4.2609710693359375
151500,5.324333190917969
151600,4.923410097757976
151700,5.007273356119792
151800,5.994468688964844
151900,6.061627197265625
152000,5.144518534342448
152100,5.960006237030029
152200,5.042272090911865
152300,4.1609072004045755
152400,4.674652862548828
152500,4.049370574951172
152600,3.819741058349609
152700,5.660168734463778
152800,4.34020767211914
152900,3.9571990966796875
153000,6.651773452758789
153100,5.951704025268555
153200,4.218292236328125
153300,4.859103611537388
153400,4.588694254557292
153500,4.706383895874024
153600,5.884667714436849
153700,5.712092929416233
153800,5.473284403483073
153900,4.050000326974051
154000,4.95843996320452
154100,5.5505516052246096
154200,4.62307071685791
154300,4.85309066772461
154400,5.929421901702881
154500,6.01320743560791
154600,4.474712371826172
154700,5.111966609954834
154800,5.883124215262277
154900,3.9798131670270647
155000,4.723598480224609
155100,6.126867294311523
155200,3.570391893386841
155300,5.709366989135742
155400,5.58249028523763
155500,4.7088470458984375
155600,5.64175542195638
155700,5.527672195434571
155800,4.771844482421875
155900,5.874707539876302
156000,5.347671932644314
156100,4.744576772054036
156200,7.702151298522949
156300,4.8850902981228295
156400,6.143413196910512
156500,4.051792689732143
156600,4.989075088500977
156700,5.585767364501953
156800,5.600673675537109
156900,4.131739139556885
157000,5.0251341925726996
157100,4.811701093401227
157200,6.649456024169922
157300,5.459477318657769
157400,5.686711237980769
157500,6.8609260559082035
157600,5.96843147277832
157700,5.8253562233664775
157800,6.802687962849935
157900,3.899420601981027
158000,5.9753313064575195
158100,6.0201296125139505
158200,4.57843998500279
158300,3.8192841666085378
158400,6.2375353644875915
158500,4.97869873046875
158600,6.223547617594401
158700,2.925414721171061
158800,4.270996570587158
158900,5.787762381813743
159000,5.081879806518555
159100,5.412198153409091
159200,5.73253770308061
159300,4.303607559204101
159400,4.189899444580078
159500,5.96601322719029
159600,3.977262708875868
159700,5.110291481018066
159800,5.801236932927912
159900,5.737676767202524
160000,5.391428470611572
15,35.10300785265151
15,11.208090103408253
160100,5.157819747924805
160200,6.007462692260742
160300,5.486796787806919
160400,3.122175852457682
160500,5.734292772081163
160600,4.914959208170573
160700,4.013030052185059
160800,5.503773371378581
160900,3.971877415974935
161000,4.819508870442708
161100,5.055993556976318
161200,6.100786743164062
161300,5.27042293548584
161400,4.173103968302409
161500,5.210254192352295
161600,4.753674507141113
161700,5.295663833618164
161800,5.58921328457919
161900,6.226616668701172
162000,5.1527144114176435
162100,5.564194202423096
162200,4.85532283782959
162300,4.043567384992327
162400,4.929924774169922
162500,4.008228302001953
162600,3.854816436767578
162700,5.743893710049716
162800,4.406836700439453
162900,4.213987077985491
163000,5.03814172744751
163100,5.9760212898254395
163200,3.882122584751674
163300,4.640302385602679
163400,4.536781311035156
163500,4.675003433227539
163600,5.64792717827691
163700,5.626830206976996
163800,5.427865346272786
163900,4.509659358433315
164000,4.987766265869141
164100,5.384976196289062
164200,4.53037166595459
164300,4.815492248535156
164400,6.166469573974609
164500,6.11423921585083
164600,4.1250358581542965
164700,4.983586311340332
164800,6.00562013898577
164900,3.855297361101423
165000,4.68662166595459
165100,6.208722114562988
165200,3.6232008934020996
165300,5.6667640686035154
165400,5.402582380506727
165500,4.890684127807617
165600,5.59019152323405
165700,5.070323181152344
165800,4.888113403320313
165900,5.8152050442165795
166000,5.4286142985026045
166100,4.433693567911784
166200,7.563573837280273
166300,4.982683393690321
166400,5.743229259144176
166500,4.061490195138114
166600,4.7025505065917965
166700,5.305246734619141
166800,5.729218165079753
166900,4.374213218688965
167000,5.230417039659288
167100,4.72790036882673
167200,6.4299265543619795
167300,5.453451368543837
167400,5.6331963172325725
167500,6.801644897460937
167600,6.023965454101562
167700,5.772745305841619
167800,6.611162185668945
167900,3.768402099609375
168000,6.364957809448242
168100,5.659750257219587
168200,4.433881487165179
168300,3.773169926234654
168400,6.086150225471048
168500,5.101180553436279
168600,6.208933512369792
168700,2.736875851949056
168800,4.128911972045898
168900,5.678602738813921
169000,4.84063949584961
169100,5.398343866521662
169200,5.738360665061257
169300,3.8261199951171876
169400,4.22845458984375
169500,6.2147979736328125
169600,3.909598880343967
169700,5.061920642852783
169800,5.755491083318537
169900,5.752176138070913
170000,5.661218643188477
16,34.82911068114917
16,11.58343416974945
170100,4.940137100219727
170200,5.868024826049805
170300,5.806353432791574
170400,3.53825314839681
170500,5.405015309651692
170600,4.858485412597656
170700,4.0927019119262695
170800,5.294161160786946
170900,4.242587407430013
171000,4.828988817003038
171100,4.797001361846924
171200,6.139059448242188
171300,5.280856609344482
171400,4.485740343729655
171500,5.163568019866943
171600,4.563057899475098
171700,5.084058125813802
171800,6.4273764870383525
171900,6.359091186523438
172000,5.273465474446614
172100,5.854598045349121
172200,4.753346920013428
172300,4.0761566162109375
172400,4.835559844970703
172500,4.0344291687011715
172600,3.923219680786133
172700,5.476351304487749
172800,4.404558563232422
172900,4.228500093732562
173000,5.163836479187012
173100,5.824019908905029
173200,3.824249267578125
173300,4.099437713623047
173400,4.519055684407552
173500,4.570098876953125
173600,5.6901804606119795
173700,5.435182359483507
173800,5.31121031443278
173900,4.334912436349051
174000,5.080619812011719
174100,5.504502868652343
174200,4.6369476318359375
174300,4.711616516113281
174400,5.961063385009766
174500,6.018767356872559
174600,4.437655258178711
174700,5.05949592590332
174800,5.959618159702846
174900,3.956467764718192
175000,4.765610694885254
175100,6.279932022094727
175200,3.530980110168457
175300,5.624217987060547
175400,5.41692140367296
175500,4.84480094909668
175600,5.600307464599609
175700,5.423705673217773
175800,4.637473297119141
175900,5.974529266357422
176000,5.391369289822048
176100,4.33511225382487
176200,7.354901313781738
176300,4.973509894476996
176400,6.386417735706676
176500,4.126142229352679
176600,5.005704879760742
176700,5.285786437988281
176800,5.710471471150716
176900,3.948014974594116
177000,5.483761257595486
177100,4.968522208077567
177200,6.591952006022136
177300,5.426194085015191
177400,5.5777763953575725
177500,6.780581665039063
177600,5.97198486328125
177700,5.691990939053622
177800,6.612345377604167
177900,3.801230021885463
178000,6.1938700675964355
178100,5.610050746372768
178200,4.395651681082589
178300,3.7146998814174106
178400,6.386685539694393
178500,4.952606201171875
178600,5.9227447509765625
178700,3.2849130630493164
178800,4.154650688171387
178900,5.6391754150390625
179000,5.01962890625
179100,5.3643646240234375
179200,5.586189616810191
179300,4.453162765502929
179400,4.1569012233189175
179500,6.051622663225446
179600,4.088775634765625
179700,4.976912498474121
179800,5.936311201615767
179900,5.4865558330829325
180000,5.670269966125488
17,34.482241284914835
17,11.423832850883976
180100,5.077919769287109
180200,5.776960372924805
180300,5.466744559151786
180400,2.927288373311361
180500,5.381735483805339
180600,5.012911987304688
180700,3.4407005310058594
180800,5.211448351542155
180900,4.401057879130046
181000,4.857007344563802
181100,4.524328708648682
181200,6.228399047851562
181300,5.19309663772583
181400,4.3719431559244795
181500,5.331186771392822
181600,4.630805969238281
181700,5.40073839823405
181800,5.627574573863637
181900,5.853286361694336
182000,5.038327217102051
182100,5.567846298217773
182200,4.469291687011719
182300,4.009625571114676
182400,4.707737731933594
182500,4.054903030395508
182600,3.870225524902344
182700,5.426012906161222
182800,4.417827224731445
182900,4.002770560128348
183000,5.188015937805176
183100,6.062455177307129
183200,3.8753160749162947
183300,4.81651360648019
183400,4.525258700052897
183500,4.513912200927734
183600,5.541957431369358
183700,5.618704901801215
183800,5.618776321411133
183900,3.940902437482561
184000,5.096932002476284
184100,5.1503044128417965
184200,4.452805995941162
184300,4.531401062011719
184400,5.726677417755127
184500,5.776093482971191
184600,4.1863250732421875
184700,5.3128767013549805
184800,5.898342677525112
184900,3.9530121939522878
185000,4.667552471160889
185100,6.137927055358887
185200,3.6238722801208496
185300,5.913574981689453
185400,5.551649729410808
185500,4.8275370597839355
185600,5.763821283976237
185700,5.2716926574707035
185800,5.016742324829101
185900,5.727143181694879
186000,5.213100009494358
186100,4.421198844909668
186200,7.337228775024414
186300,4.962436252170139
186400,6.183374578302557
186500,4.3848386492047995
186600,5.016702270507812
186700,5.147594451904297
186800,5.563382466634114
186900,4.051147937774658
187000,5.207574632432726
187100,4.564818790980747
187200,6.435787200927734
187300,5.0231954786512585
187400,5.535123384915865
187500,6.843898773193359
187600,6.053931427001953
187700,5.5410024469549
187800,6.9997812906901045
187900,3.8192392076764787
188000,6.575042724609375
188100,5.5426227024623325
188200,4.540712084089007
188300,3.7796876089913503
188400,6.204897263470818
188500,4.940084457397461
188600,6.021313349405925
188700,2.761479695638021
188800,4.271143913269043
188900,5.903190612792969
189000,5.0215190887451175
189100,5.222150629216975
189200,5.294498096812855
189300,3.9918262481689455
189400,4.514285496303013
189500,5.56227057320731
189600,3.769092983669705
189700,5.080979347229004
189800,5.7879250266335225
189900,5.395026573768029
190000,5.465394020080566
18,34.210833284759225
18,11.801517727563349
190100,4.8971809387207035
190200,5.804553985595703
190300,5.431235722133091
190400,2.703732172648112
190500,5.206693013509114
190600,4.858034261067709
190700,3.7932353019714355
190800,5.319042841593425
190900,3.6811707814534507
191000,4.869152492947048
191100,4.419629096984863
191200,6.249271240234375
191300,5.22174596786499
191400,4.334621111551921
191500,5.171881198883057
191600,4.67501958211263
191700,4.965761820475261
191800,6.06500868363814
191900,5.930775833129883
192000,5.013275146484375
192100,5.708194255828857
192200,4.285679817199707
192300,4.017933436802456
192400,4.54655876159668
192500,3.960013198852539
192600,4.268100738525391
192700,5.605241948908025
192800,4.488502883911133
192900,3.9440176827566966
193000,5.471122741699219
193100,5.607906818389893
193200,3.8150978088378906
193300,4.286295209612165
193400,4.403804779052734
193500,4.561084747314453
193600,5.424479166666667
193700,5.613864474826389
193800,5.395306905110677
193900,4.062444959368024
194000,4.9106292724609375
194100,5.5884452819824215
194200,4.492007255554199
194300,4.637538146972656
194400,5.9318342208862305
194500,5.61763858795166
194600,4.3226371765136715
194700,4.743227958679199
194800,5.7847153799874445
194900,3.827047892979213
195000,4.668605327606201
195100,6.492499351501465
195200,3.7578840255737305
195300,5.8836723327636715
195400,5.6584290398491754
195500,4.810585021972656
195600,5.592455546061198
195700,5.467305755615234
195800,4.750521087646485
195900,5.743300967746311
196000,5.489073011610243
196100,4.234514554341634
196200,7.3520283699035645
196300,4.847249348958333
196400,5.963723616166548
196500,3.889570508684431
196600,4.889033508300781
196700,5.209960174560547
196800,5.517353057861328
196900,4.077895164489746
197000,5.268781026204427
197100,4.6883054460797995
197200,6.454484303792317
197300,5.3928638034396705
197400,5.487435560960036
197500,6.735079956054688
197600,5.802679824829101
197700,5.675365447998047
197800,6.4647979736328125
197900,3.65377071925572
198000,6.378620624542236
198100,5.647986820765904
198200,4.388703482491629
198300,3.756800515311105
198400,5.776403988108916
198500,5.435970306396484
198600,5.5960845947265625
198700,2.8371995290120444
198800,4.408172130584717
198900,5.721118927001953
199000,4.417112731933594
199100,5.179973949085582
199200,6.0051137750799
199300,3.818117141723633
199400,4.107363019670759
199500,5.77030999319894
199600,3.778821733262804
199700,5.179407119750977
199800,5.726207386363637
199900,5.369972815880408
200000,5.379199028015137
19,34.14070908495816
19,12.378557884724227
200100,4.9370777130126955
200200,5.9456428527832035
200300,5.739316667829241
200400,2.834880828857422
200500,5.152333153618707
200600,4.8537139892578125
200700,3.4315741062164307
200800,5.155097007751465
200900,3.58391539255778
201000,4.84395514594184
201100,4.718258380889893
201200,6.1906671142578125
201300,5.361870765686035
201400,4.511758168538411
201500,5.201820373535156
201600,4.842107772827148
201700,5.0519514083862305
201800,5.889820445667613
201900,5.77635612487793
202000,4.7661088307698565
202100,5.586245059967041
202200,4.212558746337891
202300,3.7680211748395647
202400,4.408100891113281
202500,3.6611934661865235
202600,4.103036499023437
202700,5.669352791526101
202800,4.598241806030273
202900,4.173870086669922
203000,5.148931503295898
203100,5.671331405639648
203200,3.7711993626185825
203300,4.614530290876116
203400,4.400042215983073
203500,4.377157592773438
203600,5.563852945963542
203700,5.6241128709581165
203800,5.314932187398274
203900,4.055496760777065
204000,4.733816964285714
204100,5.397366333007812
204200,4.485682964324951
204300,4.5519859313964846
204400,6.099050521850586
204500,5.768804550170898
204600,3.793279266357422
204700,4.880633354187012
204800,5.7403090340750555
204900,3.891908645629883
205000,4.476652145385742
205100,6.149391174316406
205200,3.754362106323242
205300,5.861928558349609
205400,5.282307518853082
205500,4.876467704772949
205600,5.609421412150065
205700,5.351970672607422
205800,5.039836883544922
205900,5.703717973497179
206000,5.389031728108724
206100,4.286157608032227
206200,7.424389362335205
206300,4.643216451009114
206400,5.759475014426491
206500,3.937237058367048
206600,4.984444427490234
206700,5.365501022338867
206800,5.533801396687825
206900,3.9424080848693848
207000,5.296959347195095
207100,4.537453242710659
207200,6.420810699462891
207300,5.091247134738499
207400,5.6258110633263225
207500,6.626121520996094
207600,5.977821731567383
207700,5.382778861305931
207800,6.4592539469401045
207900,3.681262969970703
208000,6.747513771057129
208100,5.661654881068638
208200,4.15398188999721
208300,3.915682111467634
208400,5.940726785098805
208500,5.214944362640381
208600,5.78932253519694
208700,2.7261505126953125
208800,3.9513072967529297
208900,5.83801963112571
209000,4.873853302001953
209100,5.088005065917969
209200,5.479222037575462
209300,3.7386711120605467
209400,3.974839346749442
209500,5.671400887625558
209600,3.907132042778863
209700,4.789140224456787
209800,5.821875832297585
209900,5.44435060941256
210000,5.540374279022217
20,33.92751780562372
20,12.549185943736694
210100,4.930772399902343
210200,5.503446197509765
210300,5.624789646693638
210400,3.088888168334961
210500,5.103313446044922
210600,4.780546061197916
210700,3.4115140438079834
210800,5.184650421142578
210900,3.907958984375
211000,5.046374003092448
211100,4.515893459320068
211200,6.1383154296875
211300,5.231821060180664
211400,4.166724840799968
211500,5.313198566436768
211600,4.486721674601237
211700,4.891220728556315
211800,5.55037446455522
211900,5.660420989990234
212000,5.138447443644206
212100,5.553314208984375
212200,3.5132460594177246
212300,3.7861246381487166
212400,4.578309631347656
212500,4.543498611450195
212600,3.700489044189453
212700,5.4121551513671875
212800,4.420449066162109
212900,3.9011938912527904
213000,4.880796432495117
213100,6.13116455078125
213200,3.742352076939174
213300,3.7315401349748885
213400,4.316228866577148
213500,4.462589263916016
213600,5.898896111382379
213700,5.573868221706814
213800,5.23280143737793
213900,3.9487146650041853
214000,4.850224086216518
214100,5.317969512939453
214200,4.423661708831787
214300,4.403094482421875
214400,5.752277374267578
214500,5.998188018798828
214600,3.826337432861328
214700,4.829936981201172
214800,5.843409946986607
214900,4.041941234043667
215000,4.2998809814453125
215100,6.239560604095459
215200,3.801619291305542
215300,5.668357849121094
215400,5.270963880750868
215500,4.737003326416016
215600,5.485593795776367
215700,5.482682800292968
215800,5.140420532226562
215900,5.658506605360243
216000,5.224231719970703
216100,4.39791742960612
216200,7.168524265289307
216300,4.942134009467231
216400,6.052961176091975
216500,3.3366377694266185
216600,4.8867332458496096
216700,5.302502822875977
216800,5.361403783162435
216900,3.9287362098693848
217000,5.329125722249349
217100,4.510041373116629
217200,6.289055506388347
217300,5.067339155409071
217400,5.528447077824519
217500,6.5185997009277346
217600,5.9362548828125
217700,5.55128964510831
217800,6.375346501668294
217900,3.867802211216518
218000,6.1835246086120605
218100,5.701433454241071
218200,4.164221082414899
218300,3.499994550432478
218400,6.266771653119256
218500,5.140156269073486
218600,5.761645634969075
218700,2.751418431599935
218800,4.029971122741699
218900,5.82208945534446
219000,4.719920349121094
219100,5.198800520463423
219200,5.616302490234375
219300,4.486346817016601
219400,3.905136380876814
219500,5.649547031947544
219600,3.465269300672743
219700,4.568210601806641
219800,5.65900282426314
219900,5.323414142315205
220000,5.35662317276001
21,33.543845311704324
21,12.358489413901419
220100,4.678530502319336
220200,5.48113899230957
220300,5.372605460030692
220400,2.9592062632242837
220500,4.803889380560981
220600,4.810289510091146
220700,3.5616025924682617
220800,5.206921895345052
220900,4.095776557922363
221000,4.784127977159288
221100,4.412472724914551
221200,6.0071173095703125
221300,5.178011417388916
221400,4.141882578531901
221500,5.151608467102051
221600,4.473768870035808
221700,4.9696149826049805
221800,5.9740753173828125
221900,5.670649719238281
222000,5.333350499471028
222100,5.303955078125
222200,4.510834693908691
222300,3.8235487256731306
222400,4.538028335571289
222500,3.721100616455078
222600,3.851091766357422
222700,5.481227874755859
222800,4.2385406494140625
222900,3.997455596923828
223000,4.667788982391357
223100,5.599247932434082
223200,3.7420760563441684
223300,4.849023546491351
223400,4.241280873616536
223500,4.4419807434082035
223600,5.676851908365886
223700,5.428724500868055
223800,5.51551882425944
223900,4.183752877371652
224000,4.5479921613420755
224100,5.110027313232422
224200,4.37140417098999
224300,4.991786193847656
224400,7.111119747161865
224500,5.938297271728516
224600,3.935211181640625
224700,4.511787414550781
224800,5.87065179007394
224900,3.852008819580078
225000,4.603764533996582
225100,6.157078742980957
225200,3.780190944671631
225300,5.590491485595703
225400,5.344430711534288
225500,4.795183181762695
225600,5.528504689534505
225700,5.5002899169921875
225800,4.696541213989258
225900,5.708401150173611
226000,5.612811618381077
226100,4.183769861857097
226200,7.0620341300964355
226300,4.70940187242296
226400,6.238899230957031
226500,3.7876199994768416
226600,4.868655395507813
226700,5.274677658081055
226800,5.550919850667317
226900,3.6498794555664062
227000,5.472741021050347
227100,4.305977140154157
227200,6.383028666178386
227300,5.085772196451823
227400,5.7094239455003
227500,6.644723510742187
227600,6.027182769775391
227700,5.397974187677557
227800,6.5133412679036455
227900,3.5936104910714284
228000,6.415034770965576
228100,5.665376935686384
228200,4.293912615094866
228300,3.800309862409319
228400,5.892574983484605
228500,4.77321720123291
228600,5.353317896525065
228700,2.8255221048990884
228800,4.03492546081543
228900,5.774369673295454
229000,5.067559051513672
229100,5.099857330322266
229200,6.0070717551491475
229300,4.048299407958984
229400,3.875676836286272
229500,5.516610281808036
229600,3.79982418484158
229700,5.137079238891602
229800,5.914072903719815
229900,5.774529677170974
230000,5.864599227905273
22,33.47979978354631
22,12.641584501894238
230100,4.72247085571289
230200,5.619620513916016
230300,5.4903123038155695
230400,3.0338643391927085
230500,4.897775014241536
230600,4.819120788574219
230700,3.236872673034668
230800,5.127532958984375
230900,3.725361188252767
231000,4.8012585110134545
231100,4.4161505699157715
231200,5.997635498046875
231300,5.2481369972229
231400,4.285564104715983
231500,5.203596591949463
231600,5.014732042948405
231700,4.959832827250163
231800,6.094362432306463
231900,5.669869613647461
232000,4.783884366353353
232100,5.431233882904053
232200,3.8754963874816895
232300,3.791231155395508
232400,4.482612991333008
232500,3.659174346923828
232600,3.493209457397461
232700,5.480398004705256
232800,4.458847427368164
232900,3.5152696881975447
233000,4.917123317718506
233100,6.29697322845459
233200,3.678545815604074
233300,5.48356682913644
233400,4.194863637288411
233500,4.344897079467773
233600,5.58890618218316
233700,5.544161478678386
233800,5.488620758056641
233900,3.8308072771344865
234000,4.474007742745536
234100,5.620388412475586
234200,4.524067401885986
234300,4.49280014038086
234400,5.562814712524414
234500,5.737668991088867
234600,3.92110595703125
234700,4.733671188354492
234800,5.683834075927734
234900,3.9119488852364674
235000,4.577123641967773
235100,6.514018535614014
235200,3.5468153953552246
235300,5.743603897094727
235400,5.330018361409505
235500,4.8432087898254395
235600,5.30263074239095
235700,5.188081741333008
235800,4.6054222106933596
235900,5.483139461941189
236000,5.579838646782769
236100,3.869425137837728
236200,7.017065525054932
236300,4.622870127360026
236400,5.908032503995028
236500,3.723700387137277
236600,5.055543899536133
236700,4.939465713500977
236800,5.503577550252278
236900,3.619124412536621
237000,5.149864196777344
237100,4.459413528442383
237200,6.378478368123372
237300,5.244110107421875
237400,5.535013052133413
237500,6.6563232421875
237600,5.8109996795654295
237700,5.452885367653587
237800,6.421375274658203
237900,3.889999662126814
238000,6.488487243652344
238100,5.403539930071149
238200,4.086922236851284
238300,3.795689174107143
238400,5.871461756089154
238500,4.512680530548096
238600,5.427366892496745
238700,2.5933589935302734
238800,4.063441276550293
238900,5.616918043656782
239000,4.81529655456543
239100,5.163789922540838
239200,5.197448036887429
239300,4.137715148925781
239400,3.9258411952427457
239500,5.821993146623884
239600,3.494123246934679
239700,4.690804481506348
239800,5.714099190451882
239900,5.257503216083233
240000,5.699395179748535
23,33.49902694644199
23,12.610444801309766
240100,5.2342529296875
240200,5.667494201660157
240300,5.5391660417829245
240400,2.759489059448242
240500,4.9275012546115455
240600,4.876728312174479
240700,3.0732483863830566
240800,4.944009780883789
240900,3.733945846557617
241000,5.016019185384114
241100,4.370849132537842
241200,5.879663696289063
241300,5.077310562133789
241400,4.192714691162109
241500,5.079617500305176
241600,4.280845006306966
241700,4.785226821899414
241800,5.631092418323863
241900,5.7309822082519535
242000,5.126123746236165
242100,5.586450576782227
242200,4.877865791320801
242300,3.6670548575265065
242400,4.852368927001953
242500,3.6173301696777345
242600,3.734798812866211
242700,5.60799130526456
242800,4.718744277954102
242900,3.9113001142229353
243000,5.419393539428711
243100,5.668154716491699
243200,3.7101124354771207
243300,3.871851239885603
243400,4.156614303588867
243500,4.390310287475586
243600,5.392048729790582
243700,5.3961902194552955
243800,5.324937184651692
243900,4.260845184326172
244000,4.871771676199777
244100,5.257289123535156
244200,4.228117942810059
244300,4.3109485626220705
244400,5.5454487800598145
244500,5.545837879180908
244600,3.8637088775634765
244700,4.464964389801025
244800,5.678185599190848
244900,3.941419873918806
245000,4.407593727111816
245100,5.820309638977051
245200,3.72456693649292
245300,5.901660537719726
245400,5.1640951368543835
245500,4.65183687210083
245600,5.429399490356445
245700,5.210246658325195
245800,4.757709121704101
245900,5.552880605061849
246000,5.110154045952691
246100,4.194594701131185
246200,6.806535243988037
246300,4.461983150906033
246400,6.247978210449219
246500,3.425171443394252
246600,4.8900806427001955
246700,4.957397079467773
246800,5.502321243286133
246900,3.7677457332611084
247000,4.95061535305447
247100,4.354856218610491
247200,6.2668107350667315
247300,4.836034986707899
247400,5.647728553185096
247500,6.57861328125
247600,5.917366027832031
247700,5.491973530162465
247800,7.864551544189453
247900,3.8907296316964284
248000,7.102088928222656
248100,5.433974129813058
248200,3.7711424146379744
248300,3.6587132045200894
248400,5.853337456198299
248500,4.826980113983154
248600,5.465213775634766
248700,2.705146153767904
248800,3.9218239784240723
248900,5.746370488947088
249000,4.940342712402344
249100,5.346133492209694
249200,5.516253384676847
249300,3.8099105834960936
249400,3.5117789677211215
249500,5.7095761980329245
249600,3.4426307678222656
249700,4.461626052856445
249800,5.757380745627663
249900,5.219017615685096
250000,5.464635372161865
24,33.25687910588007
24,13.058972343827596
