100,8.781370544433594
200,7.335667419433594
300,7.562234606061663
400,5.046852111816406
500,6.602199130588108
600,6.484210205078125
700,6.103160381317139
800,7.220177332560222
900,5.393227259318034
1000,6.306432935926649
1100,6.869794845581055
1200,6.075429077148438
1300,6.100488662719727
1400,5.310806592305501
1500,6.123924255371094
1600,6.705570220947266
1700,6.679026921590169
1800,5.978716763583097
1900,6.183005523681641
2000,5.506242752075195
2100,6.131659984588623
2200,4.408316612243652
2300,6.192746843610491
2400,5.527987289428711
2500,5.318827819824219
2600,5.548360443115234
2700,6.0262451171875
2800,5.8614356994628904
2900,5.593478611537388
3000,7.317763805389404
3100,6.292021751403809
3200,4.480073928833008
3300,5.633582523890904
3400,6.019508361816406
3500,5.801567840576172
3600,6.411624484592014
3700,6.547051747639974
3800,5.605345408121745
3900,5.791451045445034
4000,5.810509817940848
4100,5.838111114501953
4200,5.474123001098633
4300,5.870454025268555
4400,6.169092655181885
4500,6.374981880187988
4600,6.142418670654297
4700,5.101099967956543
4800,6.1723834446498325
4900,5.884246826171875
5000,6.646010398864746
5100,6.071249008178711
5200,4.697055816650391
5300,6.400959014892578
5400,6.187951829698351
5500,5.528431415557861
5600,6.06216557820638
5700,5.248759460449219
5800,5.755881500244141
5900,6.203481038411458
6000,5.86134507921007
6100,5.578531901041667
6200,8.074981689453125
6300,5.610575781928168
6400,7.116621537642046
6500,4.627338409423828
6600,5.433155059814453
6700,6.463266754150391
6800,5.816944758097331
6900,5.413585186004639
7000,5.28755866156684
7100,5.782584054129464
7200,6.665367762247722
7300,5.717592027452257
7400,6.207187359149639
7500,7.112826538085938
7600,6.231242370605469
7700,6.247141751376065
7800,8.567326863606771
7900,5.7328643798828125
8000,5.813907146453857
8100,6.657404218401227
8200,5.897346496582031
8300,4.626134055001395
8400,6.818841373219209
8500,6.579912185668945
8600,5.995375951131185
8700,4.417020797729492
8800,5.238138198852539
8900,6.136589050292969
9000,5.775845336914062
9100,5.774123451926491
9200,6.413418856534091
9300,5.707251739501953
9400,5.419222150530134
9500,6.297511509486607
9600,5.091058519151476
9700,5.79697322845459
9800,6.4821694113991475
9900,5.805287874661959
10000,6.008764743804932
0,49.302342520924434
0,4.821565995773607
10100,6.442962646484375
10200,6.233879089355469
10300,6.36559568132673
10400,3.8529866536458335
10500,5.949082268608941
10600,5.375559997558594
10700,4.968769073486328
10800,6.797133763631185
10900,4.448810577392578
11000,5.811486138237847
11100,6.1681108474731445
11200,5.909285278320312
11300,6.112673282623291
11400,4.677283604939778
11500,5.684167385101318
11600,5.6734771728515625
11700,5.846852620442708
11800,5.637786171653054
11900,6.025811004638672
12000,5.289811452229817
12100,6.1708245277404785
12200,4.630588531494141
12300,5.9126723153250555
12400,5.280176162719727
12500,4.876843643188477
12600,5.123939514160156
12700,5.947291981090199
12800,5.2780311584472654
12900,4.7967393057686945
13000,7.2172746658325195
13100,6.1766815185546875
13200,4.247067860194615
13300,5.232724325997489
13400,5.528191248575847
13500,5.356000518798828
13600,6.25629636976454
13700,6.214382595486111
13800,5.719926834106445
13900,5.241777692522321
14000,5.779539380754743
14100,5.866998291015625
14200,5.302051544189453
14300,5.629971313476562
14400,6.773614883422852
14500,6.067256927490234
14600,5.665699768066406
14700,4.948056221008301
14800,6.011322566441128
14900,5.238331386021206
15000,6.360264778137207
15100,6.188163757324219
15200,4.571240425109863
15300,6.183459091186523
15400,5.979496426052517
15500,5.069035530090332
15600,5.949275970458984
15700,5.172935485839844
15800,5.4553062438964846
15900,6.330536312527126
16000,5.685032314724392
16100,5.168212254842122
16200,8.200836181640625
16300,5.330077277289496
16400,6.916033658114347
16500,4.325573240007673
16600,5.319306182861328
16700,6.2169639587402346
16800,5.9110565185546875
16900,5.133530139923096
17000,5.1242086622450085
17100,5.6685284205845425
17200,6.664815266927083
17300,5.8449656168619795
17400,6.229884807880108
17500,7.105810546875
17600,6.216935729980468
17700,6.159158880060369
17800,8.647406895955404
17900,5.406365530831473
18000,5.853734016418457
18100,6.606461661202567
18200,5.55064937046596
18300,4.501141956874302
18400,6.698017793543198
18500,6.221889019012451
18600,5.842833836873372
18700,3.9252211252848306
18800,4.800065994262695
18900,6.007010026411577
19000,5.465756225585937
19100,5.652879194779829
19200,6.222559842196378
19300,5.453706359863281
19400,5.212409973144531
19500,6.115620204380581
19600,4.9757813347710504
19700,5.632023334503174
19800,6.394769841974432
19900,5.700295668381911
20000,5.896543502807617
1,43.75547925317168
1,7.045976534807492
20100,5.713774871826172
20200,6.0034839630126955
20300,5.97411128452846
20400,3.54616641998291
20500,6.070945739746094
20600,5.335409037272135
20700,4.640053749084473
20800,6.744770050048828
20900,4.301542282104492
21000,5.623174879286024
21100,5.471893787384033
21200,5.832811279296875
21300,5.926605224609375
21400,4.555005073547363
21500,5.576323509216309
21600,5.709894180297852
21700,5.6155134836832685
21800,5.684195431795987
21900,6.1795188903808596
22000,5.051384925842285
22100,5.860119819641113
22200,4.716713905334473
22300,5.308110918317523
22400,5.393840026855469
22500,4.681444549560547
22600,4.797534561157226
22700,5.889981356534091
22800,4.910856246948242
22900,4.699546813964844
23000,6.921422481536865
23100,6.171579837799072
23200,4.206999097551618
23300,5.184518541608538
23400,5.351707458496094
23500,5.256707000732422
23600,6.286557091606988
23700,6.063710530598958
23800,5.704799652099609
23900,4.7687497820172995
24000,5.514391762869699
24100,5.825337600708008
24200,5.046896934509277
24300,5.221686553955078
24400,6.278729438781738
24500,5.824195384979248
24600,5.269086456298828
24700,4.849639892578125
24800,6.0026751926967075
24900,4.880226135253906
25000,6.147741317749023
25100,6.169047832489014
25200,4.499090671539307
25300,6.116180419921875
25400,5.752691904703776
25500,4.985195159912109
25600,5.936410903930664
25700,5.229463195800781
25800,5.35143814086914
25900,6.325361887613933
26000,5.676759507921007
26100,5.004249254862468
26200,8.168331146240234
26300,5.157920837402344
26400,6.636868563565341
26500,4.0871767316545755
26600,5.070975494384766
26700,6.021934509277344
26800,5.8133290608723955
26900,5.045947074890137
27000,5.192436218261719
27100,5.726324353899274
27200,6.687875747680664
27300,5.725602043999566
27400,5.985132657564604
27500,7.023664855957032
27600,6.0382743835449215
27700,6.058102694424716
27800,8.428834279378256
27900,5.156357901436942
28000,5.851417064666748
28100,6.452273232596261
28200,5.244126456124442
28300,4.343469892229352
28400,6.5483560001148895
28500,6.094663143157959
28600,5.792680740356445
28700,3.5338335037231445
28800,4.587926864624023
28900,6.0352699973366475
29000,5.455961227416992
29100,5.647643349387429
29200,6.044443303888494
29300,5.098545074462891
29400,4.988562447684152
29500,6.0655686514718195
29600,4.792622884114583
29700,5.568459510803223
29800,6.236602089621804
29900,5.69732431265024
30000,5.769726753234863
2,40.692234125110446
2,8.686623142759743
30100,5.4401695251464846
30200,5.80401611328125
30300,5.890326363699777
30400,3.322145462036133
30500,5.991723802354601
30600,5.255424499511719
30700,4.4194560050964355
30800,6.715126037597656
30900,4.112178802490234
31000,5.437354617648655
31100,5.0673112869262695
31200,5.885335083007813
31300,5.84376335144043
31400,4.412111282348633
31500,5.459653854370117
31600,5.6086781819661455
31700,5.538283665974935
31800,5.597413843328303
31900,6.328163909912109
32000,4.97108777364095
32100,5.819199562072754
32200,4.529523849487305
32300,5.254870278494699
32400,5.21583251953125
32500,4.462002563476562
32600,4.6959228515625
32700,6.018503362482244
32800,4.753958892822266
32900,4.566067014421735
33000,6.461639404296875
33100,6.211991786956787
33200,4.051231929234096
33300,4.9648927961077005
33400,5.129106521606445
33500,5.023027801513672
33600,6.163392384847005
33700,5.950366550021702
33800,5.721355438232422
33900,4.387470790318081
34000,5.378935677664621
34100,5.78918571472168
34200,4.824605941772461
34300,5.019076538085938
34400,6.1279425621032715
34500,5.732175350189209
34600,5.022621917724609
34700,4.766147613525391
34800,6.00206538609096
34900,4.72197014944894
35000,6.097955226898193
35100,6.197504043579102
35200,4.434459686279297
35300,6.01470718383789
35400,5.632394154866536
35500,4.907257080078125
35600,6.104938507080078
35700,5.154703903198242
35800,5.281291961669922
35900,6.351943122016059
36000,5.622225867377387
36100,4.871928532918294
36200,8.379621505737305
36300,5.105304718017578
36400,6.478134848854759
36500,3.9150047302246094
36600,4.9727428436279295
36700,5.840583419799804
36800,5.717013041178386
36900,4.9961371421813965
37000,5.328191969129774
37100,5.581544058663504
37200,6.673871358235677
37300,5.461625417073567
37400,5.862678527832031
37500,6.8215476989746096
37600,5.989449691772461
37700,5.917695478959517
37800,8.091560999552408
37900,5.023258754185268
38000,5.8076324462890625
38100,6.257035391671317
38200,5.02217047555106
38300,4.134926114763532
38400,6.496838289148667
38500,5.950027942657471
38600,5.885628382364909
38700,3.328524907430013
38800,4.428869247436523
38900,5.908548528497869
39000,5.341838836669922
39100,5.654674183238637
39200,5.931214072487571
39300,4.695851898193359
39400,4.685738154820034
39500,6.081059047154018
39600,4.575259314643012
39700,5.359618663787842
39800,6.102485656738281
39900,5.757720360389123
40000,5.649199962615967
3,38.7320062438994
3,9.687952408567256
40100,5.309207534790039
40200,5.582867813110352
40300,5.932461329868862
40400,3.274149258931478
40500,5.935204399956597
40600,5.1877288818359375
40700,4.042061805725098
40800,6.632392247517903
40900,3.932941118876139
41000,5.157240973578559
41100,4.965830326080322
41200,5.948530883789062
41300,5.7880754470825195
41400,4.337547302246094
41500,5.412198543548584
41600,5.3843949635823565
41700,5.449485143025716
41800,5.783723657781428
41900,6.393873596191407
42000,4.921069780985515
42100,5.772371292114258
42200,4.472786903381348
42300,5.137660435267857
42400,5.222100067138672
42500,4.26147232055664
42600,4.597725296020508
42700,5.8919830322265625
42800,4.628509902954102
42900,4.469951084681919
43000,6.167354583740234
43100,6.230905055999756
43200,3.916668483189174
43300,4.657139369419643
43400,4.94400691986084
43500,4.845793914794922
43600,6.093956417507595
43700,5.767425960964626
43800,5.667212168375651
43900,4.265854699271066
44000,5.3279893057686945
44100,5.72619743347168
44200,4.665384292602539
44300,4.912136459350586
44400,6.076045513153076
44500,5.7198591232299805
44600,4.7980094909667965
44700,4.730125427246094
44800,5.857544490269253
44900,4.5955080304827005
45000,6.170009136199951
45100,6.294463634490967
45200,4.312714576721191
45300,5.9161521911621096
45400,5.571548885769314
45500,4.827530860900879
45600,5.917304992675781
45700,5.116231536865234
45800,5.12598876953125
45900,6.360579172770183
46000,5.482169681125217
46100,4.813109715779622
46200,8.421595573425293
46300,5.006963941786024
46400,6.328543229536577
46500,3.817542484828404
46600,4.961158752441406
46700,5.8539581298828125
46800,5.758647282918294
46900,4.840017795562744
47000,5.430787828233507
47100,5.345099312918527
47200,6.605247497558594
47300,5.286260392930773
47400,5.6238884559044475
47500,6.660984802246094
47600,5.931686019897461
47700,5.809786709872159
47800,7.9200439453125
47900,4.884562901088169
48000,5.85886812210083
48100,6.115973336356027
48200,4.785928998674665
48300,3.9471141270228793
48400,6.494605120490579
48500,5.850180149078369
48600,6.05747667948405
48700,3.328214645385742
48800,4.247817039489746
48900,5.795096310702237
49000,5.182777023315429
49100,5.710228313099254
49200,5.853152881969105
49300,4.463693237304687
49400,4.48915890284947
49500,6.08417238507952
49600,4.457666609022352
49700,5.24709939956665
49800,5.980103926225142
49900,5.690196697528545
50000,5.583641529083252
4,37.30238913254586
4,10.003652483741844
50100,5.2212066650390625
50200,5.3466033935546875
50300,5.907172066824777
50400,3.2457453409830728
50500,5.720027499728733
50600,5.18198496500651
50700,3.807290554046631
50800,6.583477020263672
50900,3.810901641845703
51000,4.968793233235677
51100,4.850811004638672
51200,5.986157836914063
51300,5.729857921600342
51400,4.270520528157552
51500,5.426609039306641
51600,5.251585642496745
51700,5.472567876180013
51800,5.850054654208097
51900,6.388208389282227
52000,4.870752652486165
52100,5.6976799964904785
52200,4.394722938537598
52300,4.990361894880023
52400,5.216634750366211
52500,4.103414154052734
52600,4.434872055053711
52700,5.71499980579723
52800,4.7191814422607425
52900,4.325148173740932
53000,5.8459577560424805
53100,6.175642490386963
53200,3.82006345476423
53300,4.295580727713449
53400,4.793181419372559
53500,4.689447402954102
53600,5.953408983018663
53700,5.612159729003906
53800,5.446712493896484
53900,4.2029105595179965
54000,5.258842468261719
54100,5.697672271728516
54200,4.529779434204102
54300,4.841788101196289
54400,6.02523136138916
54500,5.720951080322266
54600,4.569580078125
54700,4.675626277923584
54800,5.762483869280134
54900,4.46660396030971
55000,6.188675403594971
55100,6.3649139404296875
55200,4.19014310836792
55300,5.868558502197265
55400,5.5169677734375
55500,4.805019855499268
55600,5.866294225056966
55700,5.0597881317138675
55800,4.980880355834961
55900,6.257926940917969
56000,5.400305853949653
56100,4.657919565836589
56200,8.444354057312012
56300,4.948309156629774
56400,6.184049432927912
56500,3.7190491812569753
56600,4.997394180297851
56700,5.810334014892578
56800,5.678188323974609
56900,4.714848041534424
57000,5.5039783053927955
57100,5.075760977608817
57200,6.545732498168945
57300,5.191274007161458
57400,5.498541025015024
57500,6.551014709472656
57600,5.872578048706055
57700,5.80420546098189
57800,7.730279286702474
57900,4.688502175467355
58000,5.825753688812256
58100,5.973609924316406
58200,4.606360299246652
58300,3.7774625505719865
58400,6.470489501953125
58500,5.7718892097473145
58600,5.962720235188802
58700,3.3200912475585938
58800,4.07628870010376
58900,5.671141884543679
59000,5.161391067504883
59100,5.718702836470171
59200,5.745499350807884
59300,4.36762580871582
59400,4.250258581978934
59500,6.0708754403250555
59600,4.360274844699436
59700,5.123831272125244
59800,5.926774458451704
59900,5.619701092059795
60000,5.557445526123047
5,36.200646014683116
5,10.71898419193911
60100,5.12614860534668
60200,5.190357208251953
60300,5.893008640834263
60400,3.2082430521647134
60500,5.563307868109809
60600,5.208280436197916
60700,3.5723063945770264
60800,6.3228200276692705
60900,3.6787357330322266
61000,4.795006646050347
61100,4.690486431121826
61200,6.1790704345703125
61300,5.678854942321777
61400,4.186686197916667
61500,5.345200061798096
61600,5.297346750895183
61700,5.5780029296875
61800,5.823923284357244
61900,6.302053070068359
62000,4.864175478617351
62100,5.646883487701416
62200,4.220155239105225
62300,4.829515729631696
62400,5.1591133117675785
62500,4.005547332763672
62600,4.313865661621094
62700,5.590824473987926
62800,4.785292434692383
62900,4.227137429373605
63000,5.547876834869385
63100,6.123044013977051
63200,3.747827802385603
63300,4.086398805890765
63400,4.646903355916341
63500,4.5694019317626955
63600,5.953171624077691
63700,5.477687835693359
63800,5.395192464192708
63900,4.082756859915597
64000,5.171906607491629
64100,5.676662826538086
64200,4.426814079284668
64300,4.847444534301758
64400,5.951251029968262
64500,5.664361953735352
64600,4.3441917419433596
64700,4.56935453414917
64800,5.712922777448382
64900,4.3503619602748325
65000,6.169271469116211
65100,6.413342475891113
65200,4.026951313018799
65300,5.838690185546875
65400,5.513789706759983
65500,4.745160102844238
65600,5.768104553222656
65700,4.945229721069336
65800,4.879994201660156
65900,6.0618103875054254
66000,5.445812225341797
66100,4.5498472849528
66200,8.454500198364258
66300,4.8535410563151045
66400,6.051067699085582
66500,3.614190237862723
66600,4.9584003448486325
66700,5.742960357666016
66800,5.610150655110677
66900,4.571842193603516
67000,5.170568254258898
67100,4.9360842023577005
67200,6.477445602416992
67300,5.105472140842014
67400,5.444178067720854
67500,6.478755187988281
67600,5.832357406616211
67700,5.838384454900568
67800,7.593324025472005
67900,4.4836417606898715
68000,5.812568187713623
68100,5.83783939906529
68200,4.4386122567313055
68300,3.713809149605887
68400,6.3484205358168655
68500,5.710251808166504
68600,5.950450897216797
68700,3.440800984700521
68800,3.8795721530914307
68900,5.591153231534091
69000,5.042267608642578
69100,5.657817493785512
69200,5.596333243630149
69300,4.271604537963867
69400,3.987888608660017
69500,6.0244614737374445
69600,4.1632058885362415
69700,5.153759002685547
69800,5.881753401322798
69900,5.605316748985877
70000,5.5199079513549805
6,35.402398105911395
6,11.523033298930567
70100,5.020994567871094
70200,5.117251968383789
70300,5.787815638950893
70400,3.191258748372396
70500,5.446263207329644
70600,5.124430847167969
70700,3.419839859008789
70800,6.102705637613933
70900,3.547946294148763
71000,4.665218777126736
71100,4.610057830810547
71200,6.279048461914062
71300,5.6411333084106445
71400,4.088818232218425
71500,5.2537970542907715
71600,5.204692204793294
71700,5.586544036865234
71800,5.746267838911577
71900,6.267129135131836
72000,4.856742858886719
72100,5.61895751953125
72200,4.219334602355957
72300,4.809856414794922
72400,5.083359909057617
72500,3.899236297607422
72600,4.230381774902344
72700,5.450022263960405
72800,4.722470092773437
72900,4.221790313720703
73000,5.42408561706543
73100,5.9868903160095215
73200,3.655438559395926
73300,3.831298283168248
73400,4.534121831258138
73500,4.495565414428711
73600,5.7114919026692705
73700,5.342966715494792
73800,5.3329652150472
73900,3.9708290100097656
74000,5.077159336635044
74100,5.629774475097657
74200,4.377002716064453
74300,4.815134811401367
74400,5.800951957702637
74500,5.642300605773926
74600,4.163471221923828
74700,4.490397930145264
74800,5.67198235648019
74900,4.265040261404855
75000,6.098962783813477
75100,6.399953842163086
75200,3.912395477294922
75300,5.9334064483642575
75400,5.555018954806858
75500,4.628350257873535
75600,5.676375071207683
75700,4.9316246032714846
75800,4.794806289672851
75900,5.849033355712891
76000,5.557222154405382
76100,4.487980842590332
76200,8.321805000305176
76300,4.803225623236762
76400,5.956251664595171
76500,3.502593449183873
76600,4.992416000366211
76700,5.5814167022705075
76800,5.553680419921875
76900,4.451834201812744
77000,5.078059726291233
77100,4.8212770734514505
77200,6.378426869710286
77300,4.993264940049913
77400,5.409203162560096
77500,6.370311737060547
77600,5.798664474487305
77700,5.814615076238459
77800,7.5501047770182295
77900,4.1581268310546875
78000,5.725584506988525
78100,5.570016588483538
78200,4.333041327340262
78300,3.671025957380022
78400,6.414881537942326
78500,5.669699668884277
78600,5.878641128540039
78700,3.3631251653035483
78800,3.770811080932617
78900,5.5019826022061435
79000,4.942972564697266
79100,5.636232896284624
79200,5.441877191716975
79300,4.2307487487792965
79400,3.778441837855748
79500,6.043049403599331
79600,4.070690578884548
79700,5.2111358642578125
79800,5.942921031605113
79900,5.381919860839844
80000,5.5054612159729
7,34.77699312406492
7,11.92286824882824
80100,4.952389907836914
80200,5.066225814819336
80300,5.649555751255581
80400,3.1243972778320312
80500,5.443329705132379
80600,5.0421875
80700,3.4445090293884277
80800,5.818704605102539
80900,3.443488438924154
81000,4.552041371663411
81100,4.6157732009887695
81200,6.363636474609375
81300,5.582942008972168
81400,3.9952929814656577
81500,5.2043681144714355
81600,5.243290265401204
81700,5.53762944539388
81800,5.712769941850142
81900,6.233876800537109
82000,4.829390207926433
82100,5.561540603637695
82200,4.013419151306152
82300,4.8255157470703125
82400,4.899697113037109
82500,3.8323509216308596
82600,4.307699584960938
82700,5.464046825062145
82800,4.7172088623046875
82900,4.148805618286133
83000,5.283194541931152
83100,5.898639678955078
83200,3.591200419834682
83300,3.765178952898298
83400,4.441831906636556
83500,4.4333442687988285
83600,5.6157480875651045
83700,5.2206136915418835
83800,5.299694061279297
83900,3.8246969495500838
84000,4.966036115373884
84100,5.5412849426269535
84200,4.278787612915039
84300,4.707685470581055
84400,5.680963516235352
84500,5.59341287612915
84600,4.011444473266602
84700,4.364265441894531
84800,5.646651131766183
84900,4.184151785714286
85000,6.05379581451416
85100,6.398998737335205
85200,3.766683578491211
85300,5.891582107543945
85400,5.638776567247179
85500,4.465489864349365
85600,5.5617624918619795
85700,4.873681640625
85800,4.726483535766602
85900,5.579104953342014
86000,5.557633717854817
86100,4.3918717702229815
86200,8.126644134521484
86300,4.788307189941406
86400,5.908356406471946
86500,3.506669180733817
86600,5.032067108154297
86700,5.531607818603516
86800,5.444512685139974
86900,4.284452438354492
87000,5.059397379557292
87100,4.701659611293247
87200,6.372917811075847
87300,4.913042704264323
87400,5.362735454852764
87500,6.350419616699218
87600,5.803987884521485
87700,5.746215126731179
87800,7.58621088663737
87900,3.897925240652902
88000,5.562657833099365
88100,5.428290775844029
88200,4.235129765101841
88300,3.7716407775878906
88400,6.313972921932445
88500,5.557300090789795
88600,5.795463562011719
88700,3.2564980189005532
88800,3.6039958000183105
88900,5.461957758123225
89000,4.9643409729003904
89100,5.714360670609907
89200,5.311275828968395
89300,4.10040283203125
89400,3.574920654296875
89500,6.063749040876116
89600,4.056042989095052
89700,5.287288665771484
89800,5.951812744140625
89900,5.298846905048077
90000,5.544264793395996
8,34.67366194307394
8,12.909748428399027
90100,4.882474899291992
90200,5.039374923706054
90300,5.592474801199777
90400,3.080622990926107
90500,5.417232937282986
90600,5.016078186035156
90700,3.402048110961914
90800,5.640929539998372
90900,3.327085494995117
91000,4.5393566555447045
91100,4.498532772064209
91200,6.1565576171875
91300,5.501302719116211
91400,3.9304688771565757
91500,5.171853065490723
91600,5.104547500610352
91700,5.316806793212891
91800,5.740232641046697
91900,6.2468116760253904
92000,4.844669342041016
92100,5.4602508544921875
92200,3.8276760578155518
92300,4.58881596156529
92400,4.781118774414063
92500,3.7457447052001953
92600,4.43767204284668
92700,5.3447817022150215
92800,4.669348907470703
92900,4.050623757498605
93000,5.181729316711426
93100,5.746611595153809
93200,3.4967283521379744
93300,3.482881818498884
93400,4.365795135498047
93500,4.3823997497558596
93600,5.603381686740452
93700,5.115923139784071
93800,5.234228452046712
93900,3.6717918940952847
94000,4.848206656319754
94100,5.3779644012451175
94200,4.246956825256348
94300,4.687808609008789
94400,5.487377166748047
94500,5.498221397399902
94600,3.809487152099609
94700,4.312277793884277
94800,5.662132808140346
94900,4.074002402169364
95000,6.1855788230896
95100,6.278257369995117
95200,3.68648624420166
95300,5.926655197143555
95400,5.738100687662761
95500,4.466521263122559
95600,5.512123743693034
95700,4.689137268066406
95800,4.688010406494141
95900,5.409790886773004
96000,5.620482550726996
96100,4.3035538991292315
96200,8.034008979797363
96300,4.711560567220052
96400,5.873832702636719
96500,3.4797180720738004
96600,5.0332073211669925
96700,5.485613250732422
96800,5.28141721089681
96900,4.295827865600586
97000,4.954825083414714
97100,4.408240727015904
97200,6.324197133382161
97300,4.7868092854817705
97400,5.293739905724158
97500,6.279328155517578
97600,5.887045288085938
97700,5.702803871848366
97800,7.579092025756836
97900,3.7662083762032643
98000,5.4444899559021
98100,5.2583514622279575
98200,4.135760171072824
98300,3.6648641313825334
98400,6.309816248276654
98500,5.452018737792969
98600,5.696094512939453
98700,3.262077967325846
98800,3.4877548217773438
98900,5.3886423977938565
99000,4.9239757537841795
99100,5.743171691894531
99200,5.24754506891424
99300,3.8170654296875
99400,3.3818228585379466
99500,6.034302847726004
99600,3.9832369486490884
99700,5.10807466506958
99800,5.856651999733665
99900,5.2782757098858175
100000,5.592044830322266
9,34.63201679785835
9,13.652950772714807
100100,4.8105010986328125
100200,4.9424079895019535
100300,5.454069955008371
100400,2.9422327677408853
100500,5.274620056152344
100600,4.9630076090494795
100700,3.4348762035369873
100800,5.430672327677409
100900,3.3810043334960938
101000,4.448340945773655
101100,4.4695281982421875
101200,6.388221435546875
101300,5.453109264373779
101400,3.828049341837565
101500,5.149946212768555
101600,4.845497131347656
101700,5.145367622375488
101800,5.566551208496094
101900,6.185384368896484
102000,4.867788950602214
102100,5.412827968597412
102200,3.621337413787842
102300,4.522397177559989
102400,4.5479576110839846
102500,3.6713409423828125
102600,4.4556934356689455
102700,5.355923739346591
102800,4.649946594238282
102900,3.964495522635324
103000,4.9633893966674805
103100,5.677211761474609
103200,3.3926794869559154
103300,3.3124866485595703
103400,4.275800387064616
103500,4.356115341186523
103600,5.341476016574436
103700,4.953886244032118
103800,5.162564277648926
103900,3.541132245744978
104000,4.829873221261161
104100,5.213972473144532
104200,4.184488296508789
104300,4.6162261962890625
104400,5.395229339599609
104500,5.459964752197266
104600,3.672969436645508
104700,4.148112773895264
104800,5.803680964878628
104900,3.9199349539620534
105000,6.280646800994873
105100,6.199378490447998
105200,3.6310882568359375
105300,5.90129280090332
105400,5.621146308051215
105500,4.479752540588379
105600,5.455249786376953
105700,4.560248565673828
105800,4.677268981933594
105900,5.2645373874240455
106000,5.523729536268446
106100,4.227229118347168
106200,8.074264526367188
106300,4.614970313178168
106400,5.909934997558594
106500,3.2558798108782088
106600,5.169318771362304
106700,5.540668487548828
106800,5.300316174825032
106900,4.109048843383789
107000,5.009827931722005
107100,4.259391239711216
107200,6.2872358957926435
107300,4.742295159233941
107400,5.2661872276893025
107500,6.218167114257812
107600,5.8043983459472654
107700,5.629907781427557
107800,7.5357513427734375
107900,3.587947300502232
108000,5.305131912231445
108100,5.237448011125837
108200,4.06548091343471
108300,3.4987681252615794
108400,6.298444411333869
108500,5.252287864685059
108600,5.671000162760417
108700,3.2902145385742188
108800,3.3185653686523438
108900,5.361383611505682
109000,5.029317855834961
109100,5.766972281716087
109200,5.085268887606534
109300,3.872528839111328
109400,3.226086207798549
109500,6.042608533586774
109600,3.8374676174587674
109700,4.808276653289795
109800,5.854842446067116
109900,5.180736248309795
110000,5.5849761962890625
10,34.77324549014842
10,13.88314132720556
110100,4.727546691894531
110200,4.871038436889648
110300,5.284203665597098
110400,2.8707764943440757
110500,5.157539791531033
110600,5.053037516276041
110700,3.6715292930603027
110800,5.213163057963054
110900,3.236525853474935
111000,4.4006021287706165
111100,4.343997955322266
111200,6.391982421875
111300,5.441744804382324
111400,3.7372817993164062
111500,5.201310157775879
111600,4.797548294067383
111700,4.941926956176758
111800,5.451581781560725
111900,6.115019989013672
112000,4.707378387451172
112100,5.341341495513916
112200,3.471217632293701
112300,4.176722935267857
112400,4.502434921264649
112500,3.588048553466797
112600,4.187439727783203
112700,5.418211156671697
112800,4.545380020141602
112900,3.7398572649274553
113000,4.889918327331543
113100,5.534966468811035
113200,3.277158464704241
113300,3.070497785295759
113400,4.20015017191569
113500,4.3085582733154295
113600,5.234586079915364
113700,5.0430653889973955
113800,5.156994501749675
113900,3.3768909999302457
114000,4.825812203543527
114100,5.164258575439453
114200,4.124171733856201
114300,4.743095016479492
114400,5.249368667602539
114500,5.4083428382873535
114600,3.5322593688964843
114700,4.107820510864258
114800,5.634463718959263
114900,3.8147209712437222
115000,6.431404113769531
115100,6.195504665374756
115200,3.473642587661743
115300,5.74632568359375
115400,5.461042192247179
115500,4.517091751098633
115600,5.3614451090494795
115700,4.5560253143310545
115800,4.508772659301758
115900,5.13966539171007
116000,5.282601674397786
116100,4.126217206319173
116200,7.902108192443848
116300,4.5315602620442705
116400,5.763240120627663
116500,3.150531768798828
116600,5.191361618041992
116700,5.372039794921875
116800,5.357866287231445
116900,3.99051570892334
117000,5.1666980319552955
117100,4.13653918675014
117200,6.209786097208659
117300,4.613465627034505
117400,5.222922691932092
117500,6.128064727783203
117600,5.973330307006836
117700,5.586516640403054
117800,7.5234324137369795
117900,3.516724177769252
118000,5.118231296539307
118100,5.010254451206753
118200,4.091695513044085
118300,3.6356544494628906
118400,6.1499167049632355
118500,4.959381103515625
118600,5.605607350667317
118700,3.3997580210367837
118800,3.282247543334961
118900,5.455000790682706
119000,4.924119567871093
119100,5.636525240811435
119200,4.991934342817827
119300,3.680804443359375
119400,3.194725581577846
119500,5.9647080557686945
119600,4.0190989176432295
119700,4.589806079864502
119800,5.837276111949574
119900,5.207180316631611
120000,5.583791732788086
11,34.83999539115589
11,13.775914729707578
120100,4.686921691894531
120200,4.7795356750488285
120300,5.149024963378906
120400,2.859691619873047
120500,5.006178538004558
120600,4.920209757486979
120700,3.450803518295288
120800,5.148415883382161
120900,3.2874107360839844
121000,4.304486592610677
121100,4.264832973480225
121200,6.623834838867188
121300,5.325691223144531
121400,3.6534461975097656
121500,5.219272136688232
121600,4.602344512939453
121700,4.928976058959961
121800,5.58985033902255
121900,6.171973037719726
122000,4.689594268798828
122100,5.249210357666016
122200,3.490921974182129
122300,4.136171068464007
122400,4.352558898925781
122500,3.450267028808594
122600,4.349510574340821
122700,5.657563643022017
122800,4.350534820556641
122900,3.734301430838449
123000,4.743833541870117
123100,5.454012393951416
123200,3.326024736676897
123300,2.9837314060756137
123400,4.158209164937337
123500,4.2525276184082035
123600,5.211203257242839
123700,4.793900807698567
123800,5.221564928690593
123900,3.289807455880301
124000,4.796121869768415
124100,5.116636276245117
124200,4.276165962219238
124300,4.477386474609375
124400,4.976949691772461
124500,5.559612274169922
124600,3.3893661499023438
124700,4.001184940338135
124800,5.631531851632254
124900,3.7645236424037387
125000,6.350552082061768
125100,6.181018829345703
125200,3.356184482574463
125300,5.815129089355469
125400,5.358162350124783
125500,4.565135478973389
125600,5.297469139099121
125700,4.529472351074219
125800,4.6905570983886715
125900,5.042230818006727
126000,4.973816765679254
126100,4.072539647420247
126200,7.697348117828369
126300,4.343546549479167
126400,5.891897721724077
126500,3.0507204873221263
126600,5.070623779296875
126700,5.30029182434082
126800,5.461687088012695
126900,3.6939735412597656
127000,4.924945407443577
127100,4.121501922607422
127200,6.180357615152995
127300,4.5394469367133246
127400,5.202705970177283
127500,6.2440345764160154
127600,5.63265380859375
127700,5.672032442959872
127800,7.541324615478516
127900,3.3751305171421597
128000,5.100208282470703
128100,4.904939923967634
128200,3.9536824907575334
128300,3.4896022251674106
128400,5.8150325101964615
128500,5.1461181640625
128600,5.541934967041016
128700,3.1012496948242188
128800,3.2090232372283936
128900,5.455502596768466
129000,5.064673233032226
129100,5.636836312033913
129200,5.09971133145419
129300,3.6348873138427735
129400,3.0186315264020647
129500,5.97947747366769
129600,3.9187274509006076
129700,4.399379253387451
129800,5.773487091064453
129900,5.281004685621995
130000,5.573760986328125
12,35.059951960432606
12,14.205256635867064
130100,4.680778503417969
130200,4.713715744018555
130300,5.041682652064732
130400,2.8097413380940757
130500,5.26634767320421
130600,4.782754516601562
130700,3.5417909622192383
130800,4.931046803792317
130900,3.218539555867513
131000,4.263095431857639
131100,4.2625732421875
131200,6.5840521240234375
131300,5.403566360473633
131400,3.5706313451131186
131500,5.1831159591674805
131600,4.56231689453125
131700,4.731881777445476
131800,5.574561032381925
131900,5.978129959106445
132000,4.577812830607097
132100,5.210285186767578
132200,3.3372802734375
132300,4.311311176845005
132400,4.324298095703125
132500,3.321124267578125
132600,4.171132659912109
132700,5.420445182106712
132800,4.396157836914062
132900,3.5339753287179128
133000,4.70603084564209
133100,5.396035194396973
133200,3.174500056675502
133300,2.7618680681501115
133400,4.134398778279622
133500,4.283786773681641
133600,5.061715020073785
133700,4.689623514811198
133800,5.179475784301758
133900,3.1781395503452847
134000,4.764078412737165
134100,5.191048812866211
134200,3.991340398788452
134300,4.718773269653321
134400,4.768075942993164
134500,5.452444076538086
134600,3.307183837890625
134700,3.9268760681152344
134800,5.814267839704241
134900,3.649728775024414
135000,6.77142333984375
135100,6.066969394683838
135200,3.273441791534424
135300,5.7147972106933596
135400,5.523439195421007
135500,4.463857650756836
135600,5.294588406880696
135700,4.451708602905273
135800,4.675640487670899
135900,4.944163428412543
136000,5.230252583821614
136100,4.026742617289226
136200,7.662699222564697
136300,4.418298509385851
136400,5.821469393643466
136500,3.009765080043248
136600,4.928201293945312
136700,5.056058502197265
136800,5.532419840494792
136900,3.648437261581421
137000,4.7576111687554254
137100,4.042527335030692
137200,6.177954991658528
137300,4.4493357340494795
137400,5.175805311936599
137500,6.071810150146485
137600,5.524687194824219
137700,5.50658520785245
137800,7.538063049316406
137900,3.6778632572719028
138000,4.997406959533691
138100,4.682491847446987
138200,3.8150506700788225
138300,3.126364299229213
138400,5.917927910299862
138500,5.039018154144287
138600,5.6152699788411455
138700,3.0018815994262695
138800,3.0456619262695312
138900,5.868826432661577
139000,4.97497329711914
139100,5.650737415660512
139200,4.787548758766868
139300,3.4431640625
139400,3.032317570277623
139500,5.7210491725376675
139600,4.189907921685113
139700,4.351272106170654
139800,5.824902621182528
139900,5.122359642615685
140000,5.399986267089844
13,35.25816111932661
13,14.815483555572001
140100,4.615196228027344
140200,4.768354797363282
140300,4.93022210257394
140400,2.7547073364257812
140500,5.037528567843967
140600,4.865936279296875
140700,3.2343239784240723
140800,4.837698618570964
140900,3.039230982462565
141000,4.194270663791233
141100,4.271717071533203
141200,6.44072509765625
141300,5.39260196685791
141400,3.530437469482422
141500,5.122568607330322
141600,4.372880299886067
141700,4.589548746744792
141800,5.411576010964134
141900,6.029808807373047
142000,4.589077949523926
142100,5.129382133483887
142200,3.2606379985809326
142300,4.397162301199777
142400,4.314378356933593
142500,3.2130279541015625
142600,4.179623413085937
142700,5.540861303156072
142800,4.247138214111328
142900,3.354921885899135
143000,4.582332611083984
143100,5.312273025512695
143200,3.013787405831473
143300,2.6507445744105746
143400,4.070152918497722
143500,4.180627059936524
143600,5.235901726616754
143700,4.612453036838108
143800,5.003134409586589
143900,3.124802998134068
144000,4.698752267020089
144100,5.007666015625
144200,3.9832334518432617
144300,4.591727447509766
144400,4.577713966369629
144500,5.3972344398498535
144600,3.1885276794433595
144700,3.872593402862549
144800,5.721227373395648
144900,3.755797794886998
145000,6.125417232513428
145100,5.995196342468262
145200,3.304382801055908
145300,5.883409881591797
145400,5.435686323377821
145500,4.322305202484131
145600,5.205056826273601
145700,4.488471221923828
145800,4.369203186035156
145900,5.009147220187717
146000,4.9702606201171875
146100,3.9267991383870444
146200,7.451251983642578
146300,4.452868143717448
146400,5.855110168457031
146500,3.1055167061941966
146600,5.287823104858399
146700,5.027466583251953
146800,5.436154683430989
146900,3.622302293777466
147000,4.756846533881293
147100,3.9625641959054128
147200,6.0713958740234375
147300,4.541687859429254
147400,5.235638545109675
147500,6.159281158447266
147600,5.691376495361328
147700,5.434520721435547
147800,7.212455749511719
147900,3.206186294555664
148000,4.935805320739746
148100,4.691637311662946
148200,3.820235116141183
148300,3.0234410422188893
148400,5.645605648265166
148500,4.940877914428711
148600,5.415053049723308
148700,3.137800852457682
148800,2.915709972381592
148900,5.465702056884766
149000,4.681268692016602
149100,5.611540360884233
149200,4.801718278364702
149300,3.4943275451660156
149400,3.154769080025809
149500,5.672118595668247
149600,3.9934785630967884
149700,4.110469818115234
149800,5.766881769353693
149900,5.060660142164964
150000,5.4076313972473145
14,35.7224926572113
14,14.81039628213118
150100,4.527638244628906
150200,4.620948028564453
150300,4.77812249319894
150400,2.978203773498535
150500,5.050739288330078
150600,4.877876790364583
150700,3.066807270050049
150800,4.860867818196614
150900,3.0716400146484375
151000,4.328481886121962
151100,4.184440612792969
151200,6.24878173828125
151300,5.25428581237793
151400,3.5336310068766275
151500,5.085915565490723
151600,4.289445241292317
151700,4.623415311177571
151800,5.580489765514027
151900,6.1776985168457035
152000,4.447471936543782
152100,5.049568176269531
152200,3.1854209899902344
152300,3.9323027474539622
152400,4.5070960998535154
152500,3.1261367797851562
152600,4.219031906127929
152700,5.73828818581321
152800,4.521842193603516
152900,3.319506508963449
153000,4.159320831298828
153100,5.274808406829834
153200,3.044469560895647
153300,2.64239501953125
153400,4.04103406270345
153500,4.148258972167969
153600,5.26545884874132
153700,4.4365234375
153800,4.99685541788737
153900,3.041937691824777
154000,4.456760134015765
154100,5.002091979980468
154200,4.154428482055664
154300,4.7302391052246096
154400,4.426480293273926
154500,5.405983924865723
154600,3.264160919189453
154700,3.8337202072143555
154800,5.593911307198661
154900,3.561967577253069
155000,6.033989906311035
155100,5.870096206665039
155200,3.1198983192443848
155300,5.80316162109375
155400,5.305995517306858
155500,4.216518402099609
155600,5.238534609476726
155700,4.389923477172852
155800,4.362023162841797
155900,4.750087314181858
156000,5.256761762830946
156100,3.8343607584635415
156200,7.197365760803223
156300,4.245507982042101
156400,6.009486111727628
156500,2.8856920514787947
156600,5.191684341430664
156700,4.9066925048828125
156800,5.360679626464844
156900,3.6128039360046387
157000,4.592481825086805
157100,3.8155119759695872
157200,6.127573649088542
157300,4.534056345621745
157400,5.144718463604267
157500,6.116073226928711
157600,5.465827941894531
157700,5.473628651012074
157800,7.196804046630859
157900,3.335916519165039
158000,4.902318000793457
158100,4.733831133161273
158200,3.7680860246930803
158300,2.9344961983816966
158400,5.743457569795496
158500,5.3753156661987305
158600,5.435499827067058
158700,2.8901379903157554
158800,3.411181926727295
158900,5.352343819358132
159000,4.850347518920898
159100,5.199838464910334
159200,4.60895468971946
159300,3.4201824188232424
159400,2.8958655766078403
159500,5.7491607666015625
159600,3.554640452067057
159700,4.004611015319824
159800,5.836815573952415
159900,4.946680509127104
160000,5.290281772613525
15,36.645684170934445
15,15.313684181083792
160100,4.2882427215576175
160200,4.459177017211914
160300,4.7475144522530695
160400,2.6906585693359375
160500,4.659402211507161
160600,4.905299377441406
160700,3.054320812225342
160800,4.690013249715169
160900,3.0140066146850586
161000,4.110418955485026
161100,4.401241302490234
161200,6.271115112304687
161300,5.316641807556152
161400,3.441173553466797
161500,5.515861988067627
161600,4.884535471598308
161700,5.355858484903972
161800,6.041329817338423
161900,6.092824935913086
162000,4.406005859375
162100,4.961371898651123
162200,3.2011568546295166
162300,3.8906683240618025
162400,4.186470794677734
162500,3.178435516357422
162600,4.19219741821289
162700,5.366660724986684
162800,4.419649124145508
162900,3.2350403921944753
163000,4.072478294372559
163100,5.083310127258301
163200,2.9929711478097096
163300,2.6258727482386996
163400,4.069483121236165
163500,4.067726135253906
163600,4.870112948947483
163700,4.542309231228298
163800,4.983254750569661
163900,2.902754102434431
164000,4.497220175606864
164100,5.094099426269532
164200,4.014938831329346
164300,4.5110431671142575
164400,4.361812114715576
164500,5.388756275177002
164600,2.880070686340332
164700,4.124329566955566
164800,5.683713095528739
164900,3.4635587419782365
165000,5.874814033508301
165100,5.911187171936035
165200,3.4051451683044434
165300,5.664166259765625
165400,5.105612013075087
165500,4.261464595794678
165600,5.006824493408203
165700,4.953628158569336
165800,4.3802947998046875
165900,4.881717258029514
166000,5.157199859619141
166100,4.131510416666667
166200,7.111478805541992
166300,4.305100335015191
166400,5.839907559481534
166500,2.9909744262695312
166600,5.941958236694336
166700,4.752197265625
166800,5.619687398274739
166900,3.8980653285980225
167000,4.437620374891493
167100,3.80029296875
167200,6.32260004679362
167300,4.4248809814453125
167400,5.109321007361779
167500,6.164595413208008
167600,5.47630729675293
167700,5.470645904541016
167800,6.641792933146159
167900,3.3253086635044644
168000,4.8730998039245605
168100,4.6804351806640625
168200,3.7647015707833424
168300,2.908829825265067
168400,5.43378672880285
168500,4.9383087158203125
168600,5.475701649983724
168700,2.8549070358276367
168800,3.229715347290039
168900,5.445873954079368
169000,4.916565704345703
169100,5.35938158902255
169200,4.567383506081321
169300,3.475362014770508
169400,2.879789079938616
169500,5.489469800676618
169600,4.0279693603515625
169700,3.9737162590026855
169800,5.804526242342862
169900,4.971367469200721
170000,5.2849907875061035
16,37.06779077030872
16,16.379446804405926
170100,4.246926116943359
170200,4.402812194824219
170300,4.783119746616909
170400,3.2953335444132485
170500,4.895743476019965
170600,4.77696533203125
170700,3.4704504013061523
170800,4.6333770751953125
170900,3.148242950439453
171000,3.998049841986762
171100,4.091907978057861
171200,5.983158569335938
171300,5.147360801696777
171400,3.37941042582194
171500,5.1351847648620605
171600,5.008150736490886
171700,4.812783559163411
171800,6.046426252885298
171900,5.693264007568359
172000,4.5123850504557295
172100,5.075671672821045
172200,3.0029962062835693
172300,4.327369962419782
172400,4.246284103393554
172500,3.0669277191162108
172600,4.115882110595703
172700,5.267009735107422
172800,4.280845642089844
172900,3.152103969029018
173000,3.947845220565796
173100,4.930022239685059
173200,3.034337724958147
173300,2.657802036830357
173400,4.53524112701416
173500,4.061293029785157
173600,4.91646491156684
173700,4.375378078884548
173800,5.347631454467773
173900,2.8144454956054688
174000,4.450203486851284
174100,5.007694244384766
174200,3.9884285926818848
174300,4.5672657012939455
174400,4.306581020355225
174500,5.3935770988464355
174600,2.8106151580810548
174700,3.7465007305145264
174800,5.579775129045759
174900,3.385497501918248
175000,5.597710609436035
175100,5.855031967163086
175200,3.8726890087127686
175300,5.5995948791503904
175400,5.299028608534071
175500,4.440481662750244
175600,5.15500545501709
175700,4.858354949951172
175800,4.201062774658203
175900,4.584954155815972
176000,4.958290523952908
176100,3.975367228190104
176200,7.0318922996521
176300,4.1059854295518665
176400,5.766688953746449
176500,2.877161843436105
176600,5.577257537841797
176700,4.6369373321533205
176800,5.442912419637044
176900,3.588789463043213
177000,4.502563052707249
177100,3.834180014474051
177200,5.959083557128906
177300,4.432025485568577
177400,5.09272942176232
177500,5.913734817504883
177600,5.628143310546875
177700,5.651591907848012
177800,6.308183670043945
177900,2.8989045279366628
178000,4.764651298522949
178100,4.473534175327846
178200,3.663606916155134
178300,2.8700245448521207
178400,5.437645856071921
178500,5.240755558013916
178600,5.52799924214681
178700,2.991603215535482
178800,3.3759989738464355
178900,5.607285933061079
179000,4.911671447753906
179100,5.320342670787465
179200,4.4711598482998935
179300,3.29481201171875
179400,3.049771990094866
179500,5.652684892926898
179600,3.4964188469780817
179700,3.843822956085205
179800,5.600514498623935
179900,4.9459698016826925
180000,5.171844482421875
17,37.4742102366664
17,15.815973142272751
180100,4.102268218994141
180200,4.348068618774414
180300,4.667204175676618
180400,2.885509808858236
180500,4.0505392286512585
180600,5.103223164876302
180700,2.8702354431152344
180800,4.587187131245931
180900,3.035598119099935
181000,3.9423014322916665
181100,3.968642234802246
181200,6.4040869140625
181300,5.333714962005615
181400,3.3115224838256836
181500,5.126023292541504
181600,4.8451582590738935
181700,4.705135981241862
181800,5.566930250688032
181900,5.9607292175292965
182000,4.352087656656901
182100,5.001129627227783
182200,3.137091875076294
182300,3.766371590750558
182400,4.3066459655761715
182500,2.9057003021240235
182600,4.164380645751953
182700,6.090382662686435
182800,4.322319412231446
182900,3.243584769112723
183000,3.8164877891540527
183100,4.956624984741211
183200,2.85675539289202
183300,2.5471924373081754
183400,3.97969118754069
183500,3.9487689971923827
183600,5.042822943793403
183700,4.475735558403863
183800,4.963237126668294
183900,2.881392070225307
184000,4.150968551635742
184100,4.804494857788086
184200,3.9169158935546875
184300,4.212613677978515
184400,4.038473129272461
184500,5.19888973236084
184600,2.7160724639892577
184700,3.8174984455108643
184800,5.61815425327846
184900,3.2506795610700334
185000,5.8399434089660645
185100,5.854384899139404
185200,3.6898627281188965
185300,5.726459503173828
185400,5.321490817599827
185500,4.074069976806641
185600,4.871421178181966
185700,4.274860000610351
185800,4.368317413330078
185900,4.782762315538195
186000,5.28948254055447
186100,3.730278650919596
186200,6.950928211212158
186300,4.152743021647136
186400,5.652242487127131
186500,2.916185106549944
186600,5.058211135864258
186700,4.800711822509766
186800,5.282419840494792
186900,3.6614322662353516
187000,4.451397365993923
187100,3.7958455766950334
187200,6.019857406616211
187300,4.2945607503255205
187400,5.361517686110276
187500,6.005474472045899
187600,5.511729049682617
187700,5.253032337535512
187800,6.385252634684245
187900,3.0996486118861606
188000,4.719448566436768
188100,4.533903939383371
188200,3.602154323032924
188300,2.990997314453125
188400,5.329135670381434
188500,5.016523361206055
188600,5.394900004069011
188700,2.406763235727946
188800,2.9266371726989746
188900,5.48999682339755
189000,5.001491928100586
189100,5.472783868963068
189200,4.474147449840199
189300,3.3467941284179688
189400,2.6799403599330356
189500,5.984920501708984
189600,3.2706678178575306
189700,4.037987232208252
189800,5.505266362970525
189900,4.948947613055889
190000,5.297905921936035
18,37.62477560290725
18,15.700196901457863
190100,4.004838562011718
190200,4.4010467529296875
190300,4.545709609985352
190400,2.8002341588338218
190500,4.657923804389106
190600,4.984465026855469
190700,2.7759180068969727
190800,4.492404937744141
190900,2.9778191248575845
191000,3.9156316121419272
191100,4.625411033630371
191200,6.7523956298828125
191300,5.169882297515869
191400,3.220649083455404
191500,5.123396396636963
191600,4.7819569905598955
191700,4.409871737162272
191800,5.6469032981178975
191900,5.386848831176758
192000,4.571628252665202
192100,4.834366321563721
192200,3.030428886413574
192300,3.785693849836077
192400,4.152943420410156
192500,2.7758916854858398
192600,4.4174446105957035
192700,5.29932264848189
192800,4.192189788818359
192900,3.1421255384172713
193000,3.8452067375183105
193100,5.02386474609375
193200,2.7684522356305803
193300,2.684176581246512
193400,4.035547256469727
193500,3.9284996032714843
193600,4.795663621690538
193700,4.397700839572483
193800,5.282803217569987
193900,2.7956570216587613
194000,4.115370614188058
194100,5.129230880737305
194200,3.949828624725342
194300,4.117581939697265
194400,4.239177703857422
194500,5.214375972747803
194600,2.6476789474487306
194700,3.6302366256713867
194800,5.489590236118862
194900,3.2387561798095703
195000,5.723599433898926
195100,5.652546405792236
195200,2.9043378829956055
195300,5.580371856689453
195400,5.090834299723308
195500,4.090036392211914
195600,5.020193099975586
195700,4.163520812988281
195800,4.527404403686523
195900,4.802977667914496
196000,5.095485263400608
196100,3.4593496322631836
196200,6.816771030426025
196300,4.057357364230686
196400,5.6818695068359375
196500,2.9917139325823103
196600,5.0526123046875
196700,4.512833786010742
196800,5.3502152760823565
196900,3.6041502952575684
197000,4.56613032023112
197100,3.6212757655552457
197200,6.092657089233398
197300,4.249271392822266
197400,5.1220574012169475
197500,5.812553787231446
197600,5.431307220458985
197700,5.240068609064275
197800,6.119873682657878
197900,3.262397221156529
198000,5.105922698974609
198100,4.532382965087891
198200,3.609361376081194
198300,2.5412518637520924
198400,5.489556705250459
198500,4.847073554992676
198600,6.329860687255859
198700,2.1906913121541343
198800,2.949174404144287
198900,5.531226418235085
199000,4.911404418945312
199100,5.191320245916193
199200,4.378690546209162
199300,3.2994510650634767
199400,2.63135256086077
199500,5.8426682608468195
199600,3.2143724229600696
199700,4.087843418121338
199800,5.559825550426137
199900,4.675814115084135
200000,5.045632362365723
19,38.48016218810723
19,16.4662083954375
200100,4.1222175598144535
200200,4.273807525634766
200300,4.633546011788504
200400,2.7741807301839194
200500,3.9597180684407554
200600,4.968991597493489
200700,2.810889720916748
200800,4.736421585083008
200900,3.386855443318685
201000,3.966108957926432
201100,4.03472900390625
201200,6.30455810546875
201300,5.365996837615967
201400,3.265012741088867
201500,5.207001686096191
201600,4.964705149332683
201700,4.2181040445963545
201800,5.840749567205256
201900,5.73449592590332
202000,4.32714303334554
202100,4.810445308685303
202200,3.028235912322998
202300,3.306374958583287
202400,4.853582763671875
202500,2.74328727722168
202600,4.13444938659668
202700,6.18012168190696
202800,4.1648914337158205
202900,2.903435298374721
203000,3.7754008769989014
203100,4.952836990356445
203200,2.7491237095424106
203300,2.576531001499721
203400,3.898122787475586
203500,3.927627944946289
203600,4.70648913913303
203700,4.777711656358507
203800,5.292628288269043
203900,2.801734379359654
204000,4.408372061593192
204100,4.775753021240234
204200,4.023565769195557
204300,4.369875717163086
204400,3.937741279602051
204500,5.331957817077637
204600,2.5571224212646486
204700,3.518367052078247
204800,5.638344355991909
204900,3.122018814086914
205000,4.623015403747559
205100,5.709102153778076
205200,2.974902868270874
205300,5.7563434600830075
205400,4.828845553927952
205500,4.216073513031006
205600,4.848986943562825
205700,4.732073211669922
205800,4.5620574951171875
205900,4.408097585042317
206000,5.820117526584202
206100,3.4137980143229165
206200,6.7077836990356445
206300,3.8923962910970054
206400,5.504352222789418
206500,3.5262238638741628
206600,4.993131637573242
206700,4.490010833740234
206800,5.6375071207682295
206900,3.881911277770996
207000,4.470880296495226
207100,3.6447952815464566
207200,6.002898534138997
207300,4.363797505696614
207400,5.39512223463792
207500,5.771650695800782
207600,5.339078903198242
207700,5.483631827614524
207800,5.960558573404948
207900,2.840559823172433
208000,4.729773998260498
208100,4.259730747767857
208200,3.8345740182059154
208300,2.763340541294643
208400,5.5713958740234375
208500,4.966042518615723
208600,5.149930953979492
208700,2.689030329386393
208800,2.7843270301818848
208900,5.485205216841265
209000,4.67791976928711
209100,4.985899491743608
209200,4.70543740012429
209300,3.3666309356689452
209400,2.9122412545340404
209500,5.750344412667411
209600,3.1199857923719616
209700,3.8498101234436035
209800,5.453336195512251
209900,5.134985703688401
210000,5.012702465057373
20,38.40842939127575
20,16.65377455637217
210100,3.9893402099609374
210200,4.148395919799805
210300,4.508887154715402
210400,2.6718362172444663
210500,4.207592010498047
210600,4.4334162394205725
210700,3.1791632175445557
210800,4.3335316975911455
210900,2.6333216031392417
211000,3.742515140109592
211100,4.379668235778809
211200,6.7638330078125
211300,4.728317737579346
211400,3.1130956013997397
211500,5.115435600280762
211600,4.515031178792317
211700,4.302756627400716
211800,5.117569663307884
211900,5.727894592285156
212000,4.342336018880208
212100,4.752906322479248
212200,3.0060391426086426
212300,4.049086434500558
212400,4.153625106811523
212500,2.7137849807739256
212600,3.9422367095947264
212700,5.626888968727806
212800,4.41167984008789
212900,3.0673817225864957
213000,3.685878038406372
213100,4.843869209289551
213200,2.727930341448103
213300,2.4070281982421875
213400,3.8847440083821616
213500,3.8626819610595704
213600,4.970187293158637
213700,4.483135647243923
213800,5.342194239298503
213900,2.7310682024274553
214000,3.984821319580078
214100,4.666110610961914
214200,4.424613952636719
214300,3.9925888061523436
214400,3.940953016281128
214500,5.130347728729248
214600,2.454380226135254
214700,3.404146194458008
214800,5.887796129499163
214900,3.1917054312569753
215000,5.326367378234863
215100,5.566531181335449
215200,2.747756004333496
215300,5.9252983093261715
215400,5.064006805419922
215500,3.942250967025757
215600,4.804506301879883
215700,4.778784942626953
215800,4.058478546142578
215900,4.818091498480903
216000,5.2154358757866754
216100,3.3150838216145835
216200,6.48522424697876
216300,3.7949867248535156
216400,5.457392259077593
216500,2.9177562168666293
216600,4.9041389465332035
216700,4.422229766845703
216800,5.349967956542969
216900,3.375199794769287
217000,4.421429104275173
217100,3.5235372270856584
217200,6.286678949991862
217300,4.301217820909288
217400,5.513868478628305
217500,5.7185508728027346
217600,5.730606460571289
217700,5.370954340154475
217800,5.856182098388672
217900,2.653571810041155
218000,5.024050712585449
218100,4.290689740862165
218200,3.4738900320870534
218300,2.502823693411691
218400,5.347759471220129
218500,4.723976135253906
218600,5.191486994425456
218700,2.6104017893473306
218800,3.075803279876709
218900,5.402859427712181
219000,5.191189193725586
219100,5.063503265380859
219200,4.486100630326704
219300,2.972421646118164
219400,2.596226283482143
219500,6.131029946463449
219600,3.9199002583821616
219700,3.9876456260681152
219800,5.612988211891868
219900,4.855766296386719
220000,5.056448936462402
21,38.98217199239031
21,16.446711063862498
220100,3.8610992431640625
220200,4.2967479705810545
220300,4.439876556396484
220400,3.297029177347819
220500,3.834925333658854
220600,4.678768412272135
220700,2.8709139823913574
220800,4.186525344848633
220900,2.6055010159810386
221000,4.217697567409939
221100,4.97418212890625
221200,6.6402099609375
221300,5.006967544555664
221400,3.105382283528646
221500,5.190833568572998
221600,4.571429252624512
221700,4.145139058430989
221800,5.051119024103338
221900,5.591874313354492
222000,4.254077911376953
222100,4.731732368469238
222200,3.1315670013427734
222300,3.517375946044922
222400,3.9983638763427733
222500,2.606787109375
222600,4.029425048828125
222700,5.514538504860618
222800,4.644422912597657
222900,2.8670082092285156
223000,3.9020071029663086
223100,4.677914142608643
223200,2.876904078892299
223300,2.2623043060302734
223400,3.81490421295166
223500,3.7435150146484375
223600,4.884250217013889
223700,4.285728454589844
223800,4.969375292460124
223900,2.534405299595424
224000,4.202705655779157
224100,4.527015686035156
224200,4.020868301391602
224300,4.047516250610352
224400,3.7099010944366455
224500,5.594437599182129
224600,2.45168399810791
224700,3.320833921432495
224800,5.4789276123046875
224900,3.328229086739676
225000,5.292446136474609
225100,5.88299036026001
225200,2.7394423484802246
225300,5.991497802734375
225400,4.917833964029948
225500,3.916907787322998
225600,4.574995358784993
225700,4.19079704284668
225800,4.635837173461914
225900,5.02556652492947
226000,5.5153859456380205
226100,3.238896687825521
226200,6.545778274536133
226300,3.8694330851236978
226400,5.496530359441584
226500,2.9758698599679128
226600,5.259144592285156
226700,4.249977111816406
226800,5.248647689819336
226900,3.4223716259002686
227000,4.6622873942057295
227100,3.399186270577567
227200,6.109527587890625
227300,4.021392822265625
227400,5.222359290489783
227500,5.659974670410156
227600,5.283787536621094
227700,5.492714968594638
227800,5.555551528930664
227900,2.663633074079241
228000,4.650296688079834
228100,4.112408774239676
228200,3.6493824550083707
228300,2.5194435119628906
228400,5.183024686925552
228500,5.165517807006836
228600,4.899965286254883
228700,2.5754663149515786
228800,3.0777926445007324
228900,5.348286368630149
229000,5.383980178833008
229100,5.206879355690696
229200,4.662442640824751
229300,3.0193155288696287
229400,2.8590638296944753
229500,5.702109200613839
229600,3.7647967868381076
229700,3.628993511199951
229800,5.5725555419921875
229900,4.725084158090445
230000,5.072615623474121
22,39.59536354756686
22,16.5518557849053
230100,3.9865192413330077
230200,4.162630462646485
230300,4.266270228794643
230400,2.6348961194356284
230500,3.7283121744791665
230600,4.4159495035807295
230700,2.704249382019043
230800,4.3665211995442705
230900,2.554046948750814
231000,3.773053910997179
231100,4.233877182006836
231200,6.668291015625
231300,4.8965163230896
231400,3.0008668899536133
231500,5.290812015533447
231600,3.740627924601237
231700,4.140974998474121
231800,4.9258339621803975
231900,5.006134033203125
232000,4.671032905578613
232100,4.747521877288818
232200,3.030268430709839
232300,3.04761232648577
232400,4.064225387573242
232500,2.620973587036133
232600,4.390956115722656
232700,5.155814084139737
232800,4.558259963989258
232900,2.7255308968680247
233000,3.650456666946411
233100,4.665445327758789
233200,2.5496698107038225
233300,2.3421666281563893
233400,4.0665130615234375
233500,4.003343963623047
233600,4.697381761338976
233700,4.226411607530382
233800,5.58865483601888
233900,2.7088770185198103
234000,3.941413334437779
234100,4.511858749389648
234200,3.8017196655273438
234300,4.517430114746094
234400,3.6317126750946045
234500,4.974213123321533
234600,2.4848953247070313
234700,3.2685978412628174
234800,5.684193202427456
234900,3.079834529331752
235000,5.1765642166137695
235100,5.485882759094238
235200,2.8266043663024902
235300,5.834486389160157
235400,4.725251091851129
235500,4.002835750579834
235600,4.879518508911133
235700,5.07642936706543
235800,4.07733383178711
235900,4.649814605712891
236000,5.356611039903429
236100,3.2644453048706055
236200,6.478232383728027
236300,3.6654290093315973
236400,5.538188240744851
236500,2.7684473310198103
236600,5.086940002441406
236700,4.571544647216797
236800,5.346366882324219
236900,3.59285831451416
237000,4.417828030056423
237100,3.28222165788923
237200,6.667390823364258
237300,4.024664984809028
237400,5.11664053109976
237500,5.7070556640625
237600,5.06683464050293
237700,5.438045501708984
237800,5.536871592203776
237900,3.039216995239258
238000,4.570581436157227
238100,4.195305688040597
238200,3.8546660287039622
238300,2.6377481733049666
238400,5.223090676700368
238500,4.563225269317627
238600,4.639931042989095
238700,2.624952793121338
238800,2.5037035942077637
238900,5.11848276311701
239000,4.793845367431641
239100,4.957081881436435
239200,4.546602422540838
239300,2.843735122680664
239400,2.6271070752825056
239500,5.5394101824079245
239600,3.2149950663248696
239700,3.6857895851135254
239800,5.733240994540128
239900,4.6667938232421875
240000,4.984173774719238
23,41.20728841192441
23,16.841628307333455
240100,3.9470748901367188
240200,4.313187026977539
240300,4.217973164149693
240400,2.5419575373331704
240500,3.8338885837131076
240600,4.551281229654948
240700,2.581512928009033
240800,4.205416679382324
240900,3.2027031580607095
241000,4.253701951768663
241100,4.376639366149902
241200,7.562991943359375
241300,4.764223098754883
241400,3.326756795247396
241500,5.291527271270752
241600,3.7684523264567056
241700,4.052094459533691
241800,4.825076016512784
241900,5.616302490234375
242000,4.67593256632487
242100,4.533538818359375
242200,2.785343647003174
242300,3.1916501181466237
242400,4.137818908691406
242500,2.535084915161133
242600,4.11669807434082
242700,4.902678749778054
242800,4.634550094604492
242900,2.7618620736258372
243000,3.516261577606201
243100,4.821816921234131
243200,2.507007053920201
243300,2.2932145254952565
243400,3.8408514658610025
243500,4.021310424804687
243600,4.712014940049913
243700,4.3141907585991754
243800,5.037798245747884
243900,2.561168670654297
244000,3.912318638392857
244100,4.690481567382813
244200,3.97658109664917
244300,4.294537353515625
244400,3.6155920028686523
244500,4.926933288574219
244600,2.264289665222168
244700,3.439685344696045
244800,5.74017333984375
244900,2.922764914376395
245000,5.355764389038086
245100,5.482918739318848
245200,2.614696502685547
245300,5.7301795959472654
245400,4.578740013970269
245500,4.305356025695801
245600,4.48997179667155
245700,4.479051971435547
245800,4.306764602661133
245900,4.283926222059462
246000,5.820109049479167
246100,3.0224936803181968
246200,6.454458713531494
246300,3.755555894639757
246400,5.282731142911044
246500,2.5717931474958147
246600,5.129917907714844
246700,4.117074584960937
246800,5.086514155069987
246900,3.391622304916382
247000,4.8018472459581165
247100,3.2109857286725725
247200,6.104520161946614
247300,3.962682935926649
247400,5.153437687800481
247500,5.62910041809082
247600,5.060628509521484
247700,5.579635273326527
247800,6.8421173095703125
247900,2.618421827043806
248000,4.633318901062012
248100,5.178233555385044
248200,4.05188832964216
248300,2.533414568219866
248400,5.202796487247243
248500,5.0243120193481445
248600,4.563993136088054
248700,2.4563040733337402
248800,3.3674702644348145
248900,5.220997550270774
249000,5.288306045532226
249100,4.85619423606179
249200,4.391795071688565
249300,3.118214797973633
249400,2.5863685607910156
249500,5.385688236781529
249600,3.210787879096137
249700,3.810746192932129
249800,6.0561440207741475
249900,4.8653705303485575
250000,4.888111591339111
24,41.952670400640024
24,17.07308584060356
