100,9.60891342163086
200,8.01153793334961
300,8.463759286063057
400,5.639970779418945
500,7.201971266004774
600,6.68277587890625
700,7.359880447387695
800,7.442535400390625
900,6.555482228597005
1000,7.0141796535915795
1100,7.460521697998047
1200,7.093922119140625
1300,6.475384712219238
1400,6.070288976033528
1500,6.809230804443359
1600,7.495949427286784
1700,8.107317606608072
1800,7.086631774902344
1900,7.15600814819336
2000,6.824287414550781
2100,7.408642292022705
2200,5.675724506378174
2300,6.4301926749093195
2400,5.419973373413086
2500,6.289206695556641
2600,5.807978820800781
2700,6.8535024469549
2800,7.111736297607422
2900,7.8122084481375555
3000,7.272576332092285
3100,7.7046380043029785
3200,4.6018524169921875
3300,5.808765956333706
3400,7.293787002563477
3500,6.460440063476563
3600,6.751436869303386
3700,6.574032677544488
3800,6.2664540608723955
3900,6.514807564871652
4000,5.898919241768973
4100,6.97451171875
4200,5.319098472595215
4300,8.049248504638673
4400,7.3280134201049805
4500,6.490808486938477
4600,7.138760375976562
4700,6.328057289123535
4800,6.394378117152622
4900,6.448241642543247
5000,6.801492691040039
5100,6.269361972808838
5200,7.650567054748535
5300,7.94892578125
5400,6.259590148925781
5500,7.295353889465332
5600,6.658123016357422
5700,6.080674362182617
5800,6.239816665649414
5900,6.952964358859592
6000,5.564885033501519
6100,7.6937815348307295
6200,8.518394470214844
6300,5.603500790066189
6400,7.3237387917258525
6500,7.590320587158203
6600,6.2577362060546875
6700,7.924090576171875
6800,6.474189122517903
6900,6.449092864990234
7000,6.414042154947917
7100,6.269630432128906
7200,6.996437072753906
7300,6.53390630086263
7400,7.341744642991286
7500,7.19189453125
7600,6.293098449707031
7700,6.576850891113281
7800,11.365638732910156
7900,5.6019390651157925
8000,6.805722236633301
8100,6.552336011614118
8200,7.632219587053571
8300,6.434812818254743
8400,7.088443082921645
8500,6.938970565795898
8600,7.21719233194987
8700,5.4836775461832685
8800,5.202802658081055
8900,5.948267156427557
9000,7.327388763427734
9100,7.2571189186789775
9200,7.152085737748579
9300,5.682353210449219
9400,6.502657754080636
9500,8.267325265066964
9600,6.145812140570746
9700,6.060248374938965
9800,7.603240966796875
9900,7.04516836313101
10000,6.671553134918213
0,63.86891103447274
0,7.970112954724675
10100,6.656154632568359
10200,6.097482299804687
10300,5.991756439208984
10400,4.728104591369629
10500,6.282401190863715
10600,6.2129053751627605
10700,4.704689025878906
10800,7.71870231628418
10900,4.419562021891276
11000,6.351134830050999
11100,8.030138969421387
11200,6.5057177734375
11300,7.071115493774414
11400,6.506224314371745
11500,5.856081008911133
11600,6.901917139689128
11700,7.313934961954753
11800,6.360854408957741
11900,7.488670349121094
12000,6.004374186197917
12100,6.05784797668457
12200,5.6070966720581055
12300,6.462172372000558
12400,6.376274871826172
12500,5.051697540283203
12600,6.889220428466797
12700,7.381590409712358
12800,5.63021240234375
12900,6.164420536586216
13000,7.164261341094971
13100,5.795783042907715
13200,7.816219874790737
13300,6.768895830426898
13400,5.816490809122722
13500,7.1655517578125
13600,6.105921003553602
13700,6.955707550048828
13800,6.827246983846028
13900,5.812961033412388
14000,7.526597159249442
14100,7.3301551818847654
14200,5.908601760864258
14300,7.1036827087402346
14400,9.062383651733398
14500,7.343074798583984
14600,5.877493286132813
14700,5.021754741668701
14800,6.972712925502232
14900,5.92271477835519
15000,6.488790035247803
15100,6.178641319274902
15200,5.164282321929932
15300,6.2864524841308596
15400,6.854654100206163
15500,5.4425859451293945
15600,6.92536735534668
15700,5.393575286865234
15800,5.6360626220703125
15900,6.33989503648546
16000,5.722740597195095
16100,5.768028895060222
16200,9.171537399291992
16300,4.6480589972601996
16400,7.457017378373579
16500,6.840238843645368
16600,7.2443359375
16700,7.891823577880859
16800,7.382949193318685
16900,5.867406845092773
17000,6.655331505669488
17100,5.202547890799386
17200,6.774109522501628
17300,7.4080615573459205
17400,6.808223430926983
17500,7.477119445800781
17600,6.8777915954589846
17700,6.754947315562855
17800,11.035148620605469
17900,7.195047106061663
18000,5.835999488830566
18100,6.640364510672433
18200,5.978781563895089
18300,5.394114903041294
18400,6.625628751866958
18500,6.87028694152832
18600,6.046375910441081
18700,4.691750208536784
18800,5.618950843811035
18900,6.904560435901988
19000,5.7346961975097654
19100,5.615357832475142
19200,7.952445983886719
19300,7.066458892822266
19400,7.285402025495257
19500,5.84883063180106
19600,5.572081247965495
19700,6.201494216918945
19800,6.950933283025568
19900,6.360983628493089
20000,5.849026679992676
1,53.49359595752502
1,8.931806301657433
20100,5.900722503662109
20200,5.910383224487305
20300,7.466600690569196
20400,3.7568031946818032
20500,6.667464786105686
20600,6.521228535970052
20700,5.7109503746032715
20800,7.936658223470052
20900,4.672354380289714
21000,5.445397271050347
21100,6.410191059112549
21200,6.781165771484375
21300,7.447627544403076
21400,4.3873246510823565
21500,6.1534037590026855
21600,5.095372200012207
21700,6.68246332804362
21800,5.825775146484375
21900,6.948453521728515
22000,6.721199035644531
22100,5.658257961273193
22200,5.11623477935791
22300,6.330619267054966
22400,5.36493148803711
22500,6.723039245605468
22600,5.878292465209961
22700,6.945646806196733
22800,6.218737030029297
22900,4.491355078560965
23000,6.5514020919799805
23100,5.731579780578613
23200,5.487676892961774
23300,6.373753683907645
23400,7.305838267008464
23500,5.425141143798828
23600,5.83722644382053
23700,6.610375722249349
23800,6.24777094523112
23900,5.4454852512904575
24000,7.178759438650949
24100,6.3408042907714846
24200,4.799412727355957
24300,5.68477783203125
24400,7.326777458190918
24500,6.320160865783691
24600,6.719752502441406
24700,4.900895118713379
24800,6.862949916294643
24900,5.886226654052734
25000,8.358734130859375
25100,6.83739709854126
25200,6.444187641143799
25300,6.392963027954101
25400,6.023683336046007
25500,5.266697883605957
25600,6.8912703196207685
25700,6.107540512084961
25800,6.087195205688476
25900,8.463509453667534
26000,5.2033276028103295
26100,5.608723958333333
26200,8.77752685546875
26300,6.9365285237630205
26400,6.328597328879616
26500,6.340529305594308
26600,5.517704772949219
26700,7.910151672363281
26800,6.738877614339192
26900,5.177240371704102
27000,8.33803219265408
27100,5.898192269461496
27200,6.7517038981119795
27300,6.410956064860026
27400,6.359161376953125
27500,8.037339019775391
27600,6.054229736328125
27700,8.613732077858664
27800,9.834401448567709
27900,6.176314217703683
28000,6.059941291809082
28100,7.093620300292969
28200,7.028877258300781
28300,4.187896183558872
28400,6.885408738080193
28500,6.012151718139648
28600,5.7282365163167315
28700,4.1913267771403
28800,5.969926834106445
28900,5.836620677601207
29000,6.410478973388672
29100,6.43058984929865
29200,6.341169183904475
29300,5.539874649047851
29400,6.062991006033761
29500,7.113364628383091
29600,4.861973656548394
29700,6.12791633605957
29800,6.432687239213423
29900,5.862129211425781
30000,6.810318946838379
2,48.05992661653304
2,8.081171915278194
30100,6.892537689208984
30200,6.978952026367187
30300,6.743029458182199
30400,4.9778750737508135
30500,5.843575795491536
30600,5.973258463541667
30700,5.028317928314209
30800,7.252216339111328
30900,5.5139923095703125
31000,6.1312001546223955
31100,5.259925365447998
31200,6.75298095703125
31300,7.420636177062988
31400,4.360867182413737
31500,6.645985126495361
31600,5.172657648722331
31700,6.554696400960286
31800,5.708211725408381
31900,6.894437408447265
32000,5.847911834716797
32100,5.829637050628662
32200,5.585274696350098
32300,7.217553819928851
32400,5.321238708496094
32500,5.220196533203125
32600,6.129476547241211
32700,7.409451571377841
32800,5.638723373413086
32900,5.740282331194196
33000,6.658350467681885
33100,7.345135688781738
33200,4.5945281982421875
33300,5.958055768694196
33400,6.575618743896484
33500,6.6863563537597654
33600,6.264954460991754
33700,5.933712853325738
33800,6.568630854288737
33900,5.97278812953404
34000,5.826320648193359
34100,5.709622192382812
34200,7.6935248374938965
34300,6.235715866088867
34400,6.670600891113281
34500,6.45144510269165
34600,5.400296020507812
34700,5.013491630554199
34800,5.924621037074497
34900,5.795755113874163
35000,7.248205661773682
35100,6.3447113037109375
35200,4.324694633483887
35300,6.743699645996093
35400,7.8194580078125
35500,5.010440826416016
35600,7.727883656819661
35700,5.935730743408203
35800,5.556832122802734
35900,6.114528232150608
36000,6.073905520968967
36100,5.040638605753581
36200,9.260262489318848
36300,4.710176255967882
36400,6.212649952281605
36500,5.749067034040179
36600,4.743516159057617
36700,5.940397644042969
36800,6.0904591878255205
36900,6.811361789703369
37000,5.0419057210286455
37100,6.137214115687779
37200,6.7653554280598955
37300,5.520295037163629
37400,6.298868619478666
37500,8.099761962890625
37600,6.8179679870605465
37700,5.768123279918324
37800,10.033149719238281
37900,4.691686902727399
38000,6.077028274536133
38100,6.571374620710101
38200,6.10851560320173
38300,4.06355094909668
38400,6.9286485559800095
38500,6.991244792938232
38600,5.915108362833659
38700,5.29940668741862
38800,5.4326982498168945
38900,5.712477597323331
39000,6.156932067871094
39100,7.23537167635831
39200,6.249604658647017
39300,5.093903732299805
39400,6.409552982875279
39500,5.892546517508371
39600,6.231836530897352
39700,6.290767669677734
39800,6.178873235529119
39900,6.754910395695613
40000,6.734877586364746
3,47.877337435315546
3,10.915530847829086
40100,6.59417953491211
40200,6.006641387939453
40300,6.1503481183733255
40400,7.172719955444336
40500,6.540048387315538
40600,6.191383361816406
40700,4.5201191902160645
40800,6.415315628051758
40900,5.7344004313151045
41000,8.434125264485678
41100,5.851623058319092
41200,6.117195434570313
41300,5.708168029785156
41400,4.273670196533203
41500,5.930347919464111
41600,6.538155873616536
41700,6.323279062906901
41800,7.728470542214134
41900,6.2338909149169925
42000,6.682020823160808
42100,5.896443843841553
42200,5.880898475646973
42300,4.897452218191964
42400,5.573521423339844
42500,6.4871467590332035
42600,4.747779083251953
42700,7.646582169966265
42800,5.636736297607422
42900,4.342964717320034
43000,7.406335353851318
43100,6.061479091644287
43200,4.289560045514788
43300,5.489446912493024
43400,6.684203465779622
43500,5.0040443420410154
43600,6.724887000189887
43700,7.490536159939236
43800,5.564908981323242
43900,6.059435163225446
44000,6.257454463413784
44100,7.343836975097656
44200,4.88212776184082
44300,6.171815490722656
44400,8.473907470703125
44500,7.202576160430908
44600,6.733635711669922
44700,7.59124231338501
44800,6.216468811035156
44900,5.873688289097378
45000,7.7821197509765625
45100,7.698239326477051
45200,6.288542747497559
45300,6.500681304931641
45400,6.3112682766384545
45500,4.622159004211426
45600,7.0571333567301435
45700,5.4873096466064455
45800,5.953854370117187
45900,6.798679775661892
46000,6.144858890109592
46100,5.425331115722656
46200,8.172006607055664
46300,6.013137393527561
46400,6.817284323952415
46500,4.793458121163504
46600,4.946796417236328
46700,6.21827392578125
46800,6.343504587809245
46900,5.763254642486572
47000,5.910647922092014
47100,6.170083182198661
47200,6.58531379699707
47300,5.775991651746962
47400,7.150898860051082
47500,8.355397033691407
47600,7.138197326660157
47700,5.670547138560902
47800,7.6392466227213545
47900,5.5020245143345425
48000,5.870328426361084
48100,6.81965092250279
48200,6.170205252511161
48300,4.771823338099888
48400,7.104880389045267
48500,6.090347766876221
48600,7.0188751220703125
48700,5.93394660949707
48800,5.552853584289551
48900,6.269937688654119
49000,5.408684539794922
49100,5.712846929376775
49200,5.856287175958807
49300,5.007144546508789
49400,6.603599003383091
49500,5.8955890110560825
49600,4.8207274542914496
49700,5.843836784362793
49800,6.230456959117543
49900,5.769439697265625
50000,8.442296028137207
4,44.97113898108123
4,11.21695892823272
50100,9.078627777099609
50200,6.590057373046875
50300,6.023645128522601
50400,3.4391663869222007
50500,6.859638214111328
50600,6.012055460611979
50700,5.171809196472168
50800,7.260681788126628
50900,4.588808059692383
51000,7.567452324761285
51100,6.626193523406982
51200,6.5515234375
51300,5.6901373863220215
51400,7.628644943237305
51500,6.175114154815674
51600,7.22152837117513
51700,5.9910093943278
51800,7.074304060502485
51900,6.470451354980469
52000,6.691129048665364
52100,6.53032112121582
52200,7.637153148651123
52300,6.046029227120536
52400,6.292885208129883
52500,5.667982482910157
52600,5.348181533813476
52700,6.8896331787109375
52800,5.782868576049805
52900,4.780733380998884
53000,7.3795318603515625
53100,8.022939682006836
53200,5.574109213692801
53300,7.084685189383371
53400,5.136116027832031
53500,5.919881439208984
53600,7.393817477756077
53700,6.068049536810981
53800,5.866785049438477
53900,5.585609980991909
54000,6.057743617466518
54100,7.517300415039062
54200,4.917569160461426
54300,5.312435150146484
54400,7.174975872039795
54500,5.8094048500061035
54600,6.262085723876953
54700,6.002126216888428
54800,6.417530059814453
54900,5.603639875139509
55000,5.658465385437012
55100,7.444427490234375
55200,4.141144275665283
55300,6.64566650390625
55400,6.815752665201823
55500,5.3030595779418945
55600,5.818267186482747
55700,5.550861358642578
55800,6.798587799072266
55900,7.037064870198567
56000,7.000545501708984
56100,5.967540105183919
56200,8.031519889831543
56300,5.2007861667209205
56400,7.588721535422585
56500,4.997602190290179
56600,4.8573753356933596
56700,7.271555328369141
56800,6.2476959228515625
56900,5.702770233154297
57000,5.894261254204644
57100,4.830892290387835
57200,6.90131950378418
57300,6.612548404269749
57400,6.670296889085036
57500,7.634708404541016
57600,6.284309005737304
57700,6.423132462935015
57800,8.763184865315756
57900,5.196541922433036
58000,5.897983551025391
58100,5.809535980224609
58200,5.130306788853237
58300,5.403706141880581
58400,6.9350442325367645
58500,6.388124465942383
58600,6.4653879801432295
58700,3.0314203898111978
58800,5.202543258666992
58900,5.639929337935015
59000,5.710145950317383
59100,7.270543185147372
59200,6.514556191184304
59300,6.881674957275391
59400,5.4882033211844305
59500,5.945332118443081
59600,6.30532709757487
59700,5.850481033325195
59800,6.506195761940696
59900,5.943781926081731
60000,7.069006443023682
5,43.695274040590846
5,11.438166449724129
60100,6.654746246337891
60200,7.029222106933593
60300,6.079351152692523
60400,5.423503875732422
60500,7.21260240342882
60600,5.6089324951171875
60700,3.866328239440918
60800,8.25052261352539
60900,4.329183260599772
61000,5.5627157423231335
61100,5.673628807067871
61200,6.5314404296875
61300,8.004429817199707
61400,4.344832420349121
61500,5.879241466522217
61600,5.126331647237142
61700,5.290931383768718
61800,5.3950958251953125
61900,6.40252685546875
62000,5.361580530802409
62100,6.45704984664917
62200,4.655503273010254
62300,5.264021737234933
62400,6.135842132568359
62500,5.868342590332031
62600,5.573443603515625
62700,6.535717357288707
62800,6.958909606933593
62900,5.478298187255859
63000,6.068704605102539
63100,6.254367351531982
63200,4.102565220424107
63300,6.481219155447824
63400,5.067022323608398
63500,4.729634475708008
63600,6.25118170844184
63700,7.136978997124566
63800,6.412178039550781
63900,5.663120814732143
64000,6.3194427490234375
64100,6.235206985473633
64200,5.84765625
64300,6.437995910644531
64400,6.386289119720459
64500,6.402477264404297
64600,6.092555236816406
64700,5.462915897369385
64800,6.1890089852469305
64900,4.544661113194057
65000,7.621156692504883
65100,7.472109317779541
65200,4.625931262969971
65300,7.232723999023437
65400,5.497021145290798
65500,4.706323146820068
65600,6.675032297770183
65700,6.24754524230957
65800,6.432005310058594
65900,6.3889791700575085
66000,5.3874867757161455
66100,6.3896026611328125
66200,8.628595352172852
66300,4.8931151496039496
66400,6.832409251819957
66500,5.309662955147879
66600,6.384508895874023
66700,6.938970947265625
66800,6.078208923339844
66900,6.464757919311523
67000,6.430720859103733
67100,5.786914825439453
67200,7.349526087443034
67300,8.265055338541666
67400,6.299038813664363
67500,8.264393615722657
67600,7.250688934326172
67700,6.316527626731179
67800,8.112948099772135
67900,4.384771619524274
68000,6.1882123947143555
68100,7.087935856410435
68200,5.076683044433594
68300,5.7221543448311945
68400,7.453037935144761
68500,6.800614356994629
68600,7.379529317220052
68700,3.22107728322347
68800,4.336512088775635
68900,6.281794461337003
69000,5.219491195678711
69100,6.201588717373935
69200,6.686173872514204
69300,6.250272750854492
69400,6.008875710623605
69500,5.882559640066964
69600,5.935898251003689
69700,5.8324456214904785
69800,6.237936540083452
69900,5.489650432880108
70000,5.668681621551514
6,41.12595425063112
6,11.58574923663018
70100,5.000255584716797
70200,7.184632873535156
70300,6.741395132882254
70400,5.801174799601237
70500,7.212025960286458
70600,6.700435384114583
70700,5.871037483215332
70800,8.237478256225586
70900,4.614972432454427
71000,6.2557190789116754
71100,5.710402011871338
71200,6.892525024414063
71300,6.761007308959961
71400,4.1097259521484375
71500,5.289222240447998
71600,6.45369021097819
71700,6.1002991994222
71800,6.601821205832741
71900,7.097591400146484
72000,5.733523050944011
72100,6.917503356933594
72200,4.808232307434082
72300,4.720344543457031
72400,5.3154045104980465
72500,4.170009613037109
72600,5.35167350769043
72700,6.219539295543324
72800,6.588674926757813
72900,4.286778586251395
73000,4.673995018005371
73100,7.1297712326049805
73200,4.004320417131696
73300,6.918786185128348
73400,7.480890274047852
73500,5.493417358398437
73600,7.063346015082465
73700,6.183180067274305
73800,5.966103871663411
73900,5.082718985421317
74000,7.4299212864467075
74100,5.455174255371094
74200,5.852633953094482
74300,5.72479362487793
74400,8.041678428649902
74500,5.7117180824279785
74600,4.521026611328125
74700,5.257448196411133
74800,6.569063459123884
74900,4.572606767926898
75000,7.434238433837891
75100,6.368963241577148
75200,4.281667232513428
75300,7.2275543212890625
75400,5.589504665798611
75500,6.385741233825684
75600,6.93509038289388
75700,5.615430450439453
75800,5.227769470214843
75900,6.331827799479167
76000,6.318395402696398
76100,5.287487030029297
76200,8.539440155029297
76300,5.50636461046007
76400,6.5512778542258525
76500,4.897095271519253
76600,5.346902084350586
76700,6.500865173339844
76800,5.6931915283203125
76900,6.448978424072266
77000,5.452378167046441
77100,5.843859536307199
77200,8.34561030069987
77300,6.925546434190538
77400,6.4516425499549275
77500,8.300045776367188
77600,5.440818023681641
77700,5.919811595569957
77800,7.5035661061604815
77900,3.916480473109654
78000,6.348511219024658
78100,7.753597259521484
78200,5.521755763462612
78300,5.147309439522879
78400,6.600359748391544
78500,6.895956516265869
78600,5.392748514811198
78700,2.9116764068603516
78800,5.587224006652832
78900,5.776574221524325
79000,5.483180236816406
79100,6.36530234596946
79200,6.19213173606179
79300,4.696198272705078
79400,4.377938951764788
79500,6.53863525390625
79600,4.320354461669922
79700,6.037967681884766
79800,6.042832114479759
79900,6.067453237680288
80000,5.633913516998291
7,39.712267629715605
7,11.56961573045226
80100,6.542716979980469
80200,6.725716400146484
80300,7.1075880868094305
80400,3.7478815714518228
80500,6.58389409383138
80600,5.136445109049479
80700,3.317379951477051
80800,5.574910481770833
80900,5.44825808207194
81000,5.099494086371528
81100,6.273068428039551
81200,6.803153076171875
81300,7.7175421714782715
81400,4.1420949300130205
81500,5.68413782119751
81600,7.019866943359375
81700,5.896996815999349
81800,6.495264226740057
81900,6.111713409423828
82000,6.212899525960286
82100,7.301506996154785
82200,5.132787227630615
82300,4.729023524693081
82400,6.9032737731933596
82500,5.740132141113281
82600,5.12816276550293
82700,6.929525895552202
82800,5.29601821899414
82900,4.703793116978237
83000,8.800169944763184
83100,7.218107223510742
83200,6.505876813616071
83300,5.392793927873884
83400,4.696006457010905
83500,5.356193542480469
83600,6.403093973795573
83700,6.672408209906684
83800,7.137254079182942
83900,4.366403307233538
84000,5.366112300327846
84100,6.23658332824707
84200,4.522062301635742
84300,5.007244110107422
84400,6.826970100402832
84500,6.676877975463867
84600,4.298027420043946
84700,6.938757419586182
84800,7.3946941920689175
84900,7.584923335484096
85000,5.371531009674072
85100,7.677075386047363
85200,4.822174072265625
85300,6.555867767333984
85400,7.07567638821072
85500,6.698034286499023
85600,6.4669755299886065
85700,6.315357208251953
85800,5.002392959594727
85900,5.970943027072483
86000,6.238921271430121
86100,5.968723297119141
86200,8.284428596496582
86300,4.6036194695366754
86400,6.283555464311079
86500,4.566838128226144
86600,5.121483993530274
86700,5.555042266845703
86800,6.218945185343425
86900,5.888572692871094
87000,5.440063052707249
87100,6.110791887555804
87200,6.505892435709636
87300,6.645528157552083
87400,6.734152573805589
87500,7.1257789611816404
87600,5.603115844726562
87700,6.384303699840199
87800,8.662278493245443
87900,4.061947686331613
88000,8.174137115478516
88100,5.425500597272601
88200,5.0738018580845425
88300,5.006950378417969
88400,7.326642204733456
88500,5.927541732788086
88600,6.098068873087565
88700,5.73692512512207
88800,5.644484519958496
88900,6.084098815917969
89000,5.991080474853516
89100,5.577888835560191
89200,6.869979164817116
89300,6.883924865722657
89400,4.571215493338449
89500,8.552054813929967
89600,5.415662129720052
89700,5.681500434875488
89800,6.168573552911932
89900,5.801110487717849
90000,6.382062911987305
8,39.231791161799094
8,12.149344920502871
90100,4.685472106933593
90200,5.71624641418457
90300,5.771880013602121
90400,4.432654062906901
90500,4.9920764499240455
90600,5.260459899902344
90700,4.12256383895874
90800,5.808569590250651
90900,5.359336853027344
91000,5.633434295654297
91100,5.356723785400391
91200,6.607118530273437
91300,5.514133453369141
91400,5.065682093302409
91500,5.604323863983154
91600,4.7365983327229815
91700,6.244581858317058
91800,7.586247530850497
91900,7.165291595458984
92000,5.138599077860515
92100,6.290491104125977
92200,5.590489387512207
92300,6.993027823311942
92400,5.482921600341797
92500,3.955025863647461
92600,5.4819480895996096
92700,5.789440848610618
92800,6.128828430175782
92900,5.783872331891741
93000,8.277349472045898
93100,6.740238666534424
93200,4.48896244594029
93300,7.36620112827846
93400,6.481271743774414
93500,6.065391159057617
93600,7.151787651909722
93700,5.426964230007595
93800,6.729555765787761
93900,5.070655822753906
94000,5.358315604073661
94100,6.464885711669922
94200,4.5130205154418945
94300,6.145985412597656
94400,7.389228343963623
94500,6.959646224975586
94600,5.416907119750976
94700,5.092587471008301
94800,6.715791974748884
94900,4.472173963274274
95000,7.236194610595703
95100,7.759077548980713
95200,7.049409866333008
95300,6.028776931762695
95400,5.597816467285156
95500,5.102633953094482
95600,6.887615203857422
95700,5.625743103027344
95800,6.187812042236328
95900,5.839605967203776
96000,5.327637990315755
96100,6.021860122680664
96200,8.101449966430664
96300,5.6159922281901045
96400,6.846866954456676
96500,4.200337818690708
96600,6.663789367675781
96700,5.871327590942383
96800,6.148030598958333
96900,4.720921516418457
97000,6.087101830376519
97100,7.688499450683594
97200,6.996899286905925
97300,5.679203881157769
97400,6.451852651742788
97500,7.28094711303711
97600,6.780722808837891
97700,5.922732266512784
97800,8.77447764078776
97900,5.305823189871652
98000,6.011807441711426
98100,6.705601283482143
98200,4.767989022391183
98300,4.751401083809989
98400,6.830359963809743
98500,6.258436679840088
98600,6.562891006469727
98700,5.883441925048828
98800,5.934919834136963
98900,5.0840519991788
99000,6.218006896972656
99100,5.995852383700284
99200,5.72424940629439
99300,7.376681518554688
99400,4.886264256068638
99500,5.440460205078125
99600,4.402015686035156
99700,5.256339073181152
99800,6.569755554199219
99900,6.077352083646334
100000,6.237489700317383
9,38.81040668961409
9,12.784524834657423
100100,4.6305702209472654
100200,6.149842834472656
100300,6.400936671665737
100400,7.0570526123046875
100500,5.3551584879557295
100600,5.2928466796875
100700,3.56670880317688
100800,7.370002746582031
100900,3.8123343785603843
101000,5.596385108100043
101100,5.753021717071533
101200,6.982393798828125
101300,5.84716796875
101400,3.924205462137858
101500,5.62789249420166
101600,5.175718307495117
101700,5.717714309692383
101800,6.497689680619673
101900,7.754123687744141
102000,6.0464324951171875
102100,5.931145191192627
102200,6.907162189483643
102300,7.377931322370257
102400,5.839455795288086
102500,4.173902893066407
102600,4.669390869140625
102700,7.110551313920454
102800,6.157947540283203
102900,5.251764569963727
103000,5.037778854370117
103100,6.609182357788086
103200,3.819521495274135
103300,5.007932390485491
103400,5.6865234375
103500,5.578147888183594
103600,5.801943461100261
103700,5.311091528998481
103800,6.608648300170898
103900,4.963801792689732
104000,5.298097882952009
104100,7.449943542480469
104200,4.935398578643799
104300,6.286486434936523
104400,8.184600830078125
104500,5.870028018951416
104600,5.675514984130859
104700,5.790715217590332
104800,6.135225023542132
104900,5.504372732979911
105000,8.127143859863281
105100,6.355539321899414
105200,5.800981521606445
105300,6.131660079956054
105400,6.712889353434245
105500,5.410799026489258
105600,6.857866923014323
105700,5.649362945556641
105800,6.378948593139649
105900,5.873579661051433
106000,6.218206617567274
106100,7.342315673828125
106200,7.82185173034668
106300,5.503752814398871
106400,6.7384726784446025
106500,5.136886051722935
106600,5.492801666259766
106700,5.866421508789062
106800,7.213391621907552
106900,4.600438117980957
107000,6.522719065348308
107100,5.0496640886579245
107200,6.915812174479167
107300,6.295440249972874
107400,5.678681006798377
107500,6.86361083984375
107600,5.971965026855469
107700,7.27973105690696
107800,7.102228164672852
107900,6.0056610107421875
108000,6.9076666831970215
108100,7.230155399867466
108200,5.964464460100446
108300,5.4624497549874445
108400,6.902628281537225
108500,5.6329216957092285
108600,5.662184397379558
108700,2.7703723907470703
108800,5.84417724609375
108900,5.414579911665483
109000,6.5330055236816404
109100,5.429712468927557
109200,5.109390952370384
109300,5.667864227294922
109400,5.625552586146763
109500,6.800381251743862
109600,5.312825944688585
109700,4.914605617523193
109800,6.010934309525923
109900,6.220137962928185
110000,5.886107444763184
10,37.515573089026184
10,12.274782778532746
110100,7.375431823730469
110200,5.6424400329589846
110300,6.379659925188337
110400,6.432539621988933
110500,4.854346381293403
110600,5.7570068359375
110700,4.24855899810791
110800,6.738901774088542
110900,3.9336414337158203
111000,7.452038235134548
111100,5.919713973999023
111200,6.064669189453125
111300,6.412939071655273
111400,3.8246485392252603
111500,5.493637561798096
111600,5.673675537109375
111700,5.601524988810222
111800,6.8323891379616475
111900,7.026815032958984
112000,6.862284342447917
112100,6.006199836730957
112200,5.378186225891113
112300,3.952009473528181
112400,6.346040344238281
112500,3.8796924591064452
112600,3.995798873901367
112700,5.7261199951171875
112800,5.6382099151611325
112900,6.032805306570871
113000,4.951651573181152
113100,5.7988762855529785
113200,3.935969488961356
113300,4.867024012974331
113400,5.727217356363933
113500,6.117171859741211
113600,5.8808848063151045
113700,5.458510080973308
113800,5.785203297932942
113900,4.9326983860560825
114000,6.17284175327846
114100,6.216289520263672
114200,5.76033878326416
114300,6.014000320434571
114400,6.957315921783447
114500,5.4279093742370605
114600,4.125299072265625
114700,4.905508995056152
114800,7.139404841831753
114900,4.234606061662946
115000,6.805767059326172
115100,6.1664934158325195
115200,5.962580680847168
115300,6.89063720703125
115400,6.971196068657769
115500,4.861514091491699
115600,6.2467193603515625
115700,4.984405136108398
115800,6.003696441650391
115900,6.816471099853516
116000,5.250267028808594
116100,4.611836751302083
116200,8.216126441955566
116300,5.168402353922526
116400,7.035442005504262
116500,4.108298437935965
116600,6.532972717285157
116700,5.49309196472168
116800,6.208645502726237
116900,5.129338264465332
117000,7.34968736436632
117100,4.738435472760882
117200,7.55898920694987
117300,5.121188269721137
117400,5.8531623253455525
117500,8.1926025390625
117600,5.696952819824219
117700,6.232499556107954
117800,9.810760498046875
117900,5.503936767578125
118000,7.228092193603516
118100,5.142159598214286
118200,4.590721675327846
118300,6.429842267717634
118400,7.118952134076287
118500,7.393816947937012
118600,6.868320465087891
118700,4.087389628092448
118800,4.740760803222656
118900,6.04294863614169
119000,5.750893020629883
119100,5.659867373379794
119200,6.291841680353338
119300,4.832932662963867
119400,5.995691571916852
119500,5.351747785295759
119600,3.8621037801106772
119700,5.569480895996094
119800,7.324497569691051
119900,5.733498206505408
120000,6.049758434295654
11,36.85975776635089
11,13.064238592195784
120100,4.973193359375
120200,5.782563018798828
120300,6.828484126499721
120400,5.828349431355794
120500,4.955894894070095
120600,6.1506189982096355
120700,4.42653751373291
120800,5.181389490763347
120900,3.4795780181884766
121000,5.399872673882379
121100,4.980591773986816
121200,7.191882934570312
121300,6.641130447387695
121400,6.0353654225667315
121500,7.656407356262207
121600,6.669673919677734
121700,6.7780914306640625
121800,6.196977095170454
121900,6.108010864257812
122000,6.655614852905273
122100,7.805926322937012
122200,6.646249771118164
122300,5.6308713640485495
122400,5.5418861389160154
122500,3.8532264709472654
122600,5.1028705596923825
122700,6.15204481645064
122800,5.448997497558594
122900,5.326806749616351
123000,6.199999809265137
123100,7.140164852142334
123200,4.342658451625279
123300,5.700649261474609
123400,4.614467620849609
123500,5.258042907714843
123600,6.998636033799913
123700,5.91073481241862
123800,6.201886494954427
123900,5.431151798793247
124000,6.191430228097098
124100,5.996385192871093
124200,4.378917694091797
124300,6.091032028198242
124400,6.327164649963379
124500,5.628769874572754
124600,5.18701171875
124700,4.602270126342773
124800,6.927677699497768
124900,6.034003121512277
125000,6.51315450668335
125100,6.660746097564697
125200,3.7015023231506348
125300,7.0726676940917965
125400,6.335141499837239
125500,5.65820837020874
125600,6.570943832397461
125700,6.675482940673828
125800,6.447779846191406
125900,7.2156482272677955
126000,6.585424211290148
126100,4.989692052205403
126200,8.49460506439209
126300,6.2400186326768665
126400,6.491717945445668
126500,5.858499799455915
126600,4.749555206298828
126700,5.264027786254883
126800,6.7255198160807295
126900,4.35353946685791
127000,5.6500498453776045
127100,5.359058380126953
127200,6.47946294148763
127300,5.214151170518663
127400,6.04843257023738
127500,7.969755554199219
127600,5.328996658325195
127700,6.494706587357954
127800,6.187236785888672
127900,5.604734148297991
128000,5.989011287689209
128100,7.028949737548828
128200,4.532832554408482
128300,6.1741501944405695
128400,6.96616408404182
128500,6.718411922454834
128600,4.55497932434082
128700,3.0030186971028647
128800,5.793652534484863
128900,5.946747519753196
129000,4.730804443359375
129100,5.487544319846413
129200,5.191972212357954
129300,5.513975524902344
129400,4.494410923549107
129500,6.619523184640067
129600,5.4899546305338545
129700,5.804859161376953
129800,7.452162309126421
129900,5.508177537184495
130000,7.138980865478516
12,37.05197010384006
12,13.312081975637312
130100,5.027300262451172
130200,5.367003631591797
130300,5.380735669817243
130400,5.213773727416992
130500,5.676984151204427
130600,5.732450358072916
130700,5.328089237213135
130800,5.307089169820149
130900,5.534555435180664
131000,4.7664294772677955
131100,4.583586692810059
131200,7.479542846679688
131300,7.478546142578125
131400,5.385578155517578
131500,5.986529350280762
131600,5.748974482218425
131700,6.182924270629883
131800,6.818397521972656
131900,7.0618843078613285
132000,5.230206489562988
132100,6.136191368103027
132200,6.90071964263916
132300,5.334103175571987
132400,5.741547393798828
132500,5.906202697753907
132600,6.440909576416016
132700,6.360758001154119
132800,6.725107574462891
132900,5.201912471226284
133000,5.073137283325195
133100,7.063545227050781
133200,5.802528926304409
133300,5.867560250418527
133400,5.660512288411458
133500,5.107341384887695
133600,6.688650343153212
133700,5.978616926405165
133800,7.189937591552734
133900,4.998499189104352
134000,6.45025634765625
134100,6.402560424804688
134200,5.77677583694458
134300,5.204169464111328
134400,7.843902587890625
134500,5.658445835113525
134600,3.676896667480469
134700,5.354818820953369
134800,6.098494938441685
134900,6.549039023263114
135000,5.461997032165527
135100,5.729560852050781
135200,4.691355228424072
135300,6.109596252441406
135400,6.583491431342231
135500,6.566788673400879
135600,5.871009826660156
135700,7.265729522705078
135800,4.833240509033203
135900,5.590804206000434
136000,6.18948237101237
136100,5.683418909708659
136200,7.874471187591553
136300,4.297522650824653
136400,6.04850283536044
136500,5.5598907470703125
136600,6.225043106079101
136700,5.306977081298828
136800,5.760550181070964
136900,4.818018913269043
137000,5.42327160305447
137100,5.470936366489956
137200,6.637203852335612
137300,5.955775790744358
137400,6.5958985548753
137500,7.952586364746094
137600,5.4218486785888675
137700,6.346567327325994
137800,6.597903569539388
137900,3.4577653067452565
138000,6.463286399841309
138100,5.573539188929966
138200,6.512689317975726
138300,3.2653792245047435
138400,7.029000226189108
138500,6.1222100257873535
138600,6.740697860717773
138700,2.9818849563598633
138800,4.980255603790283
138900,7.852359424937855
139000,5.436040878295898
139100,6.189526644620028
139200,7.312305797230113
139300,5.049248123168946
139400,5.228274754115513
139500,6.632438114711216
139600,4.451292673746745
139700,5.55723762512207
139800,5.51384804465554
139900,6.536317091721755
140000,6.356185436248779
13,36.59955076109088
13,14.356168480801774
140100,7.264315795898438
140200,6.780180358886719
140300,5.372567313058036
140400,3.1184209187825522
140500,6.708939022488064
140600,5.7713475545247395
140700,5.344625473022461
140800,7.108572642008464
140900,5.19995657602946
141000,5.8646435207790795
141100,5.052839756011963
141200,6.733475341796875
141300,6.266400337219238
141400,4.922128995259603
141500,5.637014389038086
141600,7.4499359130859375
141700,6.626831690470378
141800,5.822924527254972
141900,6.766845703125
142000,5.397850036621094
142100,7.0749921798706055
142200,5.999618053436279
142300,6.234634944370815
142400,6.055349731445313
142500,5.278597259521485
142600,6.062911605834961
142700,5.923932162198153
142800,4.860800170898438
142900,6.958213806152344
143000,8.303394317626953
143100,5.63826322555542
143200,3.7386316571916853
143300,5.038872855050223
143400,5.555215835571289
143500,4.429060745239258
143600,7.5370534261067705
143700,6.772753397623698
143800,6.462446848551433
143900,5.3043332781110495
144000,6.427054268973214
144100,6.693896484375
144200,5.14683198928833
144300,5.390821075439453
144400,6.959613800048828
144500,6.838047027587891
144600,5.576361465454101
144700,5.344147205352783
144800,6.141549791608538
144900,6.147516523088727
145000,5.853875637054443
145100,6.811175346374512
145200,5.041434288024902
145300,7.150321197509766
145400,5.921809302435981
145500,4.812952518463135
145600,6.003543217976888
145700,4.877756881713867
145800,5.364387512207031
145900,5.954910702175564
146000,5.567756652832031
146100,4.40617307027181
146200,7.37373161315918
146300,7.082184261745876
146400,7.846951571377841
146500,4.913371494838169
146600,5.632256698608399
146700,5.87858772277832
146800,6.26217524210612
146900,5.143072128295898
147000,5.256094614664714
147100,4.868598937988281
147200,7.044809341430664
147300,6.402921888563368
147400,7.524576627291166
147500,6.736280059814453
147600,5.948988342285157
147700,6.704830516468395
147800,6.100475311279297
147900,3.741499764578683
148000,7.069196701049805
148100,6.217146737234933
148200,7.390005384172712
148300,4.274324144635882
148400,7.304458169376149
148500,6.310941219329834
148600,6.824521382649739
148700,3.8064047495524087
148800,5.968247413635254
148900,6.606109619140625
149000,6.363837051391601
149100,6.354735634543679
149200,5.682737523859197
149300,4.773643112182617
149400,4.8922239031110495
149500,5.7405580793108255
149600,4.866563585069445
149700,5.142517566680908
149800,5.887614857066762
149900,5.53936532827524
150000,6.254879951477051
14,36.56674357426269
14,13.567582284017208
150100,7.919786071777343
150200,5.612834548950195
150300,5.16956056867327
150400,4.979480425516765
150500,6.5422821044921875
150600,6.432349141438802
150700,3.751640558242798
150800,5.661506017049153
150900,4.965721766153972
151000,6.539412604437934
151100,4.664803981781006
151200,6.730965576171875
151300,5.740321636199951
151400,4.741217295328776
151500,6.326569557189941
151600,7.349344889322917
151700,6.926845550537109
151800,7.05988173051314
151900,6.569143676757813
152000,4.9458669026692705
152100,6.635401725769043
152200,4.648254871368408
152300,6.7288055419921875
152400,4.936174392700195
152500,4.58326416015625
152600,5.244556427001953
152700,6.573958657004616
152800,5.331949615478516
152900,5.085641043526786
153000,4.6454949378967285
153100,5.908951759338379
153200,4.2756805419921875
153300,5.302793775285993
153400,6.547489166259766
153500,5.8498481750488285
153600,6.185866038004558
153700,8.125734117296007
153800,6.60031255086263
153900,6.096341269356864
154000,6.388817378452846
154100,5.411538314819336
154200,5.512125015258789
154300,5.040576553344726
154400,10.403139114379883
154500,5.612994194030762
154600,5.335091781616211
154700,5.1427812576293945
154800,6.524309975760324
154900,4.154749734061105
155000,7.922593116760254
155100,8.088382720947266
155200,3.658437728881836
155300,7.177899169921875
155400,5.967391120062934
155500,5.674307823181152
155600,6.496815999348958
155700,5.82203254699707
155800,5.264152526855469
155900,6.682364569769965
156000,5.303555806477864
156100,5.18244997660319
156200,8.005062103271484
156300,4.383623758951823
156400,5.599225824529475
156500,4.906293596540179
156600,6.037075042724609
156700,5.577046203613281
156800,5.88313102722168
156900,4.437045574188232
157000,5.194370693630642
157100,5.772821153913226
157200,7.433956782023112
157300,5.131192101372613
157400,5.7392578125
157500,7.858670043945312
157600,5.340002822875976
157700,6.5301596901633525
157800,9.394091924031576
157900,7.129973820277622
158000,6.023043632507324
158100,6.412445068359375
158200,3.9492974962506975
158300,3.700829642159598
158400,6.64131882611443
158500,6.982335090637207
158600,6.322676340738933
158700,5.5220152537028
158800,3.5509767532348633
158900,5.226712313565341
159000,5.4555511474609375
159100,7.430152893066406
159200,6.400533502752131
159300,4.5406036376953125
159400,5.018712724958148
159500,6.534020015171596
159600,4.93415027194553
159700,5.679905414581299
159800,6.099390896883878
159900,5.892547020545373
160000,6.402078628540039
15,35.35909975775659
15,14.076944611103965
160100,5.368821716308593
160200,5.273467636108398
160300,7.504496983119419
160400,6.405642191569011
160500,6.5536783006456165
160600,6.045701090494791
160700,5.776564598083496
160800,6.368518193562825
160900,5.114182154337565
161000,7.182025485568577
161100,5.354797840118408
161200,7.2489990234375
161300,5.434907913208008
161400,6.165516535441081
161500,6.11624813079834
161600,5.926899592081706
161700,6.3188527425130205
161800,5.958543257279829
161900,7.352276611328125
162000,5.07179578145345
162100,5.146014213562012
162200,4.518590927124023
162300,3.67067745753697
162400,5.606282424926758
162500,5.189298248291015
162600,4.048482131958008
162700,5.635880210182884
162800,5.47401008605957
162900,3.8720929282052174
163000,4.676252365112305
163100,5.359764099121094
163200,4.258335113525391
163300,4.035562787737165
163400,5.411441167195638
163500,5.805108261108399
163600,6.969092475043403
163700,4.900346967909071
163800,6.259773254394531
163900,6.209283011300223
164000,7.334129333496094
164100,6.2163551330566404
164200,6.780063152313232
164300,5.581128692626953
164400,7.278803825378418
164500,5.5282979011535645
164600,5.658104324340821
164700,6.224002838134766
164800,5.959339686802456
164900,4.125945499965122
165000,4.499909400939941
165100,6.564186096191406
165200,5.1031174659729
165300,7.759477233886718
165400,5.725613911946614
165500,5.623251914978027
165600,6.374843597412109
165700,5.526805114746094
165800,6.397133636474609
165900,5.976234436035156
166000,5.465423160129124
166100,5.736814498901367
166200,7.774389266967773
166300,6.341837565104167
166400,7.372743086381392
166500,4.123223985944476
166600,6.057616424560547
166700,6.81678466796875
166800,5.350009918212891
166900,4.383573532104492
167000,5.368116590711805
167100,6.136043548583984
167200,7.3532867431640625
167300,4.860073513454861
167400,6.081173823429988
167500,7.398233032226562
167600,6.663551330566406
167700,6.553937045010653
167800,9.117669423421225
167900,4.5321758815220425
168000,6.210149765014648
168100,5.37835202898298
168200,3.735414505004883
168300,5.313449314662388
168400,6.84475393856273
168500,5.426579475402832
168600,6.1252593994140625
168700,3.7446845372517905
168800,5.664982318878174
168900,5.7470855712890625
169000,6.260819625854492
169100,5.827072837136009
169200,6.226061734286222
169300,5.3073474884033205
169400,5.028900146484375
169500,6.166573660714286
169600,4.9130066765679254
169700,5.297518730163574
169800,6.286318692294034
169900,5.955513000488281
170000,5.753375053405762
16,35.15534539610304
16,13.996538550360016
170100,4.285695648193359
170200,6.276243209838867
170300,6.0815887451171875
170400,4.476949373881022
170500,5.789851294623481
170600,5.707440185546875
170700,5.087219715118408
170800,6.6668548583984375
170900,4.665151596069336
171000,4.940320332845052
171100,4.597601413726807
171200,6.959869384765625
171300,6.343072414398193
171400,4.71402104695638
171500,6.148059844970703
171600,4.585011164347331
171700,6.2966734568278
171800,6.002544056285512
171900,6.50106201171875
172000,5.30611515045166
172100,6.508437633514404
172200,6.177895545959473
172300,4.176258632114956
172400,5.687357330322266
172500,5.966931915283203
172600,4.736174774169922
172700,5.982057744806463
172800,5.355958557128906
172900,3.672133037022182
173000,4.4902801513671875
173100,6.652400970458984
173200,4.123619897024972
173300,4.324194226946149
173400,4.272348403930664
173500,5.523333740234375
173600,6.995357089572483
173700,5.201964484320746
173800,7.726462046305339
173900,5.567070552280971
174000,6.3113299778529575
174100,6.6923057556152346
174200,5.940670013427734
174300,5.416444778442383
174400,5.651176452636719
174500,6.308130264282227
174600,6.420526123046875
174700,5.49111270904541
174800,6.471002851213727
174900,5.188213348388672
175000,5.858489036560059
175100,6.038921356201172
175200,4.6505303382873535
175300,6.304882049560547
175400,6.792425791422526
175500,6.095983982086182
175600,5.997689565022786
175700,5.592593765258789
175800,4.762310791015625
175900,5.283654106987847
176000,7.065399593777126
176100,5.353463490804036
176200,7.842967987060547
176300,5.08250257703993
176400,6.0380637428977275
176500,4.464959553309849
176600,5.8862457275390625
176700,7.911894989013672
176800,5.95901362101237
176900,4.741459846496582
177000,7.1534271240234375
177100,7.0437469482421875
177200,6.824737548828125
177300,6.879299587673611
177400,5.716509892390325
177500,6.6681396484375
177600,7.199593353271484
177700,6.404355829412287
177800,6.323769887288411
177900,4.043990271432059
178000,5.901953220367432
178100,5.701623644147601
178200,3.5409368787493025
178300,4.746995108468192
178400,6.5310063081629135
178500,5.836399078369141
178600,5.593513488769531
178700,2.727245012919108
178800,3.1939101219177246
178900,6.260652715509588
179000,4.951832580566406
179100,6.423986261541193
179200,6.914738741787997
179300,3.8818382263183593
179400,3.547219685145787
179500,6.205867767333984
179600,5.188039991590712
179700,5.097936153411865
179800,6.56646728515625
179900,5.1533050537109375
180000,5.8379597663879395
17,34.55179396457132
17,14.419720970040418
180100,4.061685943603516
180200,6.146636581420898
180300,6.418407440185547
180400,4.503852526346843
180500,6.304199642605251
180600,5.080403137207031
180700,3.586308479309082
180800,5.604448954264323
180900,6.49162483215332
181000,6.203492906358507
181100,4.332861423492432
181200,6.685798950195313
181300,6.451824188232422
181400,3.834362347920736
181500,5.802881240844727
181600,5.81065559387207
181700,6.036654790242513
181800,5.917095531116832
181900,6.369049453735352
182000,4.965017000834147
182100,5.611837387084961
182200,5.836722373962402
182300,3.876368386404855
182400,5.174079132080078
182500,3.620655822753906
182600,4.7626190185546875
182700,5.382531599564985
182800,5.24413833618164
182900,6.3960996355329245
183000,4.706481456756592
183100,7.490335464477539
183200,3.9930125645228793
183300,5.488133021763393
183400,4.183352788289388
183500,4.371875762939453
183600,6.663035498725043
183700,6.249901665581597
183800,6.409173329671224
183900,3.7247352600097656
184000,5.7824826921735495
184100,6.309745788574219
184200,7.084751129150391
184300,4.598274230957031
184400,8.879014015197754
184500,6.819356441497803
184600,3.5876701354980467
184700,4.219700813293457
184800,5.736400604248047
184900,5.858432224818638
185000,7.465356349945068
185100,6.3703293800354
185200,5.878803730010986
185300,5.804297256469726
185400,8.113032023111979
185500,4.546523571014404
185600,5.193127314249675
185700,6.308723831176758
185800,5.524120712280274
185900,6.255020989312066
186000,5.753068288167317
186100,5.133630434672038
186200,7.1498823165893555
186300,4.711547003851996
186400,6.28875108198686
186500,5.80359377179827
186600,6.0482643127441404
186700,5.527505493164062
186800,5.319738705952962
186900,3.566408634185791
187000,5.830011579725477
187100,4.42621830531529
187200,6.4968109130859375
187300,6.456208970811632
187400,5.467559227576623
187500,7.235113525390625
187600,5.953094100952148
187700,6.231138055974787
187800,6.723838806152344
187900,3.3439739772251675
188000,7.176967620849609
188100,6.362556457519531
188200,4.880746568952288
188300,5.078850337437221
188400,6.53718028349035
188500,6.050591468811035
188600,6.057294209798177
188700,3.639785130818685
188800,4.997668266296387
188900,6.329378995028409
189000,5.879409408569336
189100,6.370486172762784
189200,6.098236777565696
189300,6.393016815185547
189400,5.065180097307477
189500,6.459312438964844
189600,4.40602789984809
189700,5.318621635437012
189800,6.099889581853693
189900,6.346290001502404
190000,5.439300537109375
18,34.03361292104854
18,14.892495328420424
190100,5.191305160522461
190200,5.66118049621582
190300,6.121729714529855
190400,2.9682286580403647
190500,5.025152418348524
190600,5.469398498535156
190700,3.8078877925872803
190800,5.157907168070476
190900,5.503818511962891
191000,4.456289503309462
191100,4.196000576019287
191200,6.267894287109375
191300,6.18155574798584
191400,4.982578277587891
191500,5.937517166137695
191600,5.315559387207031
191700,6.164282480875651
191800,5.528672305020419
191900,6.526788330078125
192000,5.146982510884603
192100,5.668876647949219
192200,5.386746406555176
192300,3.0741865975516185
192400,5.191883850097656
192500,5.861844635009765
192600,4.13806266784668
192700,6.09372988614169
192800,4.8845970153808596
192900,4.650702885219029
193000,5.962852478027344
193100,6.371823310852051
193200,4.043254852294922
193300,6.941825321742466
193400,5.084958712259929
193500,4.089928817749024
193600,6.095089382595486
193700,6.095191107855903
193800,6.564188639322917
193900,5.620723724365234
194000,5.883860996791294
194100,6.394683074951172
194200,4.744337558746338
194300,5.467756271362305
194400,5.600610733032227
194500,6.259832859039307
194600,3.46209716796875
194700,4.260601043701172
194800,6.059568132672991
194900,5.645879473005023
195000,6.502988338470459
195100,7.0531134605407715
195200,5.186756610870361
195300,6.636033630371093
195400,6.647678375244141
195500,4.236705303192139
195600,5.658871968587239
195700,6.839612579345703
195800,5.329152679443359
195900,7.012307484944661
196000,6.787545945909288
196100,6.1204172770182295
196200,7.686651229858398
196300,4.488888634575738
196400,6.597437771883878
196500,3.7900687626429965
196600,5.194795989990235
196700,6.294362640380859
196800,5.907318115234375
196900,4.112245082855225
197000,5.02737299601237
197100,5.51347896030971
197200,7.317549387613933
197300,4.897861904568142
197400,5.628370431753305
197500,7.075315856933594
197600,5.531647491455078
197700,6.730064392089844
197800,7.862568537394206
197900,3.4580990927559987
198000,6.7465033531188965
198100,5.200559888567243
198200,4.311578205653599
198300,5.448417663574219
198400,7.322831546559053
198500,6.344383239746094
198600,5.30031140645345
198700,5.123571395874023
198800,4.58554220199585
198900,5.473964344371449
199000,6.072257995605469
199100,5.365784384987571
199200,7.245500737970525
199300,5.479510498046875
199400,4.552453722272601
199500,5.259925842285156
199600,5.763604482014974
199700,6.653469085693359
199800,5.601858659224077
199900,5.3849029541015625
200000,5.840310096740723
19,33.92970173555855
19,14.91809063931636
200100,5.24130859375
200200,6.638155364990235
200300,5.198544093540737
200400,3.275096575419108
200500,4.287687513563368
200600,5.52613525390625
200700,3.8075332641601562
200800,5.836485544840495
200900,4.920708974202474
201000,4.951484680175781
201100,4.952149868011475
201200,7.4118890380859375
201300,5.990964889526367
201400,5.050496419270833
201500,5.793828010559082
201600,3.86142635345459
201700,5.90933100382487
201800,5.179409720680931
201900,6.08098258972168
202000,5.5417734781901045
202100,5.698611259460449
202200,5.7714972496032715
202300,5.8931089128766745
202400,7.346466827392578
202500,3.620029830932617
202600,4.831928634643555
202700,6.196198203346946
202800,5.4529155731201175
202900,3.5699029650006975
203000,4.410464286804199
203100,6.185983180999756
203200,4.325083868844168
203300,4.190680367606027
203400,4.986222585042317
203500,4.590644836425781
203600,6.685264163547092
203700,6.561630672878689
203800,6.290826797485352
203900,5.919039045061384
204000,4.954872676304409
204100,6.731454467773437
204200,4.11873722076416
204300,5.348638534545898
204400,5.498391151428223
204500,5.184804439544678
204600,3.754535675048828
204700,5.213800430297852
204800,5.980900355747768
204900,6.121743338448661
205000,5.264775276184082
205100,5.752931118011475
205200,4.753674507141113
205300,6.163516998291016
205400,6.573351542154948
205500,4.4671783447265625
205600,5.654751459757487
205700,6.295140075683594
205800,5.407267379760742
205900,5.539926317003038
206000,6.3100475735134545
206100,4.00011666615804
206200,7.328577995300293
206300,4.670507642957899
206400,6.037628173828125
206500,4.438550131661551
206600,5.373470687866211
206700,5.100423049926758
206800,5.85732905069987
206900,4.934109210968018
207000,6.4382201300726996
207100,4.720789228166852
207200,6.4163818359375
207300,6.001758575439453
207400,6.156333923339844
207500,6.6051483154296875
207600,5.770856475830078
207700,6.738474065607244
207800,5.640079498291016
207900,4.6707948957170755
208000,5.774217128753662
208100,4.968460627964565
208200,4.836978367396763
208300,4.672965458461216
208400,6.405072829302619
208500,6.694836139678955
208600,6.005918502807617
208700,4.033455848693848
208800,3.7165446281433105
208900,5.6928416165438565
209000,4.495004272460937
209100,5.915964993563565
209200,5.5969085693359375
209300,5.410716247558594
209400,5.2115614754813055
209500,6.5080975123814175
209600,3.76639641655816
209700,5.837662696838379
209800,5.896774985573509
209900,6.120175288273738
210000,8.203682899475098
20,33.628837476113134
20,15.132283322152269
210100,7.829393005371093
210200,6.116169357299805
210300,4.962499346051898
210400,3.669043858846029
210500,4.30571789211697
210600,5.4638209025065105
210700,4.213798999786377
210800,7.174922943115234
210900,5.1841996510823565
211000,5.416893429226345
211100,4.226501941680908
211200,6.992972412109375
211300,7.345298767089844
211400,4.859808286031087
211500,5.7443952560424805
211600,6.0376027425130205
211700,5.801279067993164
211800,5.883268182927912
211900,6.200456237792968
212000,5.576103210449219
212100,5.381191730499268
212200,5.052567958831787
212300,4.473326001848493
212400,5.101761245727539
212500,6.517200469970703
212600,6.038616943359375
212700,5.7968971946022725
212800,5.769165420532227
212900,4.5930633544921875
213000,4.300938606262207
213100,6.7225751876831055
213200,4.514031546456473
213300,6.154756273542132
213400,4.728275299072266
213500,6.166476058959961
213600,6.58562511867947
213700,5.156205071343316
213800,5.842626571655273
213900,4.356676919119699
214000,4.467557089669364
214100,6.615299224853516
214200,4.691380500793457
214300,5.756725311279297
214400,7.500307083129883
214500,7.324240207672119
214600,4.4690711975097654
214700,5.09186315536499
214800,6.547033582414899
214900,4.964942932128906
215000,6.945169448852539
215100,6.564223766326904
215200,5.932277679443359
215300,5.949393081665039
215400,5.525476667616102
215500,5.743695259094238
215600,6.287192026774089
215700,5.941806411743164
215800,5.199689865112305
215900,6.891112433539496
216000,5.139549255371094
216100,4.308197657267253
216200,8.468717575073242
216300,5.306093851725261
216400,5.776264537464488
216500,3.930388859340123
216600,6.177581024169922
216700,5.950110626220703
216800,5.490644454956055
216900,3.8859455585479736
217000,5.986393822564019
217100,6.727087838309152
217200,6.094153086344401
217300,4.659146626790364
217400,6.057885390061599
217500,7.414649200439453
217600,5.276424407958984
217700,6.27977891401811
217800,7.392832438151042
217900,4.4071791512625555
218000,6.437682628631592
218100,5.367271423339844
218200,3.3164825439453125
218300,3.4983204432896207
218400,6.642728020163143
218500,6.194277763366699
218600,5.710595448811849
218700,2.799009641011556
218800,3.643094062805176
218900,5.5254974365234375
219000,5.44490966796875
219100,5.4065329811789775
219200,5.515603152188388
219300,5.559794998168945
219400,3.5897214072091237
219500,5.296879359654018
219600,4.821531931559245
219700,6.853812217712402
219800,6.6414267800071025
219900,5.949369577261118
220000,6.146509647369385
21,34.23422746529752
21,15.489547624132102
220100,5.189972686767578
220200,6.298410797119141
220300,5.055452074323382
220400,4.862760225931804
220500,5.730974833170573
220600,5.135383605957031
220700,3.114518880844116
220800,5.782553990681966
220900,4.181291580200195
221000,4.8472167121039496
221100,5.182130813598633
221200,6.578306274414063
221300,5.859832763671875
221400,3.7755912144978843
221500,5.775816917419434
221600,4.703502337137858
221700,6.003580093383789
221800,6.974549033425071
221900,5.729351043701172
222000,4.367137273152669
222100,6.0113372802734375
222200,5.069884300231934
222300,6.108224051339286
222400,4.6187694549560545
222500,3.3354949951171875
222600,5.595849609375
222700,6.014070684259588
222800,5.06251220703125
222900,4.527954646519253
223000,4.442045211791992
223100,6.641297817230225
223200,3.4999305180140903
223300,4.435079302106585
223400,4.167545000712077
223500,4.234135437011719
223600,6.04715813530816
223700,4.888689676920573
223800,5.7736250559488935
223900,5.239754813058036
224000,5.855939592633929
224100,6.534615325927734
224200,4.943989276885986
224300,5.315167999267578
224400,5.187889099121094
224500,5.790590763092041
224600,3.169524574279785
224700,5.6780104637146
224800,6.877037048339844
224900,4.89015143258231
225000,6.290282249450684
225100,5.715116500854492
225200,3.4916329383850098
225300,6.16240119934082
225400,7.302624172634548
225500,7.196870803833008
225600,6.275684356689453
225700,4.912361526489258
225800,6.2407997131347654
225900,5.997127956814236
226000,5.748283386230469
226100,6.940264383951823
226200,6.722698211669922
226300,5.283061133490668
226400,6.819077925248579
226500,5.82493645804269
226600,4.848716735839844
226700,5.595365524291992
226800,4.733297348022461
226900,4.372793197631836
227000,5.561866760253906
227100,4.2332049778529575
227200,6.348819096883138
227300,5.358035193549262
227400,5.566390404334435
227500,6.485677337646484
227600,5.690888595581055
227700,6.052903608842329
227800,6.1935469309488935
227900,4.338709694998605
228000,5.860773086547852
228100,4.420333317347935
228200,3.617448534284319
228300,3.7132625579833984
228400,6.741501303280101
228500,6.698481559753418
228600,5.462013880411784
228700,2.7470881144205728
228800,3.5053887367248535
228900,5.5538999384099785
229000,5.526787567138672
229100,6.566742636940696
229200,5.925256208939985
229300,5.143410110473633
229400,5.188653128487723
229500,6.9673952375139505
229600,5.6998952229817705
229700,5.164523124694824
229800,6.57362851229581
229900,6.323533865121695
230000,6.514030933380127
22,33.94477073641178
22,15.440710605584377
230100,4.928707885742187
230200,5.131266021728516
230300,5.298071180071149
230400,5.632894515991211
230500,4.985680050320095
230600,5.761163330078125
230700,2.993638515472412
230800,4.691270192464192
230900,3.3560002644856772
231000,4.596468607584636
231100,4.2396650314331055
231200,6.189342651367188
231300,7.083530426025391
231400,6.786618550618489
231500,6.724867820739746
231600,5.035314877827962
231700,6.435396194458008
231800,7.00882998379794
231900,6.382865142822266
232000,4.5439707438151045
232100,4.971521854400635
232200,6.678136348724365
232300,4.804553985595703
232400,6.3739276885986325
232500,3.353771209716797
232600,5.238969039916992
232700,6.183411338112571
232800,5.234011840820313
232900,5.10798100062779
233000,5.0116801261901855
233100,5.036550521850586
233200,4.98993900844029
233300,4.420161655970982
233400,5.457010269165039
233500,5.322597885131836
233600,7.086570315890842
233700,5.314083523220486
233800,5.553253173828125
233900,7.0669435773577005
234000,6.207214900425503
234100,6.671213531494141
234200,5.662521839141846
234300,4.915549468994141
234400,5.373878479003906
234500,6.785696983337402
234600,3.638273239135742
234700,6.326294898986816
234800,6.364278520856585
234900,4.014566693987165
235000,4.62000036239624
235100,6.180652618408203
235200,4.3278069496154785
235300,6.318678665161133
235400,5.938471900092231
235500,5.565756320953369
235600,5.293435732523601
235700,6.244696044921875
235800,5.537187194824218
235900,5.0200174119737415
236000,5.406952328152126
236100,5.91981824239095
236200,7.1734442710876465
236300,5.8419617546929254
236400,5.51496679132635
236500,5.709835597446987
236600,6.839404296875
236700,4.894243621826172
236800,6.568777084350586
236900,5.780575275421143
237000,4.994954427083333
237100,5.941369192940848
237200,6.591877619425456
237300,4.769079420301649
237400,5.990182729867788
237500,7.7398323059082035
237600,5.8069511413574215
237700,6.314681313254616
237800,6.082480112711589
237900,3.662215369088309
238000,6.163608551025391
238100,5.088591984340122
238200,3.7019991193498885
238300,3.3357674734933034
238400,7.11709280575023
238500,4.959601879119873
238600,6.489363352457683
238700,3.0908425649007163
238800,3.9273478984832764
238900,6.264835704456676
239000,4.7849678039550785
239100,6.154597889293324
239200,6.17639784379439
239300,4.464852523803711
239400,4.903162275041852
239500,6.342899867466518
239600,4.310712178548177
239700,5.863550186157227
239800,5.809940338134766
239900,5.678335923414964
240000,5.732652187347412
23,33.545278468953455
23,16.067531506824313
240100,3.952708053588867
240200,5.075045394897461
240300,5.79222161429269
240400,4.755246162414551
240500,4.391473982069227
240600,5.44312489827474
240700,5.451746940612793
240800,6.023220062255859
240900,4.201810518900554
241000,4.9912698533799915
241100,5.657956600189209
241200,6.723671875
241300,6.346505165100098
241400,3.6092182795206704
241500,6.360912799835205
241600,5.010902722676595
241700,5.478039423624675
241800,5.531725796786222
241900,6.289224243164062
242000,4.478350003560384
242100,6.621422290802002
242200,4.53685188293457
242300,4.436015537806919
242400,4.774029541015625
242500,5.365100860595703
242600,5.850594329833984
242700,5.258576133034446
242800,5.240141296386719
242900,3.799685069492885
243000,4.071511268615723
243100,5.244932651519775
243200,3.6566674368722096
243300,4.8914593287876675
243400,4.0237375895182295
243500,4.291069030761719
243600,7.01369391547309
243700,5.204122755262587
243800,6.4596099853515625
243900,3.7877306256975447
244000,4.879906790597098
244100,6.513956451416016
244200,4.962245941162109
244300,4.062324142456054
244400,6.943225860595703
244500,6.109710693359375
244600,2.9556049346923827
244700,5.114254474639893
244800,5.584402356828962
244900,5.776622772216797
245000,6.120731353759766
245100,6.074575901031494
245200,4.119373798370361
245300,6.343239212036133
245400,5.478304545084636
245500,4.578196048736572
245600,5.6866881052653
245700,5.473195648193359
245800,4.387724685668945
245900,6.0095236036512585
246000,5.274423387315538
246100,3.9861768086751304
246200,8.005626678466797
246300,5.314674801296658
246400,5.534381866455078
246500,5.254314422607422
246600,6.281127166748047
246700,5.428459548950196
246800,6.147826512654622
246900,4.835684776306152
247000,5.1513824462890625
247100,5.968033926827567
247200,6.267570495605469
247300,4.789968702528212
247400,5.952563946063702
247500,7.299384307861328
247600,5.849265670776367
247700,5.811695792458274
247800,7.7702077229817705
247900,4.328133719308036
248000,6.589695930480957
248100,6.116183689662388
248200,4.180834906441825
248300,7.003904615129743
248400,6.664069680606618
248500,4.983588695526123
248600,4.465390523274739
248700,2.679626146952311
248800,5.612425804138184
248900,7.699512134898793
249000,5.215615844726562
249100,5.735999020663175
249200,5.6077749078924
249300,4.895290756225586
249400,4.219262804303851
249500,7.249476841517857
249600,4.932434505886501
249700,4.202733039855957
249800,5.612187125466087
249900,5.876211899977464
250000,6.49213171005249
24,32.7489759628383
24,16.139576551962133
