100,9.088019561767577
200,9.134519958496094
300,9.475738525390625
400,5.834473927815755
500,8.725060356987846
600,6.799776204427084
700,6.418623924255371
800,7.026176452636719
900,7.204509735107422
1000,6.105779859754774
1100,6.572455883026123
1200,6.91931396484375
1300,7.1413960456848145
1400,7.4164886474609375
1500,7.046226978302002
1600,7.314069112141927
1700,6.954016367594401
1800,5.731351332231001
1900,7.681691741943359
2000,5.7954355875651045
2100,6.755766868591309
2200,4.36870002746582
2300,6.584006173270089
2400,5.40954818725586
2500,5.838482666015625
2600,6.769627380371094
2700,6.516240900213068
2800,7.158071899414063
2900,5.425744192940848
3000,7.515257358551025
3100,6.954817295074463
3200,4.553189413888114
3300,7.5621201651436945
3400,7.147111256917317
3500,5.914103698730469
3600,7.517508612738715
3700,6.781829410129124
3800,6.6584523518880205
3900,6.477473667689732
4000,6.968606676374163
4100,6.9647666931152346
4200,6.134476184844971
4300,7.34775390625
4400,8.621426582336426
4500,6.877716064453125
4600,7.8432060241699215
4700,6.255777359008789
4800,7.4537522452218195
4900,6.411134992327009
5000,6.520462512969971
5100,7.236698150634766
5200,5.682567596435547
5300,6.971824645996094
5400,7.111931694878472
5500,6.616918563842773
5600,6.738185882568359
5700,5.010526275634765
5800,5.9615013122558596
5900,7.08793470594618
6000,5.560239156087239
6100,6.357669830322266
6200,8.544341087341309
6300,5.916453043619792
6400,7.508925004438921
6500,5.8007305690220425
6600,6.797071075439453
6700,6.612214660644531
6800,8.599858601888021
6900,6.5103349685668945
7000,5.346341451009114
7100,6.365246909005301
7200,9.056456247965494
7300,5.949222988552517
7400,6.655515817495493
7500,6.989726257324219
7600,6.140035247802734
7700,6.596595764160156
7800,10.080242792765299
7900,7.650430406842913
8000,5.9541778564453125
8100,6.718171255929129
8200,5.683546883719308
8300,4.476474761962891
8400,6.748273512896369
8500,7.778728485107422
8600,6.846890767415364
8700,6.461652755737305
8800,5.554204940795898
8900,6.7010040283203125
9000,5.714662551879883
9100,6.874343178488991
9200,6.89403672651811
9300,6.8361763000488285
9400,6.21118654523577
9500,7.31798335484096
9600,7.093494415283203
9700,7.668715953826904
9800,6.342692982066762
9900,6.839388333834135
10000,7.639391899108887
0,56.12237853848347
0,6.911476826175406
10100,5.9979194641113285
10200,6.918490600585938
10300,8.249520983014788
10400,4.257349014282227
10500,6.759838528103298
10600,6.070352172851562
10700,5.431981086730957
10800,6.3221282958984375
10900,6.654043833414714
11000,7.357454087999132
11100,6.102735996246338
11200,5.835750732421875
11300,6.595096111297607
11400,6.562777837117513
11500,5.8869404792785645
11600,5.431203206380208
11700,6.327598571777344
11800,5.843965703790838
11900,6.028730773925782
12000,5.944505055745442
12100,6.572507858276367
12200,7.263237476348877
12300,6.8258514404296875
12400,7.044935607910157
12500,4.832975769042969
12600,5.593906021118164
12700,6.226285761052912
12800,5.511376953125
12900,6.852357046944754
13000,7.146137714385986
13100,6.009688854217529
13200,5.9051955086844305
13300,7.211186000279018
13400,5.508211135864258
13500,4.851881790161133
13600,7.983815511067708
13700,6.72963629828559
13800,5.8955128987630205
13900,5.740416390555246
14000,7.270593915666852
14100,6.154191589355468
14200,6.6941375732421875
14300,6.176606750488281
14400,7.103086471557617
14500,7.935801982879639
14600,5.984477996826172
14700,6.050922870635986
14800,6.868943350655692
14900,6.956854139055524
15000,6.64407205581665
15100,7.389197826385498
15200,5.591498851776123
15300,7.117441558837891
15400,7.14338853624132
15500,5.459203720092773
15600,6.585534413655599
15700,5.0164634704589846
15800,6.3018959045410154
15900,7.080279032389323
16000,6.809699164496528
16100,6.423709869384766
16200,8.361288070678711
16300,4.882387797037761
16400,7.314294294877485
16500,5.118619646344866
16600,6.307932281494141
16700,7.266831970214843
16800,6.989400863647461
16900,6.680081844329834
17000,5.229977077907986
17100,7.080130440848214
17200,7.602101643880208
17300,6.699019961886936
17400,6.454045809232271
17500,7.375175476074219
17600,6.619966888427735
17700,6.1602325439453125
17800,11.364055633544922
17900,5.899363926478794
18000,7.050596714019775
18100,6.8965606689453125
18200,6.431064060756138
18300,6.301290239606585
18400,6.806245691636029
18500,7.057835578918457
18600,8.154785792032877
18700,7.886231740315755
18800,5.146748065948486
18900,6.816037958318537
19000,5.213764953613281
19100,6.781538529829546
19200,6.903791947798296
19300,6.300875473022461
19400,6.4158172607421875
19500,6.0695005144391745
19600,6.7017567952473955
19700,5.8218994140625
19800,7.141178477894176
19900,5.771200326772837
20000,7.12074089050293
1,50.18627497936483
1,7.5398989927842495
20100,5.942240905761719
20200,7.797265625
20300,8.413746425083705
20400,5.358261744181315
20500,6.532159593370226
20600,5.82363026936849
20700,6.111399173736572
20800,7.807573318481445
20900,5.9987843831380205
21000,6.424783918592665
21100,5.685810089111328
21200,6.062791748046875
21300,6.956668853759766
21400,5.721611022949219
21500,6.41411018371582
21600,5.09290091196696
21700,6.2288468678792315
21800,5.831275939941406
21900,6.995425415039063
22000,5.971804300944011
22100,6.187899589538574
22200,4.531225204467773
22300,5.040682656424386
22400,5.274040603637696
22500,6.516934967041015
22600,5.370072555541992
22700,6.236520940607244
22800,5.4199268341064455
22900,5.2635634286063055
23000,7.967594623565674
23100,6.937228679656982
23200,4.321784155709403
23300,6.003026689801898
23400,5.456652959187825
23500,6.516231536865234
23600,6.302435133192274
23700,6.940661112467448
23800,6.200081507364909
23900,8.125398908342634
24000,6.0059323992047995
24100,7.380552673339844
24200,4.943416595458984
24300,6.0734718322753904
24400,8.018172264099121
24500,6.3806071281433105
24600,6.5746307373046875
24700,5.117076396942139
24800,6.442951747349331
24900,5.898587363106864
25000,7.38618803024292
25100,6.254884243011475
25200,6.050246715545654
25300,6.896676635742187
25400,6.830708397759332
25500,8.030281066894531
25600,6.535631815592448
25700,6.198585510253906
25800,6.478992462158203
25900,8.35261450873481
26000,5.279430813259548
26100,5.459800720214844
26200,7.614307403564453
26300,7.399691263834636
26400,6.585002552379262
26500,5.430176871163504
26600,5.851939010620117
26700,6.763116455078125
26800,6.20649528503418
26900,6.237617492675781
27000,7.432278103298611
27100,5.3729722159249445
27200,7.4346574147542315
27300,5.430393218994141
27400,6.322904733511118
27500,8.255401611328125
27600,5.655606079101562
27700,6.733562122691762
27800,8.142211278279623
27900,7.2880674089704245
28000,6.445389747619629
28100,6.106771196637835
28200,6.028476170131138
28300,5.158260345458984
28400,7.023473403033088
28500,6.826303482055664
28600,6.137766520182292
28700,4.842241605122884
28800,5.720043659210205
28900,6.501114585182884
29000,5.730659103393554
29100,7.118192499334162
29200,5.776783336292613
29300,7.252284240722656
29400,5.573365892682757
29500,7.7846238272530695
29600,5.540578206380208
29700,7.017110347747803
29800,7.224644054066051
29900,7.5120849609375
30000,6.800782680511475
2,47.513294968331834
2,9.291277482265771
30100,8.407408142089844
30200,6.71402587890625
30300,6.8621368408203125
30400,4.770919481913249
30500,7.094454447428386
30600,6.205317687988281
30700,4.777106285095215
30800,7.776009877522786
30900,5.453591028849284
31000,5.653928968641493
31100,7.5025715827941895
31200,6.168977661132812
31300,6.189691543579102
31400,4.123639106750488
31500,6.289583683013916
31600,5.156095186869304
31700,6.95250129699707
31800,5.826196843927557
31900,7.196089172363282
32000,6.750974655151367
32100,7.197469711303711
32200,4.67891788482666
32300,6.200656345912388
32400,5.691630172729492
32500,4.913959503173828
32600,5.530688095092773
32700,6.511161804199219
32800,5.955721664428711
32900,4.61042731148856
33000,5.703855514526367
33100,6.102578163146973
33200,4.233668191092355
33300,5.405553545270648
33400,5.291628837585449
33500,4.778834533691406
33600,6.493812561035156
33700,6.551511128743489
33800,6.493197758992513
33900,5.036049979073661
34000,6.177318028041294
34100,7.2174430847167965
34200,6.097728729248047
34300,6.434864807128906
34400,8.907106399536133
34500,5.815084457397461
34600,5.380204772949218
34700,5.045574188232422
34800,7.019182477678571
34900,4.953759874616351
35000,7.558396339416504
35100,6.346796035766602
35200,5.359248161315918
35300,6.816199493408203
35400,6.743679470486111
35500,5.946012496948242
35600,5.774019877115886
35700,5.718229675292969
35800,6.838297271728516
35900,7.036612192789714
36000,5.543538411458333
36100,6.186236063639323
36200,8.627639770507812
36300,5.699422200520833
36400,8.057111566716975
36500,5.790309361049107
36600,5.2020622253417965
36700,7.124825286865234
36800,5.732113520304362
36900,5.089043617248535
37000,6.438918219672309
37100,5.2787273951939175
37200,6.76365343729655
37300,6.96139653523763
37400,6.933187631460337
37500,7.385227203369141
37600,7.47698745727539
37700,6.831823175603693
37800,7.479485829671224
37900,6.583600725446429
38000,6.0191545486450195
38100,6.009124755859375
38200,6.741297040666852
38300,5.35944584437779
38400,6.944379469927619
38500,5.768195629119873
38600,6.672583897908528
38700,5.910369873046875
38800,5.253382205963135
38900,6.154474431818182
39000,5.890291595458985
39100,6.163761485706676
39200,6.194991371848366
39300,6.7933601379394535
39400,4.8531935555594305
39500,6.803266252790179
39600,5.671697404649523
39700,6.37071418762207
39800,6.700123180042613
39900,6.517467205341045
40000,6.9369964599609375
3,44.72454089331862
3,8.813269215731276
40100,6.666965484619141
40200,7.0863189697265625
40300,6.410506112234933
40400,5.240479151407878
40500,6.216581556532118
40600,6.317112223307292
40700,4.365118503570557
40800,6.160600026448567
40900,6.637523015340169
41000,7.332430521647136
41100,4.771218776702881
41200,6.78942138671875
41300,8.061572074890137
41400,4.120107650756836
41500,6.084879398345947
41600,7.176399866739909
41700,5.872562408447266
41800,6.291553150523793
41900,6.588985443115234
42000,6.663651784261067
42100,5.7813401222229
42200,5.997161388397217
42300,6.624996730259487
42400,6.272505569458008
42500,5.638551330566406
42600,5.305038833618164
42700,5.96868202903054
42800,5.3947193145751955
42900,7.636135646275112
43000,6.794188499450684
43100,5.681880950927734
43200,4.730705806187221
43300,5.29942376273019
43400,6.261994043986003
43500,5.8305511474609375
43600,6.429835425482856
43700,5.9045910305447045
43800,6.621311187744141
43900,6.3814898899623325
44000,6.719993591308594
44100,6.241587829589844
44200,6.027755260467529
44300,6.357554244995117
44400,7.824592113494873
44500,7.551536560058594
44600,5.765415954589844
44700,6.734889030456543
44800,6.900902339390346
44900,5.588997432163784
45000,7.785024642944336
45100,6.392142295837402
45200,5.0403242111206055
45300,6.496757507324219
45400,6.914502885606554
45500,4.728018283843994
45600,5.804755528767903
45700,5.358707427978516
45800,5.168525695800781
45900,7.344768948025173
46000,6.278131696912977
46100,4.766179084777832
46200,8.993379592895508
46300,6.273144192165798
46400,7.1358642578125
46500,5.0233001708984375
46600,5.655698013305664
46700,6.423682403564453
46800,6.6182066599528
46900,6.85494327545166
47000,7.555440266927083
47100,6.157174791608538
47200,6.578222274780273
47300,6.222116258409288
47400,5.933839651254507
47500,7.340748596191406
47600,5.985932922363281
47700,6.479310469193892
47800,7.136447906494141
47900,6.160372052873884
48000,6.050745010375977
48100,6.498610360281808
48200,4.979296003069196
48300,4.821042197091239
48400,7.126526776482077
48500,7.004098892211914
48600,7.582888921101888
48700,6.907584508260091
48800,4.665226936340332
48900,5.814352902499112
49000,5.7263435363769535
49100,6.615447304465554
49200,6.22766737504439
49300,6.438798522949218
49400,6.537267957414899
49500,6.029875074114118
49600,4.7417479621039496
49700,5.927785873413086
49800,5.772150559858843
49900,6.932872478778545
50000,6.22676944732666
4,41.697376111153
4,9.493001499857083
50100,6.016476440429687
50200,6.841474914550782
50300,6.694586617606027
50400,4.628087997436523
50500,7.778472052680121
50600,6.544999186197916
50700,5.7285871505737305
50800,5.73757807413737
50900,4.267029762268066
51000,6.231907738579644
51100,6.070522308349609
51200,6.285021362304687
51300,5.477625370025635
51400,4.109609603881836
51500,6.058596611022949
51600,7.741374333699544
51700,6.347103754679362
51800,6.469836841930043
51900,8.355828857421875
52000,5.527754465738933
52100,7.150520324707031
52200,4.990379333496094
52300,4.811856406075614
52400,5.663887023925781
52500,5.85833511352539
52600,4.538717651367188
52700,6.017935319380327
52800,5.476956176757812
52900,6.558962685721261
53000,6.00414514541626
53100,6.268672466278076
53200,5.12608882359096
53300,6.461352212088449
53400,6.674211502075195
53500,6.138006591796875
53600,6.706705729166667
53700,5.7408701578776045
53800,5.912052154541016
53900,6.518476213727679
54000,7.505151476178851
54100,6.21414794921875
54200,5.03902530670166
54300,6.302865600585937
54400,7.448114395141602
54500,6.728475570678711
54600,4.865271759033203
54700,5.818418502807617
54800,6.322025844029018
54900,5.652553558349609
55000,8.755452156066895
55100,6.8899312019348145
55200,5.942484378814697
55300,6.573095703125
55400,6.273582034640842
55500,6.508188247680664
55600,6.451072057088216
55700,6.424127197265625
55800,6.5348960876464846
55900,7.128114488389757
56000,7.2515614827473955
56100,6.938141504923503
56200,8.1217041015625
56300,5.079030354817708
56400,7.210475574840199
56500,4.659942626953125
56600,5.498016357421875
56700,6.96203384399414
56800,6.7900034586588545
56900,5.231948375701904
57000,5.304091983371311
57100,7.463520050048828
57200,7.116573969523112
57300,6.178626166449653
57400,6.526134784405048
57500,6.909104919433593
57600,7.7415214538574215
57700,6.671471335671165
57800,8.933507283528646
57900,6.006799970354352
58000,7.220667839050293
58100,7.444611685616629
58200,4.622149331229074
58300,4.997179848807199
58400,7.300831963034237
58500,6.5599565505981445
58600,5.839131037394206
58700,4.534857114156087
58800,5.0244317054748535
58900,6.892853476784446
59000,5.005343627929688
59100,6.688112432306463
59200,6.006464177911932
59300,4.821949005126953
59400,4.758963448660714
59500,5.977104731968471
59600,5.803469340006511
59700,5.7833099365234375
59800,6.2242348410866475
59900,6.892854543832632
60000,6.980127334594727
5,41.332828084587014
5,10.775296125559072
60100,8.921648406982422
60200,5.243013381958008
60300,7.5067291259765625
60400,4.8299306233723955
60500,5.528660668267144
60600,5.6540883382161455
60700,4.3912506103515625
60800,6.918322245279948
60900,5.298454920450847
61000,5.257390764024523
61100,5.2816362380981445
61200,6.411921997070312
61300,6.129012107849121
61400,3.865799903869629
61500,5.837479114532471
61600,5.096048990885417
61700,6.321463267008464
61800,5.611083984375
61900,6.975836944580078
62000,5.287308692932129
62100,7.5392866134643555
62200,5.936057090759277
62300,5.573832920619419
62400,7.005941772460938
62500,5.332384490966797
62600,5.483902359008789
62700,6.81049901788885
62800,4.739331817626953
62900,5.50267083304269
63000,6.713560104370117
63100,6.132099628448486
63200,6.709145137241909
63300,6.562323978969029
63400,4.686810493469238
63500,5.310691452026367
63600,6.7370715671115455
63700,5.668315039740668
63800,6.14033317565918
63900,7.9153289794921875
64000,6.341944013323102
64100,5.956623840332031
64200,4.491477012634277
64300,4.958898544311523
64400,8.208415031433105
64500,5.650723457336426
64600,7.577533721923828
64700,6.807345390319824
64800,6.550131661551339
64900,4.42900139944894
65000,6.586448669433594
65100,7.132174015045166
65200,4.3900861740112305
65300,6.394920730590821
65400,5.784214019775391
65500,5.529331207275391
65600,6.701056798299153
65700,6.5618133544921875
65800,5.6214759826660154
65900,6.92461183336046
66000,5.246873643663195
66100,5.655405044555664
66200,8.379021644592285
66300,5.411836412217882
66400,6.419275457208807
66500,5.172542027064732
66600,7.061272430419922
66700,5.788803482055664
66800,5.999029159545898
66900,6.323605537414551
67000,5.967034233940972
67100,4.707935878208706
67200,7.078163146972656
67300,6.5905477735731335
67400,6.5949272742638225
67500,6.672407531738282
67600,6.4221923828125
67700,6.882181340997869
67800,7.785340627034505
67900,6.008198329380581
68000,5.7009806632995605
68100,6.099476405552456
68200,4.541248321533203
68300,3.7713105337960378
68400,6.846394258386948
68500,6.992951393127441
68600,5.929486592610677
68700,3.51990540822347
68800,4.120114326477051
68900,6.185062755237926
69000,6.827951812744141
69100,6.58662900057706
69200,6.87675684148615
69300,4.6149444580078125
69400,6.595336369105747
69500,5.952627454485212
69600,5.525084601508246
69700,5.344160079956055
69800,7.117018266157671
69900,5.807788555438702
70000,6.290576934814453
6,39.74303724168874
6,11.859661979514403
70100,6.721302795410156
70200,6.437226104736328
70300,6.398033142089844
70400,3.5472656885782876
70500,6.9645669725206165
70600,5.510007731119791
70700,5.036137580871582
70800,8.077335993448893
70900,5.651391347249349
71000,5.783316294352214
71100,4.774810791015625
71200,6.73916259765625
71300,7.0568318367004395
71400,6.663982391357422
71500,5.740556716918945
71600,5.366193135579427
71700,5.796801884969075
71800,5.504522150213068
71900,7.343597412109375
72000,6.27772331237793
72100,6.664241313934326
72200,4.852658271789551
72300,4.073069981166294
72400,5.769155883789063
72500,4.639985275268555
72600,6.075041961669922
72700,6.432740644975142
72800,4.765150451660157
72900,4.94328853062221
73000,4.734714508056641
73100,6.81556510925293
73200,4.4022979736328125
73300,4.953400203159878
73400,5.290310859680176
73500,6.5060546875
73600,7.4881786770290795
73700,6.293424818250868
73800,6.638482411702474
73900,4.909855433872768
74000,6.13878413609096
74100,6.307543563842773
74200,5.459778308868408
74300,6.021973419189453
74400,8.329769134521484
74500,5.512234687805176
74600,4.232250213623047
74700,6.1646904945373535
74800,6.798407418387277
74900,4.292493547712054
75000,5.893592834472656
75100,7.339738845825195
75200,5.670256614685059
75300,7.229623413085937
75400,5.641871982150608
75500,4.778213977813721
75600,6.659674962361653
75700,4.951846694946289
75800,6.689449310302734
75900,7.309419420030382
76000,6.175169626871745
76100,5.867123921712239
76200,9.012893676757812
76300,6.262545267740886
76400,6.779562516645952
76500,5.987159729003906
76600,5.89273681640625
76700,6.831032562255859
76800,6.520140965779622
76900,5.639107704162598
77000,5.927775065104167
77100,6.563926151820591
77200,6.572395960489909
77300,5.0381490919325085
77400,6.284782996544471
77500,7.6977287292480465
77600,5.943289184570313
77700,6.13274452903054
77800,9.409711837768555
77900,4.779485430036273
78000,6.899593353271484
78100,6.4517108372279575
78200,5.693087986537388
78300,4.383398328508649
78400,7.068307764389935
78500,5.82476806640625
78600,8.214824040730795
78700,6.006439208984375
78800,4.763311386108398
78900,6.053001403808594
79000,5.574942779541016
79100,6.309638977050781
79200,5.88410048051314
79300,5.30643310546875
79400,5.095981597900391
79500,6.762456621442523
79600,4.639655219184028
79700,4.948217391967773
79800,6.176362471147017
79900,5.538226787860577
80000,8.828189849853516
7,39.18136380754801
7,12.045880101742883
80100,6.6150154113769535
80200,6.463555908203125
80300,5.718028477260044
80400,5.207827885945638
80500,7.697214762369792
80600,5.72105712890625
80700,4.658556938171387
80800,6.065909067789714
80900,4.560872713724772
81000,6.18804931640625
81100,4.934484481811523
81200,6.007242431640625
81300,7.528733730316162
81400,5.143275260925293
81500,5.642119407653809
81600,6.38771375020345
81700,5.776648839314778
81800,6.250941883433949
81900,6.879905700683594
82000,5.156330108642578
82100,6.7241740226745605
82200,5.597202301025391
82300,4.507755279541016
82400,5.22192153930664
82500,4.454506301879883
82600,5.389741897583008
82700,6.14835635098544
82800,5.746588134765625
82900,5.534506116594587
83000,4.843277931213379
83100,5.792940139770508
83200,4.243077141898019
83300,4.186234337942941
83400,7.900252024332683
83500,6.026737213134766
83600,6.35853746202257
83700,5.913404252794054
83800,5.829957326253255
83900,4.146909441266741
84000,4.776042393275669
84100,6.191319274902344
84200,6.539675712585449
84300,5.095777893066407
84400,7.253412246704102
84500,7.1351704597473145
84600,4.2636665344238285
84700,5.74875545501709
84800,6.113814762660435
84900,4.452100208827427
85000,6.625874996185303
85100,6.366454124450684
85200,4.179480075836182
85300,7.111283874511718
85400,5.876114739312066
85500,5.733250617980957
85600,6.398532867431641
85700,4.839978408813477
85800,5.043426513671875
85900,7.212326897515191
86000,6.862575954861111
86100,7.187211354573567
86200,8.213842391967773
86300,6.469930013020833
86400,7.092980818314985
86500,5.037950788225446
86600,6.121513366699219
86700,7.087162017822266
86800,6.585829416910808
86900,5.631071090698242
87000,6.038796742757161
87100,6.094269888741629
87200,7.425589879353841
87300,6.126797993977864
87400,6.456123938927283
87500,6.996581268310547
87600,5.819567108154297
87700,6.372345664284446
87800,6.288123448689778
87900,7.410734449114118
88000,6.819744110107422
88100,7.336696079799107
88200,5.066490173339844
88300,5.189573015485491
88400,7.235518062815947
88500,5.803876876831055
88600,7.741516749064128
88700,3.168424606323242
88800,4.800567150115967
88900,6.546915227716619
89000,4.919732666015625
89100,5.808760209517046
89200,6.220632379705256
89300,4.729586791992188
89400,5.993233816964286
89500,6.216813223702567
89600,4.381482442220052
89700,5.792621612548828
89800,6.038263494318182
89900,5.770228459284856
90000,5.778595924377441
8,38.283945342421575
8,12.555610539215111
90100,5.654029846191406
90200,6.136238098144531
90300,6.445435660226004
90400,3.247807820638021
90500,6.715925852457683
90600,5.936769104003906
90700,3.349461555480957
90800,6.857807159423828
90900,5.717418034871419
91000,5.33851793077257
91100,6.85405158996582
91200,6.847156982421875
91300,6.696433067321777
91400,5.961980819702148
91500,5.2584991455078125
91600,6.145929336547852
91700,5.6350447336832685
91800,7.304093100807884
91900,6.325538635253906
92000,5.283310572306315
92100,7.427642345428467
92200,4.7552032470703125
92300,4.973268236432757
92400,5.9517059326171875
92500,5.384412384033203
92600,5.858299255371094
92700,5.838419133966619
92800,5.600830078125
92900,6.408420562744141
93000,6.719616889953613
93100,7.469686508178711
93200,3.7807835170200894
93300,5.269278935023716
93400,8.177748362223307
93500,5.1033882141113285
93600,6.6254251268174915
93700,5.516715155707465
93800,5.117083549499512
93900,4.140976769583566
94000,4.85132816859654
94100,6.592617797851562
94200,4.363009452819824
94300,4.9688232421875
94400,6.8791608810424805
94500,6.757507801055908
94600,4.057921600341797
94700,5.394169330596924
94800,5.740721021379743
94900,4.456995555332729
95000,6.299793243408203
95100,7.062419891357422
95200,4.148719310760498
95300,5.882420349121094
95400,5.898607889811198
95500,6.148460388183594
95600,5.710273742675781
95700,5.12314453125
95800,5.656204605102539
95900,6.314644283718533
96000,7.435991923014323
96100,4.813703219095866
96200,8.024628639221191
96300,4.681725396050347
96400,6.215355613014915
96500,4.463906424386161
96600,6.003264236450195
96700,6.525053405761719
96800,5.673087437947591
96900,5.661348819732666
97000,6.111897362603082
97100,5.705269404820034
97200,7.077820460001628
97300,6.567135281032986
97400,6.823151221642127
97500,8.227053833007812
97600,6.5641624450683596
97700,5.961579756303267
97800,7.8233286539713545
97900,6.655869620186942
98000,6.0857744216918945
98100,6.275491441999163
98200,5.4049513680594305
98300,4.07910510471889
98400,7.041967055376838
98500,6.99799108505249
98600,6.30635134379069
98700,4.243054072062175
98800,5.33566427230835
98900,7.194578690962358
99000,5.491584014892578
99100,6.29050722989169
99200,5.754155592484907
99300,3.978260803222656
99400,5.429419381277902
99500,6.393016270228794
99600,5.004390292697483
99700,5.775534629821777
99800,7.200517827814275
99900,5.897742051344651
100000,8.05057144165039
9,37.488406825654245
9,12.485655356944832
100100,7.617155456542969
100200,7.421458435058594
100300,5.142450605119977
100400,4.74275557200114
100500,5.55040783352322
100600,5.97423095703125
100700,3.6123244762420654
100800,5.195667266845703
100900,3.634106000264486
101000,4.881677839491102
101100,7.431539058685303
101200,6.01132080078125
101300,5.641973495483398
101400,4.908576329549153
101500,6.544361114501953
101600,6.338468551635742
101700,5.423549652099609
101800,8.041908957741477
101900,6.454012298583985
102000,5.066481272379558
102100,7.053834915161133
102200,5.9922285079956055
102300,6.188048226492746
102400,5.835852813720703
102500,3.9520809173583986
102600,3.744215393066406
102700,7.152222373268821
102800,6.725581359863281
102900,4.0844606672014505
103000,6.0146613121032715
103100,6.5169148445129395
103200,6.046255384172712
103300,4.5528572627476285
103400,5.565978368123372
103500,5.482271194458008
103600,6.631374359130859
103700,5.6208474900987415
103800,6.7080643971761065
103900,4.864541190011161
104000,5.934535980224609
104100,6.97860107421875
104200,4.738238334655762
104300,6.028451538085937
104400,8.829839706420898
104500,6.376100540161133
104600,3.9940265655517577
104700,6.483748912811279
104800,6.1891326904296875
104900,4.230947766985212
105000,8.148272514343262
105100,6.2710981369018555
105200,4.813342571258545
105300,6.177304077148437
105400,7.004274156358507
105500,5.178020000457764
105600,7.128098805745442
105700,4.854243469238281
105800,6.490225982666016
105900,6.817203945583767
106000,5.570557488335504
106100,5.399721145629883
106200,8.049185752868652
106300,5.255314721001519
106400,7.821094859730113
106500,3.530714852469308
106600,6.0572151184082035
106700,6.681169891357422
106800,6.356319427490234
106900,5.690982341766357
107000,5.9019054836697045
107100,5.9221360342843195
107200,6.917111714680989
107300,4.778275383843316
107400,6.345440204326923
107500,7.055697631835938
107600,6.0595653533935545
107700,6.962445345791903
107800,7.0410200754801435
107900,5.732985360281808
108000,6.247848033905029
108100,5.2898118155343195
108200,6.110423496791294
108300,4.670030866350446
108400,7.249946594238281
108500,5.417921543121338
108600,7.308938344319661
108700,6.832857767740886
108800,3.9985828399658203
108900,6.4929587624289775
109000,5.36828384399414
109100,5.966959173029119
109200,5.6228485107421875
109300,4.838837432861328
109400,4.609620775495257
109500,6.445243835449219
109600,5.428006490071614
109700,4.86342716217041
109800,6.118032282049006
109900,5.860302264873798
110000,6.897457122802734
10,37.005746241480715
10,13.22308558958531
110100,6.289251708984375
110200,5.74049186706543
110300,5.994535718645368
110400,5.393967946370442
110500,6.371025085449219
110600,5.464913940429687
110700,5.853708267211914
110800,8.347894032796225
110900,6.017498016357422
111000,5.0906829833984375
111100,5.0427680015563965
111200,6.39708740234375
111300,7.570653915405273
111400,4.917314847310384
111500,6.100709438323975
111600,5.317999521891276
111700,5.782845815022786
111800,5.354719335382635
111900,7.7321624755859375
112000,6.058387120564778
112100,6.170830249786377
112200,5.946646690368652
112300,5.415360042027065
112400,6.23577766418457
112500,5.357665252685547
112600,4.985215759277343
112700,6.020924654873935
112800,5.574717330932617
112900,4.959115164620536
113000,6.336179733276367
113100,8.176878929138184
113200,6.832296643938337
113300,5.467346736363003
113400,4.553602536519368
113500,5.062261581420898
113600,5.792263454861111
113700,5.297357347276476
113800,6.136634826660156
113900,4.662166050502232
114000,6.656416756766183
114100,6.224251174926758
114200,6.645890235900879
114300,5.059244155883789
114400,7.1156744956970215
114500,6.037858009338379
114600,4.19745979309082
114700,4.779684066772461
114800,6.6350282941545755
114900,3.982952662876674
115000,6.766852378845215
115100,8.323261260986328
115200,4.62591028213501
115300,6.244623184204102
115400,6.129209730360243
115500,5.992276191711426
115600,6.552359263102214
115700,6.766394805908203
115800,5.620358657836914
115900,6.436772240532769
116000,5.7070465087890625
116100,6.6940053304036455
116200,8.0529146194458
116300,5.484727647569445
116400,6.652249422940341
116500,3.6793395451136996
116600,5.826808166503906
116700,5.731221771240234
116800,5.897881825764974
116900,4.500664710998535
117000,5.973766750759548
117100,4.6969130379813055
117200,7.047218322753906
117300,7.43051995171441
117400,6.079738323505108
117500,7.226139831542969
117600,6.152128982543945
117700,5.789843472567472
117800,8.090023676554361
117900,4.001114436558315
118000,7.545713901519775
118100,5.119844709123884
118200,4.980491638183594
118300,4.775218963623047
118400,7.041705860811121
118500,7.583897590637207
118600,6.4648698170979815
118700,4.326331456502278
118800,5.213281631469727
118900,5.88534892689098
119000,5.480635452270508
119100,5.65434473211115
119200,5.41923002763228
119300,5.626653671264648
119400,4.231588091169085
119500,7.478671482631138
119600,6.01328870985243
119700,6.237929344177246
119800,5.745289195667613
119900,5.763759906475361
120000,5.823535919189453
11,36.10210334924597
11,14.168680200857061
120100,8.477643585205078
120200,6.325326919555664
120300,6.593730381556919
120400,5.029066403706868
120500,8.22279781765408
120600,5.629172770182292
120700,4.243654727935791
120800,6.694192886352539
120900,6.7726389567057295
121000,5.5759082370334205
121100,6.418420791625977
121200,6.512631225585937
121300,7.513034820556641
121400,6.4199644724528
121500,5.780083179473877
121600,4.733725865681966
121700,5.889351526896159
121800,5.792739174582741
121900,6.899210357666016
122000,6.443471908569336
122100,6.708165645599365
122200,6.601291656494141
122300,3.787980215890067
122400,6.15657958984375
122500,5.89867935180664
122600,5.392046356201172
122700,5.847349687056108
122800,5.574496459960938
122900,5.193896157400949
123000,6.651480197906494
123100,8.758970260620117
123200,4.464087894984654
123300,4.695394243512835
123400,4.346230824788411
123500,5.103019332885742
123600,6.030381096733941
123700,5.317222595214844
123800,5.1838687260945635
123900,5.638608660016741
124000,7.013599940708706
124100,6.317716217041015
124200,5.244684219360352
124300,6.3101654052734375
124400,7.143887042999268
124500,5.305108547210693
124600,7.0563201904296875
124700,5.373883247375488
124800,6.339432852608817
124900,5.218914031982422
125000,6.9293084144592285
125100,7.073637008666992
125200,4.4581522941589355
125300,6.874982452392578
125400,6.899646759033203
125500,5.816241264343262
125600,5.840500513712565
125700,6.949253082275391
125800,5.727068328857422
125900,6.527944776746962
126000,5.589138454861111
126100,5.128119468688965
126200,7.7531328201293945
126300,5.169074164496528
126400,7.042110096324574
126500,4.829002380371094
126600,6.0780387878417965
126700,7.750924682617187
126800,5.7048695882161455
126900,5.8796305656433105
127000,5.577501508924696
127100,6.000632694789341
127200,7.158473968505859
127300,5.272733900282118
127400,6.952808086688702
127500,7.2401588439941404
127600,7.123585510253906
127700,6.03856728293679
127800,7.40498161315918
127900,3.7930496760777066
128000,7.307916164398193
128100,6.128899710518973
128200,3.854510171072824
128300,3.9435043334960938
128400,7.478520561667049
128500,5.965849876403809
128600,6.080696741739909
128700,4.873589833577474
128800,4.274991512298584
128900,5.681831706653941
129000,5.276466369628906
129100,6.727447509765625
129200,5.779723427512429
129300,5.570933532714844
129400,6.275684901646206
129500,5.639893123081753
129600,4.811826070149739
129700,4.404040336608887
129800,5.320906899192116
129900,5.966138986440805
130000,5.884538650512695
12,35.91023968122112
12,13.985947210025692
130100,4.397402954101563
130200,6.548863220214844
130300,5.659734998430524
130400,4.30519421895345
130500,5.871496412489149
130600,6.30587158203125
130700,3.207420825958252
130800,5.440145492553711
130900,4.419729232788086
131000,4.677068498399523
131100,5.511829853057861
131200,5.772227783203125
131300,7.071134567260742
131400,3.59321657816569
131500,6.147181510925293
131600,5.859625498453776
131700,6.192368825276692
131800,5.533982016823509
131900,6.469234466552734
132000,4.826038042704265
132100,5.439313888549805
132200,4.909923553466797
132300,4.518352236066546
132400,4.831439208984375
132500,3.5461799621582033
132600,4.375480270385742
132700,6.110766324129972
132800,4.705147933959961
132900,3.849971226283482
133000,5.0552978515625
133100,5.445165634155273
133200,5.871981484549386
133300,4.327946526663644
133400,5.464841206868489
133500,5.045728302001953
133600,6.225415547688802
133700,5.2057779100206165
133800,5.850105285644531
133900,4.695498330252511
134000,6.377860477992466
134100,6.947431182861328
134200,6.592310905456543
134300,5.759326934814453
134400,6.794083595275879
134500,5.512791633605957
134600,6.36566390991211
134700,5.408597946166992
134800,6.416531154087612
134900,5.264495849609375
135000,6.140780448913574
135100,6.596574306488037
135200,6.302989959716797
135300,6.466218566894531
135400,7.30413818359375
135500,4.905129432678223
135600,5.148465474446614
135700,6.021391296386719
135800,5.922066879272461
135900,6.155863867865668
136000,5.721852620442708
136100,5.322709401448567
136200,8.153438568115234
136300,4.24269273546007
136400,5.585526206276634
136500,3.8784452165876115
136600,5.996656036376953
136700,7.9141380310058596
136800,6.727307637532552
136900,4.570499420166016
137000,5.6087523566351996
137100,5.843912397112165
137200,7.260251363118489
137300,5.721981048583984
137400,6.264805720402644
137500,7.418386840820313
137600,6.208148193359375
137700,5.646026611328125
137800,7.624513626098633
137900,5.534393310546875
138000,6.141177177429199
138100,6.586421421595982
138200,4.996965680803571
138300,5.651272365025112
138400,6.899539723115809
138500,6.182069778442383
138600,6.190267562866211
138700,2.806057929992676
138800,2.904935359954834
138900,6.7672576904296875
139000,5.011202239990235
139100,6.199991399591619
139200,5.780080275102095
139300,4.189767074584961
139400,3.929701668875558
139500,6.10484858921596
139600,4.099789513481988
139700,4.710864067077637
139800,7.9638671875
139900,5.522737356332632
140000,5.6708855628967285
13,34.79553542274354
13,13.87708653361247
140100,6.270697784423828
140200,5.4347789764404295
140300,8.415370396205358
140400,4.16505750020345
140500,5.823493109809028
140600,6.169653828938802
140700,5.26683235168457
140800,5.051358540852864
140900,3.218491872151693
141000,6.435086144341363
141100,4.71072244644165
141200,6.001217041015625
141300,6.328744411468506
141400,3.7633336385091147
141500,5.615911483764648
141600,4.515165328979492
141700,5.729732513427734
141800,6.024380770596591
141900,7.399440765380859
142000,5.4276377360026045
142100,6.122882843017578
142200,5.391143798828125
142300,3.985624313354492
142400,6.245557403564453
142500,6.970603179931641
142600,4.275668334960938
142700,5.530485673384233
142800,5.6432334899902346
142900,4.6109161376953125
143000,4.405017852783203
143100,6.603166103363037
143200,4.11991582598005
143300,4.219173976353237
143400,5.244363466898601
143500,5.540659713745117
143600,7.076394822862413
143700,5.130555046929254
143800,5.626584370930989
143900,4.404075350080218
144000,6.336881365094866
144100,5.944934463500976
144200,5.310249328613281
144300,5.31212043762207
144400,5.810344696044922
144500,5.516243934631348
144600,3.565184783935547
144700,5.21060848236084
144800,6.318326132638114
144900,4.068751198904855
145000,6.96070671081543
145100,5.513519287109375
145200,4.86533784866333
145300,6.677409362792969
145400,6.704241434733073
145500,4.913363456726074
145600,5.245671272277832
145700,6.668607330322265
145800,5.237131118774414
145900,5.943136427137587
146000,5.03993394639757
146100,5.061987559000651
146200,7.325798034667969
146300,6.059182484944661
146400,6.593392805619673
146500,4.12214606148856
146600,4.867862319946289
146700,6.529122924804687
146800,5.779991149902344
146900,5.0662126541137695
147000,6.363964504665798
147100,4.986996241978237
147200,6.2224775950113935
147300,5.949608272976345
147400,5.805883554311899
147500,7.000325775146484
147600,5.863238525390625
147700,6.958072315562855
147800,9.030842463175455
147900,5.291809626988003
148000,6.386806964874268
148100,6.204918997628348
148200,4.470124380929129
148300,5.594099862234933
148400,7.065388847799862
148500,6.6454901695251465
148600,7.1878712972005205
148700,3.2409111658732095
148800,5.946993350982666
148900,5.3764870383522725
149000,4.749050903320312
149100,6.277158563787287
149200,6.817444541237571
149300,3.9325016021728514
149400,4.767725808279855
149500,6.3850201198032925
149600,5.186397976345486
149700,6.338052749633789
149800,5.329999750310725
149900,6.790674649752104
150000,5.897104740142822
14,34.62856419707303
14,14.689741878198076
150100,4.581133270263672
150200,6.115304565429687
150300,4.755334036690848
150400,4.242989857991536
150500,6.916027069091797
150600,6.19443359375
150700,3.0537703037261963
150800,5.3651472727457685
150900,5.426523844401042
151000,4.812970479329427
151100,6.188304901123047
151200,6.764732666015625
151300,6.628325462341309
151400,4.772861480712891
151500,5.956971645355225
151600,5.6403656005859375
151700,5.973066329956055
151800,5.782977364280007
151900,7.99480972290039
152000,6.517164866129558
152100,7.001591205596924
152200,4.036201477050781
152300,5.361672537667411
152400,6.100263595581055
152500,6.428853607177734
152600,5.423665618896484
152700,6.511003667658025
152800,5.9586326599121096
152900,5.919579097202846
153000,8.142012596130371
153100,6.475744247436523
153200,3.9763221740722656
153300,3.7360428401402066
153400,5.148115158081055
153500,5.903402709960938
153600,5.789726257324219
153700,4.690755632188585
153800,5.921482086181641
153900,3.654864174979074
154000,5.070269448416574
154100,6.185131454467774
154200,4.174849987030029
154300,4.215163040161133
154400,6.615162372589111
154500,6.350427150726318
154600,4.773255920410156
154700,5.440366268157959
154800,6.306251525878906
154900,5.923182351248605
155000,5.251595973968506
155100,5.429746627807617
155200,3.7893810272216797
155300,6.802649688720703
155400,6.429627736409505
155500,5.166909217834473
155600,5.901915232340495
155700,4.9635669708251955
155800,4.5719348907470705
155900,5.857257419162327
156000,5.522532145182292
156100,5.881447474161784
156200,6.930360317230225
156300,5.165598975287543
156400,5.452777168967507
156500,4.101813180106027
156600,5.912615966796875
156700,5.696262359619141
156800,7.1246992746988935
156900,6.169470310211182
157000,5.989816029866536
157100,5.328011104038784
157200,6.952333450317383
157300,6.957797156439887
157400,6.656840397761418
157500,7.531653594970703
157600,5.788591003417968
157700,5.557126478715376
157800,7.219064712524414
157900,6.553931100027902
158000,7.204418182373047
158100,4.904757908412388
158200,4.564018249511719
158300,3.941571371895926
158400,6.849663678337546
158500,5.959257125854492
158600,6.773650487263997
158700,4.1000979741414385
158800,3.2262492179870605
158900,4.9471140774813565
159000,4.8064624786376955
159100,6.23230674050071
159200,5.285652507435191
159300,4.081137084960938
159400,5.127567836216518
159500,7.761360168457031
159600,3.9046758015950522
159700,5.228950023651123
159800,6.280244307084517
159900,5.800135685847356
160000,8.144186973571777
15,34.177748789959686
15,14.925152128609179
160100,5.386383819580078
160200,6.688330841064453
160300,6.033959524972098
160400,5.3509521484375
160500,4.707742902967665
160600,5.385454813639323
160700,3.440087080001831
160800,7.045846939086914
160900,4.556380271911621
161000,5.057354397243923
161100,5.09832763671875
161200,6.582888793945313
161300,5.144737720489502
161400,4.642594655354817
161500,5.2415056228637695
161600,6.587859471638997
161700,4.96027151743571
161800,5.8584983132102275
161900,5.829351425170898
162000,4.858016014099121
162100,6.216238021850586
162200,6.443010330200195
162300,5.310331617082868
162400,5.073761749267578
162500,5.521369171142578
162600,5.398632049560547
162700,6.409454345703125
162800,6.031882858276367
162900,5.6819016592843195
163000,4.387806415557861
163100,6.588496208190918
163200,4.923176356724331
163300,7.191356113978794
163400,4.0701955159505205
163500,5.468003845214843
163600,6.302219814724392
163700,5.555209265814887
163800,6.011154810587565
163900,3.505673272269113
164000,5.0156658717564175
164100,5.61144790649414
164200,5.736428260803223
164300,4.642382049560547
164400,6.405993461608887
164500,6.206068992614746
164600,4.292613983154297
164700,4.726608753204346
164800,6.181714194161551
164900,3.5852835518973216
165000,10.038594245910645
165100,7.226117134094238
165200,3.6231865882873535
165300,6.3347923278808596
165400,5.816906399197048
165500,4.417758941650391
165600,5.746686935424805
165700,4.9281158447265625
165800,5.468479156494141
165900,6.663895501030816
166000,4.807064904106988
166100,5.611768086751302
166200,8.357457160949707
166300,5.026780022515191
166400,6.146787470037287
166500,4.657822745186942
166600,6.977604675292969
166700,7.493513488769532
166800,5.8989410400390625
166900,4.889821529388428
167000,5.859978569878472
167100,6.584492274693081
167200,6.610177357991536
167300,5.262601216634114
167400,6.083976745605469
167500,8.338449859619141
167600,6.150936126708984
167700,6.139624855735085
167800,6.957549413045247
167900,3.886805670601981
168000,7.388936996459961
168100,7.7424131120954245
168200,4.486646379743304
168300,3.712571007864816
168400,7.137158113367417
168500,5.504453182220459
168600,5.975744883219401
168700,3.212588628133138
168800,3.713121175765991
168900,5.587352059104226
169000,4.7061279296875
169100,6.551958951083097
169200,5.225826263427734
169300,4.680673217773437
169400,4.322124208722796
169500,6.233646937779018
169600,3.6854739718967013
169700,4.072058200836182
169800,5.295758334073153
169900,5.927866422213041
170000,7.285740375518799
16,34.00530665621588
16,15.60221284118716
170100,5.564737701416016
170200,6.345223236083984
170300,6.304115295410156
170400,4.211315155029297
170500,4.483889261881511
170600,5.088483683268229
170700,4.21077823638916
170800,6.1051680246988935
170900,6.290639877319336
171000,4.86386235555013
171100,4.081955909729004
171200,6.521002197265625
171300,6.02296257019043
171400,5.796302795410156
171500,5.629642009735107
171600,4.031363487243652
171700,4.786669413248698
171800,5.909749811345881
171900,7.421488952636719
172000,5.189115524291992
172100,5.151670932769775
172200,5.515365123748779
172300,4.16396359034947
172400,4.544979095458984
172500,6.4814811706542965
172600,5.027676773071289
172700,6.1320412375710225
172800,4.464520263671875
172900,4.056532451084682
173000,4.520891189575195
173100,5.844207763671875
173200,3.1400364467075894
173300,4.895002092633929
173400,5.081689198811849
173500,5.169175720214843
173600,6.687323676215278
173700,5.398507859971788
173800,6.8222808837890625
173900,5.6312359401157925
174000,4.488341195242746
174100,5.791402053833008
174200,5.386529922485352
174300,4.268024063110351
174400,6.814617156982422
174500,6.587564945220947
174600,3.0623189926147463
174700,6.516977787017822
174800,5.8394606454031805
174900,3.656242915562221
175000,6.853371620178223
175100,6.19901180267334
175200,4.330062389373779
175300,5.591309356689453
175400,5.934572007921007
175500,3.9731850624084473
175600,5.18592643737793
175700,6.2344818115234375
175800,6.750682067871094
175900,6.894491831461589
176000,5.1223500569661455
176100,4.620899200439453
176200,7.3018975257873535
176300,7.2375437418619795
176400,6.611033352938565
176500,6.322812761579241
176600,6.82220458984375
176700,5.88029899597168
176800,5.768520991007487
176900,5.14889669418335
177000,5.738837348090278
177100,6.498199462890625
177200,6.540887832641602
177300,4.9493213229709205
177400,6.148495600773738
177500,7.464689636230469
177600,6.631201934814453
177700,5.702310041947798
177800,6.2117869059244795
177900,3.6998367309570312
178000,5.7170939445495605
178100,5.2985349382672995
178200,4.344683510916574
178300,3.674790518624442
178400,7.5156106387867645
178500,5.199927806854248
178600,5.718640009562175
178700,4.627146402994792
178800,6.274909973144531
178900,5.07556117664684
179000,5.506141662597656
179100,5.792825872247869
179200,5.875239979137074
179300,5.508293914794922
179400,3.149090358189174
179500,6.546485900878906
179600,4.848163604736328
179700,4.050874710083008
179800,5.306617043235085
179900,5.954673180213342
180000,6.247236728668213
17,33.61236466750583
17,16.144069007154545
180100,4.85429573059082
180200,6.174264526367187
180300,5.997954232352121
180400,3.9541212717692056
180500,4.8025635613335504
180600,6.164051310221354
180700,4.937934875488281
180800,5.312873840332031
180900,4.64877446492513
181000,4.601751539442274
181100,4.550754070281982
181200,6.585789794921875
181300,6.881468296051025
181400,6.144887924194336
181500,5.807542324066162
181600,5.359827041625977
181700,5.815436045328776
181800,6.046320828524503
181900,5.936296081542968
182000,5.501295725504558
182100,6.8513360023498535
182200,5.05117654800415
182300,2.6325487409319197
182400,4.8708446502685545
182500,5.78861083984375
182600,4.6854248046875
182700,6.936227971857244
182800,5.220007705688476
182900,4.81878171648298
183000,7.833259105682373
183100,5.451418399810791
183200,5.338799067905971
183300,5.266724177769253
183400,7.2191588083903
183500,4.066780090332031
183600,6.9972411261664496
183700,3.96600341796875
183800,5.139610608418782
183900,5.170636313302176
184000,5.377010345458984
184100,6.7515716552734375
184200,6.360018730163574
184300,6.071625137329102
184400,6.617794513702393
184500,5.781377792358398
184600,4.547793579101563
184700,5.467808723449707
184800,6.258501870291574
184900,5.490851266043527
185000,6.762813568115234
185100,5.725021839141846
185200,3.898237466812134
185300,5.367110824584961
185400,6.484226226806641
185500,5.922059059143066
185600,6.236797332763672
185700,6.009906387329101
185800,4.461062622070313
185900,6.10647710164388
186000,5.827727423773871
186100,4.526791890462239
186200,7.350509166717529
186300,4.415573543972439
186400,5.245593677867543
186500,5.010096958705357
186600,4.99024772644043
186700,5.951015472412109
186800,5.946262359619141
186900,5.486440658569336
187000,6.39356189303928
187100,5.221510750906808
187200,7.531389872233073
187300,5.981939527723524
187400,7.025533822866587
187500,7.301808166503906
187600,6.398227691650391
187700,6.048199046741832
187800,6.717967987060547
187900,5.500099182128906
188000,6.64609956741333
188100,4.424712044852121
188200,5.193964276994977
188300,3.732593536376953
188400,6.667230045094209
188500,5.730725288391113
188600,5.935654322306315
188700,4.081741650899251
188800,5.721715927124023
188900,7.347211664373225
189000,5.211427307128906
189100,5.41545313054865
189200,6.224718960848722
189300,4.3187824249267575
189400,4.3942045484270364
189500,6.199487958635602
189600,4.354370964898004
189700,4.48760461807251
189800,6.236306623979048
189900,5.73323000394381
190000,5.4315667152404785
18,32.93157421407313
18,16.03369266305851
190100,4.0417533874511715
190200,5.329668426513672
190300,7.004171098981585
190400,2.8540541330973306
190500,5.374465094672309
190600,6.136924235026042
190700,3.4468741416931152
190800,5.55776850382487
190900,4.096503575642903
191000,7.221916198730469
191100,7.2068586349487305
191200,6.553666381835938
191300,5.975101470947266
191400,6.942211151123047
191500,5.025730133056641
191600,7.02804438273112
191700,5.834911982218425
191800,7.258544921875
191900,6.05756721496582
192000,6.833208719889323
192100,6.752634048461914
192200,4.122933387756348
192300,3.964392525809152
192400,4.9697517395019535
192500,5.102923965454101
192600,3.9865604400634767
192700,6.4934303977272725
192800,5.686646270751953
192900,7.011614118303571
193000,6.637566566467285
193100,6.744211673736572
193200,4.822829110281808
193300,4.272909981863839
193400,6.641965866088867
193500,4.780120468139648
193600,6.699286566840278
193700,5.223699357774523
193800,5.3260453542073565
193900,3.484978267124721
194000,4.401518412998745
194100,5.728070831298828
194200,4.744904041290283
194300,3.809488296508789
194400,8.027812004089355
194500,7.137182235717773
194600,3.299915313720703
194700,5.684951305389404
194800,6.102629525320871
194900,4.81609126499721
195000,7.437269687652588
195100,6.587412357330322
195200,5.395765781402588
195300,6.826177978515625
195400,5.4527405632866754
195500,5.146185398101807
195600,5.730238596598308
195700,5.518675231933594
195800,5.131154251098633
195900,5.846076965332031
196000,5.865513271755642
196100,3.3680731455485025
196200,7.570669651031494
196300,5.781669616699219
196400,7.270627108487216
196500,4.7761366707938055
196600,5.292682647705078
196700,7.232698059082031
196800,6.65620485941569
196900,5.710162162780762
197000,5.154005262586805
197100,5.3866424560546875
197200,5.793209711710612
197300,4.640753851996528
197400,6.1581297654372
197500,6.928249359130859
197600,5.473341369628907
197700,6.338786732066762
197800,8.08740488688151
197900,4.153007507324219
198000,6.585524559020996
198100,6.076495034354074
198200,3.4398817334856306
198300,3.703780038016183
198400,7.0939797794117645
198500,5.039178371429443
198600,5.230809211730957
198700,2.5107008616129556
198800,4.763517379760742
198900,6.571935480291193
199000,4.296068572998047
199100,5.525853937322443
199200,5.885590293190696
199300,3.572114181518555
199400,3.8154539380754744
199500,6.586639404296875
199600,4.844756656222874
199700,6.583347797393799
199800,5.082833723588423
199900,7.001193706805889
200000,5.433269500732422
19,32.0017902346878
19,16.047290649266657
200100,5.099728393554687
200200,5.90094223022461
200300,5.215086255754743
200400,5.949785868326823
200500,5.007460276285808
200600,5.125252787272135
200700,3.624969959259033
200800,5.423801422119141
200900,5.029981295267741
201000,5.410012563069661
201100,4.853813648223877
201200,6.7797607421875
201300,6.244647026062012
201400,5.8511912027994795
201500,5.436672210693359
201600,6.580849329630534
201700,5.9645029703776045
201800,5.794780384410512
201900,6.673039245605469
202000,6.08645502726237
202100,4.576468467712402
202200,5.038586139678955
202300,3.2639271872384206
202400,5.009064865112305
202500,5.23265266418457
202600,4.728636932373047
202700,5.547080646861684
202800,4.929891967773438
202900,6.734094892229352
203000,5.553284645080566
203100,5.581223487854004
203200,3.5651852743966237
203300,4.270768029349191
203400,4.913389841715495
203500,4.769036483764649
203600,5.600071377224392
203700,3.7948816087510853
203800,5.959673563639323
203900,3.825800214494978
204000,4.7040590558733255
204100,6.9821014404296875
204200,3.7762279510498047
204300,5.793224334716797
204400,7.734632968902588
204500,6.328351020812988
204600,4.562915420532226
204700,4.7910332679748535
204800,6.411467960902622
204900,4.2785941532679965
205000,7.547065734863281
205100,7.3424973487854
205200,5.110825061798096
205300,5.67705078125
205400,7.2275806003146705
205500,5.847712516784668
205600,4.701108614603679
205700,5.340110778808594
205800,4.497920227050781
205900,6.4731640285915795
206000,4.694499969482422
206100,4.624277114868164
206200,7.369718551635742
206300,5.102267371283637
206400,6.769468827681108
206500,3.402764456612723
206600,6.34196662902832
206700,5.922322463989258
206800,5.294005393981934
206900,5.271705150604248
207000,6.204015943739149
207100,4.120020730154855
207200,6.546517690022786
207300,4.499398125542535
207400,6.1466240516075725
207500,7.187030029296875
207600,6.083606719970703
207700,6.874049100008878
207800,9.64100710550944
207900,5.275257655552456
208000,5.535874843597412
208100,6.455338614327567
208200,5.718145098005023
208300,3.2220426286969865
208400,7.327182545381434
208500,6.200405597686768
208600,5.160422325134277
208700,2.90078067779541
208800,2.4921622276306152
208900,4.692535400390625
209000,4.683512496948242
209100,7.331883517178622
209200,5.403376492587003
209300,3.2952842712402344
209400,6.279316493443081
209500,5.291543143136161
209600,4.986317952473958
209700,7.15447998046875
209800,7.329887390136719
209900,5.906252934382512
210000,6.379308223724365
20,32.487860552029495
20,16.95893497233258
210100,6.8533576965332035
210200,5.6326042175292965
210300,5.202428545270648
210400,2.8629306157430015
210500,6.150031195746528
210600,5.4162348429361975
210700,5.536170959472656
210800,4.275735855102539
210900,6.767914454142253
211000,4.438693576388889
211100,5.130285263061523
211200,6.941119995117187
211300,6.219837665557861
211400,4.741090774536133
211500,6.44580602645874
211600,5.356080373128255
211700,5.38670539855957
211800,4.890472758900035
211900,5.692620086669922
212000,6.160736083984375
212100,4.6965227127075195
212200,4.6326904296875
212300,3.493910925728934
212400,5.306679916381836
212500,6.494414520263672
212600,5.040660095214844
212700,6.12352822043679
212800,4.768286895751953
212900,4.675621577671596
213000,6.180156230926514
213100,5.390996932983398
213200,4.176905223301479
213300,3.7507907322474887
213400,6.106078465779622
213500,5.718047332763672
213600,5.905203077528212
213700,5.131665547688802
213800,5.59221076965332
213900,5.091075897216797
214000,6.951679774693081
214100,5.030026626586914
214200,6.1044416427612305
214300,6.870751190185547
214400,7.0398850440979
214500,5.645228862762451
214600,4.5331775665283205
214700,5.33420467376709
214800,6.247449057442801
214900,4.989560808454241
215000,5.135079860687256
215100,6.0625505447387695
215200,4.879190921783447
215300,6.621982574462891
215400,5.390360938178168
215500,4.544384956359863
215600,5.093513170878093
215700,4.398448944091797
215800,4.563587951660156
215900,6.327172173394097
216000,5.122977786593967
216100,4.788008054097493
216200,7.207237243652344
216300,6.024456448025173
216400,6.646333174272017
216500,4.315836497715542
216600,4.987542724609375
216700,6.15272216796875
216800,6.43112055460612
216900,5.460268020629883
217000,5.766829596625434
217100,4.1218607766287665
217200,6.460054397583008
217300,5.839912838406033
217400,6.001598651592548
217500,6.691558074951172
217600,6.456746673583984
217700,5.422564419833097
217800,7.057717641194661
217900,5.557637895856585
218000,5.844899654388428
218100,6.705121721540179
218200,4.069306509835379
218300,3.8266029357910156
218400,7.417570226332721
218500,5.9046244621276855
218600,5.777849197387695
218700,5.206343332926433
218800,5.0733537673950195
218900,5.764923789284446
219000,4.775329208374023
219100,6.630156777121804
219200,5.371608387340199
219300,3.5102596282958984
219400,4.367610386439732
219500,6.705848693847656
219600,3.972261216905382
219700,5.280490398406982
219800,6.274417530406605
219900,5.264565687913161
220000,6.442427635192871
21,32.43444593159939
21,17.390217986380414
220100,3.6572715759277346
220200,6.4429779052734375
220300,6.091953822544643
220400,3.914097468058268
220500,5.148078918457031
220600,5.194163004557292
220700,3.1841635704040527
220800,7.495431900024414
220900,3.2412516276041665
221000,4.691226535373264
221100,5.01755428314209
221200,6.533812255859375
221300,5.389206409454346
221400,4.738840421040853
221500,6.257016658782959
221600,4.305768013000488
221700,6.175944010416667
221800,5.159294128417969
221900,6.289237213134766
222000,4.9600168863932295
222100,5.195838928222656
222200,4.783687114715576
222300,4.627618517194476
222400,5.998198318481445
222500,3.7420650482177735
222600,3.7978164672851564
222700,6.404794866388494
222800,6.314490509033203
222900,4.033948353358677
223000,4.088379859924316
223100,5.93247652053833
223200,4.130707332066128
223300,2.7221810477120534
223400,7.249542236328125
223500,3.9649559020996095
223600,5.939836714002821
223700,5.448278639051649
223800,6.485784530639648
223900,5.604483468191964
224000,5.269230433872768
224100,5.751054763793945
224200,3.3845953941345215
224300,5.211535263061523
224400,6.382584571838379
224500,6.453726768493652
224600,2.8312137603759764
224700,4.2521209716796875
224800,5.770698002406529
224900,3.3260034833635603
225000,6.582258224487305
225100,6.4744873046875
225200,4.8858256340026855
225300,6.525395202636719
225400,7.702731662326389
225500,5.372847080230713
225600,5.1854902903238935
225700,4.784433746337891
225800,5.7577354431152346
225900,7.081793891059028
226000,5.943856133355035
226100,3.2151308059692383
226200,7.192155361175537
226300,5.35182868109809
226400,6.187884244051847
226500,4.584285191127232
226600,4.9422752380371096
226700,6.009483337402344
226800,5.597653071085612
226900,5.7248430252075195
227000,5.62722651163737
227100,4.199738093784878
227200,6.359292984008789
227300,6.334140777587891
227400,6.746176499586839
227500,6.518157958984375
227600,5.829928588867188
227700,5.447854475541548
227800,8.154603322347006
227900,4.408109664916992
228000,6.084654331207275
228100,4.951092856270926
228200,4.608802795410156
228300,4.517115729195731
228400,7.102133807014017
228500,5.824470043182373
228600,6.7349427541097
228700,3.3421204884847007
228800,3.5661308765411377
228900,5.062084891579368
229000,6.448274993896485
229100,5.830362493341619
229200,5.7920143821022725
229300,3.5747142791748048
229400,4.332008906773159
229500,5.317704336983817
229600,4.267134772406684
229700,5.893762111663818
229800,4.991275440562855
229900,5.959779592660757
230000,5.800780773162842
22,31.53030578674044
22,16.615806653451234
230100,4.435381317138672
230200,6.309083557128906
230300,8.214603969029017
230400,2.840606371561686
230500,5.074583265516493
230600,5.560770161946615
230700,3.193716526031494
230800,4.036822001139323
230900,3.0307960510253906
231000,4.709497239854601
231100,4.791628837585449
231200,6.273128662109375
231300,5.905630111694336
231400,5.430151621500651
231500,5.2768073081970215
231600,5.132143974304199
231700,5.114372889200847
231800,5.948870572176847
231900,6.415278625488281
232000,5.37376085917155
232100,5.560474395751953
232200,4.768731117248535
232300,3.9902561732700894
232400,5.657806777954102
232500,5.629458999633789
232600,4.593739318847656
232700,5.6364264054731885
232800,4.645544052124023
232900,3.4179529462541853
233000,6.061920642852783
233100,6.187145233154297
233200,3.770263126918248
233300,2.894899640764509
233400,5.003089904785156
233500,3.9388778686523436
233600,6.597251892089844
233700,3.7987247043185763
233800,5.864821116129558
233900,5.004949297223773
234000,5.16740962437221
234100,5.779277420043945
234200,6.04209566116333
234300,5.067208862304687
234400,5.6220855712890625
234500,7.327014446258545
234600,4.50341796875
234700,5.560070991516113
234800,5.860634395054409
234900,3.34784426007952
235000,5.951766014099121
235100,6.122124195098877
235200,3.7646067142486572
235300,7.126136016845703
235400,6.379110548231337
235500,4.979238033294678
235600,5.210869789123535
235700,5.2221630096435545
235800,4.857259750366211
235900,5.592561509874132
236000,4.267243279351129
236100,4.547180811564128
236200,7.712006568908691
236300,5.804136488172743
236400,5.605630007657138
236500,3.0680443899972096
236600,4.962502288818359
236700,6.587092590332031
236800,5.703234354654948
236900,3.6715173721313477
237000,6.510612487792969
237100,4.966238839285714
237200,6.078662872314453
237300,5.907965342203776
237400,5.980278015136719
237500,7.259874725341797
237600,5.338897705078125
237700,6.381794322620738
237800,9.52676264444987
237900,4.368879045758929
238000,6.1063232421875
238100,6.090212685721261
238200,4.568624768938337
238300,2.593510491507394
238400,6.7183703254250915
238500,6.601498603820801
238600,5.7891419728597
238700,3.682311693827311
238800,3.354745864868164
238900,5.608846837824041
239000,4.796814727783203
239100,5.811128096147017
239200,4.646961905739524
239300,4.104294204711914
239400,3.417787551879883
239500,7.107237679617746
239600,3.996768103705512
239700,5.965522766113281
239800,6.870862093838778
239900,5.611399137056791
240000,4.912175178527832
23,30.80805811730768
23,17.50342040522034
240100,7.638805389404297
240200,6.01892204284668
240300,4.95654296875
240400,3.8715588251749673
240500,4.560698615180121
240600,6.38199208577474
240700,6.957771301269531
240800,4.9910688400268555
240900,4.064391454060872
241000,4.760195414225261
241100,7.071982383728027
241200,6.688668212890625
241300,4.577025413513184
241400,4.7075192133585615
241500,6.201895236968994
241600,6.437726974487305
241700,5.192957878112793
241800,5.636864055286754
241900,6.268413543701172
242000,6.063295364379883
242100,6.617705345153809
242200,5.372816562652588
242300,5.815466199602399
242400,4.554291915893555
242500,3.1594165802001952
242600,3.552837371826172
242700,6.561900052157315
242800,5.453183364868164
242900,3.476454871041434
243000,4.022529125213623
243100,7.317002296447754
243200,6.7585906982421875
243300,3.017663138253348
243400,6.540086110432942
243500,4.9008949279785154
243600,6.308778550889757
243700,4.748079935709636
243800,5.735445022583008
243900,5.16179438999721
244000,4.513605662754604
244100,5.65391731262207
244200,5.09673547744751
244300,4.419021987915039
244400,8.427502632141113
244500,5.297872543334961
244600,2.640067481994629
244700,4.850525856018066
244800,6.361365182059152
244900,3.2347194126674106
245000,8.996420860290527
245100,6.023559093475342
245200,5.053790092468262
245300,5.92724609375
245400,5.875362820095486
245500,5.289675712585449
245600,5.855031967163086
245700,5.281953811645508
245800,5.05516242980957
245900,5.197994656032986
246000,4.428950839572483
246100,5.718507130940755
246200,6.228794574737549
246300,5.716992696126302
246400,6.413862054998225
246500,4.44905390058245
246600,5.524745941162109
246700,6.791242218017578
246800,6.693014144897461
246900,4.270409107208252
247000,5.100670284695095
247100,4.138650621686663
247200,6.928915659586589
247300,5.779971228705512
247400,5.128978435809795
247500,5.984964370727539
247600,5.620330047607422
247700,6.506643815474077
247800,7.627816518147786
247900,6.387534005301339
248000,7.269512176513672
248100,4.6651763916015625
248200,3.5367606026785716
248300,4.698522295270648
248400,7.127995210535386
248500,4.995377540588379
248600,5.107968966166179
248700,4.354845682779948
248800,3.4840731620788574
248900,6.641087618741122
249000,5.650849533081055
249100,5.506532495672053
249200,6.388680891557173
249300,5.795377349853515
249400,4.535494668143136
249500,5.206231253487723
249600,3.772608862982856
249700,3.455778121948242
249800,6.39777929132635
249900,5.77868417593149
250000,5.0891923904418945
24,31.406431694861542
24,18.282509388049075
