100,8.533094787597657
200,7.406586456298828
300,7.675110408238003
400,5.135852813720703
500,6.929098341200087
600,6.364696248372396
700,5.905633926391602
800,7.105892181396484
900,5.50141716003418
1000,6.094459533691406
1100,6.549538612365723
1200,6.064331665039062
1300,6.43263053894043
1400,5.194891611735026
1500,6.273475646972656
1600,6.482419331868489
1700,6.684546788533528
1800,6.1447975852272725
1900,6.3137554168701175
2000,5.281714121500651
2100,6.140800952911377
2200,4.514589309692383
2300,6.3983306884765625
2400,5.578522491455078
2500,5.388520050048828
2600,5.630825805664062
2700,6.128205039284446
2800,5.921590042114258
2900,5.4617494855608255
3000,7.294608116149902
3100,6.237190246582031
3200,4.654937199183872
3300,5.471405029296875
3400,6.0586090087890625
3500,5.725478744506836
3600,6.22503662109375
3700,6.400696224636501
3800,5.584340413411458
3900,5.724424634660993
4000,5.786326817103794
4100,5.917629241943359
4200,5.594201564788818
4300,5.8804473876953125
4400,6.537167072296143
4500,6.407505035400391
4600,6.145304107666016
4700,5.2011308670043945
4800,6.241737365722656
4900,6.117041996547154
5000,6.598747730255127
5100,6.223121643066406
5200,4.598056316375732
5300,6.656272888183594
5400,6.420074886745876
5500,5.660121917724609
5600,5.956155141194661
5700,5.273039245605469
5800,5.6424400329589846
5900,6.185262891981337
6000,5.712111579047309
6100,5.424456278483073
6200,8.32136058807373
6300,5.619337293836805
6400,7.202352350408381
6500,4.665381840297154
6600,5.548635101318359
6700,6.372324752807617
6800,5.9690596262613935
6900,5.502129554748535
7000,5.210815853542751
7100,5.594507489885602
7200,6.807177225748698
7300,5.867089589436849
7400,6.233267564039964
7500,7.381521606445313
7600,6.1016357421875
7700,6.302282159978693
7800,8.708521525065104
7900,5.81103515625
8000,5.896888732910156
8100,6.596993037632534
8200,5.795739310128348
8300,4.715992518833706
8400,6.6525106991038605
8500,6.312806129455566
8600,5.904099146525065
8700,4.488027572631836
8800,5.126184940338135
8900,6.344573974609375
9000,5.5583751678466795
9100,5.667366374622691
9200,6.403219743208452
9300,5.807229995727539
9400,5.5619659423828125
9500,6.307986668178013
9600,5.098607805040148
9700,5.883127212524414
9800,6.671609358354048
9900,5.957634559044471
10000,6.271988868713379
0,48.84403648721779
0,4.562450111862896
10100,6.440985107421875
10200,6.278120803833008
10300,6.4105377197265625
10400,4.013277053833008
10500,5.922582838270399
10600,5.339346313476563
10700,5.107731819152832
10800,6.589028676350911
10900,4.607710520426433
11000,5.700413174099392
11100,6.039123058319092
11200,5.811422729492188
11300,6.23522424697876
11400,4.6257979075113935
11500,5.901618003845215
11600,5.552197774251302
11700,5.906223297119141
11800,5.64333066073331
11900,6.127368545532226
12000,5.197125752766927
12100,6.085554599761963
12200,4.539776802062988
12300,5.840027945382254
12400,5.438932037353515
12500,4.977973175048828
12600,5.082317352294922
12700,5.936558116566051
12800,5.353021621704102
12900,4.839940752301898
13000,7.148847579956055
13100,6.0382304191589355
13200,4.409196853637695
13300,5.161376953125
13400,5.72671635945638
13500,5.3247520446777346
13600,5.991945054796007
13700,6.106509738498264
13800,5.727048238118489
13900,5.011003766741071
14000,5.7161440168108255
14100,5.782795715332031
14200,5.073898792266846
14300,5.381661987304687
14400,6.409029006958008
14500,6.116997718811035
14600,5.778522491455078
14700,5.061057090759277
14800,6.056211199079241
14900,5.195764814104352
15000,6.149877548217773
15100,6.22051477432251
15200,4.485885143280029
15300,6.287701034545899
15400,6.134891933865017
15500,5.295182228088379
15600,5.920396169026692
15700,5.112959289550782
15800,5.3265541076660154
15900,6.206726921929254
16000,5.484031677246094
16100,4.981396357218425
16200,8.350813865661621
16300,5.233127593994141
16400,6.941778009588068
16500,4.574529375348773
16600,5.297575378417969
16700,6.164034652709961
16800,5.852275212605794
16900,5.235072135925293
17000,5.043145921495226
17100,5.367284502301898
17200,6.764589945475261
17300,5.885741339789496
17400,6.107966496394231
17500,7.358456420898437
17600,5.924801635742187
17700,6.150738802823153
17800,8.608450571695963
17900,5.489727020263672
18000,5.856025218963623
18100,6.379070281982422
18200,5.449681963239398
18300,4.582661220005581
18400,6.466208514045267
18500,6.018306732177734
18600,5.7801666259765625
18700,3.894954045613607
18800,4.816675662994385
18900,6.352294921875
19000,5.337689971923828
19100,5.711845397949219
19200,6.270478682084517
19300,5.401510620117188
19400,5.238337925502232
19500,6.0173846653529575
19600,4.838741302490234
19700,5.695130825042725
19800,6.446959062056108
19900,5.8150147658128
20000,6.090590476989746
1,42.98708398656049
20100,5.64910888671875
20200,6.238915252685547
20300,6.231686183384487
20400,3.549642244974772
20500,5.9336700439453125
20600,5.211393229166666
20700,4.498401165008545
20800,6.320520401000977
20900,4.470836003621419
21000,5.692583719889323
21100,5.4045820236206055
21200,5.788243408203125
21300,5.9343342781066895
21400,4.603312810262044
21500,5.6551618576049805
21600,5.323505401611328
21700,5.57844352722168
21800,5.672968084161932
21900,6.25129280090332
22000,5.157037099202474
22100,5.989473342895508
22200,4.519960403442383
22300,5.341949462890625
22400,5.458874130249024
22500,4.698952102661133
22600,4.679376602172852
22700,5.8409645774147725
22800,4.900867462158203
22900,4.660879952566964
23000,6.688691139221191
23100,5.918987274169922
23200,4.256107875279018
23300,4.918358939034598
23400,5.472812652587891
23500,5.183911514282227
23600,6.054940541585286
23700,5.9518280029296875
23800,5.732105890909831
23900,4.638641357421875
24000,5.468989780970982
24100,5.666075897216797
24200,4.717156410217285
24300,5.083932495117187
24400,6.292091369628906
24500,5.7324042320251465
24600,5.4399871826171875
24700,5.002572059631348
24800,6.033033098493304
24900,4.88799067905971
25000,5.795852184295654
25100,6.136561393737793
25200,4.376109600067139
25300,6.165042877197266
25400,6.001997629801433
25500,5.142336368560791
25600,5.740130106608073
25700,5.0489356994628904
25800,5.237782287597656
25900,6.210384792751736
26000,5.329127841525608
26100,4.9876556396484375
26200,8.37194538116455
26300,5.082241482204861
26400,6.778013749556108
26500,4.3548769269670755
26600,5.1236572265625
26700,6.0169013977050785
26800,5.753612518310547
26900,5.329923629760742
27000,5.188129425048828
27100,5.254698072160993
27200,6.701351801554362
27300,5.753066168891059
27400,6.201529869666467
27500,7.183576202392578
27600,5.792039108276367
27700,6.027979070490057
27800,8.249668757120768
27900,5.193681989397321
28000,5.893640518188477
28100,6.148617880684989
28200,5.130672999790737
28300,4.544200079781668
28400,6.404577367446002
28500,5.836181163787842
28600,5.710634231567383
28700,3.5127623875935874
28800,4.5951032638549805
28900,6.227456526322798
29000,5.192047500610352
29100,5.77576377175071
29200,6.1692726828835225
29300,5.076863479614258
29400,4.916900089808872
29500,5.941798073904855
29600,4.709384918212891
29700,5.510519027709961
29800,6.228246515447443
29900,5.7541363055889425
30000,5.925267696380615
2,40.21587649353532
2,7.7970508490058075
30100,5.495579528808594
30200,6.202132034301758
30300,6.018529619489398
30400,3.414242426554362
30500,5.935195075141059
30600,5.184479268391927
30700,4.237091064453125
30800,6.142220179239909
30900,4.279860178629558
31000,5.509046342637804
31100,5.414693355560303
31200,5.801483154296875
31300,5.817394256591797
31400,4.399766286214192
31500,5.580687522888184
31600,5.0812937418619795
31700,5.450461069742839
31800,5.56848803433505
31900,6.308620834350586
32000,5.125533739725749
32100,5.958869934082031
32200,4.4528961181640625
32300,5.135468619210379
32400,5.373872375488281
32500,4.530146789550781
32600,4.3975982666015625
32700,5.74913198297674
32800,4.742958068847656
32900,4.503991263253348
33000,6.405525207519531
33100,5.773014068603516
33200,4.090413502284458
33300,5.019450596400669
33400,5.295556386311849
33500,4.94745101928711
33600,6.125608656141493
33700,5.807559543185764
33800,5.787708918253581
33900,4.317911148071289
34000,5.324414389474051
34100,5.554871368408203
34200,4.529969215393066
34300,5.07628173828125
34400,6.238903045654297
34500,5.66599178314209
34600,5.172099304199219
34700,4.900075912475586
34800,6.052573067801339
34900,4.730523245675223
35000,5.479281425476074
35100,6.140148639678955
35200,4.281683921813965
35300,6.086385345458984
35400,5.906014336480035
35500,5.001810073852539
35600,5.629105885823567
35700,5.145013427734375
35800,5.161988830566406
35900,6.169729868570964
36000,5.383303324381511
36100,4.899991989135742
36200,8.358976364135742
36300,5.055980682373047
36400,6.657944419167259
36500,4.085686274937221
36600,5.095096588134766
36700,5.949779891967774
36800,5.716176986694336
36900,5.274980545043945
37000,5.323270161946614
37100,5.152120862688337
37200,6.664859135945638
37300,5.591468811035156
37400,6.1439643272986775
37500,6.9907066345214846
37600,5.696616363525391
37700,5.8735483342951
37800,7.835687001546224
37900,4.999416896275112
38000,5.9472503662109375
38100,5.96991947719029
38200,4.940334865025112
38300,4.324755532400949
38400,6.323388043571921
38500,5.76870059967041
38600,5.727467219034831
38700,3.432902971903483
38800,4.41961669921875
38900,6.195046858354048
39000,5.133211898803711
39100,5.796487288041548
39200,6.061437433416193
39300,4.661469650268555
39400,4.613622937883649
39500,5.851599557059152
39600,4.551202562120226
39700,5.325441837310791
39800,6.105303677645597
39900,5.671993549053486
40000,5.8110671043396
3,38.36254004708373
40100,5.391381072998047
40200,6.103094863891601
40300,5.924890790666852
40400,3.319453557332357
40500,5.829212188720703
40600,5.075181579589843
40700,4.023423194885254
40800,5.9556884765625
40900,4.068437258402507
41000,5.227453867594401
41100,5.345198154449463
41200,5.97636474609375
41300,5.714760780334473
41400,4.250502904256185
41500,5.556704521179199
41600,4.868272145589192
41700,5.402376174926758
41800,5.61638051813299
41900,6.312954330444336
42000,5.092114448547363
42100,5.90687894821167
42200,4.471808433532715
42300,4.966914585658482
42400,5.294827270507812
42500,4.397437286376953
42600,4.2624656677246096
42700,5.707803899591619
42800,4.652692794799805
42900,4.388813018798828
43000,6.108799934387207
43100,5.64617919921875
43200,4.0106609889439175
43300,5.0547381809779575
43400,5.142528851826985
43500,4.760043334960938
43600,6.2078136867947045
43700,5.64586681789822
43800,5.699570973714192
43900,4.138119288853237
44000,5.236967904227121
44100,5.546894073486328
44200,4.365046977996826
44300,5.051255416870117
44400,6.210055828094482
44500,5.650905609130859
44600,4.90526237487793
44700,4.816455364227295
44800,6.0277829851422995
44900,4.584826333182199
45000,5.247797012329102
45100,6.132837295532227
45200,4.183646202087402
45300,6.061125183105469
45400,5.706885443793403
45500,4.895441055297852
45600,5.5963185628255205
45700,5.209239196777344
45800,5.1321250915527346
45900,6.135597652859158
46000,5.436736636691624
46100,4.7991180419921875
46200,8.283405303955078
46300,4.987291971842448
46400,6.537031693892046
46500,3.933801923479353
46600,5.111430740356445
46700,5.918359756469727
46800,5.651509602864583
46900,5.211315155029297
47000,5.333616468641493
47100,5.067800794328962
47200,6.680936813354492
47300,5.4525574578179254
47400,6.061597970815805
47500,6.825418853759766
47600,5.58441162109375
47700,5.810138355601918
47800,7.53070068359375
47900,4.790685381208148
48000,6.0319600105285645
48100,5.815741947719029
48200,4.737663269042969
48300,4.144399915422712
48400,6.262588052188649
48500,5.697484970092773
48600,5.801675160725911
48700,3.4153149922688804
48800,4.289432048797607
48900,6.214252125133168
49000,5.150473785400391
49100,5.829406044699929
49200,5.991378090598366
49300,4.436013793945312
49400,4.366693769182477
49500,5.798651559012277
49600,4.410330454508464
49700,5.270028591156006
49800,6.011646617542613
49900,5.568522526667668
50000,5.731656074523926
4,36.937575684970795
4,9.175301973046505
50100,5.282351684570313
50200,5.895389556884766
50300,5.84428950718471
50400,3.289865493774414
50500,5.72509765625
50600,4.995615641276042
50700,3.807490825653076
50800,5.799749374389648
50900,3.9124755859375
51000,4.9250000847710504
51100,5.394847393035889
51200,6.12707763671875
51300,5.649439334869385
51400,4.1520538330078125
51500,5.56662130355835
51600,4.705405553181966
51700,5.376323064168294
51800,5.601001392711293
51900,6.274498748779297
52000,5.010215441385905
52100,5.851614952087402
52200,4.417028903961182
52300,4.763116019112723
52400,5.149372100830078
52500,4.269951629638672
52600,4.201481628417969
52700,5.6759938326748935
52800,4.558104705810547
52900,4.26875114440918
53000,5.829087257385254
53100,5.5359787940979
53200,3.9300782339913503
53300,4.823577335902622
53400,4.978947639465332
53500,4.64069709777832
53600,6.233331892225477
53700,5.457815382215712
53800,5.680951436360677
53900,4.012840270996094
54000,5.173944745744977
54100,5.4047904968261715
54200,4.204437255859375
54300,5.018168258666992
54400,6.092383861541748
54500,5.625433921813965
54600,4.6194713592529295
54700,4.7314558029174805
54800,5.970114571707589
54900,4.467124121529715
55000,5.065883159637451
55100,6.088775157928467
55200,4.073796272277832
55300,6.033804321289063
55400,5.561979505750868
55500,4.786170482635498
55600,5.653524398803711
55700,5.151915740966797
55800,5.072608184814453
55900,6.076175265842014
56000,5.561557345920139
56100,4.677565256754558
56200,8.212713241577148
56300,4.913491990831163
56400,6.3323891379616475
56500,3.796687262398856
56600,5.125429153442383
56700,5.868832397460937
56800,5.572815577189128
56900,5.025670528411865
57000,5.187567392985026
57100,4.977778843470982
57200,6.702636082967122
57300,5.387145148383246
57400,5.963844886192908
57500,6.671527099609375
57600,5.462659454345703
57700,5.795420213179155
57800,7.357967376708984
57900,4.517235347202846
58000,6.102695465087891
58100,5.640230451311384
58200,4.51851681300572
58300,3.9934376307896207
58400,6.1647473503561585
58500,5.694869041442871
58600,5.892534891764323
58700,3.3360767364501953
58800,4.113584518432617
58900,6.17774131081321
59000,5.092543029785157
59100,5.809640364213423
59200,5.947888461026278
59300,4.321936798095703
59400,4.179239273071289
59500,5.766938345772879
59600,4.229167938232422
59700,5.2219977378845215
59800,5.966197620738637
59900,5.456276526817908
60000,5.7117719650268555
5,35.83612978559269
60100,5.193264007568359
60200,5.7601665496826175
60300,5.786785125732422
60400,3.2510461807250977
60500,5.622304280598958
60600,4.957942199707031
60700,3.6270432472229004
60800,5.696916580200195
60900,3.7866719563802085
61000,4.723187764485677
61100,5.359412670135498
61200,6.294676513671875
61300,5.589807510375977
61400,4.097241719563802
61500,5.520721912384033
61600,4.5476868947347
61700,5.26535161336263
61800,5.707113786177202
61900,6.2793315887451175
62000,4.9290205637613935
62100,5.76842737197876
62200,4.297791004180908
62300,4.58220945085798
62400,4.950207901000977
62500,4.142963409423828
62600,4.187890625
62700,5.582310416481712
62800,4.488681030273438
62900,4.157015664236886
63000,5.567931175231934
63100,5.443917751312256
63200,3.843177250453404
63300,4.431446075439453
63400,4.825747489929199
63500,4.594125366210937
63600,6.280426873101129
63700,5.275088840060764
63800,5.6101023356119795
63900,3.882253646850586
64000,5.1145123073032925
64100,5.282240295410157
64200,4.073973655700684
64300,4.89134635925293
64400,5.974539756774902
64500,5.565659046173096
64600,4.3441314697265625
64700,4.643490314483643
64800,5.922418866838727
64900,4.353679656982422
65000,4.904828071594238
65100,6.0537238121032715
65200,3.9996445178985596
65300,6.009578704833984
65400,5.452763027615017
65500,4.623832702636719
65600,5.684857686360677
65700,5.070818328857422
65800,4.979717636108399
65900,6.038097381591797
66000,5.4015553792317705
66100,4.611578623453776
66200,8.181000709533691
66300,4.829303741455078
66400,6.223682056773793
66500,3.6848051888602122
66600,5.1195732116699215
66700,5.784048461914063
66800,5.467519124348958
66900,4.78783655166626
67000,5.100198533799913
67100,4.783313751220703
67200,6.722039540608724
67300,5.313162909613715
67400,5.891247089092548
67500,6.5419563293457035
67600,5.2801769256591795
67700,5.774369673295454
67800,7.311012268066406
67900,4.215273720877511
68000,6.203224182128906
68100,5.505520956856864
68200,4.342776162283761
68300,3.823756081717355
68400,6.005700952866498
68500,5.703324794769287
68600,5.976312001546224
68700,3.223321278889974
68800,4.014920711517334
68900,6.086201060901988
69000,5.048361968994141
69100,5.847278941761363
69200,5.8652121803977275
69300,4.218840026855469
69400,4.072315216064453
69500,5.772329602922712
69600,4.048113505045573
69700,5.17026424407959
69800,6.0029165094549
69900,5.387703528771033
70000,5.672571659088135
6,35.067209583390046
6,10.870238963219009
70100,5.053681945800781
70200,5.61766242980957
70300,5.724845886230469
70400,3.2054417928059897
70500,5.507887946234809
70600,4.903015645345052
70700,3.4417805671691895
70800,5.596474329630534
70900,3.6558653513590493
71000,4.559891170925564
71100,5.2379255294799805
71200,6.36050048828125
71300,5.521185398101807
71400,4.05856990814209
71500,5.411839962005615
71600,4.419366200764974
71700,5.164244016011556
71800,5.842984979802912
71900,6.211901473999023
72000,4.952700297037761
72100,5.703554630279541
72200,4.166433334350586
72300,4.406669616699219
72400,4.838198471069336
72500,4.011203002929688
72600,4.1311500549316404
72700,5.482789819890803
72800,4.449779891967774
72900,4.048556736537388
73000,5.250880241394043
73100,5.355587959289551
73200,3.7404654366629466
73300,4.12708009992327
73400,4.701119105021159
73500,4.536526107788086
73600,6.304927402072483
73700,5.1287820604112415
73800,5.576096852620442
73900,3.7221521650041853
74000,5.030679975237165
74100,5.172877502441406
74200,3.962367057800293
74300,4.816593170166016
74400,5.833174228668213
74500,5.48213005065918
74600,4.061270141601563
74700,4.60797643661499
74800,5.928255898611886
74900,4.252986363002232
75000,4.755343437194824
75100,6.038392066955566
75200,4.104351043701172
75300,5.962639999389649
75400,5.340176476372613
75500,4.457348823547363
75600,5.661454518636067
75700,5.024515151977539
75800,4.868886566162109
75900,5.958818647596571
76000,5.057905832926433
76100,4.529647509256999
76200,8.170624732971191
76300,4.85063001844618
76400,6.118924921209162
76500,3.6246435982840404
76600,5.075225067138672
76700,5.70252799987793
76800,5.395342508951823
76900,4.551746845245361
77000,4.987389458550347
77100,4.6630063738141745
77200,6.717568079630534
77300,5.22495354546441
77400,5.851043114295373
77500,6.431436157226562
77600,5.143094635009765
77700,5.743431784889915
77800,7.4187164306640625
77900,3.981383732386998
78000,6.198020935058594
78100,5.383301871163504
78200,4.2035369873046875
78300,3.6825155530657088
78400,5.882102068732767
78500,5.594744682312012
78600,6.076590220133464
78700,3.15071709950765
78800,3.9418811798095703
78900,6.029066606001421
79000,5.038426208496094
79100,5.850917469371449
79200,5.704768094149503
79300,4.164507293701172
79400,4.025408063616071
79500,5.806583949497768
79600,3.8842510647243924
79700,5.064240455627441
79800,5.96312782981179
79900,5.242605356069712
80000,5.647192478179932
7,34.541407978255734
80100,4.916835784912109
80200,5.433869934082031
80300,5.6809201921735495
80400,3.111591021219889
80500,5.4044982062445746
80600,4.837287394205729
80700,3.192624568939209
80800,5.490505854288737
80900,3.5048952102661133
81000,4.422657860649957
81100,5.125615119934082
81200,6.438145141601563
81300,5.476170539855957
81400,3.999709447224935
81500,5.358437538146973
81600,4.2843577067057295
81700,5.065743764241536
81800,5.953389948064631
81900,6.185209655761719
82000,4.973976135253906
82100,5.615231513977051
82200,3.994246244430542
82300,4.269803183419364
82400,4.841845703125
82500,3.887900543212891
82600,4.0417835235595705
82700,5.4644907171076
82800,4.409757995605469
82900,3.9628821781703403
83000,5.047293663024902
83100,5.289876937866211
83200,3.614844185965402
83300,3.982903616768973
83400,4.596609751383464
83500,4.563410949707031
83600,6.399900648328993
83700,5.016931745741102
83800,5.492163976033528
83900,3.665630340576172
84000,4.940237317766462
84100,5.128173065185547
84200,3.8522090911865234
84300,4.657547378540039
84400,5.717831134796143
84500,5.416208744049072
84600,3.8132278442382814
84700,4.6091742515563965
84800,5.892664228166852
84900,4.156448636736188
85000,4.626128196716309
85100,6.032583713531494
85200,4.08405876159668
85300,5.882863616943359
85400,5.246742672390408
85500,4.285715103149414
85600,5.520020802815755
85700,4.9647785186767575
85800,4.836793518066406
85900,5.908387078179254
86000,4.827038235134548
86100,4.402416865030925
86200,8.167182922363281
86300,4.8655518425835504
86400,5.923142173073509
86500,3.6116224016462053
86600,5.064980316162109
86700,5.596346282958985
86800,5.4570051829020185
86900,4.312550067901611
87000,4.886336432562934
87100,4.594767979213169
87200,6.676312764485677
87300,5.154535505506727
87400,5.834677476149339
87500,6.315228271484375
87600,5.02197265625
87700,5.782176624644887
87800,7.461299896240234
87900,3.789899008614676
88000,6.182614326477051
88100,5.2854717799595425
88200,4.054194859095982
88300,3.5838356018066406
88400,5.793622633990119
88500,5.38322114944458
88600,5.965407053629558
88700,3.071430206298828
88800,3.889045000076294
88900,5.859092712402344
89000,4.921326446533203
89100,5.857383728027344
89200,5.5929107666015625
89300,4.146578979492188
89400,4.029585429600307
89500,5.841802324567523
89600,3.785758124457465
89700,5.061511039733887
89800,5.893106633966619
89900,5.15940915621244
90000,5.596603870391846
8,34.21704155652715
8,11.928093920215852
90100,4.788447570800781
90200,5.387301635742188
90300,5.560789925711496
90400,2.941548983256022
90500,5.282584720187717
90600,4.8247126261393225
90700,3.0858688354492188
90800,5.36770502726237
90900,3.3966747919718423
91000,4.338847266303168
91100,4.907526969909668
91200,6.339654541015625
91300,5.567625999450684
91400,3.9212684631347656
91500,5.217478275299072
91600,4.156116485595703
91700,4.993353207906087
91800,5.9057159423828125
91900,6.17791519165039
92000,5.055904706319173
92100,5.5066752433776855
92200,3.887834072113037
92300,4.153323037283761
92400,4.7865653991699215
92500,3.747782516479492
92600,4.088465881347656
92700,5.383655894886363
92800,4.392563247680664
92900,3.852555138724191
93000,4.822721481323242
93100,5.216769695281982
93200,3.512328556605748
93300,3.7511844635009766
93400,4.533312797546387
93500,4.565636444091797
93600,6.452447255452474
93700,4.947614034016927
93800,5.364678700764974
93900,3.591057913643973
94000,4.829912458147321
94100,5.110837936401367
94200,3.7730822563171387
94300,4.486650085449218
94400,5.470818996429443
94500,5.340760707855225
94600,3.5952220916748048
94700,4.589024066925049
94800,5.764756338936942
94900,4.075242178780692
95000,4.483024597167969
95100,6.019590854644775
95200,4.061476230621338
95300,5.920039367675781
95400,5.162585788302952
95500,4.144399166107178
95600,5.267616271972656
95700,4.974795150756836
95800,4.632548141479492
95900,5.796767764621311
96000,4.741711086697048
96100,4.290827751159668
96200,8.059715270996094
96300,4.822286393907335
96400,5.919457869096235
96500,3.626556941441127
96600,5.0981910705566404
96700,5.45213737487793
96800,5.3542836507161455
96900,4.088046550750732
97000,4.818346659342448
97100,4.460453578404018
97200,6.900604883829753
97300,5.111406962076823
97400,5.838093684269832
97500,6.178399276733399
97600,4.958596038818359
97700,5.780995455655185
97800,7.456382115681966
97900,3.6015219007219588
98000,6.199188232421875
98100,5.180300576346261
98200,3.956405912126814
98300,3.4733543395996094
98400,5.7272935755112595
98500,5.480380058288574
98600,5.836854934692383
98700,3.0595595041910806
98800,3.756134033203125
98900,5.827336398037997
99000,4.852961730957031
99100,5.953161066228693
99200,5.546625310724432
99300,4.042333984375
99400,3.9043121337890625
99500,5.753591809953962
99600,3.716425577799479
99700,5.062692642211914
99800,5.750544461337003
99900,5.1010566124549275
100000,5.567652702331543
9,34.19933512664446
100100,4.656100463867188
100200,5.3710075378417965
100300,5.468303135463169
100400,2.8332977294921875
100500,5.088748508029514
100600,4.783156331380209
100700,3.0249109268188477
100800,5.282111485799153
100900,3.3913981119791665
101000,4.3907521565755205
101100,4.885821342468262
101200,6.298406982421875
101300,5.714808464050293
101400,3.7939160664876304
101500,5.188302993774414
101600,4.071715672810872
101700,4.923818588256836
101800,5.926697470925071
101900,6.089393997192383
102000,5.132696787516276
102100,5.3763275146484375
102200,3.7912468910217285
102300,4.045501708984375
102400,4.738000869750977
102500,3.5975727081298827
102600,4.224536895751953
102700,5.332337812943892
102800,4.297005462646484
102900,3.6729142325265065
103000,4.694394111633301
103100,5.134362697601318
103200,3.4208483014787947
103300,3.8067493438720703
103400,4.470788319905599
103500,4.455142211914063
103600,6.41303210788303
103700,4.901103125678168
103800,5.377936045328776
103900,3.4974258967808316
104000,4.7444643293108255
104100,5.018263626098633
104200,3.7025699615478516
104300,4.3449150085449215
104400,5.287538528442383
104500,5.272922515869141
104600,3.4113143920898437
104700,4.525599479675293
104800,5.750481741768973
104900,3.9312234606061662
105000,4.342246055603027
105100,6.038119316101074
105200,4.041972637176514
105300,5.956707000732422
105400,5.259415096706814
105500,3.9787893295288086
105600,5.377248128255208
105700,4.891134262084961
105800,4.601958084106445
105900,5.754529317220052
106000,4.697732713487413
106100,4.352175076802571
106200,7.9162492752075195
106300,4.648135715060764
106400,5.675447984175249
106500,3.476947239467076
106600,4.914060592651367
106700,5.383431243896484
106800,5.203487396240234
106900,3.997241258621216
107000,4.742757585313585
107100,4.3413881574358255
107200,6.772174835205078
107300,5.039578755696614
107400,5.597940298227163
107500,6.116454696655273
107600,4.926950073242187
107700,5.777207808061079
107800,7.491077423095703
107900,3.4058704376220703
108000,6.241945266723633
108100,5.110819135393415
108200,3.893629346575056
108300,3.516918727329799
108400,5.648125592400046
108500,5.210736274719238
108600,5.815541585286458
108700,2.9394213358561196
108800,3.5815060138702393
108900,5.652360395951704
109000,5.005951690673828
109100,5.935946377840909
109200,5.418737931685015
109300,4.1098579406738285
109400,3.7542416708809987
109500,5.669380187988281
109600,3.6453819274902344
109700,5.0042009353637695
109800,5.685963717373935
109900,5.046656095064604
110000,5.461673259735107
10,34.39838830458696
10,12.786643300912196
110100,4.562330627441407
110200,5.512635803222656
110300,5.407871791294643
110400,2.813176472981771
110500,5.019347296820746
110600,4.753354899088541
110700,2.894554615020752
110800,5.287833531697591
110900,3.2973861694335938
111000,4.199606153700087
111100,4.648555755615234
111200,6.326575927734375
111300,5.862050533294678
111400,3.7745644251505532
111500,5.154785633087158
111600,4.087994893391927
111700,4.818775812784831
111800,6.123109990900213
111900,6.057134628295898
112000,5.159801483154297
112100,5.242554664611816
112200,3.6991097927093506
112300,3.8402328491210938
112400,4.795418548583984
112500,3.421308898925781
112600,4.0857490539550785
112700,5.329695268110796
112800,4.190875625610351
112900,3.5619825635637556
113000,4.579159736633301
113100,5.0741071701049805
113200,3.307452065604074
113300,3.658593314034598
113400,4.6562801996866865
113500,4.5383140563964846
113600,6.4593179490831165
113700,4.830647362603082
113800,5.2985944747924805
113900,3.4198635646275113
114000,4.645594460623605
114100,4.992176055908203
114200,3.6324920654296875
114300,4.2727294921875
114400,5.086603164672852
114500,5.246941566467285
114600,3.229625701904297
114700,4.481436252593994
114800,5.7437896728515625
114900,3.801535197666713
115000,4.199052333831787
115100,6.073118209838867
115200,3.9284286499023438
115300,5.934651184082031
115400,5.168668111165364
115500,3.8141772747039795
115600,5.307990392049153
115700,4.832999801635742
115800,4.800947570800782
115900,5.631063673231337
116000,4.416154225667317
116100,4.126625696818034
116200,7.827696800231934
116300,4.655769348144531
116400,5.634572809392756
116500,3.3347037179129466
116600,4.891379928588867
116700,5.260857391357422
116800,5.178244590759277
116900,3.7782092094421387
117000,4.726334042019314
117100,4.277899605887277
117200,6.724435170491536
117300,4.9610443115234375
117400,5.404132549579327
117500,6.029988098144531
117600,5.080644226074218
117700,5.793729608709162
117800,7.43773078918457
117900,3.297235761369978
118000,6.073521137237549
118100,5.025662013462612
118200,3.6636739458356584
118300,3.5533768790108815
118400,5.724853515625
118500,5.119171619415283
118600,6.200165430704753
118700,2.736848831176758
118800,3.424490451812744
118900,5.56013315374201
119000,4.94434814453125
119100,5.76232944835316
119200,5.377696990966797
119300,3.674094009399414
119400,3.6796836853027344
119500,5.519330705915179
119600,3.5721647474500866
119700,4.850123405456543
119800,5.550500002774325
119900,5.024363591120793
120000,5.3922438621521
11,34.68825785968649

mean loss=4.835417
BLEU = 12.787
dev perplexity | 34.6883

