100,8.505446624755859
200,7.44909896850586
300,8.191201346261161
400,4.642309506734212
500,6.532594045003255
600,6.422746276855468
700,5.8035664558410645
800,7.162167867024739
900,5.33525021870931
1000,6.090027279324001
1100,6.406642436981201
1200,6.371058959960937
1300,6.218757629394531
1400,5.003650029500325
1500,6.163384914398193
1600,6.767706553141276
1700,6.4242293039957685
1800,5.779809431596235
1900,6.120656204223633
2000,5.401252746582031
2100,6.170415878295898
2200,4.582878589630127
2300,6.174710409981864
2400,5.488125991821289
2500,5.588592147827148
2600,5.528879165649414
2700,6.166025335138494
2800,5.898131561279297
2900,5.367191859654018
3000,7.528473854064941
3100,6.1490654945373535
3200,4.25885854448591
3300,5.561830248151507
3400,6.0323333740234375
3500,5.624905776977539
3600,6.11634996202257
3700,6.41242175632053
3800,5.8356889088948565
3900,5.930925641741071
4000,5.994757516043527
4100,5.697396087646484
4200,5.5178632736206055
4300,5.69268569946289
4400,7.281636714935303
4500,6.413037300109863
4600,6.114122009277343
4700,5.200530529022217
4800,6.340292794363839
4900,5.673316410609654
5000,6.284548759460449
5100,6.393718719482422
5200,4.7395172119140625
5300,6.7370155334472654
5400,6.0962706671820746
5500,5.435024738311768
5600,5.946156819661458
5700,5.069487762451172
5800,5.720598983764648
5900,6.359492831759983
6000,5.422383626302083
6100,5.093056042989095
6200,8.09766960144043
6300,4.9662221272786455
6400,6.865987604314631
6500,4.503529957362583
6600,5.3451698303222654
6700,6.580668640136719
6800,5.844859441121419
6900,5.311798572540283
7000,5.262162526448567
7100,5.388466971261161
7200,6.996001561482747
7300,6.00422117445204
7400,6.269745459923377
7500,7.1391853332519535
7600,5.971529006958008
7700,6.1608428955078125
7800,9.418157577514648
7900,5.546630314418247
8000,6.138758182525635
8100,6.913289751325335
8200,5.870257241385324
8300,4.680377960205078
8400,6.679577995749081
8500,6.156674861907959
8600,5.797982533772786
8700,3.789818445841471
8800,5.118301868438721
8900,6.1321327903053975
9000,5.510818099975586
9100,5.517291329123757
9200,6.301332647150213
9300,5.410831451416016
9400,5.635959625244141
9500,6.093725476946149
9600,4.899381849500868
9700,5.638710975646973
9800,6.437470869584517
9900,5.9890582744891825
10000,6.134036064147949
0,45.00599199612275
0,6.657446253822657
10100,6.515676116943359
10200,6.112799072265625
10300,6.212567465645926
10400,3.4940770467122397
10500,5.968975067138672
10600,5.33863271077474
10700,4.594094753265381
10800,6.622628529866536
10900,4.332401275634766
11000,5.539935641818577
11100,5.68225622177124
11200,5.8213720703125
11300,6.0776777267456055
11400,4.432412465413411
11500,5.735130310058594
11600,5.376094818115234
11700,5.745019912719727
11800,5.675186504017223
11900,6.1654716491699215
12000,4.850314458211263
12100,5.83623743057251
12200,4.952913284301758
12300,5.01396233694894
12400,4.958740234375
12500,4.332260513305664
12600,4.776435852050781
12700,6.030545321377841
12800,5.20799446105957
12900,4.636274065290179
13000,6.7748122215271
13100,5.945880889892578
13200,4.403545379638672
13300,4.955880846296038
13400,5.594403584798177
13500,4.9308513641357425
13600,6.20542738172743
13700,6.145862155490452
13800,5.726727803548177
13900,5.3631711687360495
14000,5.984403882707868
14100,5.660343933105469
14200,4.900844097137451
14300,5.286350250244141
14400,6.969597816467285
14500,5.819582462310791
14600,5.710650634765625
14700,4.955202579498291
14800,6.223336900983538
14900,4.914593832833426
15000,6.027212142944336
15100,6.470034599304199
15200,4.447606563568115
15300,6.412432861328125
15400,5.990364074707031
15500,5.076803207397461
15600,5.783159255981445
15700,5.103026580810547
15800,5.421794128417969
15900,6.519713931613499
16000,5.329985724555121
16100,5.077144940694173
16200,8.0075101852417
16300,4.716756184895833
16400,6.500219865278765
16500,4.162653241838727
16600,5.157623672485352
16700,6.249518203735351
16800,5.829687754313151
16900,5.095363616943359
17000,5.262360042995876
17100,5.174619947160993
17200,6.782320658365886
17300,5.7597240871853295
17400,5.97320556640625
17500,6.906541442871093
17600,5.7156822204589846
17700,6.040286671031605
17800,9.112399419148764
17900,5.464664459228516
18000,6.112954139709473
18100,6.612093244280134
18200,5.465251377650669
18300,4.545033863612583
18400,6.695786868824678
18500,5.890800476074219
18600,5.726005554199219
18700,3.809375445048014
18800,4.7838215827941895
18900,5.912872314453125
19000,5.438617706298828
19100,5.502988988702947
19200,6.167359785600142
19300,5.374155426025391
19400,5.188047136579241
19500,6.1843109130859375
19600,4.735498640272352
19700,5.350659370422363
19800,6.257202842018821
19900,5.83773686335637
20000,5.891448974609375
1,40.70113688924571
1,8.156094963890906
20100,6.317301177978516
20200,6.060689163208008
20300,6.006671905517578
20400,3.246668497721354
20500,5.980564541286892
20600,5.360429890950521
20700,4.206546306610107
20800,6.238297780354817
20900,4.108102798461914
21000,5.074011908637153
21100,5.231235504150391
21200,6.03265380859375
21300,5.918147563934326
21400,4.319882710774739
21500,5.548063278198242
21600,5.337819417317708
21700,5.516813278198242
21800,5.692472284490412
21900,6.268595123291016
22000,4.81118647257487
22100,5.872620582580566
22200,5.167515277862549
22300,5.014129638671875
22400,4.867491912841797
22500,3.9049537658691404
22600,4.429724502563476
22700,5.878571250221946
22800,4.992860794067383
22900,4.377780369349888
23000,6.497403144836426
23100,6.007491111755371
23200,4.0005084446498325
23300,4.699929373604911
23400,5.229605992635091
23500,4.839200592041015
23600,6.129945543077257
23700,6.015040927463108
23800,5.529574076334636
23900,4.681563241141183
24000,5.7889813014439175
24100,5.708041763305664
24200,4.541347980499268
24300,5.019035720825196
24400,6.872741222381592
24500,5.778833866119385
24600,5.429423904418945
24700,5.070521831512451
24800,6.0331573486328125
24900,4.751890999930246
25000,5.764687538146973
25100,6.543242454528809
25200,4.42399787902832
25300,6.202464294433594
25400,6.033963521321614
25500,4.833160400390625
25600,5.554059346516927
25700,5.0770515441894535
25800,5.134858322143555
25900,6.491372426350911
26000,5.656541188557942
26100,5.301563262939453
26200,8.088857650756836
26300,4.619116041395399
26400,6.278773221102628
26500,4.133573532104492
26600,5.036643218994141
26700,6.035031127929687
26800,5.716485341389974
26900,4.8587870597839355
27000,5.0942971971299915
27100,4.9608306884765625
27200,6.776063283284505
27300,5.63655259874132
27400,5.913777864896334
27500,6.804013061523437
27600,5.718384170532227
27700,6.1590659401633525
27800,8.38909657796224
27900,4.972054072788784
28000,6.125749588012695
28100,6.201327732631138
28200,5.18238285609654
28300,4.319371359688895
28400,6.797189151539522
28500,5.693072319030762
28600,5.787672678629558
28700,3.5051698684692383
28800,4.706812858581543
28900,5.7047601179643115
29000,5.15130844116211
29100,5.483489990234375
29200,5.8952109596946025
29300,5.4248310089111325
29400,4.764065333775112
29500,6.257546561104911
29600,4.588190290662977
29700,5.343134880065918
29800,6.151460127397017
29900,5.852610074556791
30000,5.8566460609436035
2,37.764975069284425
2,9.352737106055848
30100,6.026642227172852
30200,6.1859783172607425
30300,5.641989026750837
30400,3.2036526997884116
30500,5.821461995442708
30600,5.230014038085938
30700,3.7977137565612793
30800,6.0567887624104815
30900,3.9477256139119468
31000,4.893737369113499
31100,4.907949447631836
31200,6.00460693359375
31300,5.854800224304199
31400,4.2169539133707685
31500,5.327731609344482
31600,5.009194691975911
31700,5.389140446980794
31800,5.742605382745916
31900,6.212176132202148
32000,4.802279790242513
32100,6.024481296539307
32200,5.405094146728516
32300,4.6353961399623325
32400,4.8847900390625
32500,3.7976394653320313
32600,4.118775177001953
32700,5.827317671342329
32800,4.80693473815918
32900,4.169743129185268
33000,6.24332857131958
33100,5.995063781738281
33200,3.706728526524135
33300,4.715914590018136
33400,4.950020472208659
33500,4.698561096191407
33600,6.188514285617405
33700,5.706529405381945
33800,5.546637852986653
33900,4.573057992117746
34000,5.5306854248046875
34100,5.671663665771485
34200,4.367979526519775
34300,5.042177963256836
34400,6.705841064453125
34500,5.688480377197266
34600,5.05816650390625
34700,5.028721332550049
34800,5.947641100202288
34900,4.567750658307757
35000,5.745140075683594
35100,6.477804183959961
35200,4.301254749298096
35300,6.0256813049316404
35400,5.959557003445095
35500,4.629006385803223
35600,5.414798100789388
35700,5.032542419433594
35800,5.137776184082031
35900,6.42484368218316
36000,5.3494152492947045
36100,5.184978485107422
36200,7.977786540985107
36300,4.712906307644314
36400,6.10775410045277
36500,4.096704210553851
36600,5.089020538330078
36700,5.761422348022461
36800,5.63603401184082
36900,4.504658222198486
37000,5.087347242567274
37100,4.713631766183036
37200,6.597003936767578
37300,5.46792475382487
37400,6.135806743915264
37500,6.8503875732421875
37600,5.711452484130859
37700,6.1861724853515625
37800,8.020131429036459
37900,4.741699763706753
38000,6.1899333000183105
38100,6.034671238490513
38200,4.877070835658482
38300,4.066304888044085
38400,6.819954367244945
38500,5.420344352722168
38600,5.836057662963867
38700,3.525089899698893
38800,4.141379356384277
38900,5.460675326260653
39000,5.023535919189453
39100,5.485252380371094
39200,5.685791709206321
39300,5.221578979492188
39400,4.2978395734514505
39500,6.209977286202567
39600,4.405369228786892
39700,5.402515888214111
39800,5.876690951260653
39900,5.677828275240385
40000,5.7801833152771
3,35.92898521398525
3,10.183544332508268
40100,5.749240875244141
40200,6.100603866577148
40300,5.442284175327846
40400,3.2787144978841147
40500,5.570545196533203
40600,5.214037577311198
40700,3.6445701122283936
40800,5.915036519368489
40900,3.8611412048339844
41000,4.846824645996094
41100,4.797524452209473
41200,6.10903076171875
41300,5.711931228637695
41400,4.14045778910319
41500,5.30551290512085
41600,4.91939131418864
41700,5.343730290730794
41800,5.773380279541016
41900,6.152994537353516
42000,4.667925516764323
42100,5.829462051391602
42200,4.9633965492248535
42300,4.317809786115374
42400,4.485627365112305
42500,3.6771331787109376
42600,3.8894039154052735
42700,5.703953136097301
42800,4.813434219360351
42900,4.115216663905552
43000,5.151937007904053
43100,5.930387496948242
43200,3.5779318128313338
43300,4.565797805786133
43400,4.768342971801758
43500,4.599263763427734
43600,6.117485894097222
43700,5.4463857014973955
43800,5.539124806722005
43900,4.37005261012486
44000,5.385046822684152
44100,5.618067932128906
44200,4.249015808105469
44300,4.894144058227539
44400,6.782792568206787
44500,5.686220645904541
44600,4.590517807006836
44700,4.882602214813232
44800,5.984964643205915
44900,4.3892669677734375
45000,5.8136396408081055
45100,6.363612174987793
45200,4.181848526000977
45300,5.895877075195313
45400,5.829167260064019
45500,4.495872497558594
45600,5.561246236165364
45700,4.870536041259766
45800,5.130628204345703
45900,6.455186631944445
46000,5.246049245198567
46100,5.070493062337239
46200,8.052725791931152
46300,4.766935560438368
46400,6.001127763227983
46500,4.063050406319754
46600,5.079874801635742
46700,5.584123229980468
46800,5.510288238525391
46900,4.24048376083374
47000,4.941947089301215
47100,4.585197448730469
47200,6.577697118123372
47300,5.347809685601129
47400,6.07775644155649
47500,6.721882629394531
47600,5.6703651428222654
47700,6.086873834783381
47800,7.698609034220378
47900,4.621451241629464
48000,6.194557189941406
48100,5.795356205531529
48200,4.598185947963169
48300,3.8804223196847096
48400,6.762931374942555
48500,5.308961868286133
48600,5.8177750905354815
48700,3.1710964838663735
48800,3.8446688652038574
48900,5.329548575661399
49000,4.922882461547852
49100,5.503678061745384
49200,5.562045010653409
49300,4.944831848144531
49400,4.096268245152065
49500,6.192423139299665
49600,4.297087775336371
49700,5.080506324768066
49800,5.774483767422763
49900,5.84240487905649
50000,5.715946674346924
4,34.68877347450361
4,11.074510407242354
50100,5.185076141357422
50200,5.945950698852539
50300,5.3236509050641745
50400,3.2718960444132485
50500,5.303715176052517
50600,5.299985758463541
50700,3.4885852336883545
50800,5.764573415120442
50900,3.7933152516682944
51000,4.735711839463976
51100,4.711154460906982
51200,6.177786865234375
51300,5.695619583129883
51400,4.088748296101888
51500,5.270389080047607
51600,4.816843032836914
51700,5.20553461710612
51800,5.788029063831676
51900,6.1121368408203125
52000,4.599331537882487
52100,5.744084358215332
52200,5.248602390289307
52300,4.14704350062779
52400,4.328153991699219
52500,3.569062042236328
52600,3.80697021484375
52700,5.5429229736328125
52800,4.710670852661133
52900,4.0153705051967075
53000,4.860831260681152
53100,5.8790202140808105
53200,3.390528542654855
53300,4.40956061226981
53400,4.822141329447429
53500,4.48600959777832
53600,6.076648288302952
53700,5.22930908203125
53800,5.483243942260742
53900,4.199462890625
54000,5.274410247802734
54100,5.563999176025391
54200,4.171525001525879
54300,4.841950607299805
54400,6.40773344039917
54500,5.579235076904297
54600,4.369227600097656
54700,4.79180383682251
54800,5.875547681535993
54900,4.246516636439732
55000,5.476033687591553
55100,6.403041839599609
55200,4.076735496520996
55300,5.832732391357422
55400,5.819891187879774
55500,4.4204182624816895
55600,5.459672292073567
55700,5.035939788818359
55800,4.93427619934082
55900,6.406941731770833
56000,5.1404236687554254
56100,4.930638313293457
56200,7.960011005401611
56300,4.78465822007921
56400,5.950097517533735
56500,4.019500732421875
56600,5.088598251342773
56700,5.460399627685547
56800,5.442970275878906
56900,3.6624882221221924
57000,4.8467907375759545
57100,4.366267613002232
57200,6.484734853108724
57300,5.303513420952691
57400,6.098684457632212
57500,6.585496520996093
57600,5.771624755859375
57700,6.2096079046076
57800,7.217355092366536
57900,4.359948294503348
58000,6.164425373077393
58100,5.569618770054409
58200,4.451620919363839
58300,3.669600622994559
58400,6.761041080250459
58500,5.255203723907471
58600,5.6987565358479815
58700,3.103492101033529
58800,3.9195096492767334
58900,5.303835782137784
59000,4.867798614501953
59100,5.5802553350275215
59200,5.476747339422053
59300,4.406011581420898
59400,3.8710621425083707
59500,6.1730548313685825
59600,4.109725528293186
59700,5.091576099395752
59800,5.712850397283381
59900,5.496505150428185
60000,5.713626861572266
5,33.83907799092714
5,11.378712446877913
60100,4.986733245849609
60200,5.5280921936035154
60300,5.129704066685268
60400,3.124624252319336
60500,5.152058495415582
60600,5.2187952677408855
60700,3.360100030899048
60800,5.705238342285156
60900,3.678562800089518
61000,4.54628668891059
61100,4.81016731262207
61200,6.190543212890625
61300,5.66610050201416
61400,4.083061536153157
61500,5.1702470779418945
61600,4.665483474731445
61700,5.08336067199707
61800,5.686687122691762
61900,6.175210571289062
62000,4.578788121541341
62100,5.555161476135254
62200,5.069839000701904
62300,3.976665769304548
62400,4.419047546386719
62500,3.5325111389160155
62600,3.707183837890625
62700,5.405428452925249
62800,4.566366958618164
62900,3.9290335518973216
63000,5.220224857330322
63100,5.553504943847656
63200,3.3856353759765625
63300,4.5449725559779575
63400,4.699922561645508
63500,4.334255218505859
63600,6.02410888671875
63700,5.0883433024088545
63800,5.26345698038737
63900,4.018421173095703
64000,5.142051696777344
64100,5.386677551269531
64200,4.093957901000977
64300,4.727273941040039
64400,6.422418594360352
64500,5.579977989196777
64600,4.157572174072266
64700,4.716487884521484
64800,5.734856741768973
64900,4.15020751953125
65000,5.3985185623168945
65100,6.35582160949707
65200,3.969794511795044
65300,5.841219329833985
65400,5.830782572428386
65500,4.4083170890808105
65600,5.168396631876628
65700,4.995207977294922
65800,4.835416793823242
65900,6.344546847873264
66000,5.0322070651584205
66100,4.808220863342285
66200,7.945323944091797
66300,4.769508361816406
66400,5.929668773304332
66500,3.864203316824777
66600,5.024575805664062
66700,5.321424102783203
66800,5.39842414855957
66900,3.7656028270721436
67000,4.845702277289496
67100,4.43456677028111
67200,6.390490214029948
67300,5.285572052001953
67400,5.945338322566106
67500,6.53356704711914
67600,5.823324966430664
67700,6.213254061612216
67800,6.747524261474609
67900,3.9557271684919084
68000,6.068872451782227
68100,5.4455718994140625
68200,4.343353271484375
68300,3.37845093863351
68400,6.803965849034927
68500,5.161397457122803
68600,5.491546630859375
68700,2.909434954325358
68800,3.623457431793213
68900,5.253060427579013
69000,4.837068557739258
69100,5.6453312960538
69200,5.385471343994141
69300,4.254692840576172
69400,3.710826873779297
69500,5.957616533551898
69600,3.9586385091145835
69700,5.180329322814941
69800,5.6213226318359375
69900,5.486760066105769
70000,5.654510021209717
6,33.165539236116295
6,12.444999076372671
70100,4.790019989013672
70200,5.485349655151367
70300,5.037753513881138
70400,3.1273460388183594
70500,4.969214121500651
70600,5.1426244099934895
70700,3.1992578506469727
70800,5.550088246663411
70900,3.558961868286133
71000,4.467215220133464
71100,5.019320487976074
71200,6.077972412109375
71300,5.568236827850342
71400,4.032978693644206
71500,5.195554733276367
71600,4.540751775105794
71700,4.980902036031087
71800,5.613610701127485
71900,6.118986511230469
72000,4.505448659261067
72100,5.529420852661133
72200,5.1071553230285645
72300,3.6816253662109375
72400,4.408247375488282
72500,3.464438247680664
72600,3.5882328033447264
72700,5.37703462080522
72800,4.4522544860839846
72900,3.8135741097586497
73000,4.9264373779296875
73100,5.4336652755737305
73200,3.308698926653181
73300,4.186684199741909
73400,4.439984639485677
73500,4.222074508666992
73600,5.852544572618273
73700,5.083706749810113
73800,5.327295303344727
73900,3.8714506966727122
74000,5.080223083496094
74100,5.3740394592285154
74200,3.96232271194458
74300,4.665690994262695
74400,6.438153266906738
74500,5.402497291564941
74600,3.873728942871094
74700,4.681848049163818
74800,5.820793696812221
74900,3.9564301627022878
75000,5.265612602233887
75100,6.352175235748291
75200,4.16010856628418
75300,5.7224273681640625
75400,5.811047871907552
75500,4.433073997497559
75600,5.115589777628581
75700,4.946873474121094
75800,4.8575489044189455
75900,6.200200822618273
76000,4.810276455349392
76100,4.631287892659505
76200,7.972283840179443
76300,4.812111324734158
76400,5.8576507568359375
76500,3.574203218732561
76600,5.0204315185546875
76700,5.266811370849609
76800,5.352692286173503
76900,3.6637301445007324
77000,4.905685848659939
77100,4.337518692016602
77200,6.362044016520183
77300,5.227332221137153
77400,5.95213141808143
77500,6.427037048339844
77600,5.936779022216797
77700,6.217281688343395
77800,6.372965494791667
77900,3.7072271619524275
78000,5.83981990814209
78100,5.257625579833984
78200,4.374456405639648
78300,3.293841225760324
78400,6.707910425522748
78500,5.123497009277344
78600,5.113855361938477
78700,2.825751622517904
78800,3.5842905044555664
78900,5.2156899192116475
79000,4.820954513549805
79100,5.54831938310103
79200,5.278350483287465
79300,4.258258056640625
79400,3.5575594220842635
79500,5.966741289411273
79600,3.775277031792535
79700,4.941043376922607
79800,5.482464877041903
79900,5.302855271559495
80000,5.74241828918457
7,33.012509672087646
7,13.09522089953085
80100,4.571501541137695
80200,5.37774772644043
80300,4.976398468017578
80400,2.9268554051717124
80500,4.790308210584852
80600,5.153816223144531
80700,3.098578453063965
80800,5.402388254801433
80900,3.413740793863932
81000,4.200739118787977
81100,4.670793533325195
81200,6.0307666015625
81300,5.561190128326416
81400,4.021435419718425
81500,5.116551876068115
81600,4.408820470174153
81700,4.8679609298706055
81800,5.676119717684659
81900,6.378599166870117
82000,4.4137827555338545
82100,5.398753643035889
82200,4.951193332672119
82300,3.4274624415806363
82400,4.2834625244140625
82500,3.4398773193359373
82600,3.4570098876953126
82700,5.2338315790349785
82800,4.385845565795899
82900,3.7054961068289622
83000,4.6737961769104
83100,5.290457248687744
83200,3.1854820251464844
83300,3.953465053013393
83400,4.300966898600261
83500,4.265245056152343
83600,5.82315190633138
83700,4.985588073730469
83800,5.149908065795898
83900,3.7213717869349887
84000,4.931181771414621
84100,5.412247848510742
84200,3.883035182952881
84300,4.6098579406738285
84400,6.319061279296875
84500,5.694696426391602
84600,3.6755550384521483
84700,4.6497955322265625
84800,5.736321040562221
84900,3.8581000736781528
85000,5.08350944519043
85100,6.316791534423828
85200,4.034529209136963
85300,5.67286262512207
85400,5.796698252360026
85500,4.399144172668457
85600,4.881899833679199
85700,4.957272338867187
85800,4.676830291748047
85900,6.132097880045573
86000,4.618409474690755
86100,4.589987754821777
86200,7.882102966308594
86300,4.820279439290364
86400,5.770350369540128
86500,3.4591222490583147
86600,5.020117568969726
86700,5.29102897644043
86800,5.345930099487305
86900,3.3850531578063965
87000,4.966575622558594
87100,4.422722680228097
87200,6.310733159383138
87300,5.1322580973307295
87400,5.706451416015625
87500,6.3726146697998045
87600,5.929516220092774
87700,6.32587294145064
87800,6.062920252482097
87900,3.5919080461774553
88000,5.924779891967773
88100,5.102268218994141
88200,4.204033987862723
88300,3.0502215794154575
88400,6.583625793457031
88500,5.089771270751953
88600,5.045371691385905
88700,2.755208969116211
88800,3.248023509979248
88900,5.197341225363991
89000,4.829662704467774
89100,5.440112374045632
89200,5.109488053755327
89300,4.117395401000977
89400,3.408477238246373
89500,5.8430055890764505
89600,3.657276577419705
89700,4.599789619445801
89800,5.438156821511009
89900,5.265571007361779
90000,5.763062477111816
8,32.44658925812567
8,13.711998418993113
90100,4.487162017822266
90200,5.323980712890625
90300,4.855700356619699
90400,3.0898660024007163
90500,4.568014780680339
90600,5.318409220377604
90700,2.975217580795288
90800,5.634102503458659
90900,3.257664680480957
91000,4.029213375515408
91100,4.880614757537842
91200,6.021117553710938
91300,5.508938312530518
91400,4.109102249145508
91500,5.1848530769348145
91600,4.3091684977213545
91700,4.747654279073079
91800,5.498264659534801
91900,6.430549621582031
92000,4.390254974365234
92100,5.266757965087891
92200,4.838579177856445
92300,3.221052442278181
92400,4.304871368408203
92500,3.3721244812011717
92600,3.3164436340332033
92700,5.249469410289418
92800,4.28306884765625
92900,3.6078360421316966
93000,4.398940086364746
93100,5.422756671905518
93200,3.107496534075056
93300,3.640280314854213
93400,4.184725443522136
93500,4.247576904296875
93600,5.643107520209418
93700,4.988443162706163
93800,5.207004229227702
93900,3.598980222429548
94000,4.788281576974051
94100,5.387406921386718
94200,3.675065517425537
94300,4.326359558105469
94400,6.285564422607422
94500,5.784319877624512
94600,3.466388702392578
94700,4.662300109863281
94800,5.666969299316406
94900,3.749615260532924
95000,4.83061408996582
95100,6.3327507972717285
95200,3.9014923572540283
95300,5.533562088012696
95400,5.611696879069011
95500,4.366494178771973
95600,5.115479151407878
95700,5.093995666503906
95800,4.700809478759766
95900,5.964628431532118
96000,4.804907904730903
96100,4.547305425008138
96200,7.717762470245361
96300,4.745323181152344
96400,5.736758492209694
96500,3.4419768197195872
96600,4.9371696472167965
96700,5.034698486328125
96800,5.050432205200195
96900,3.274240732192993
97000,4.94568591647678
97100,4.203814370291574
97200,6.212639490763347
97300,5.011289808485243
97400,5.679202740009014
97500,6.257037734985351
97600,6.00402603149414
97700,6.285200639204546
97800,5.899512608846028
97900,3.4401419503348216
98000,6.040787696838379
98100,4.931882585797991
98200,3.871335710797991
98300,2.898624965122768
98400,6.542858348173254
98500,5.098647117614746
98600,4.90237299601237
98700,2.702409108479818
98800,2.9071543216705322
98900,5.112803372469815
99000,4.701924514770508
99100,5.306895862926137
99200,5.0368288213556465
99300,3.9541725158691405
99400,3.289170401436942
99500,5.870055062430246
99600,3.5250947740342884
99700,4.586946964263916
99800,5.40313096479936
99900,5.418590839092548
100000,5.8328728675842285
9,32.15240808174707
9,14.12783759018141
100100,4.156138610839844
100200,5.264371490478515
100300,4.759703499930246
100400,2.8328444163004556
100500,4.302408854166667
100600,5.1010686238606775
100700,2.9054653644561768
100800,5.400736490885417
100900,3.172908147176107
101000,3.895743899875217
101100,4.665295600891113
101200,5.933271484375
101300,5.443099021911621
101400,3.9558162689208984
101500,5.230292797088623
101600,4.185403505961101
101700,4.635247548421224
101800,5.435911005193537
101900,6.264534759521484
102000,4.190547943115234
102100,5.1832404136657715
102200,4.888594150543213
102300,2.9899989536830356
102400,4.273739624023437
102500,3.322774124145508
102600,3.4173927307128906
102700,5.147117267955434
102800,4.20581169128418
102900,3.517960412161691
103000,4.2479448318481445
103100,5.296180725097656
103200,3.1165199279785156
103300,3.7232518877301897
103400,4.082753817240397
103500,4.0542152404785154
103600,5.5231518215603295
103700,4.898405287000868
103800,4.928457260131836
103900,3.414752687726702
104000,4.595042637416294
104100,5.306930923461914
104200,3.6572632789611816
104300,4.3166015625
104400,6.203313827514648
104500,5.759669303894043
104600,3.3217445373535157
104700,4.540547847747803
104800,5.678134918212891
104900,3.9032554626464844
105000,4.794068336486816
105100,6.365790367126465
105200,3.807685136795044
105300,5.473758697509766
105400,5.431860605875651
105500,4.529989719390869
105600,4.9277089436848955
105700,5.085542297363281
105800,4.610827255249023
105900,5.692200978597005
106000,4.674506293402778
106100,4.392714500427246
106200,7.761624813079834
106300,4.757967631022136
106400,5.574086275967685
106500,3.3590965270996094
106600,4.861847686767578
106700,4.94305419921875
106800,5.058651288350423
106900,3.044889450073242
107000,5.010582817925347
107100,4.094262804303851
107200,6.124148050944011
107300,4.968424479166667
107400,5.625865642841045
107500,6.173310852050781
107600,5.795953750610352
107700,6.404455011541193
107800,5.644997914632161
107900,3.437579563685826
108000,5.949462413787842
108100,4.8140732901436945
108200,3.481982639857701
108300,2.7946570260184154
108400,6.4740124870749085
108500,5.034660816192627
108600,4.853312810262044
108700,2.6054819424947104
108800,2.8676514625549316
108900,5.054396195845171
109000,4.621136093139649
109100,5.25297754461115
109200,4.982290788130327
109300,3.753860855102539
109400,3.217969076974051
109500,6.066027505057199
109600,3.396064970228407
109700,4.477771282196045
109800,5.342148520729759
109900,5.29168701171875
110000,5.714730262756348
10,31.949920575811973
10,14.348968966975553
110100,4.042835998535156
110200,5.221168136596679
110300,4.65985107421875
110400,2.8312803904215493
110500,4.159056769476996
110600,5.049102783203125
110700,2.8214454650878906
110800,5.250603993733724
110900,3.0582078297932944
111000,3.8667195638020835
111100,4.766709327697754
111200,5.857465209960938
111300,5.428239345550537
111400,3.914036432902018
111500,5.044605255126953
111600,4.1224619547526045
111700,4.644760449727376
111800,5.204620014537465
111900,6.0945484161376955
112000,4.175355911254883
112100,5.050470352172852
112200,4.678659915924072
112300,3.0539354596819197
112400,4.250495910644531
112500,3.565285491943359
112600,3.3742324829101564
112700,4.88942441073331
112800,4.2519287109375
112900,3.321051461356027
113000,4.376916885375977
113100,5.048253059387207
113200,3.13498170035226
113300,3.3574071611676897
113400,4.037394841512044
113500,4.0098308563232425
113600,5.370672437879774
113700,4.866606818305121
113800,4.9438050587972
113900,3.331735066005162
114000,4.703135899135044
114100,5.127881622314453
114200,3.5714120864868164
114300,4.307949829101562
114400,6.193663597106934
114500,5.588400840759277
114600,3.1474533081054688
114700,4.512445449829102
114800,5.772335052490234
114900,3.8157577514648438
115000,4.558911323547363
115100,6.266482353210449
115200,3.6904239654541016
115300,5.335895538330078
115400,5.319905175103082
115500,4.3560638427734375
115600,4.339533805847168
115700,4.856089019775391
115800,4.45145263671875
115900,5.480092366536458
116000,4.557731628417969
116100,4.295254389444987
116200,7.757462978363037
116300,4.661294301350911
116400,5.271285317160866
116500,3.1790575299944197
116600,4.748811340332031
116700,4.871616363525391
116800,5.057057698567708
116900,3.0233263969421387
117000,5.005616505940755
117100,4.0808884756905695
117200,6.034533818562825
117300,4.794789632161458
117400,5.671472989595854
117500,6.0055488586425785
117600,6.017754745483399
117700,5.979541431773793
117800,5.449273427327474
117900,3.2975940704345703
118000,5.8562164306640625
118100,4.685941968645368
118200,3.171036584036691
118300,2.645282745361328
118400,6.369074204388787
118500,4.980829238891602
118600,4.67213503519694
118700,2.559621493021647
118800,2.8313817977905273
118900,5.048487576571378
119000,4.497697448730468
119100,5.297321666370738
119200,4.939955277876421
119300,3.8375675201416017
119400,3.011023385184152
119500,5.932070050920759
119600,3.2533206939697266
119700,4.483853340148926
119800,5.25242129239169
119900,5.166088397686298
120000,5.738749027252197
11,32.143116288861556
11,14.9122127038246
120100,3.884539794921875
120200,5.082288360595703
120300,4.573378426688058
120400,2.6795005798339844
120500,4.030323028564453
120600,5.203634134928385
120700,2.7605667114257812
120800,4.9010874430338545
120900,3.027421315511068
121000,3.8408838907877603
121100,4.985842227935791
121200,5.871273803710937
121300,5.397529602050781
121400,3.8113492329915366
121500,4.769755840301514
121600,3.9863758087158203
121700,4.497946739196777
121800,5.195877768776634
121900,6.220119857788086
122000,4.295877774556478
122100,4.996902942657471
122200,4.502511024475098
122300,2.7983600071498325
122400,3.997990036010742
122500,3.472983551025391
122600,3.349422073364258
122700,5.428906180641868
122800,4.146427917480469
122900,3.2821737016950334
123000,4.005515098571777
123100,4.930164337158203
123200,3.1366871425083707
123300,3.4067701612200056
123400,3.9330453872680664
123500,3.8183589935302735
123600,5.282457139756945
123700,4.765908559163411
123800,4.764911651611328
123900,3.2609236580984935
124000,4.36511720929827
124100,5.466204452514648
124200,3.6401400566101074
124300,4.206732940673828
124400,6.282590389251709
124500,5.782679080963135
124600,3.0922710418701174
124700,4.455302715301514
124800,5.604069301060268
124900,3.574733189174107
125000,4.438368797302246
125100,6.167746543884277
125200,3.6240992546081543
125300,5.224935150146484
125400,5.49894544813368
125500,4.4887590408325195
125600,4.749172210693359
125700,5.121827697753906
125800,4.63250732421875
125900,5.612778557671441
126000,5.106468200683594
126100,4.104132334391276
126200,7.587925434112549
126300,4.728939480251736
126400,5.204170573841441
126500,3.088975633893694
126600,4.866207122802734
126700,4.765280914306641
126800,4.900011698404948
126900,2.9046177864074707
127000,5.019324408637153
127100,4.174352645874023
127200,5.936428705851237
127300,4.692580329047309
127400,5.436526958759014
127500,5.919505310058594
127600,6.018210601806641
127700,6.158027648925781
127800,5.592591603597005
127900,3.2667811257498607
128000,5.86609411239624
128100,4.503670283726284
128200,3.260055814470564
128300,2.5973096575055803
128400,6.30290626077091
128500,4.798372268676758
128600,4.565790176391602
128700,2.4702123006184897
128800,2.890202522277832
128900,5.22270376032049
129000,4.649726104736328
129100,5.327571522105824
129200,4.864927118474787
129300,3.7577835083007813
129400,3.237579345703125
129500,5.907019478934152
129600,3.1823342641194663
129700,4.2970452308654785
129800,5.311559503728693
129900,5.272980323204627
130000,5.567944526672363
12,32.306458590715046
12,15.347587789162883
130100,3.649794006347656
130200,5.060302734375
130300,4.443365914481027
130400,2.650944391886393
130500,3.8918974134657116
130600,5.182253519694011
130700,2.7356510162353516
130800,4.9678910573323565
130900,2.9492823282877603
131000,3.7980673048231335
131100,5.165308952331543
131200,5.979051513671875
131300,5.444096565246582
131400,3.716329574584961
131500,5.181140899658203
131600,3.879645665486654
131700,4.369505564371745
131800,5.117361588911577
131900,6.083945083618164
132000,4.263551712036133
132100,4.904688358306885
132200,4.121972560882568
132300,2.848285402570452
132400,4.035536193847657
132500,3.3619110107421877
132600,3.345966339111328
132700,5.2840707952326
132800,4.111385345458984
132900,3.115262712751116
133000,3.9005637168884277
133100,4.818891525268555
133200,3.0342379978724887
133300,3.074657440185547
133400,3.8135655721028647
133500,3.773743438720703
133600,5.267799801296658
133700,4.634156121148004
133800,4.7803850173950195
133900,3.1976002284458707
134000,4.280230385916574
134100,5.2228130340576175
134200,3.4101014137268066
134300,4.038448715209961
134400,6.304900646209717
134500,5.530860424041748
134600,3.0262191772460936
134700,4.3494133949279785
134800,5.942469460623605
134900,3.396398271833147
135000,4.312187194824219
135100,6.067887306213379
135200,3.6758100986480713
135300,5.280855178833008
135400,5.459821489122179
135500,4.529470443725586
135600,4.31919542948405
135700,5.165774536132813
135800,4.4470878601074215
135900,5.5705820719401045
136000,4.927627987331814
136100,3.8472493489583335
136200,7.29887056350708
136300,4.758968353271484
136400,5.1182316866788
136500,3.0658700125558034
136600,4.871710205078125
136700,4.849276733398438
136800,4.913776715596517
136900,3.152712345123291
137000,4.990987989637587
137100,4.0747816903250555
137200,5.866178512573242
137300,4.763207753499349
137400,5.314915583683894
137500,6.0769798278808596
137600,6.274614334106445
137700,6.14769883589311
137800,5.441195170084636
137900,3.083296639578683
138000,5.730307579040527
138100,4.325622013636997
138200,3.087512425013951
138300,2.5119100298200334
138400,6.498090407427619
138500,4.862897872924805
138600,4.557289759318034
138700,2.7794481913248696
138800,2.8053781986236572
138900,5.088203430175781
139000,4.58232536315918
139100,5.322011774236506
139200,4.779298262162642
139300,3.5491703033447264
139400,3.0025433131626675
139500,5.793229239327567
139600,3.110505845811632
139700,4.048886299133301
139800,5.246305639093572
139900,5.101711566631611
140000,5.574920654296875
13,32.84812529101985
13,15.557987953829885
140100,3.4479698181152343
140200,5.008684539794922
140300,4.36695316859654
140400,2.514776070912679
140500,3.75510491265191
140600,5.201292928059896
140700,2.657836437225342
140800,5.194939931233724
140900,2.9386574427286782
141000,3.721166822645399
141100,5.07479190826416
141200,6.07386962890625
141300,5.25807523727417
141400,3.617868423461914
141500,5.020996570587158
141600,4.016346295674642
141700,4.312480926513672
141800,5.060841993852095
141900,5.847510528564453
142000,4.140831629435222
142100,4.8382368087768555
142200,4.116076946258545
142300,2.5727975027901784
142400,3.885186767578125
142500,3.347549057006836
142600,3.076762008666992
142700,4.91810434514826
142800,4.017637634277344
142900,3.0234266008649553
143000,3.7603847980499268
143100,4.735254764556885
143200,2.6797692435128346
143300,2.92963136945452
143400,3.712892532348633
143500,3.6470901489257814
143600,5.255974663628472
143700,4.543421003553602
143800,4.742480595906575
143900,3.262566702706473
144000,4.1727801731654575
144100,5.349235916137696
144200,3.2897286415100098
144300,3.9346656799316406
144400,6.319340705871582
144500,5.497818470001221
144600,3.6319355010986327
144700,4.263918876647949
144800,5.456172943115234
144900,3.215914862496512
145000,4.404305458068848
145100,6.206756591796875
145200,3.4389896392822266
145300,5.310998916625977
145400,5.283374786376953
145500,4.375038146972656
145600,4.418659210205078
145700,4.881632232666016
145800,4.36341667175293
145900,5.803046332465278
146000,4.646882798936632
146100,3.7022644678751626
146200,7.129430294036865
146300,4.64883550008138
146400,5.177321000532671
146500,3.007507869175502
146600,4.670030212402343
146700,4.987923431396484
146800,4.921099662780762
146900,3.040219783782959
147000,4.954221089680989
147100,4.022499901907785
147200,5.915821075439453
147300,4.644909328884548
147400,5.5266559307391825
147500,5.903158569335938
147600,6.281676483154297
147700,5.895739468661222
147800,5.151052157084147
147900,3.0327200208391463
148000,5.482776165008545
148100,4.967771802629743
148200,2.868340083530971
148300,2.541016169956752
148400,6.1366868860581345
148500,4.716170310974121
148600,4.983396530151367
148700,2.991330146789551
148800,2.5759129524230957
148900,5.083912936123935
149000,4.433900451660156
149100,5.128835504705256
149200,4.667671203613281
149300,3.4812973022460936
149400,2.925220489501953
149500,5.813582284109933
149600,2.988071017795139
149700,3.8229846954345703
149800,5.182659149169922
149900,5.123514028695913
150000,5.337489128112793
14,32.84282344649733
14,16.348249229894872
150100,3.346587371826172
150200,5.069009780883789
150300,4.312344142368862
150400,2.487363338470459
150500,3.689019944932726
150600,5.317521158854166
150700,2.528228759765625
150800,4.815952301025391
150900,2.5987019538879395
151000,3.7028274536132812
151100,5.849145412445068
151200,6.18451416015625
151300,5.237762928009033
151400,3.5676771799723306
151500,5.124958038330078
151600,3.943206787109375
151700,4.123780886332194
151800,5.13629150390625
151900,5.887841033935547
152000,4.172929763793945
152100,4.686864852905273
152200,4.081231117248535
152300,2.363645553588867
152400,4.419159317016602
152500,3.183724594116211
152600,3.3668502807617187
152700,5.199965390292081
152800,4.126690292358399
152900,2.8986282348632812
153000,3.6691370010375977
153100,4.678418159484863
153200,2.8715787615094865
153300,2.685339791434152
153400,3.607741355895996
153500,3.5483657836914064
153600,5.017974005805121
153700,4.455706278483073
153800,4.758858362833659
153900,3.091250555855887
154000,3.996783937726702
154100,5.207981872558594
154200,3.5472841262817383
154300,3.79241828918457
154400,6.31868839263916
154500,5.551626205444336
154600,2.76453857421875
154700,4.260870933532715
154800,5.757698604038784
154900,3.0207797459193637
155000,4.183760166168213
155100,6.06445837020874
155200,3.5700931549072266
155300,5.128397750854492
155400,5.364980061848958
155500,4.500646591186523
155600,4.295826594034831
155700,4.658442687988281
155800,4.284355926513672
155900,5.399531894259983
156000,4.417451646592882
156100,3.8716182708740234
156200,7.247375965118408
156300,4.385840521918403
156400,5.10952411998402
156500,2.887775148664202
156600,4.746197891235352
156700,4.80427360534668
156800,4.975006739298503
156900,3.0731711387634277
157000,4.859934912787543
157100,3.980562210083008
157200,5.9441274007161455
157300,4.684692806667751
157400,5.241853567270132
157500,5.864585113525391
157600,5.923419952392578
157700,6.116600730202415
157800,4.960711161295573
157900,3.0107100350516185
158000,5.710529327392578
158100,4.512493133544922
158200,3.771039145333426
158300,2.371065412248884
158400,6.415365780101103
158500,4.77280855178833
158600,4.5339310963948565
158700,2.2902654012044272
158800,2.271994113922119
158900,4.974028847434304
159000,4.414854431152344
159100,5.184999292547053
159200,4.575791792436079
159300,3.5843532562255858
159400,3.014280046735491
159500,5.770191192626953
159600,2.8746053907606335
159700,3.7801613807678223
159800,5.193536931818182
159900,5.031027573805589
160000,5.273998737335205
15,33.67100121887496
15,16.279891304752642
160100,3.503175735473633
160200,4.996878433227539
160300,4.15111814226423
160400,2.400808652242025
160500,3.6833843655056424
160600,5.366150919596354
160700,2.519709587097168
160800,4.636435190836589
160900,2.4542744954427085
161000,3.655459933810764
161100,5.644768714904785
161200,6.245039672851562
161300,5.062122344970703
161400,3.4893665313720703
161500,5.058776378631592
161600,3.8876590728759766
161700,4.101540883382161
161800,4.662046605890447
161900,5.871276473999023
162000,3.912713368733724
162100,4.683712005615234
162200,3.9303107261657715
162300,2.3272933959960938
162400,3.788869094848633
162500,3.0810646057128905
162600,3.0663616180419924
162700,5.043613780628551
162800,3.9573043823242187
162900,2.8481810433523997
163000,3.557474374771118
163100,4.590845584869385
163200,2.6389988490513394
163300,2.620129721505301
163400,3.878419558207194
163500,3.444384002685547
163600,5.080743577745226
163700,4.328778584798177
163800,4.679177602132161
163900,3.2513978140694753
164000,3.9553075517926897
164100,5.184519577026367
164200,3.097233295440674
164300,3.85882568359375
164400,6.248875617980957
164500,5.373480319976807
164600,2.67065315246582
164700,4.2068681716918945
164800,5.7051288059779575
164900,2.971195765904018
165000,4.052844524383545
165100,5.904550552368164
165200,3.56219482421875
165300,5.141313934326172
165400,5.317788441975911
165500,4.147297382354736
165600,4.031762440999349
165700,4.611480712890625
165800,4.339888000488282
165900,5.704422420925564
166000,4.212125142415364
166100,3.5092105865478516
166200,6.933502197265625
166300,4.13370598687066
166400,5.009765625
166500,2.8223397391183034
166600,4.689403533935547
166700,4.537430191040039
166800,4.770974795023601
166900,2.769409418106079
167000,4.854283226860894
167100,3.7650647844587053
167200,5.758768081665039
167300,4.522060818142361
167400,5.3405597393329325
167500,5.769012451171875
167600,5.597103881835937
167700,5.853518399325284
167800,4.803859392801921
167900,2.8309753962925504
168000,5.567147731781006
168100,4.386852536882673
168200,2.7454640524727956
168300,2.2815373284476146
168400,6.317255805520451
168500,4.293071746826172
168600,4.3719940185546875
168700,2.3447314898173013
168800,2.209071159362793
168900,4.968707691539418
169000,4.593523788452148
169100,5.115855130282315
169200,4.439685127951882
169300,3.5429283142089845
169400,2.799197333199637
169500,6.060329437255859
169600,2.8120346069335938
169700,3.9203853607177734
169800,4.927177775989879
169900,4.960037818321815
170000,5.1940598487854
16,33.994811346924486
16,16.818497762209972
170100,3.4985935211181642
170200,4.721304321289063
170300,4.150458199637277
170400,2.3206868171691895
170500,3.4757520887586804
170600,5.163481140136719
170700,2.536850929260254
170800,4.514172236124675
170900,2.396676858266195
171000,3.8487201266818576
171100,5.247845649719238
171200,6.24416259765625
171300,5.00838041305542
171400,3.3875694274902344
171500,4.996798992156982
171600,3.764751752217611
171700,4.068580309549968
171800,4.536044380881569
171900,5.7470954895019535
172000,3.9439798990885415
172100,4.7399444580078125
172200,3.7303576469421387
172300,2.1400166920253207
172400,3.785523223876953
172500,2.9388057708740236
172600,3.175282669067383
172700,4.95181621204723
172800,4.00006103515625
172900,2.703881399972098
173000,3.4484434127807617
173100,4.629154682159424
173200,2.5531098502022878
173300,2.4161044529506137
173400,3.6791791915893555
173500,3.708037567138672
173600,4.737822638617621
173700,4.40505854288737
173800,4.595521926879883
173900,3.0919298444475447
174000,3.8991590227399553
174100,5.1609844207763675
174200,3.0384926795959473
174300,3.863500213623047
174400,6.121334552764893
174500,5.327627182006836
174600,2.5749267578125
174700,4.127058029174805
174800,5.356913975306919
174900,2.8499319893973216
175000,3.9289357662200928
175100,5.725098133087158
175200,3.768240451812744
175300,5.166236114501953
175400,5.280224270290798
175500,3.995516300201416
175600,4.124046325683594
175700,4.579153823852539
175800,4.442343902587891
175900,5.222924126519097
176000,4.154793633355035
176100,3.7163832982381186
176200,6.991464138031006
176300,4.123386806911892
176400,4.875898187810725
176500,2.8361124311174666
176600,4.847052764892578
176700,4.605099105834961
176800,4.896509170532227
176900,2.843723773956299
177000,4.787273830837673
177100,3.674299785069057
177200,5.834016799926758
177300,4.335476345486111
177400,4.992430466871995
177500,5.71439208984375
177600,5.702312088012695
177700,5.764620694247159
177800,4.554057439168294
177900,2.7551961626325334
178000,5.630688667297363
178100,4.096845354352679
178200,2.7860396248953685
178300,2.1893164770943776
178400,6.243415832519531
178500,4.305037975311279
178600,4.338930765787761
178700,2.1597534815470376
178800,2.008591651916504
178900,4.917959733442827
179000,4.312350845336914
179100,4.980873107910156
179200,4.340043501420454
179300,3.434136962890625
179400,3.173779623849051
179500,5.840456826346261
179600,2.679639392428928
179700,3.820450782775879
179800,5.011015111749822
179900,4.898089775672326
180000,5.052228927612305
17,34.24454241146285
17,16.59163673181741
180100,3.231264114379883
180200,4.634544372558594
180300,4.046895435878208
180400,2.307433764139811
180500,3.67144775390625
180600,5.02924550374349
180700,2.371673583984375
180800,4.414997418721517
180900,2.493978182474772
181000,3.473285675048828
181100,5.153293132781982
181200,6.2196807861328125
181300,4.981985092163086
181400,3.3377259572347007
181500,4.921177864074707
181600,3.6536620457967124
181700,3.7982400258382163
181800,4.592554265802557
181900,5.9836479187011715
182000,3.988823890686035
182100,4.559576988220215
182200,3.624185085296631
182300,1.9515504837036133
182400,3.6829078674316404
182500,2.794095039367676
182600,2.993144989013672
182700,5.121985695578835
182800,4.327268981933594
182900,2.6482865469796315
183000,3.3368570804595947
183100,4.508396148681641
183200,2.410059792654855
183300,2.335394723074777
183400,4.525386810302734
183500,3.390919494628906
183600,4.889113532172309
183700,4.189197540283203
183800,4.846324920654297
183900,2.9678677150181363
184000,3.897608075823103
184100,5.015189361572266
184200,2.990337371826172
184300,3.803110885620117
184400,5.197262287139893
184500,4.995312690734863
184600,2.566072463989258
184700,4.0045342445373535
184800,5.474546160016741
184900,2.7691824776785716
185000,3.920161008834839
185100,5.877140998840332
185200,3.687049627304077
185300,4.914414596557617
185400,5.356564839680989
185500,3.8768510818481445
185600,3.9904092152913413
185700,4.433673858642578
185800,4.36230583190918
185900,5.583016289605035
186000,4.160634358723958
186100,3.2713794708251953
186200,7.118171691894531
186300,3.770949469672309
186400,4.7703857421875
186500,2.7391665322440013
186600,4.497209167480468
186700,4.948858642578125
186800,4.610102653503418
186900,2.765446662902832
187000,4.87119886610243
187100,3.6417574201311385
187200,5.749939600626628
187300,4.286433749728733
187400,5.06762930063101
187500,5.627392196655274
187600,5.361474609375
187700,5.734274777499112
187800,4.265984853108724
187900,2.6786768777029857
188000,5.391595363616943
188100,4.032834734235491
188200,2.511321476527623
188300,2.045650209699358
188400,6.042084637810202
188500,4.36561393737793
188600,4.692666371663411
188700,2.2347353299458823
188800,1.8546696901321411
188900,4.960030642422763
189000,4.535401916503906
189100,5.102556402033025
189200,4.2496348294344815
189300,3.365853118896484
189400,2.933424268450056
189500,5.751926967075893
189600,2.470937305026584
189700,3.6758413314819336
189800,4.622527729381215
189900,4.977652329664964
190000,5.008029937744141
18,34.91398101731563
18,17.177735226003264
190100,3.2358772277832033
190200,4.736809158325196
190300,4.031774520874023
190400,2.172996679941813
190500,3.8071585761176214
190600,5.113734436035156
190700,2.2015633583068848
190800,4.343339602152507
190900,2.4066061973571777
191000,3.38358391655816
191100,5.046154022216797
191200,5.98313232421875
191300,4.943346977233887
191400,3.266096750895182
191500,5.112104892730713
191600,3.5824095408121743
191700,3.871790568033854
191800,4.871679826216265
191900,5.733000564575195
192000,3.9703261057535806
192100,4.463907718658447
192200,3.461088180541992
192300,2.022448948451451
192400,3.7638916015625
192500,2.742024803161621
192600,2.946720504760742
192700,4.923022183504972
192800,3.925554656982422
192900,2.529853275844029
193000,3.2401440143585205
193100,4.604783535003662
193200,2.561864580426897
193300,2.178509303501674
193400,3.7917283376057944
193500,3.3825439453125
193600,5.027062310112847
193700,4.236419677734375
193800,4.756059010823567
193900,2.9163930075509206
194000,3.8120929173060825
194100,4.8745880126953125
194200,2.807415008544922
194300,3.7495773315429686
194400,5.085687637329102
194500,4.926856517791748
194600,2.430552291870117
194700,3.7126822471618652
194800,5.5062713623046875
194900,2.692468915666853
195000,3.582979202270508
195100,5.704208850860596
195200,3.423631191253662
195300,4.723617935180664
195400,5.053212483723958
195500,3.7203402519226074
195600,3.945066452026367
195700,4.442626190185547
195800,4.349468994140625
195900,5.169231838650173
196000,4.1936450534396705
196100,3.3767820994059243
196200,6.953017711639404
196300,3.7733866373697915
196400,4.653957366943359
196500,2.805286407470703
196600,4.465219879150391
196700,4.974840545654297
196800,4.695903778076172
196900,2.687662124633789
197000,4.9746521843804254
197100,3.5782786778041293
197200,5.77653439839681
197300,4.3271984524197045
197400,5.3280181884765625
197500,5.911103820800781
197600,4.995784759521484
197700,5.651309273459694
197800,4.920339584350586
197900,3.012559073311942
198000,5.289977073669434
198100,3.916851043701172
198200,2.3237157549176897
198300,2.0059907095772878
198400,6.064824272604549
198500,4.26320743560791
198600,4.607073783874512
198700,2.1096386909484863
198800,1.8026401996612549
198900,5.002046758478338
199000,4.569734191894531
199100,4.830696105957031
199200,4.2425759055397725
199300,3.3921051025390625
199400,2.7739181518554688
199500,5.4391904558454245
199600,2.493462880452474
199700,4.1468095779418945
199800,4.597501928156072
199900,4.846065814678486
200000,4.937532424926758
19,35.51465388150501
19,17.02856480465515
200100,3.182243537902832
200200,4.507602310180664
200300,3.9175221579415456
200400,2.214444319407145
200500,4.373222351074219
200600,5.110566711425781
200700,2.1417598724365234
200800,4.140366872151692
200900,2.1200079917907715
201000,3.2385041978624134
201100,4.788419723510742
201200,5.904363403320312
201300,5.000986099243164
201400,3.4168481826782227
201500,5.122834205627441
201600,3.493898391723633
201700,3.6480178833007812
201800,4.617374420166016
201900,6.012014389038086
202000,3.848440170288086
202100,4.308473110198975
202200,3.5275301933288574
202300,2.0591045107160295
202400,3.723601531982422
202500,2.566141128540039
202600,3.0461959838867188
202700,5.233469876376065
202800,3.866400146484375
202900,2.4724638802664622
203000,3.159714937210083
203100,4.4302144050598145
203200,2.214555331638881
203300,2.1073502131870816
203400,3.7752761840820312
203500,3.2321773529052735
203600,4.825684441460504
203700,4.306790669759114
203800,4.710344632466634
203900,2.5986600603376115
204000,3.7538953508649553
204100,4.796764373779297
204200,2.688370704650879
204300,3.6664833068847655
204400,4.975644111633301
204500,4.776333808898926
204600,2.369999313354492
204700,3.623258113861084
204800,5.438304356166294
204900,2.572526659284319
205000,3.6517229080200195
205100,5.624902725219727
205200,3.621753454208374
205300,5.106177520751953
205400,5.202605353461371
205500,3.569183826446533
205600,3.7669719060262046
205700,4.446709442138672
205800,4.430949401855469
205900,5.345968034532335
206000,3.9989183213975696
206100,3.1061808268229165
206200,6.926497459411621
206300,3.580089145236545
206400,4.686015735973012
206500,2.7853314535958424
206600,4.515733337402343
206700,4.394696807861328
206800,4.801675796508789
206900,2.670551300048828
207000,4.785160488552517
207100,3.398637499128069
207200,5.6641279856363935
207300,4.314110226101345
207400,4.9576416015625
207500,5.728760528564453
207600,5.07983169555664
207700,5.556801189075816
207800,4.021473248799642
207900,2.9044859749930247
208000,5.212479591369629
208100,3.7143263135637556
208200,2.339129311697824
208300,2.1312611443655833
208400,6.240780101102941
208500,4.122002601623535
208600,4.5096391042073565
208700,2.1350978215535483
208800,1.7191135883331299
208900,4.843343561345881
209000,4.700657653808594
209100,4.90013989535245
209200,4.173739693381569
209300,3.248740386962891
209400,2.5119852338518416
209500,5.282354082380023
209600,2.57705201043023
209700,3.5820353031158447
209800,4.478979630903765
209900,4.745670318603516
210000,4.875617980957031
20,36.01799205533798
20,17.154805048885464
210100,2.9104537963867188
210200,4.568257904052734
210300,3.8915803091866628
210400,2.238640308380127
210500,3.737055460611979
210600,5.154604593912761
210700,2.05694580078125
210800,4.054693857828776
210900,1.884199619293213
211000,3.3141568501790366
211100,4.367408275604248
211200,6.058087768554688
211300,4.978997230529785
211400,3.3066492080688477
211500,5.161854267120361
211600,3.389218012491862
211700,3.5238590240478516
211800,4.620068290016868
211900,5.747891998291015
212000,3.948099136352539
212100,4.305471420288086
212200,3.5302844047546387
212300,1.835033961704799
212400,3.685597229003906
212500,2.552221488952637
212600,2.903448295593262
212700,4.687008944424716
212800,3.751778411865234
212900,2.390020098005022
213000,3.937612295150757
213100,4.475532054901123
213200,2.269637789045061
213300,1.9392595291137695
213400,3.7007013956705728
213500,3.2686676025390624
213600,4.832248687744141
213700,4.057315402560764
213800,4.579997380574544
213900,2.560272761753627
214000,3.6553132193429128
214100,4.718927383422852
214200,2.472360372543335
214300,3.5230392456054687
214400,4.993473052978516
214500,4.879114151000977
214600,2.284821891784668
214700,3.5516042709350586
214800,5.249747685023716
214900,2.4272847856794084
215000,3.5109364986419678
215100,5.827071666717529
215200,3.1402859687805176
215300,4.7627307891845705
215400,5.111026340060764
215500,3.4010705947875977
215600,3.7699829737345376
215700,4.465019989013672
215800,4.161477661132812
215900,5.071538713243273
216000,3.9176237318250866
216100,2.9354941050211587
216200,6.620358467102051
216300,3.7613855997721353
216400,4.684474598277699
216500,2.5293080466134206
216600,4.429029083251953
216700,4.472835922241211
216800,4.440877914428711
216900,2.5536789894104004
217000,4.905300564236111
217100,3.342597688947405
217200,5.740139007568359
217300,4.020245022243923
217400,4.6734783466045675
217500,5.843058776855469
217600,4.90203628540039
217700,5.486530303955078
217800,3.936059315999349
217900,2.604722704206194
218000,5.109392166137695
218100,3.630573272705078
218200,2.4664293016706194
218300,2.0450562068394254
218400,6.341253841624541
218500,4.026729583740234
218600,4.533328692118327
218700,2.0394651095072427
218800,1.52939772605896
218900,4.807604703036222
219000,4.654437255859375
219100,4.976241718639027
219200,4.064343539151278
219300,3.2474136352539062
219400,2.4953346252441406
219500,5.754479544503348
219600,2.411158879597982
219700,3.5377840995788574
219800,4.4283058860085225
219900,4.74051989041842
220000,4.763699531555176
21,37.0294056549968
21,17.657383957444644
220100,2.922166442871094
220200,4.495969772338867
220300,3.9011197771344865
220400,2.157334804534912
220500,4.24886957804362
220600,4.898785400390625
220700,2.0185861587524414
220800,3.8002538681030273
220900,1.89884614944458
221000,3.1589219835069446
221100,4.383138179779053
221200,5.83531005859375
221300,4.816507816314697
221400,3.288877487182617
221500,4.88298225402832
221600,3.4107494354248047
221700,3.376005172729492
221800,4.559798153963956
221900,5.877034378051758
222000,3.6495211919148765
222100,4.212342739105225
222200,3.3928816318511963
222300,1.8790836334228516
222400,3.596435546875
222500,2.546474075317383
222600,2.7413700103759764
222700,5.122627605091441
222800,3.879574203491211
222900,2.235088212149484
223000,3.260068416595459
223100,4.414206504821777
223200,2.4296117510114397
223300,1.843268803187779
223400,3.922156651814779
223500,3.5605388641357423
223600,4.55530760023329
223700,3.922482384575738
223800,4.536864598592122
223900,2.560866219656808
224000,3.612472261701311
224100,4.669708251953125
224200,2.2865514755249023
224300,3.4039627075195313
224400,4.684661865234375
224500,4.797735214233398
224600,2.218602180480957
224700,3.5466625690460205
224800,5.4427675519670755
224900,2.381038120814732
225000,3.5004594326019287
225100,5.890838146209717
225200,3.318085193634033
225300,4.7719268798828125
225400,5.164672427707249
225500,3.392185688018799
225600,3.6790974934895835
225700,4.321072387695312
225800,4.401160430908203
225900,5.056143442789714
226000,3.8830634223090277
226100,2.841552734375
226200,6.538386821746826
226300,3.282856199476454
226400,4.647191134366122
226500,2.522627421787807
226600,4.43934440612793
226700,4.301820373535156
226800,4.079759279886882
226900,2.5360145568847656
227000,4.815579732259114
227100,3.25015504019601
227200,5.68820063273112
227300,4.0747803582085504
227400,5.127478966346154
227500,5.654630279541015
227600,5.0403491973876955
227700,5.575711683793501
227800,3.6796242396036782
227900,2.287243161882673
228000,4.981906890869141
228100,3.6145471845354353
228200,2.375504629952567
228300,1.857612201145717
228400,5.93150733498966
228500,3.944164276123047
228600,4.410989443461101
228700,1.9069064458211262
228800,1.5038881301879883
228900,4.752243735573509
229000,4.64405403137207
229100,4.733835046941584
229200,3.9536202170632104
229300,2.6744758605957033
229400,3.057231903076172
229500,5.425330025809152
229600,2.238774193657769
229700,3.3741440773010254
229800,4.36970311945135
229900,4.545967395489033
230000,4.779257774353027
22,37.03834104417918
22,18.25817426932478
230100,3.266243743896484
230200,4.2757820129394535
230300,4.2985638209751675
230400,2.1688734690348306
230500,3.362795935736762
230600,4.960664367675781
230700,1.974376916885376
230800,3.822957992553711
230900,2.019530455271403
231000,3.40647210015191
231100,4.318028450012207
231200,6.026760864257812
231300,4.686220169067383
231400,3.2683162689208984
231500,4.828486919403076
231600,3.176071802775065
231700,3.42952028910319
231800,4.42687953602184
231900,5.647422027587891
232000,3.623520533243815
232100,4.050452709197998
232200,3.4770050048828125
232300,1.8894108363560267
232400,3.7073020935058594
232500,2.408166694641113
232600,3.0300533294677736
232700,4.717553572221235
232800,3.785683441162109
232900,2.2017626081194197
233000,3.1498606204986572
233100,4.557706356048584
233200,2.0327048982892717
233300,1.8009896959577287
233400,3.8453842798868814
233500,3.1352697372436524
233600,4.578158908420139
233700,3.835685306125217
233800,4.313208262125651
233900,2.4163455963134766
234000,4.0730470929827005
234100,4.657809829711914
234200,2.138274908065796
234300,4.029513931274414
234400,4.631823539733887
234500,4.5629777908325195
234600,2.310481834411621
234700,3.562371253967285
234800,5.236771174839565
234900,2.2577225821358815
235000,3.3405680656433105
235100,5.815362930297852
235200,2.992974281311035
235300,4.476546096801758
235400,4.890463087293837
235500,3.0871777534484863
235600,3.6069726943969727
235700,4.341841506958008
235800,4.243038558959961
235900,4.881982591417101
236000,3.8543463812934027
236100,2.731670379638672
236200,6.645827770233154
236300,3.491552988688151
236400,4.506864721124822
236500,2.524521146501814
236600,4.427347946166992
236700,4.732351684570313
236800,4.105184237162272
236900,2.3554296493530273
237000,4.796417236328125
237100,3.1934877123151506
237200,5.504164377848308
237300,4.063624911838108
237400,4.964897742638221
237500,5.96772346496582
237600,4.8560935974121096
237700,5.455623626708984
237800,3.5629145304361978
237900,2.513239179338728
238000,4.949585914611816
238100,3.4343169076102122
238200,2.379607609340123
238300,1.9664136341639928
238400,5.753687241498162
238500,3.852090358734131
238600,4.417768160502116
238700,1.795815149943034
238800,1.3756486177444458
238900,4.810278459028765
239000,4.938671493530274
239100,4.747560327703303
239200,4.021100824529475
239300,2.8087329864501953
239400,2.7221347263881137
239500,5.696766444614956
239600,2.0547561645507812
239700,3.1674318313598633
239800,4.281867980957031
239900,4.513968834510217
240000,4.599915981292725
23,38.267216832666456
23,18.208748855081982
240100,3.464014434814453
240200,4.194715118408203
240300,4.121552603585379
240400,2.1201939582824707
240500,3.75685797797309
240600,4.920997111002604
240700,1.9356800317764282
240800,3.47550360361735
240900,1.8799392382303874
241000,3.1634648640950522
241100,4.625324249267578
241200,5.975237426757812
241300,4.599247932434082
241400,3.2135982513427734
241500,4.741136074066162
241600,3.064946492513021
241700,3.1427701314290366
241800,4.350185394287109
241900,5.355184173583984
242000,3.7416747411092124
242100,3.915045976638794
242200,3.3126492500305176
242300,1.621506690979004
242400,3.677146148681641
242500,2.353611946105957
242600,2.6709665298461913
242700,5.317866238680753
242800,3.6243858337402344
242900,2.066605431692941
243000,3.2445709705352783
243100,4.489858150482178
243200,2.046126501900809
243300,1.7254679543631417
243400,3.990664482116699
243500,3.1429882049560547
243600,4.920408460828993
243700,3.8509398566351996
243800,4.34283447265625
243900,2.448216302054269
244000,3.7730775560651506
244100,4.5760547637939455
244200,2.053389072418213
244300,3.533158874511719
244400,4.528430938720703
244500,4.919020175933838
244600,2.138733673095703
244700,3.3628554344177246
244800,5.257168906075614
244900,2.173894473484584
245000,3.579265594482422
245100,5.613080024719238
245200,3.09023380279541
245300,4.663204193115234
245400,4.933341132269965
245500,3.144052743911743
245600,3.6631031036376953
245700,4.297197341918945
245800,4.191197204589844
245900,4.5070690578884545
246000,3.686974843343099
246100,2.665088971455892
246200,6.419172763824463
246300,3.169204499986437
246400,5.072152224454013
246500,2.2982161385672435
246600,4.456198883056641
246700,4.347012329101562
246800,4.218380292256673
246900,2.3591721057891846
247000,4.736436631944445
247100,3.1047371455601285
247200,5.4827829996744795
247300,3.93355221218533
247400,4.7626219529372
247500,5.694488525390625
247600,4.982994842529297
247700,5.457157135009766
247800,3.4726330439249673
247900,2.300310952322824
248000,4.860673904418945
248100,3.2312289646693637
248200,3.061643327985491
248300,1.8413667678833008
248400,5.830214107737822
248500,4.182453632354736
248600,4.332570393880208
248700,1.7273287773132324
248800,1.4028750658035278
248900,4.5482306046919385
249000,4.513800811767578
249100,4.770258816805753
249200,3.825942646373402
249300,2.6561553955078123
249400,2.5836099897112166
249500,5.285287039620536
249600,1.918572531806098
249700,3.025951862335205
249800,4.195183147083629
249900,4.80498299231896
250000,4.713185787200928
24,38.59451662822798
24,17.89604542168703
