100,9.815738677978516
200,7.674882507324218
300,8.003129141671318
400,5.305191357930501
500,6.894076453314887
600,6.67142333984375
700,6.427079677581787
800,7.5171464284261065
900,5.464420318603516
1000,6.387646993001302
1100,6.7545166015625
1200,6.5791943359375
1300,6.363518238067627
1400,4.834724108378093
1500,6.168138027191162
1600,6.269040425618489
1700,6.760974884033203
1800,5.954247214577415
1900,6.552585601806641
2000,5.465609232584636
2100,6.044270038604736
2200,4.557652950286865
2300,6.3323854718889505
2400,5.550378799438477
2500,6.038618087768555
2600,5.251144790649414
2700,6.345007462935015
2800,5.7167411804199215
2900,5.492835453578404
3000,8.124042510986328
3100,6.266981601715088
3200,4.556950977870396
3300,5.467554909842355
3400,6.139731089274089
3500,5.464352416992187
3600,6.109212239583333
3700,6.440162658691406
3800,5.970715204874675
3900,5.839565277099609
4000,6.032494136265346
4100,5.818147659301758
4200,5.300482749938965
4300,5.898934936523437
4400,7.838435173034668
4500,6.6150431632995605
4600,6.488377380371094
4700,5.185025691986084
4800,6.514729091099331
4900,5.741247449602399
5000,7.069765567779541
5100,6.3695902824401855
5200,4.62864351272583
5300,6.598248291015625
5400,6.130984836154514
5500,5.346090316772461
5600,6.109489440917969
5700,5.012541580200195
5800,5.751519012451172
5900,6.330351087782118
6000,5.383866628011067
6100,5.499585469563802
6200,7.610668659210205
6300,4.7593667772081165
6400,7.123522671786222
6500,4.7607558114188055
6600,5.410686111450195
6700,6.512705230712891
6800,6.312589009602864
6900,5.306979179382324
7000,5.4863026936848955
7100,5.556113651820591
7200,6.920459747314453
7300,5.973656124538845
7400,6.570560161884014
7500,7.05699462890625
7600,6.092283248901367
7700,6.18523476340554
7800,9.727316538492838
7900,5.4711488996233255
8000,6.095560073852539
8100,6.489268711635044
8200,5.783961704799107
8300,4.7159527369907925
8400,6.790275124942555
8500,6.167132377624512
8600,5.937801361083984
8700,4.445418039957683
8800,4.782805919647217
8900,6.161958867853338
9000,5.463581466674805
9100,5.714854153719815
9200,6.46855371648615
9300,5.423967742919922
9400,5.916733877999442
9500,6.175978524344308
9600,5.031240675184462
9700,5.9365034103393555
9800,6.631548794833097
9900,6.233897869403545
10000,6.21297025680542
0,47.9441534590214
0,6.490141124632827
10100,6.4242805480957035
10200,6.135213088989258
10300,6.663760593959263
10400,3.5947767893473306
10500,6.236784193250868
10600,5.573716735839843
10700,4.442057132720947
10800,6.8526357014973955
10900,4.389710744222005
11000,5.506680806477864
11100,5.404691219329834
11200,6.23869140625
11300,6.202943801879883
11400,4.38322385152181
11500,6.027882099151611
11600,5.585629145304362
11700,5.810516357421875
11800,5.794309095902876
11900,6.127687072753906
12000,5.00779660542806
12100,5.9407758712768555
12200,5.064119338989258
12300,5.362130846296038
12400,5.202305603027344
12500,5.076831817626953
12600,4.774893951416016
12700,6.121480768377131
12800,5.1619213104248045
12900,4.6682908194405695
13000,7.1481709480285645
13100,5.992447853088379
13200,4.032321384974888
13300,5.411262512207031
13400,5.766845703125
13500,5.063323211669922
13600,5.92238532172309
13700,5.973840501573351
13800,5.8870086669921875
13900,5.04822758265904
14000,5.957793099539621
14100,5.569672775268555
14200,4.8244524002075195
14300,5.29852066040039
14400,7.120227813720703
14500,6.474862098693848
14600,5.830094909667968
14700,4.813383102416992
14800,6.205607822963169
14900,5.191372462681362
15000,6.654330730438232
15100,6.152485370635986
15200,4.478427410125732
15300,6.273548126220703
15400,5.965691460503472
15500,5.101709365844727
15600,6.226006825764974
15700,4.860482025146484
15800,5.4168754577636715
15900,6.158529917399089
16000,5.691668192545573
16100,5.042928059895833
16200,8.08261775970459
16300,4.771024068196614
16400,6.6217124245383525
16500,4.330198287963867
16600,5.040545272827148
16700,6.245949172973633
16800,5.753624598185222
16900,5.2426557540893555
17000,5.441942426893446
17100,5.232832772391183
17200,6.793035507202148
17300,5.758023579915364
17400,6.162624065692608
17500,7.162283325195313
17600,5.95343017578125
17700,5.846877358176491
17800,9.297070185343424
17900,4.954500470842634
18000,5.938899040222168
18100,6.2726576668875555
18200,5.482201712472098
18300,4.327671051025391
18400,6.762369492474725
18500,6.451107025146484
18600,5.786394119262695
18700,3.3968893686930337
18800,4.886331558227539
18900,5.822611028497869
19000,5.229916763305664
19100,5.639560005881569
19200,6.155499545010653
19300,5.026599502563476
19400,5.410191127232143
19500,5.946334293910435
19600,4.7787191602918835
19700,5.866039276123047
19800,6.240239923650568
19900,5.5153656005859375
20000,6.085992336273193
1,41.256288985094045
1,9.064842987129419
20100,5.9243614196777346
20200,6.177821350097656
20300,6.0571779523577005
20400,3.2858381271362305
20500,6.037020789252387
20600,5.437378946940104
20700,4.213562965393066
20800,6.919252395629883
20900,4.053485870361328
21000,5.1289388868543835
21100,5.170544147491455
21200,5.9721221923828125
21300,5.952516555786133
21400,4.254696528116862
21500,5.812079429626465
21600,5.190889358520508
21700,5.499514261881511
21800,5.72216172651811
21900,6.271035003662109
22000,5.189393361409505
22100,5.8359198570251465
22200,4.699257850646973
22300,5.058381216866629
22400,5.125181198120117
22500,4.788500213623047
22600,4.434976959228516
22700,5.770964882590554
22800,4.945894241333008
22900,4.402212960379464
23000,6.66209602355957
23100,5.938697814941406
23200,3.970454897199358
23300,5.183904375348773
23400,5.42709223429362
23500,4.789804077148437
23600,6.174889458550347
23700,5.686483595106337
23800,5.904571533203125
23900,4.972688947405134
24000,5.8583477565220425
24100,5.462632751464843
24200,4.52951717376709
24300,5.193260574340821
24400,6.749125003814697
24500,6.06345272064209
24600,5.533151245117187
24700,4.745235443115234
24800,6.109099251883371
24900,4.872249058314732
25000,6.334227561950684
25100,6.138515472412109
25200,4.290868759155273
25300,6.076025390625
25400,5.763899909125434
25500,4.962612628936768
25600,5.972849527994792
25700,4.881872940063476
25800,5.4431804656982425
25900,6.307321336534288
26000,5.966864691840278
26100,5.053862889607747
26200,8.844599723815918
26300,4.8790740966796875
26400,6.484654513272372
26500,4.116199765886579
26600,4.935211563110352
26700,6.047517013549805
26800,5.614346822102864
26900,5.138674736022949
27000,5.227300855848524
27100,5.16436277117048
27200,6.717088063557942
27300,5.598027123345269
27400,5.9269561767578125
27500,7.040831756591797
27600,5.892142105102539
27700,5.875599254261363
27800,8.842522939046225
27900,4.9912278311593195
28000,6.019376277923584
28100,6.204743521554129
28200,5.258548191615513
28300,4.143499101911273
28400,6.5195474063648895
28500,6.336400985717773
28600,5.625485738118489
28700,3.2592217127482095
28800,4.554311275482178
28900,5.69784199107777
29000,5.243997192382812
29100,5.741471030495384
29200,6.16259141401811
29300,4.817099380493164
29400,5.215702601841518
29500,5.844425201416016
29600,4.5253885057237415
29700,5.5153021812438965
29800,6.030444752086293
29900,5.499672522911658
30000,5.945533752441406
2,38.76353459845944
2,9.4579238363854
30100,5.841399383544922
30200,5.796002578735352
30300,6.063207898821149
30400,3.3139610290527344
30500,5.8018035888671875
30600,5.216091918945312
30700,4.073502063751221
30800,6.60340944925944
30900,4.020358403523763
31000,4.856100718180339
31100,4.955009937286377
31200,6.037601318359375
31300,6.016518592834473
31400,4.192856788635254
31500,5.607305526733398
31600,5.101512908935547
31700,5.266820589701335
31800,5.786959561434659
31900,6.452210998535156
32000,5.164947509765625
32100,5.818051815032959
32200,4.673912525177002
32300,4.863739558628628
32400,4.996701431274414
32500,4.611508560180664
32600,4.301605224609375
32700,5.711529471657493
32800,4.8860321044921875
32900,4.173305511474609
33000,6.201719760894775
33100,5.925156593322754
33200,3.8409933362688338
33300,4.944109780447824
33400,5.216997782389323
33500,4.629071044921875
33600,6.225110371907552
33700,5.569150288899739
33800,5.965892155965169
33900,4.639903477260044
34000,5.7770876203264505
34100,5.516915130615234
34200,4.326147556304932
34300,5.134379959106445
34400,6.63934326171875
34500,6.299684047698975
34600,5.18250617980957
34700,4.687359809875488
34800,6.044884272984096
34900,4.790535518101284
35000,5.991547107696533
35100,6.224269866943359
35200,4.151878833770752
35300,5.988845443725586
35400,5.681872049967448
35500,4.859912395477295
35600,5.789481480916341
35700,4.805046081542969
35800,5.399759292602539
35900,6.428770277235243
36000,5.724327087402344
36100,5.1136830647786455
36200,8.855753898620605
36300,4.716434054904514
36400,6.41191309148615
36500,4.062262126377651
36600,4.886042785644531
36700,5.833805084228516
36800,5.537066141764323
36900,5.0714263916015625
37000,5.073134104410808
37100,5.155293055943081
37200,6.763691584269206
37300,5.431399027506511
37400,5.929158724271334
37500,6.989122772216797
37600,5.803326034545899
37700,5.889195528897372
37800,8.24282137552897
37900,4.674300602504185
38000,6.008749008178711
38100,6.102297646658761
38200,4.843490055629185
38300,3.9141387939453125
38400,6.405036477481618
38500,6.280394554138184
38600,5.610459645589192
38700,3.055337905883789
38800,4.240075588226318
38900,5.55950234153054
39000,5.180339813232422
39100,5.85561786998402
39200,6.132603038441051
39300,4.5170539855957035
39400,4.923702239990234
39500,5.799460274832589
39600,4.350442250569661
39700,5.466245174407959
39800,5.9307098388671875
39900,5.34080094557542
40000,5.923003673553467
3,36.85853966631354
3,10.235752663277717
40100,5.769815826416016
40200,5.727252960205078
40300,5.977381025041852
40400,3.3560943603515625
40500,5.6052746242947045
40600,5.1227060953776045
40700,3.943328619003296
40800,6.20429801940918
40900,3.8111038208007812
41000,4.763339148627387
41100,4.771649360656738
41200,5.981210327148437
41300,5.923386573791504
41400,4.134075164794922
41500,5.534939765930176
41600,4.929511070251465
41700,5.256460189819336
41800,5.801571239124645
41900,6.388980865478516
42000,5.114248593648274
42100,5.706005573272705
42200,4.596757888793945
42300,4.6500396728515625
42400,4.937874603271484
42500,4.25744857788086
42600,4.1271240234375
42700,5.662415244362571
42800,4.911322784423828
42900,4.0922748020717075
43000,6.118195533752441
43100,5.893925666809082
43200,3.752213614327567
43300,4.874874659946987
43400,5.08962885538737
43500,4.545543670654297
43600,6.126383039686415
43700,5.42866685655382
43800,5.916530609130859
43900,4.412731988089425
44000,5.677088056291852
44100,5.353699111938477
44200,4.2008771896362305
44300,5.085750961303711
44400,6.471187591552734
44500,6.142590522766113
44600,4.822717666625977
44700,4.608264446258545
44800,5.968876429966518
44900,4.618438720703125
45000,5.883257865905762
45100,6.167277812957764
45200,4.002127170562744
45300,5.98216667175293
45400,5.8077197604709205
45500,4.768075942993164
45600,5.66703987121582
45700,4.850198364257812
45800,5.339317703247071
45900,6.320511711968316
46000,5.593852149115668
46100,5.0033613840738935
46200,8.651793479919434
46300,4.674784766303168
46400,6.290462840687145
46500,3.9652467455182756
46600,4.866654968261718
46700,5.627054214477539
46800,5.412478129069011
46900,4.858086585998535
47000,5.023246341281467
47100,5.17771966116769
47200,6.797844568888347
47300,5.352268642849392
47400,5.913568349984976
47500,6.811665344238281
47600,5.775866317749023
47700,5.900636846368963
47800,7.955553690592448
47900,4.574036189488003
48000,5.940588474273682
48100,6.0578814915248325
48200,4.649219512939453
48300,3.745379311697824
48400,6.258770213407629
48500,6.177183151245117
48600,5.621917088826497
48700,2.9992141723632812
48800,4.0477800369262695
48900,5.44426866011186
49000,5.13762092590332
49100,5.898073369806463
49200,5.973279086026278
49300,4.424134826660156
49400,4.7703737531389505
49500,5.722693307059152
49600,4.200443267822266
49700,5.2509660720825195
49800,5.807944904674184
49900,5.41517815223107
50000,6.021704196929932
4,35.63039841265613
4,10.765775404183362
50100,5.482859802246094
50200,5.685835266113282
50300,5.852140699114118
50400,3.386646588643392
50500,5.3195779588487415
50600,4.8433375040690105
50700,3.658872604370117
50800,5.971869150797526
50900,3.707040786743164
51000,4.588159349229601
51100,4.591142654418945
51200,5.928494262695312
51300,5.808658599853516
51400,4.127358754475911
51500,5.479163646697998
51600,4.968967119852702
51700,5.199785550435384
51800,5.712716882879084
51900,6.210388946533203
52000,5.161007563273112
52100,5.643054008483887
52200,4.2933454513549805
52300,4.40191650390625
52400,4.861891555786133
52500,4.0658729553222654
52600,3.964649963378906
52700,5.624147588556463
52800,4.796936798095703
52900,4.050877162388393
53000,5.712641716003418
53100,5.903242111206055
53200,3.8335865565708707
53300,4.685873849051339
53400,4.972414652506511
53500,4.406954193115235
53600,5.9224853515625
53700,5.394308302137587
53800,5.8311920166015625
53900,4.281183787754604
54000,5.630531855991909
54100,5.3000343322753904
54200,4.011512756347656
54300,4.946408081054687
54400,6.3666791915893555
54500,5.918163776397705
54600,4.480918502807617
54700,4.538824081420898
54800,5.926973615373884
54900,4.5160980224609375
55000,5.690736770629883
55100,6.195736885070801
55200,4.080539226531982
55300,5.9155426025390625
55400,5.8610411749945746
55500,4.690445899963379
55600,5.604483922322591
55700,4.837903594970703
55800,5.287544250488281
55900,6.2494922214084205
56000,5.533346811930339
56100,4.8890031178792315
56200,8.463502883911133
56300,4.651256985134548
56400,6.074251348322088
56500,3.8522742135184154
56600,4.820011138916016
56700,5.418866348266602
56800,5.291167577107747
56900,4.362354278564453
57000,4.908121320936415
57100,5.068540845598493
57200,6.569684346516927
57300,5.251153310139974
57400,5.855803856482873
57500,6.715000915527344
57600,5.787924194335938
57700,5.8901589133522725
57800,7.5379638671875
57900,4.2633402688162665
58000,5.952545166015625
58100,5.938282557896206
58200,4.474845341273716
58300,3.5958434513636996
58400,6.273239584530101
58500,6.144540309906006
58600,5.563363393147786
58700,2.875009536743164
58800,3.7873334884643555
58900,5.364615006880327
59000,5.138899612426758
59100,5.945295160466975
59200,5.864941683682528
59300,4.349864196777344
59400,4.513846806117466
59500,5.661774771554129
59600,4.055863274468316
59700,5.232357025146484
59800,5.683575716885653
59900,5.350391094501202
60000,5.993646621704102
5,34.574491763882236
5,11.421304416597296
60100,5.349425506591797
60200,5.562546157836914
60300,5.813684735979352
60400,3.4072532653808594
60500,5.089116838243273
60600,4.7924652099609375
60700,3.5807976722717285
60800,5.723009745279948
60900,3.584170659383138
61000,4.482074737548828
61100,4.459475994110107
61200,5.83572998046875
61300,5.677391529083252
61400,4.0150801340738935
61500,5.453826904296875
61600,4.83956782023112
61700,5.080468813578288
61800,5.88713281804865
61900,6.083010482788086
62000,5.122281074523926
62100,5.715202808380127
62200,4.499131202697754
62300,4.123676300048828
62400,4.885449981689453
62500,3.8223663330078126
62600,3.8153671264648437
62700,5.641901883212003
62800,4.500341415405273
62900,3.971526554652623
63000,5.51346492767334
63100,5.861660003662109
63200,3.816157749720982
63300,4.181709017072405
63400,4.85415776570638
63500,4.485087585449219
63600,5.883654276529948
63700,5.340432908799913
63800,5.602058410644531
63900,4.204225267682757
64000,5.394402095249721
64100,5.265718841552735
64200,3.9469451904296875
64300,4.857020568847656
64400,6.198492527008057
64500,5.812124252319336
64600,4.423628234863282
64700,4.43105411529541
64800,5.825750078473773
64900,4.411446707589286
65000,5.428173065185547
65100,6.1581573486328125
65200,3.986116409301758
65300,5.9096733093261715
65400,5.900967068142361
65500,4.6020402908325195
65600,5.515000025431315
65700,4.893449401855468
65800,5.065300369262696
65900,6.148196326361762
66000,5.55543687608507
66100,4.736008961995442
66200,8.269177436828613
66300,4.61183336046007
66400,6.028925115411932
66500,3.7165739876883372
66600,4.793009185791016
66700,5.288529968261718
66800,5.185892105102539
66900,4.301107883453369
67000,4.693825191921658
67100,4.875343867710659
67200,6.640400568644206
67300,5.279981401231554
67400,5.743046687199519
67500,6.661915588378906
67600,5.770110321044922
67700,5.9583046653053975
67800,7.2442671457926435
67900,4.14656012398856
68000,5.9499616622924805
68100,5.807405744280134
68200,4.301128387451172
68300,3.540184565952846
68400,6.210261176614201
68500,6.012438774108887
68600,5.4422353108723955
68700,2.738280932108561
68800,3.588925361633301
68900,5.29412217573686
69000,5.129736328125
69100,5.909400246360085
69200,5.799699263139204
69300,4.273179626464843
69400,4.511524745396206
69500,5.716418130057199
69600,3.901017506917318
69700,5.038739204406738
69800,5.646993810480291
69900,5.41502673809345
70000,6.006943702697754
6,33.917516624316875
6,12.121428876371718
70100,5.109966278076172
70200,5.51402587890625
70300,5.812640053885324
70400,3.439335823059082
70500,4.950600941975911
70600,4.689945475260417
70700,3.5598857402801514
70800,5.502847035725911
70900,3.416072209676107
71000,4.3776965671115455
71100,4.334793567657471
71200,5.75309326171875
71300,5.5770158767700195
71400,3.9592793782552085
71500,5.411261081695557
71600,4.680236180623372
71700,4.996245384216309
71800,5.84778525612571
71900,6.136451721191406
72000,5.0689131418863935
72100,5.590198516845703
72200,4.457857608795166
72300,3.873938424246652
72400,4.624213409423828
72500,3.708980941772461
72600,3.7195587158203125
72700,5.465655933726918
72800,4.47398681640625
72900,3.893075942993164
73000,5.252446174621582
73100,5.659991264343262
73200,3.6814866747174944
73300,4.048514774867466
73400,4.6632382074991865
73500,4.363467025756836
73600,5.875011444091797
73700,5.186435699462891
73800,5.608167012532552
73900,4.064016342163086
74000,5.180694580078125
74100,5.289870071411133
74200,3.8311469554901123
74300,4.809293365478515
74400,6.157619953155518
74500,5.624947547912598
74600,4.148328399658203
74700,4.349502086639404
74800,5.767621721540179
74900,4.277745928083148
75000,5.164299488067627
75100,6.171081066131592
75200,3.8695831298828125
75300,5.783222198486328
75400,5.815401713053386
75500,4.494210243225098
75600,5.405094146728516
75700,4.9423870086669925
75800,4.9823486328125
75900,6.013033548990886
76000,5.463768005371094
76100,4.574755032857259
76200,8.008650779724121
76300,4.6104075113932295
76400,5.914675625887784
76500,3.6076769147600447
76600,4.7548469543457035
76700,5.2046875
76800,5.1257022221883135
76900,4.092615604400635
77000,4.627481248643663
77100,4.690363202776227
77200,6.569539388020833
77300,5.344563802083333
77400,5.615336491511418
77500,6.604750061035157
77600,5.73990478515625
77700,6.009461142800071
77800,6.9170583089192705
77900,4.150911058698382
78000,5.948580741882324
78100,5.595061165945871
78200,4.1782635280064175
78300,3.4751649584089006
78400,6.457208970013787
78500,5.919125556945801
78600,5.386634190877278
78700,2.5992918014526367
78800,3.311845541000366
78900,5.153958407315341
79000,5.059394454956054
79100,6.073936462402344
79200,5.679214130748402
79300,4.127587509155274
79400,4.26978029523577
79500,5.814704895019531
79600,3.8407762315538196
79700,4.79831600189209
79800,5.42824970592152
79900,5.3747382530799275
80000,5.939863681793213
7,33.405916560326794
7,12.46921096839015
80100,4.927707672119141
80200,5.428500747680664
80300,5.770875113351004
80400,3.511077562967936
80500,4.847429911295573
80600,4.572140502929687
80700,3.4250893592834473
80800,5.394004821777344
80900,3.3373546600341797
81000,4.171656714545356
81100,4.266056537628174
81200,5.7460174560546875
81300,5.4841156005859375
81400,3.9020277659098306
81500,5.396878719329834
81600,4.474446614583333
81700,4.933331489562988
81800,5.814449657093395
81900,6.13317985534668
82000,5.036821047465007
82100,5.566261291503906
82200,4.299036979675293
82300,3.765211922781808
82400,4.690673828125
82500,3.576182174682617
82600,3.667268753051758
82700,5.29053393277255
82800,4.354000854492187
82900,3.696441650390625
83000,5.001893997192383
83100,5.56820821762085
83200,3.633925029209682
83300,3.873232432774135
83400,4.5485232671101885
83500,4.278615570068359
83600,5.816066318088108
83700,5.128732045491536
83800,5.586596171061198
83900,4.237380164010184
84000,5.145966666085379
84100,5.240291976928711
84200,3.8381662368774414
84300,4.845341491699219
84400,6.023390769958496
84500,5.5013861656188965
84600,3.9853286743164062
84700,4.2985053062438965
84800,5.831801278250558
84900,4.182963507516043
85000,4.888129234313965
85100,6.177327632904053
85200,3.7542660236358643
85300,5.584357452392578
85400,5.6824929979112415
85500,4.419512748718262
85600,5.354736963907878
85700,5.038981246948242
85800,4.94027099609375
85900,5.856119791666667
86000,5.529229905870226
86100,4.45736821492513
86200,7.8272247314453125
86300,4.604071299235026
86400,5.796939503062855
86500,3.538938522338867
86600,4.721551132202149
86700,5.18255500793457
86800,5.0638472239176435
86900,3.9546704292297363
87000,4.570911407470703
87100,4.852815900530134
87200,6.515078226725261
87300,5.240178849962023
87400,5.565516545222356
87500,6.497898101806641
87600,5.693620300292968
87700,6.065091219815341
87800,6.674835840861003
87900,4.02081789289202
88000,5.956064701080322
88100,5.472927093505859
88200,4.067266736711774
88300,3.4886447361537387
88400,6.535685819738052
88500,5.7996416091918945
88600,5.367115656534831
88700,2.558522383371989
88800,3.1124467849731445
88900,4.984053178267046
89000,4.875806427001953
89100,6.039954445578835
89200,5.593768379905007
89300,4.0507762908935545
89400,4.5048419407435825
89500,5.871639796665737
89600,3.8094151814778647
89700,4.564752101898193
89800,5.385155417702415
89900,5.320599482609675
90000,5.882840156555176
8,32.85719251984544
8,12.741794111776866
90100,4.766578292846679
90200,5.31279182434082
90300,5.8148345947265625
90400,3.4019222259521484
90500,4.761081695556641
90600,4.449334716796875
90700,3.275864839553833
90800,5.212277094523112
90900,3.3765430450439453
91000,4.025043063693577
91100,4.1314802169799805
91200,5.79805419921875
91300,5.414776802062988
91400,3.805328369140625
91500,5.355751991271973
91600,4.245155652364095
91700,4.8686723709106445
91800,5.7608510797674
91900,6.000084686279297
92000,5.0608720779418945
92100,5.524275779724121
92200,4.270524978637695
92300,3.546313149588449
92400,4.68810806274414
92500,3.6387916564941407
92600,3.594009017944336
92700,5.382307226007635
92800,4.222941589355469
92900,3.706478936331613
93000,4.631124973297119
93100,5.559798240661621
93200,3.5874056134905135
93300,3.7820638929094588
93400,4.437154134114583
93500,4.139693069458008
93600,5.812565273708767
93700,5.025026957194011
93800,5.621994654337565
93900,4.0055631910051614
94000,5.23119136265346
94100,5.163591766357422
94200,3.7560982704162598
94300,4.7192848205566404
94400,5.788187026977539
94500,5.495213985443115
94600,3.7055896759033202
94700,4.285344123840332
94800,5.693046569824219
94900,4.095731735229492
95000,4.708861351013184
95100,6.143801689147949
95200,3.790830612182617
95300,5.4802814483642575
95400,5.620060390896267
95500,4.398960113525391
95600,5.358589808146159
95700,4.97381362915039
95800,4.820585250854492
95900,5.739733378092448
96000,5.5504637824164496
96100,4.276309967041016
96200,7.546226501464844
96300,4.596372816297743
96400,5.731125224720348
96500,3.464205878121512
96600,4.6949726104736325
96700,5.081056213378906
96800,4.95650068918864
96900,3.737527370452881
97000,4.462391747368707
97100,5.127968924386161
97200,6.379074732462565
97300,5.196097056070964
97400,5.529388427734375
97500,6.553436279296875
97600,5.607310485839844
97700,6.076170487837358
97800,6.474463144938151
97900,3.693337849208287
98000,5.803260803222656
98100,5.3250274658203125
98200,3.879835401262556
98300,3.5269546508789062
98400,6.289610021254596
98500,5.5951247215271
98600,5.389274597167969
98700,2.534818172454834
98800,2.922177314758301
98900,4.925558610395952
99000,4.891618728637695
99100,6.016606417569247
99200,5.570019808682528
99300,3.9928802490234374
99400,4.619080679757254
99500,6.0043198721749445
99600,3.7389259338378906
99700,4.478201389312744
99800,5.309540488503196
99900,5.184255746694712
100000,5.844402313232422
9,32.65344386169686
9,13.324734814219816
100100,4.571489334106445
100200,5.184318542480469
100300,5.776996612548828
100400,3.6563917795817056
100500,4.664031982421875
100600,4.494096883138021
100700,3.3210699558258057
100800,5.195329666137695
100900,3.312567392985026
101000,3.86318122016059
101100,4.02288818359375
101200,5.781757202148437
101300,5.294325828552246
101400,3.755413055419922
101500,5.255074501037598
101600,4.120289484659831
101700,4.905633290608724
101800,5.662900057705966
101900,5.923601531982422
102000,5.126032829284668
102100,5.510605812072754
102200,4.161093711853027
102300,3.322105952671596
102400,4.606537628173828
102500,3.4651683807373046
102600,3.528833770751953
102700,5.3376405889337715
102800,4.158814239501953
102900,3.5367883954729353
103000,4.190649032592773
103100,5.665295600891113
103200,3.5165683201381137
103300,3.6151697976248607
103400,4.271764755249023
103500,4.060160827636719
103600,5.777319590250651
103700,4.933987087673611
103800,5.554278055826823
103900,3.983295440673828
104000,5.035742623465402
104100,5.2210430145263675
104200,3.6679773330688477
104300,4.792889785766602
104400,5.59720516204834
104500,5.402795314788818
104600,3.56934814453125
104700,4.241643905639648
104800,5.699362618582589
104900,4.0117402757917136
105000,4.657854080200195
105100,6.034613132476807
105200,3.5982062816619873
105300,5.313845443725586
105400,5.483643001980251
105500,4.331845283508301
105600,5.303189595540364
105700,5.024469375610352
105800,4.806562423706055
105900,5.56199476453993
106000,5.534038967556423
106100,4.10507074991862
106200,7.34653377532959
106300,4.524797651502821
106400,5.57516826282848
106500,3.5671561104910716
106600,4.711854934692383
106700,5.0091102600097654
106800,4.993316014607747
106900,3.617156505584717
107000,4.404474046495226
107100,5.156120300292969
107200,6.421539306640625
107300,5.176566229926215
107400,5.583579430213342
107500,6.530475616455078
107600,5.553780364990234
107700,6.038708079944957
107800,6.2967376708984375
107900,3.417250497000558
108000,5.702462196350098
108100,5.42870112827846
108200,3.6151232038225447
108300,3.5153100149972096
108400,6.393488266888787
108500,5.357614994049072
108600,5.209527015686035
108700,2.4570492108662925
108800,2.8062469959259033
108900,4.836821122602983
109000,4.905879974365234
109100,6.02710654518821
109200,5.493230646306818
109300,3.9080848693847656
109400,4.556484767368862
109500,6.297066279820034
109600,3.6846194797092013
109700,4.560280799865723
109800,5.245535417036577
109900,5.097988422100361
110000,5.807936668395996
10,32.608100248089784
10,13.426197595668524
110100,4.4065391540527346
110200,5.082170104980468
110300,5.660582406180246
110400,3.6063416798909507
110500,4.7088673909505205
110600,4.3152821858723955
110700,3.217890739440918
110800,4.994426409403483
110900,3.3484423955281577
111000,3.744753943549262
111100,3.850790500640869
111200,5.595405883789063
111300,5.198822975158691
111400,3.688751538594564
111500,5.169473648071289
111600,3.996792793273926
111700,5.051967938741048
111800,5.675173672762784
111900,6.145985412597656
112000,4.995242436726888
112100,5.451224327087402
112200,4.077695369720459
112300,3.1032096317836215
112400,4.59808578491211
112500,3.3368072509765625
112600,3.489467239379883
112700,5.136511369185015
112800,4.13561782836914
112900,3.429396765572684
113000,4.026006698608398
113100,5.614885330200195
113200,3.672868183680943
113300,3.525318145751953
113400,4.128567695617676
113500,4.047029876708985
113600,5.939400143093533
113700,4.855959574381511
113800,5.538431167602539
113900,3.974408285958426
114000,4.980309622628348
114100,5.168948364257813
114200,3.5430350303649902
114300,4.773530960083008
114400,5.470030307769775
114500,5.356017112731934
114600,3.3681865692138673
114700,4.141242027282715
114800,5.757542746407645
114900,3.9734486171177457
115000,4.408180236816406
115100,6.000679969787598
115200,3.625040292739868
115300,5.366670608520508
115400,5.306339687771267
115500,4.399637222290039
115600,5.247407913208008
115700,5.088418579101562
115800,4.820183563232422
115900,5.477807786729601
116000,5.463236067030165
116100,3.9783109029134116
116200,7.235097408294678
116300,4.441402011447483
116400,5.3890744989568535
116500,3.513317108154297
116600,4.7026115417480465
116700,4.934875869750977
116800,4.856708844502767
116900,3.6400928497314453
117000,4.335914611816406
117100,4.8638474600655695
117200,6.2357737223307295
117300,5.0905566745334205
117400,5.623830942007212
117500,6.487785339355469
117600,5.50169563293457
117700,6.089100924405185
117800,6.045274098714192
117900,3.403782163347517
118000,5.587250232696533
118100,5.1741131373814175
118200,3.4213169642857144
118300,3.4792769295828685
118400,6.29912342744715
118500,5.249692440032959
118600,5.029899597167969
118700,2.3726555506388345
118800,2.7114195823669434
118900,4.791965484619141
119000,4.841628646850586
119100,5.7646661238236865
119200,5.582902041348544
119300,3.8675506591796873
119400,4.351362228393555
119500,6.342700958251953
119600,3.787184397379557
119700,4.676973819732666
119800,5.177221124822443
119900,5.084810697115385
120000,5.662977695465088
11,32.49022498887285
11,13.649391431169192
120100,4.263004302978516
120200,5.037292098999023
120300,5.525516510009766
120400,3.732736269632975
120500,4.441436767578125
120600,4.24785639444987
120700,3.2034764289855957
120800,4.776323954264323
120900,3.313650131225586
121000,3.559299045138889
121100,3.7885401248931885
121200,5.760579833984375
121300,5.157198905944824
121400,3.598202705383301
121500,5.168049335479736
121600,3.8443237940470376
121700,4.902961730957031
121800,5.419081254438921
121900,6.150468444824218
122000,4.906497955322266
122100,5.134288787841797
122200,3.9777750968933105
122300,3.116729191371373
122400,4.4798225402832035
122500,3.261038589477539
122600,3.377757263183594
122700,5.135480707341975
122800,4.053840255737304
122900,3.3324426923479353
123000,3.9036953449249268
123100,5.467452526092529
123200,3.4927733285086497
123300,3.5706078665597096
123400,3.984126408894857
123500,3.932413864135742
123600,5.907441880967882
123700,4.749593522813585
123800,5.509675979614258
123900,3.9936940329415456
124000,4.990388052804129
124100,5.444631958007813
124200,3.658022403717041
124300,4.747071838378906
124400,5.318254470825195
124500,5.566033363342285
124600,3.397899627685547
124700,4.033596038818359
124800,5.602412632533482
124900,3.9043639046805247
125000,4.458512306213379
125100,5.903820991516113
125200,3.4999709129333496
125300,5.278547668457032
125400,5.346677144368489
125500,4.494810581207275
125600,5.179776509602864
125700,5.018655395507812
125800,4.951844787597656
125900,5.329546610514323
126000,5.339043935139974
126100,3.8398920694986978
126200,7.150975704193115
126300,4.313066694471571
126400,5.451434048739347
126500,3.455453872680664
126600,4.7452033996582035
126700,4.771982574462891
126800,4.769502639770508
126900,3.5483720302581787
127000,4.238447825113933
127100,4.764278956821987
127200,6.2005964914957685
127300,5.015029059516059
127400,5.54725588285006
127500,6.480620574951172
127600,5.38800163269043
127700,5.944331776012074
127800,5.767475128173828
127900,3.337200709751674
128000,5.504936218261719
128100,4.985015869140625
128200,3.385615757533482
128300,3.3082313537597656
128400,6.162175346823299
128500,5.202087879180908
128600,4.929776191711426
128700,2.310366630554199
128800,2.5907702445983887
128900,4.708756533536044
129000,4.863857650756836
129100,5.956859241832387
129200,5.518223502419212
129300,3.7327957153320312
129400,4.309587751116071
129500,6.5300189426967075
129600,3.679715050591363
129700,4.370152473449707
129800,5.141872059215199
129900,4.976807814378005
130000,5.696404933929443
12,32.4929595844061
12,14.028389191177403
130100,4.092045593261719
130200,5.009226226806641
130300,5.413575853620257
130400,3.6356236139933267
130500,4.338069491916233
130600,4.360383097330729
130700,3.1077895164489746
130800,4.594587326049805
130900,3.0695568720499673
131000,3.4649668799506292
131100,3.675659656524658
131200,5.739378662109375
131300,5.115656852722168
131400,3.5144850413004556
131500,5.122817039489746
131600,3.6950416564941406
131700,4.613588651021321
131800,5.379315462979403
131900,6.010033798217774
132000,4.843050320943196
132100,5.023995399475098
132200,3.8510890007019043
132300,2.9037489209856306
132400,4.36231803894043
132500,3.2227439880371094
132600,3.241686248779297
132700,5.060871817848899
132800,3.9854721069335937
132900,3.390948704310826
133000,3.7752370834350586
133100,5.378627777099609
133200,3.4887428283691406
133300,3.5017929077148438
133400,3.849804242451986
133500,3.8217124938964844
133600,6.092633989122179
133700,4.6382191975911455
133800,5.422871271769206
133900,3.9636056082589284
134000,5.024227142333984
134100,5.464558410644531
134200,3.2677433490753174
134300,4.925321960449219
134400,5.1317853927612305
134500,5.228802680969238
134600,3.3396652221679686
134700,3.977755069732666
134800,5.654211316789899
134900,3.902562822614397
135000,4.2755632400512695
135100,5.83134126663208
135200,3.3795084953308105
135300,5.056953430175781
135400,5.193693372938368
135500,4.576249599456787
135600,5.124059677124023
135700,5.016529083251953
135800,4.853121948242188
135900,5.074955410427517
136000,4.93718507554796
136100,3.768824895222982
136200,7.069948673248291
136300,4.28931638929579
136400,5.245758056640625
136500,3.2227025713239397
136600,4.616755676269531
136700,4.690599822998047
136800,4.728802680969238
136900,3.592745065689087
137000,4.214437696668837
137100,4.650937761579241
137200,6.1372025807698565
137300,4.863505045572917
137400,5.515333322378305
137500,6.6129905700683596
137600,5.333838272094726
137700,5.886682683771307
137800,5.569339116414388
137900,3.230680465698242
138000,5.304122447967529
138100,4.9309877668108255
138200,3.1805921282087053
138300,3.1930544716971263
138400,6.490185905905331
138500,5.039741516113281
138600,4.910210609436035
138700,2.26068909962972
138800,2.928602457046509
138900,4.655350078235973
139000,5.230659103393554
139100,5.833214499733665
139200,5.42192251032049
139300,3.6437236785888674
139400,4.151694161551339
139500,6.400547572544643
139600,3.7018034193250866
139700,4.221650123596191
139800,5.042821017178622
139900,4.905051011305589
140000,5.507084846496582
13,32.66635337915203
13,14.513130725451152
140100,3.98441162109375
140200,4.981835556030274
140300,5.405933380126953
140400,3.338378588358561
140500,4.158521440294054
140600,4.267374165852865
140700,3.208237648010254
140800,4.545054117838542
140900,3.2282899220784507
141000,3.3195376925998263
141100,3.6488094329833984
141200,5.624902954101563
141300,5.033694744110107
141400,3.4789101282755532
141500,5.1970086097717285
141600,3.499447504679362
141700,4.47899055480957
141800,5.20288744839755
141900,6.0242164611816404
142000,4.874665896097819
142100,5.032552719116211
142200,3.726065158843994
142300,2.704423631940569
142400,4.162321090698242
142500,2.9275396347045897
142600,3.2542301177978517
142700,5.015678752552379
142800,3.9959716796875
142900,3.409632819039481
143000,3.7159955501556396
143100,5.281375885009766
143200,3.3030896868024553
143300,3.388822283063616
143400,3.7254015604654946
143500,3.8925765991210937
143600,6.400555928548177
143700,4.599399142795139
143800,5.614168167114258
143900,3.746028355189732
144000,5.101729256766183
144100,5.498914337158203
144200,3.106194019317627
144300,4.8413135528564455
144400,4.975222587585449
144500,5.2945380210876465
144600,3.275991439819336
144700,3.8758788108825684
144800,5.637159075055804
144900,4.053599766322544
145000,4.1366167068481445
145100,5.792331218719482
145200,3.3250463008880615
145300,5.035679626464844
145400,5.387128194173177
145500,4.9650492668151855
145600,5.0708802541097
145700,4.88165054321289
145800,4.700211715698242
145900,4.872093624538845
146000,5.118829515245226
146100,3.688220977783203
146200,7.127481937408447
146300,4.4832276238335504
146400,5.511436115611684
146500,3.152557918003627
146600,4.772812271118164
146700,4.976319122314453
146800,4.740407307942708
146900,3.520702600479126
147000,4.177768707275391
147100,4.6034714835030695
147200,6.059329350789388
147300,4.8009185791015625
147400,5.389413686899038
147500,6.473198699951172
147600,5.299371719360352
147700,5.83716513893821
147800,5.382033030192058
147900,3.2065396990094865
148000,5.116447448730469
148100,4.92280524117606
148200,3.130214146205357
148300,3.248059409005301
148400,6.3490003698012405
148500,5.001032829284668
148600,4.767546971638997
148700,2.086249033610026
148800,2.883070468902588
148900,4.523570667613637
149000,4.913720321655274
149100,5.883707219904119
149200,5.298554853959517
149300,3.4289894104003906
149400,4.241607666015625
149500,6.414769853864398
149600,3.7179701063368054
149700,4.140715599060059
149800,5.040423653342507
149900,4.8553290733924275
150000,5.597735404968262
14,32.90039583629379
14,14.71933929576815
150100,3.8708122253417967
150200,4.789849090576172
150300,5.291469029017857
150400,3.129172960917155
150500,4.194236331515842
150600,4.28004150390625
150700,3.2587010860443115
150800,4.35105832417806
150900,3.202045440673828
151000,3.2572288513183594
151100,3.569967746734619
151200,5.694734497070312
151300,4.91632604598999
151400,3.4435857137044272
151500,5.166970729827881
151600,3.961510340372721
151700,4.485066095987956
151800,5.053076657381925
151900,6.40262451171875
152000,4.684405326843262
152100,5.107612133026123
152200,3.333629846572876
152300,2.4220335824148997
152400,4.2090606689453125
152500,3.534964370727539
152600,3.312196731567383
152700,4.950013594193892
152800,3.8884304046630858
152900,3.34149660382952
153000,3.6752021312713623
153100,5.22971773147583
153200,3.379870278494699
153300,3.278618403843471
153400,3.7994473775227866
153500,3.72432861328125
153600,6.535756005181207
153700,4.5114941067165795
153800,5.408898671468099
153900,3.573831558227539
154000,5.330062321254185
154100,5.548318862915039
154200,3.560840129852295
154300,4.774702835083008
154400,4.9932966232299805
154500,5.224398612976074
154600,3.289845657348633
154700,3.832766532897949
154800,5.542178017752511
154900,3.8557232448032925
155000,4.202347755432129
155100,5.720603942871094
155200,3.291171073913574
155300,4.976166534423828
155400,5.249813503689236
155500,4.780943870544434
155600,5.086465835571289
155700,4.899758529663086
155800,4.667911529541016
155900,4.698089599609375
156000,4.708702511257595
156100,3.630155563354492
156200,6.9407830238342285
156300,4.337839762369792
156400,5.288672707297585
156500,3.027941567557199
156600,4.923865509033203
156700,4.825378799438477
156800,4.603175799051921
156900,3.6415157318115234
157000,4.182968563503689
157100,4.4093202863420755
157200,6.08637809753418
157300,4.701514350043403
157400,5.503734295184795
157500,6.490596008300781
157600,5.2053375244140625
157700,5.711129622025923
157800,5.001319249471028
157900,3.3248699733189175
158000,4.943844795227051
158100,4.782676696777344
158200,2.9279321943010603
158300,3.060161590576172
158400,6.234753328211167
158500,4.984884738922119
158600,4.704001744588216
158700,1.9896043141682942
158800,2.588771343231201
158900,4.477431904185902
159000,4.98010025024414
159100,5.993976939808238
159200,5.356630498712713
159300,3.749712371826172
159400,4.167791094098773
159500,6.521147591727121
159600,3.627379947238498
159700,4.001212120056152
159800,5.114335146817294
159900,4.862586094782903
160000,5.4711384773254395
15,33.22904350160494
15,14.73254735449542
160100,3.781513977050781
160200,4.737567901611328
160300,5.386498587472098
160400,3.125746726989746
160500,4.111756218804254
160600,4.206023152669271
160700,2.8665857315063477
160800,4.485328038533528
160900,3.1768309275309243
161000,3.142682181464301
161100,3.5329556465148926
161200,5.78637451171875
161300,4.805337905883789
161400,3.406683603922526
161500,5.143242359161377
161600,3.718778610229492
161700,4.430012385050456
161800,4.833223169500178
161900,6.185587310791016
162000,4.599082628885905
162100,5.000000953674316
162200,3.369399309158325
162300,2.50006103515625
162400,4.124864196777343
162500,2.7712369918823243
162600,3.1500457763671874
162700,4.952387029474432
162800,3.8828269958496096
162900,3.1025973728724887
163000,3.570361614227295
163100,5.470745086669922
163200,3.2434599740164622
163300,3.3618477412632535
163400,3.6110219955444336
163500,3.6929096221923827
163600,6.6744274563259545
163700,4.630157046847874
163800,5.297739346822103
163900,3.6914310455322266
164000,5.038011823381696
164100,5.548037719726563
164200,3.0277225971221924
164300,4.50657958984375
164400,4.924751281738281
164500,5.162919998168945
164600,3.0219945907592773
164700,3.7720470428466797
164800,5.620942252022879
164900,3.61167117527553
165000,3.979936122894287
165100,5.694119453430176
165200,3.2321646213531494
165300,4.945871353149414
165400,5.42031012641059
165500,4.582706928253174
165600,4.987538655598958
165700,4.808488845825195
165800,4.671399688720703
165900,4.695150587293837
166000,5.039388020833333
166100,3.5007222493489585
166200,6.7063140869140625
166300,3.967155032687717
166400,5.026689009232954
166500,3.2171401977539062
166600,4.764240264892578
166700,4.938700866699219
166800,4.53851318359375
166900,3.6309027671813965
167000,4.319288889567058
167100,4.066501344953265
167200,6.209127426147461
167300,4.666443718804254
167400,5.482458848219651
167500,6.4176277160644535
167600,5.228851699829102
167700,5.608047138560902
167800,5.036940892537435
167900,3.5116898672921315
168000,4.859160423278809
168100,4.5028727395193915
168200,2.785336903163365
168300,3.1303127833775113
168400,6.030282862046185
168500,4.988253593444824
168600,4.677143096923828
168700,2.0232739448547363
168800,2.5309062004089355
168900,4.464853113347834
169000,4.941336059570313
169100,6.0320822975852275
169200,5.24294697154652
169300,3.3397918701171876
169400,4.123632158551898
169500,6.105045863560268
169600,3.7192594740125866
169700,3.897616147994995
169800,5.016897028142756
169900,4.829585148737981
170000,5.325991630554199
16,33.713947506428504
16,15.705983394002281
170100,3.6792396545410155
170200,4.708551025390625
170300,5.263794490269253
170400,3.2273454666137695
170500,4.275694953070746
170600,4.17640126546224
170700,2.824087619781494
170800,4.379940986633301
170900,3.0598904291788735
171000,3.084192064073351
171100,3.551046371459961
171200,5.76115234375
171300,4.701139450073242
171400,3.4392820994059243
171500,5.0842437744140625
171600,3.4658616383870444
171700,4.34422238667806
171800,4.845884149724787
171900,5.700687026977539
172000,4.608216603597005
172100,4.95759391784668
172200,3.254542827606201
172300,2.420963559831892
172400,4.131581115722656
172500,2.6747304916381838
172600,3.0775611877441404
172700,5.023827292702415
172800,3.9740325927734377
172900,3.4762581416538785
173000,3.454559326171875
173100,5.03162956237793
173200,3.290569850376674
173300,3.5759871346609935
173400,3.662794748942057
173500,3.6269271850585936
173600,7.060650295681423
173700,4.542447408040364
173800,5.272861480712891
173900,3.674932207380022
174000,4.800363268171038
174100,5.203107452392578
174200,2.955155849456787
174300,4.522483825683594
174400,4.761343002319336
174500,5.151786804199219
174600,2.847878837585449
174700,3.6719369888305664
174800,5.533783503941128
174900,3.432507651192801
175000,3.9621119499206543
175100,5.680130958557129
175200,3.172450542449951
175300,4.977484512329101
175400,5.1859631008572045
175500,4.675183296203613
175600,4.895237286885579
175700,5.111576843261719
175800,4.531942749023438
175900,4.7453053792317705
176000,4.645384894476996
176100,3.3075873057047525
176200,6.719045162200928
176300,4.190496656629774
176400,5.672408710826527
176500,3.1663109915597096
176600,5.042410278320313
176700,4.575447845458984
176800,4.755539894104004
176900,3.565408706665039
177000,4.15177747938368
177100,4.223124912806919
177200,6.017683664957683
177300,4.423336029052734
177400,5.634063720703125
177500,6.383317565917968
177600,5.274201202392578
177700,5.450809825550426
177800,4.616091728210449
177900,3.100873129708426
178000,5.126217365264893
178100,4.392453329903739
178200,2.6063946315220425
178300,2.8406824384416853
178400,6.088713702033548
178500,5.270935535430908
178600,4.635052998860677
178700,1.8971722920735676
178800,2.403130054473877
178900,4.3959808349609375
179000,5.090483474731445
179100,5.868750138716265
179200,5.363272233442827
179300,3.400675582885742
179400,3.9296087537493025
179500,6.492571694510324
179600,3.900976816813151
179700,3.9846510887145996
179800,4.823908719149503
179900,4.779579162597656
180000,5.237464427947998
17,34.38538907257891
17,16.07073959079485
180100,3.62933464050293
180200,4.524848937988281
180300,5.114899226597378
180400,3.352921803792318
180500,4.010497623019749
180600,4.131331380208334
180700,2.7811803817749023
180800,4.418220520019531
180900,2.9578679402669272
181000,3.0683511098225913
181100,3.5405898094177246
181200,5.6823779296875
181300,4.609810829162598
181400,3.356038729349772
181500,4.863237380981445
181600,3.392622947692871
181700,4.296799341837565
181800,4.8587518171830615
181900,5.969937133789062
182000,4.57365608215332
182100,4.901931285858154
182200,3.206491470336914
182300,2.3519227164132253
182400,4.107282257080078
182500,2.6519001007080076
182600,2.997353363037109
182700,5.227675698020241
182800,3.949636459350586
182900,3.213658469063895
183000,3.37575364112854
183100,5.320850372314453
183200,3.133154732840402
183300,3.629297528948103
183400,3.5941527684529624
183500,3.597887420654297
183600,7.160326639811198
183700,4.472528245713976
183800,5.346567789713542
183900,3.568136760166713
184000,4.558731624058315
184100,5.3758586883544925
184200,2.7953028678894043
184300,4.396929550170898
184400,4.655543327331543
184500,4.942820072174072
184600,2.6291290283203126
184700,3.749464988708496
184800,5.402794974190848
184900,3.2816004071916853
185000,3.874279737472534
185100,5.5748291015625
185200,3.168959856033325
185300,4.84221076965332
185400,5.109984503851996
185500,4.599246978759766
185600,4.8309431076049805
185700,5.009304809570312
185800,4.580918502807617
185900,4.672168307834202
186000,4.4017456902398004
186100,3.316806157430013
186200,6.5975775718688965
186300,4.168796963161892
186400,5.010848652232777
186500,3.3565150669642856
186600,4.951955413818359
186700,4.493634414672852
186800,4.687131563822429
186900,3.6806225776672363
187000,4.200118170844184
187100,4.307163238525391
187200,5.9583079020182295
187300,4.343544006347656
187400,5.269018319936899
187500,6.356618499755859
187600,5.058374404907227
187700,5.596050262451172
187800,4.543104807535808
187900,2.9111665998186385
188000,5.073586463928223
188100,4.217623029436384
188200,2.595106942313058
188300,3.000896726335798
188400,5.877019994399127
188500,5.009871482849121
188600,4.341847101847331
188700,1.9813674290974934
188800,2.332609176635742
188900,4.305621060458097
189000,4.948151016235352
189100,5.938439109108665
189200,5.21277514371005
189300,3.4501182556152346
189400,4.0095318385532925
189500,5.610814775739398
189600,3.5573721991644964
189700,3.6539502143859863
189800,4.920756946910512
189900,4.729358379657452
190000,5.152681350708008
18,34.83343562476377
18,16.522870615787514
190100,3.5654373168945312
190200,4.919212341308594
190300,5.4025677272251675
190400,3.0732272466023765
190500,4.279050191243489
190600,4.084566243489584
190700,2.6910808086395264
190800,4.3189090092976885
190900,2.951313018798828
191000,2.942430708143446
191100,3.6096441745758057
191200,5.457447509765625
191300,4.49174165725708
191400,3.338754336039225
191500,5.146305084228516
191600,3.400810877482096
191700,4.3583987553914385
191800,4.718060233376243
191900,6.024139404296875
192000,4.55016549428304
192100,4.6831512451171875
192200,3.1194539070129395
192300,2.182741846357073
192400,4.1205902099609375
192500,2.9735525131225584
192600,2.9177555084228515
192700,4.935157775878906
192800,3.869737243652344
192900,3.067534855433873
193000,3.321451187133789
193100,5.226061820983887
193200,3.0954183850969588
193300,3.38712283543178
193400,3.613819122314453
193500,4.007178497314453
193600,7.0556640625
193700,4.332825554741754
193800,5.262353261311849
193900,3.708423069545201
194000,4.576377868652344
194100,5.627492523193359
194200,2.7317354679107666
194300,4.691724395751953
194400,4.390139579772949
194500,4.764564514160156
194600,2.517233657836914
194700,3.693666696548462
194800,5.495960235595703
194900,3.163346699305943
195000,3.8363726139068604
195100,5.592509746551514
195200,3.031341075897217
195300,4.751250457763672
195400,5.0724597507052955
195500,3.915480613708496
195600,4.812293370564778
195700,4.868764495849609
195800,4.518633270263672
195900,4.5560455322265625
196000,4.404834323459202
196100,3.233727137247721
196200,6.470975875854492
196300,3.9338260226779513
196400,4.951425725763494
196500,3.1580322810581754
196600,4.776176452636719
196700,4.412917709350586
196800,4.5259215037028
196900,3.5715596675872803
197000,4.418839348687066
197100,3.992660249982561
197200,5.877806345621745
197300,4.4476733737521705
197400,5.187991802509014
197500,6.396353149414063
197600,4.884166717529297
197700,5.426769603382457
197800,4.567773501078288
197900,2.68535886492048
198000,4.967202186584473
198100,4.058928353445871
198200,2.375530242919922
198300,2.9675674438476562
198400,5.948826958151424
198500,5.161722183227539
198600,4.2775421142578125
198700,1.9300154050191243
198800,2.1872968673706055
198900,4.683415846391157
199000,5.040251922607422
199100,5.9231178977272725
199200,5.139500357887962
199300,3.791922760009766
199400,3.7633353642054965
199500,5.873684474400112
199600,3.407530042860243
199700,3.5726544857025146
199800,5.136616099964488
199900,4.696351271409255
200000,5.0606584548950195
19,35.69018250356148
19,16.27818551326272
200100,3.430973434448242
200200,4.708891296386719
200300,5.801618303571429
200400,2.9726295471191406
200500,4.052001953125
200600,4.103582763671875
200700,2.7265257835388184
200800,4.054635365804036
200900,2.694424311319987
201000,2.8498268127441406
201100,3.2904129028320312
201200,5.443887329101562
201300,4.51507568359375
201400,3.2993392944335938
201500,4.788018226623535
201600,3.1077041625976562
201700,4.36540158589681
201800,4.610085574063388
201900,5.329477310180664
202000,4.589385350545247
202100,4.717634201049805
202200,2.929851770401001
202300,2.1203902108328685
202400,4.247837066650391
202500,2.693045425415039
202600,2.7079296112060547
202700,4.834877014160156
202800,3.806538391113281
202900,3.476880209786551
203000,3.360055685043335
203100,5.185267925262451
203200,2.914037431989397
203300,3.624952588762556
203400,3.5375820795694985
203500,3.7244998931884767
203600,6.690882788764106
203700,4.226972368028429
203800,5.29208246866862
203900,3.508641379220145
204000,4.688473837716239
204100,4.843391418457031
204200,2.7190566062927246
204300,4.719218063354492
204400,4.49106502532959
204500,4.9229841232299805
204600,2.237016296386719
204700,3.5178890228271484
204800,5.348254067557199
204900,3.0592744009835378
205000,3.626100778579712
205100,5.717649459838867
205200,3.4558963775634766
205300,4.777006530761719
205400,5.011522081163195
205500,3.857691526412964
205600,4.822523434956868
205700,5.286232757568359
205800,4.494083404541016
205900,4.389974382188585
206000,4.248169793023004
206100,3.22330633799235
206200,6.6472625732421875
206300,4.042937808566624
206400,5.0129522843794385
206500,3.3786446707589284
206600,4.831123733520508
206700,4.553829193115234
206800,4.48535950978597
206900,3.3765838146209717
207000,4.217696719699436
207100,4.088261468069894
207200,5.985378901163737
207300,4.450526767306858
207400,4.940272404597356
207500,6.107370758056641
207600,5.2154693603515625
207700,5.707357580011541
207800,4.298603693644206
207900,2.6370160239083424
208000,5.051412582397461
208100,3.929027557373047
208200,2.151195662362235
208300,3.296842575073242
208400,5.9295824836282165
208500,5.254535675048828
208600,4.267202377319336
208700,1.8715410232543945
208800,2.2936410903930664
208900,4.553107868541371
209000,5.0546119689941404
209100,5.874751004305753
209200,5.039202950217507
209300,3.635271453857422
209400,3.697657993861607
209500,6.58428464617048
209600,3.4830169677734375
209700,3.6233835220336914
209800,5.263775218616832
209900,4.874959505521334
210000,5.201996326446533
20,35.77940537268319
20,16.47775163496618
210100,3.3499496459960936
210200,4.693499755859375
210300,5.912012372698102
210400,2.9931971232096353
210500,3.434035619099935
210600,4.23965581258138
210700,2.5771536827087402
210800,4.0450849533081055
210900,2.810243606567383
211000,2.793382856580946
211100,3.201035499572754
211200,5.463670654296875
211300,4.391219615936279
211400,3.1352268854777017
211500,4.822266578674316
211600,3.14266300201416
211700,4.307857831319173
211800,4.576638655229048
211900,6.183933258056641
212000,4.617408116658528
212100,4.531858921051025
212200,2.8482894897460938
212300,2.021814618791853
212400,4.137958145141601
212500,2.6233076095581054
212600,2.883390426635742
212700,5.274478565562855
212800,3.751629638671875
212900,3.2188949584960938
213000,3.1558547019958496
213100,5.157127380371094
213200,3.5956794193812778
213300,3.141113826206752
213400,3.548269271850586
213500,3.620610809326172
213600,6.603432973225911
213700,4.2096811930338545
213800,5.205132802327474
213900,3.7496228899274553
214000,4.688467298235212
214100,5.173228454589844
214200,2.5098321437835693
214300,4.464761352539062
214400,4.325314044952393
214500,5.055832862854004
214600,2.3304523468017577
214700,3.421337604522705
214800,5.2615541730608255
214900,2.9680279323032925
215000,3.412580728530884
215100,5.726391315460205
215200,2.779811382293701
215300,4.687091064453125
215400,4.984798855251736
215500,4.696534633636475
215600,4.79788335164388
215700,5.263112258911133
215800,4.480064392089844
215900,4.355081346299913
216000,4.493944803873698
216100,3.2233963012695312
216200,6.513136863708496
216300,4.058969285753038
216400,4.930020419034091
216500,3.1319901602608815
216600,4.667214202880859
216700,4.3917804718017575
216800,4.82066281636556
216900,3.532412052154541
217000,4.221735212537977
217100,3.9786158970424106
217200,5.7186533610026045
217300,4.418782975938585
217400,5.117137028620793
217500,6.076862716674805
217600,5.010038757324219
217700,5.435278459028765
217800,4.2077789306640625
217900,2.716064453125
218000,5.056552886962891
218100,4.003898075648716
218200,2.5841827392578125
218300,2.8500120980398997
218400,5.691524281221278
218500,5.054717063903809
218600,4.128990491231282
218700,1.6568257013956706
218800,2.3986053466796875
218900,4.6279050653631035
219000,4.903218078613281
219100,5.9475180886008525
219200,5.186646201393821
219300,4.16712760925293
219400,3.8368317740304128
219500,7.213854653494699
219600,3.6658426920572915
219700,3.5795888900756836
219800,4.749448256059126
219900,4.84343514075646
220000,5.073992729187012
21,36.30317551226779
21,16.53034600059061
220100,3.2665882110595703
220200,4.551961517333984
220300,6.1657273428780695
220400,2.7919896443684897
220500,3.61669921875
220600,4.784552001953125
220700,2.791820764541626
220800,3.9101346333821616
220900,2.775612195332845
221000,2.74623531765408
221100,3.0892374515533447
221200,5.537904663085937
221300,4.322329521179199
221400,3.021026611328125
221500,4.926189422607422
221600,2.9757073720296225
221700,4.591566721598308
221800,4.57813193581321
221900,5.863239288330078
222000,4.354038238525391
222100,4.409610271453857
222200,2.937528133392334
222300,1.862021037510463
222400,4.171120452880859
222500,2.4590486526489257
222600,2.9511440277099608
222700,5.255672108043324
222800,3.803697967529297
222900,2.888746806553432
223000,3.2771506309509277
223100,4.928178310394287
223200,4.167683192661831
223300,3.352726800101144
223400,3.3560352325439453
223500,3.8014450073242188
223600,6.455079396565755
223700,4.2246593899197045
223800,5.309353192647298
223900,3.641086850847517
224000,4.340659550258091
224100,4.886902618408203
224200,2.7254738807678223
224300,4.458679962158203
224400,4.290021896362305
224500,4.7060346603393555
224600,2.066214942932129
224700,3.352083206176758
224800,5.548598153250558
224900,3.093456813267299
225000,3.4279189109802246
225100,5.53245735168457
225200,2.7856264114379883
225300,4.683320999145508
225400,5.008721245659722
225500,3.548264980316162
225600,4.729297320048015
225700,5.28058090209961
225800,4.424607467651367
225900,4.214424981011285
226000,4.334134419759114
226100,3.321624437967936
226200,6.315670490264893
226300,3.782112545437283
226400,4.925451105291193
226500,3.307481220790318
226600,4.95141716003418
226700,4.761945724487305
226800,4.9265289306640625
226900,3.628713369369507
227000,4.265719095865886
227100,3.7386763436453685
227200,5.708899815877278
227300,4.27152336968316
227400,4.861108926626352
227500,6.049606704711914
227600,4.980378341674805
227700,5.857202703302557
227800,3.959472338358561
227900,2.498497554234096
228000,4.9051690101623535
228100,3.7799088614327565
228200,1.9881604058401925
228300,2.8135367802211215
228400,5.708178800695083
228500,4.737288475036621
228600,4.375785191853841
228700,1.7373388608296711
228800,2.297865867614746
228900,4.406919305974787
229000,4.821020889282226
229100,5.83561221036044
229200,6.380095741965554
229300,3.680878448486328
229400,4.2324017116001675
229500,6.564851488385882
229600,3.3470001220703125
229700,3.586270809173584
229800,5.185073505748402
229900,4.643956111027644
230000,4.994120121002197
22,37.194469007218494
22,16.99949227999653
230100,3.1402572631835937
230200,4.732553482055664
230300,6.222329275948661
230400,2.719540278116862
230500,3.4210773044162326
230600,4.135977935791016
230700,2.5363030433654785
230800,3.806421915690104
230900,2.6556568145751953
231000,2.5984730190700955
231100,3.296499252319336
231200,5.4822119140625
231300,4.213446617126465
231400,3.0185228983561196
231500,5.495770454406738
231600,2.84608523050944
231700,4.179975191752116
231800,4.490939400412819
231900,5.163018035888672
232000,4.559668223063151
232100,4.369497299194336
232200,2.867093563079834
232300,1.9084178379603796
232400,4.16534423828125
232500,2.7315963745117187
232600,2.752533531188965
232700,4.715393759987571
232800,3.6942985534667967
232900,2.8279522487095425
233000,3.2781765460968018
233100,4.909242153167725
233200,3.539271218436105
233300,2.9478446415492465
233400,3.5986448923746743
233500,3.5978958129882814
233600,6.280851576063368
233700,4.140271928575304
233800,5.295769373575847
233900,3.6124610900878906
234000,4.84821537562779
234100,4.699120330810547
234200,2.462726593017578
234300,4.667178344726563
234400,4.229902744293213
234500,4.806528568267822
234600,2.001015472412109
234700,3.7991979122161865
234800,5.318993704659598
234900,3.642613274710519
235000,3.286576986312866
235100,5.559435844421387
235200,2.73640775680542
235300,4.730497741699219
235400,4.763399759928386
235500,3.599729061126709
235600,4.696888605753581
235700,5.36754035949707
235800,4.461907577514649
235900,4.166300455729167
236000,4.1652242872450085
236100,3.0663846333821616
236200,6.045344829559326
236300,3.869965023464627
236400,5.339281949129972
236500,3.1294457571847096
236600,4.7737785339355465
236700,4.587661361694336
236800,4.371123313903809
236900,3.257770538330078
237000,4.106314765082465
237100,3.7656571524483815
237200,6.030382792154948
237300,4.2549082438151045
237400,4.965198810283955
237500,6.140779876708985
237600,4.893486404418946
237700,5.485495480624112
237800,4.428516387939453
237900,2.2719370978219167
238000,5.750401496887207
238100,3.6731951577322826
238200,2.194879804338728
238300,3.3756610325404575
238400,5.8022456449620865
238500,4.784753322601318
238600,4.07926877339681
238700,1.5738563537597656
238800,2.200972557067871
238900,4.323000127618963
239000,4.627315521240234
239100,5.795486796985973
239200,4.903019991787997
239300,4.298402404785156
239400,3.3599886213030135
239500,6.802667890276227
239600,2.965304480658637
239700,3.399277448654175
239800,4.782633001154119
239900,4.751870375413161
240000,4.960406303405762
23,37.265139979249454
23,17.033995095331562
240100,3.0683231353759766
240200,4.291579818725586
240300,6.388252258300781
240400,2.850277582804362
240500,3.555874294704861
240600,4.446833801269531
240700,2.389158248901367
240800,3.7985283533732095
240900,2.5176231066385903
241000,2.5762646993001304
241100,3.1089015007019043
241200,5.617820434570312
241300,4.325129508972168
241400,2.9415887196858725
241500,5.306491851806641
241600,2.806823412577311
241700,4.796865145365397
241800,4.440035039728338
241900,5.3354743957519535
242000,4.421679814656575
242100,4.137424945831299
242200,2.853353977203369
242300,1.995927401951381
242400,3.8473560333251955
242500,2.673579788208008
242600,2.7033626556396486
242700,5.094212965531782
242800,3.5513282775878907
242900,2.7956619262695312
243000,3.108454704284668
243100,5.042657852172852
243200,3.734488078526088
243300,2.791244234357561
243400,3.30252742767334
243500,3.8303707122802733
243600,6.033794826931423
243700,4.111000061035156
243800,5.115033785502116
243900,3.5258966173444475
244000,4.787598746163504
244100,4.777462387084961
244200,2.3371710777282715
244300,4.109204864501953
244400,4.203615188598633
244500,4.612214088439941
244600,1.9992149353027344
244700,3.231358051300049
244800,5.136293138776507
244900,2.878249032156808
245000,3.0871379375457764
245100,5.589231491088867
245200,2.671999216079712
245300,4.952117156982422
245400,4.670501285129124
245500,3.2995235919952393
245600,4.66945234934489
245700,4.762550354003906
245800,4.398938369750977
245900,4.231252034505208
246000,4.157886081271702
246100,3.149129867553711
246200,6.1733198165893555
246300,3.3607944912380643
246400,4.781110590154475
246500,2.898639678955078
246600,5.0052848815917965
246700,4.7106983184814455
246800,4.222251892089844
246900,3.356358528137207
247000,4.56790033976237
247100,3.8844470977783203
247200,5.742753346761067
247300,4.539982265896267
247400,4.946992727426382
247500,5.986565399169922
247600,5.179402160644531
247700,5.409948175603693
247800,4.026424090067546
247900,2.3783787318638394
248000,5.095047950744629
248100,3.5458267756870816
248200,2.0844813755580356
248300,3.9635977063860213
248400,5.70938918169807
248500,4.6498823165893555
248600,3.91966183980306
248700,1.506436030069987
248800,2.1514663696289062
248900,4.290632768110796
249000,5.040151596069336
249100,5.808677326549184
249200,4.879047740589488
249300,2.78433837890625
249400,3.7919093540736606
249500,7.305788312639509
249600,2.7087550693088107
249700,3.4172604084014893
249800,4.619275179776278
249900,4.627658550555889
250000,4.9173431396484375
24,39.287124831440515
24,17.437931896310797
