100,9.201796722412109
200,7.782219696044922
300,7.580799102783203
400,6.071362813313802
500,6.800506591796875
600,7.088783264160156
700,6.505634784698486
800,7.293374379475911
900,5.257676442464192
1000,6.376956515842014
1100,6.831279754638672
1200,6.52478759765625
1300,6.497525215148926
1400,4.778574625651042
1500,6.233076572418213
1600,6.29298210144043
1700,6.736968994140625
1800,6.0503387451171875
1900,6.599241638183594
2000,5.412179311116536
2100,5.873376846313477
2200,4.307183742523193
2300,6.11805180140904
2400,5.777223205566406
2500,5.9759479522705075
2600,5.4573017120361325
2700,6.355098377574574
2800,5.8930908203125
2900,5.459408896309989
3000,7.625680446624756
3100,6.3000617027282715
3200,4.594127110072544
3300,5.717472621372768
3400,6.3361765543619795
3500,5.529218292236328
3600,6.156733618842231
3700,6.540766821967231
3800,6.110713958740234
3900,6.19627434866769
4000,5.959969111851284
4100,5.764146423339843
4200,5.484907627105713
4300,6.103593826293945
4400,7.394205093383789
4500,6.640329360961914
4600,6.7996376037597654
4700,5.199151992797852
4800,6.657130650111607
4900,5.792391095842634
5000,7.041431427001953
5100,6.35216760635376
5200,4.720224857330322
5300,6.6062477111816404
5400,6.35750495062934
5500,5.7590179443359375
5600,6.175337473551433
5700,5.136587142944336
5800,5.599120330810547
5900,6.340802510579427
6000,5.5081125895182295
6100,5.564563751220703
6200,7.791386127471924
6300,4.92472161187066
6400,6.979846607555043
6500,4.687264033726284
6600,5.402082824707032
6700,6.6292869567871096
6800,6.196421305338542
6900,5.323173522949219
7000,5.58652581108941
7100,5.510595049176898
7200,7.0644105275472
7300,5.923369513617621
7400,6.563727158766526
7500,7.108699035644531
7600,5.991552734375
7700,6.389598499644887
7800,9.653932571411133
7900,5.4575604030064175
8000,6.080617904663086
8100,6.660646711077009
8200,5.677609579903739
8300,4.885839189801898
8400,6.589243720559513
8500,6.057709693908691
8600,6.118324915568034
8700,4.767103513081868
8800,5.1692352294921875
8900,6.120316938920454
9000,5.53668441772461
9100,5.4293036027388135
9200,6.437501387162642
9300,5.620185852050781
9400,5.74506105695452
9500,6.396617889404297
9600,4.958635542127821
9700,6.175926685333252
9800,6.750889864834872
9900,6.024983332707332
10000,6.289379119873047
0,47.84814666154165
0,6.520889047899847
10100,6.923929595947266
10200,6.227840423583984
10300,6.535843985421317
10400,3.680384635925293
10500,6.202590518527561
10600,5.472170003255209
10700,4.5075531005859375
10800,6.65696652730306
10900,4.728010495503743
11000,5.550951215955946
11100,5.778273582458496
11200,6.011305541992187
11300,6.079022407531738
11400,4.660703659057617
11500,5.847649097442627
11600,5.714560826619466
11700,5.67491086324056
11800,5.644299593838778
11900,6.173044204711914
12000,5.112425804138184
12100,5.936699390411377
12200,4.665802478790283
12300,5.540812901088169
12400,5.182138824462891
12500,5.167321014404297
12600,4.832012176513672
12700,6.259255842729048
12800,5.136702346801758
12900,4.784105573381696
13000,7.101586818695068
13100,5.980587959289551
13200,4.252718789236886
13300,5.359373365129743
13400,5.761582692464192
13500,5.062869262695313
13600,5.946791330973308
13700,5.997094048394097
13800,6.024198532104492
13900,5.612239837646484
14000,5.913387843540737
14100,5.838667297363282
14200,5.075169086456299
14300,5.163014221191406
14400,7.4188385009765625
14500,6.229963779449463
14600,5.616382598876953
14700,4.9857988357543945
14800,6.395113263811384
14900,4.929111480712891
15000,6.3481364250183105
15100,6.08571195602417
15200,4.386615753173828
15300,6.245139694213867
15400,6.069525824652778
15500,5.359206199645996
15600,5.717155456542969
15700,5.004034423828125
15800,5.289606094360352
15900,6.376344045003255
16000,5.177586449517144
16100,5.251474698384603
16200,7.894637584686279
16300,4.824678209092882
16400,6.6407338922674
16500,4.571188245500837
16600,5.402148818969726
16700,5.984979629516602
16800,6.012411753336589
16900,5.056056022644043
17000,5.217085944281684
17100,5.304225921630859
17200,6.861350377400716
17300,5.6771566602918835
17400,6.221640366774339
17500,7.203173065185547
17600,5.819019317626953
17700,6.223261746493253
17800,9.20248031616211
17900,5.079244341169085
18000,6.043570518493652
18100,6.544516427176339
18200,5.4189028058733255
18300,4.509395599365234
18400,6.683930340935202
18500,6.013632774353027
18600,6.216660817464192
18700,4.017077128092448
18800,4.853235721588135
18900,5.846421675248579
19000,5.408354949951172
19100,5.4290899796919385
19200,6.161898526278409
19300,5.362009811401367
19400,5.323629651750837
19500,6.401780264718192
19600,4.637445661756727
19700,5.991458892822266
19800,6.356276078657671
19900,5.744918236365685
20000,6.105400085449219
1,41.95744141844946
1,9.255408210811861
20100,6.096215438842774
20200,6.076114654541016
20300,6.360201154436384
20400,3.4329872131347656
20500,6.095871819390191
20600,5.290567016601562
20700,4.186415672302246
20800,6.642703374226888
20900,4.4135745366414385
21000,5.22295167711046
21100,5.599496841430664
21200,6.2507391357421875
21300,5.929461479187012
21400,4.382854461669922
21500,5.724839210510254
21600,5.326369603474935
21700,5.6821848551432295
21800,5.883776578036222
21900,6.453513336181641
22000,4.911396344502767
22100,5.961402893066406
22200,4.702559471130371
22300,5.173303331647601
22400,5.329943084716797
22500,4.598152160644531
22600,4.649701690673828
22700,5.997790249911222
22800,5.084374618530274
22900,4.472400665283203
23000,6.11197566986084
23100,5.917638301849365
23200,4.256875719342913
23300,5.230967930385044
23400,5.451943715413411
23500,4.976007461547852
23600,6.078676011827257
23700,6.096198187934028
23800,5.933848698933919
23900,5.265374864850726
24000,5.9330869402204245
24100,5.9151561737060545
24200,4.908051490783691
24300,4.867225646972656
24400,6.986380100250244
24500,6.12456750869751
24600,5.431146240234375
24700,5.003144264221191
24800,5.972861698695591
24900,4.731507437569754
25000,5.774498462677002
25100,6.266637802124023
25200,4.354229927062988
25300,6.526338195800781
25400,5.909659067789714
25500,5.070282459259033
25600,5.753534317016602
25700,5.021562576293945
25800,5.424161148071289
25900,6.282134162055121
26000,5.493895212809245
26100,5.288114547729492
26200,7.678950309753418
26300,4.814352671305339
26400,6.523778742009943
26500,4.388710566929409
26600,5.0728401184082035
26700,5.803884124755859
26800,5.715767542521159
26900,5.046642303466797
27000,5.241491105821398
27100,5.320116315569196
27200,6.8304087320963545
27300,5.58792961968316
27400,6.103204580453726
27500,7.1921226501464846
27600,5.813030242919922
27700,6.005051352761009
27800,8.442548116048178
27900,4.848724365234375
28000,6.189180850982666
28100,6.2855104718889505
28200,5.140943254743304
28300,4.375990458897182
28400,6.437305226045496
28500,6.224900245666504
28600,5.743513743082683
28700,3.7794812520345054
28800,4.612196922302246
28900,5.8818511962890625
29000,5.185393142700195
29100,5.658326582475142
29200,6.1556923606178975
29300,5.2437694549560545
29400,5.049812316894531
29500,6.301902226039341
29600,4.586430443657769
29700,5.774703502655029
29800,6.219683560458097
29900,5.656663747934195
30000,5.886618614196777
2,39.499335710067285
2,10.28325479694263
30100,5.876859283447265
30200,6.017184448242188
30300,5.958189828055246
30400,3.276161511739095
30500,5.818273756239149
30600,5.2909901936848955
30700,3.702479839324951
30800,6.1768442789713545
30900,4.214792251586914
31000,5.021173689100477
31100,5.458046913146973
31200,6.38323974609375
31300,5.678467273712158
31400,4.314463933308919
31500,5.6564836502075195
31600,5.188089370727539
31700,5.379168192545573
31800,5.826819679953835
31900,6.45410385131836
32000,4.851338068644206
32100,5.809389114379883
32200,4.504338264465332
32300,4.874185289655413
32400,5.2071491241455075
32500,4.469678497314453
32600,4.574031066894531
32700,5.980640758167613
32800,4.814999771118164
32900,4.315143585205078
33000,6.0208539962768555
33100,5.972240447998047
33200,4.236459459577288
33300,5.13246100289481
33400,5.458543141682942
33500,4.768887329101562
33600,5.859236399332683
33700,5.876768324110243
33800,5.808750152587891
33900,5.076416560581753
34000,5.986483982631138
34100,6.1182701110839846
34200,4.811646461486816
34300,4.823861312866211
34400,6.796792030334473
34500,5.849870681762695
34600,5.379228591918945
34700,4.980192184448242
34800,6.079801286969866
34900,4.64161137172154
35000,5.836114883422852
35100,6.182957649230957
35200,4.332037448883057
35300,6.419536590576172
35400,5.6816516452365455
35500,4.939808368682861
35600,5.61941655476888
35700,5.0365348815917965
35800,5.118934631347656
35900,6.436354743109809
36000,5.761558956570095
36100,5.243885676066081
36200,8.060111045837402
36300,4.725681728786892
36400,6.26209120316939
36500,4.383146558489118
36600,5.058957290649414
36700,5.817259216308594
36800,5.64968999226888
36900,4.953869342803955
37000,5.360015869140625
37100,5.292752947126116
37200,6.794681549072266
37300,5.488126118977864
37400,6.099861731896033
37500,7.264536285400391
37600,5.808805084228515
37700,5.900125676935369
37800,8.581463495890299
37900,4.60210200718471
38000,6.080635070800781
38100,6.320525033133371
38200,4.998699188232422
38300,4.111443655831473
38400,6.400293686810662
38500,5.955543518066406
38600,5.981592178344727
38700,3.5720609029134116
38800,4.295578479766846
38900,5.638779033314098
39000,5.026390838623047
39100,5.638446461070668
39200,5.866638877175071
39300,4.8578346252441404
39400,4.610111781529018
39500,6.235347202845982
39600,4.542042626274957
39700,5.651340484619141
39800,6.116330927068537
39900,5.792623079740084
40000,5.931778907775879
3,37.86162392937979
3,10.9890826808052
40100,5.935930633544922
40200,6.056494140625
40300,5.924709865025112
40400,3.2672882080078125
40500,5.883894602457683
40600,5.265020751953125
40700,3.690397262573242
40800,6.123390833536784
40900,4.1159108479817705
41000,4.858255174424913
41100,5.498329162597656
41200,6.32251953125
41300,5.619946479797363
41400,4.333675702412923
41500,5.490638732910156
41600,5.213757832845052
41700,5.081732749938965
41800,5.827554876154119
41900,6.516536712646484
42000,4.86787764231364
42100,5.721813678741455
42200,4.4952216148376465
42300,4.4829526628766745
42400,5.209346771240234
42500,4.245087432861328
42600,4.205587768554688
42700,5.99980995871804
42800,4.761869812011719
42900,4.239955902099609
43000,5.649202346801758
43100,5.953183650970459
43200,4.088017872401646
43300,4.63868168422154
43400,5.096206029256185
43500,4.849754333496094
43600,6.021590338812934
43700,5.836341010199653
43800,5.731426239013672
43900,4.787324087960379
44000,5.696236201695034
44100,6.278750228881836
44200,4.6450934410095215
44300,4.5393218994140625
44400,6.6637749671936035
44500,5.933440685272217
44600,4.814794921875
44700,4.655022621154785
44800,6.184464590890067
44900,4.575776236397879
45000,5.47389030456543
45100,6.327829360961914
45200,4.0976080894470215
45300,6.250398254394531
45400,5.765944586859809
45500,4.8090291023254395
45600,5.514964421590169
45700,5.213571929931641
45800,5.022322082519532
45900,6.230630238850911
46000,5.867123921712239
46100,5.112136522928874
46200,8.331727027893066
46300,4.713613722059462
46400,6.242359508167613
46500,4.337350027901786
46600,4.9927314758300785
46700,5.746875381469726
46800,5.646364212036133
46900,4.900688171386719
47000,5.42463853624132
47100,5.426844460623605
47200,6.728554407755534
47300,5.3242441813151045
47400,5.899850698617788
47500,7.135560607910156
47600,5.7065074920654295
47700,5.8313987038352275
47800,7.7912038167317705
47900,4.507292611258371
48000,6.3151092529296875
48100,6.247917175292969
48200,4.677856990269253
48300,3.988339832850865
48400,6.302194034352022
48500,5.957653999328613
48600,5.965229670206706
48700,3.4466546376546225
48800,4.332950592041016
48900,5.6536643288352275
49000,5.03468132019043
49100,5.653077559037642
49200,5.955495660955256
49300,4.872344970703125
49400,4.727434975760324
49500,6.186673845563616
49600,4.331103006998698
49700,5.43202018737793
49800,6.1817474365234375
49900,5.820084205040565
50000,5.928918838500977
4,36.5438781953835
4,11.50582056738061
50100,5.5500022888183596
50200,6.034562683105468
50300,5.703356606619699
50400,3.3484395345052085
50500,5.847487555609809
50600,5.105671183268229
50700,3.4958221912384033
50800,5.986579259236653
50900,3.8938013712565103
51000,4.914188808865017
51100,5.361823558807373
51200,6.458881225585937
51300,5.620149612426758
51400,4.335541407267253
51500,5.566679954528809
51600,5.133886973063151
51700,5.104250907897949
51800,5.945836847478693
51900,6.490273284912109
52000,4.899744351704915
52100,5.8133721351623535
52200,4.797222137451172
52300,4.574220384870257
52400,4.992610168457031
52500,3.966815948486328
52600,4.21763801574707
52700,5.844594088467685
52800,4.6402637481689455
52900,4.271260942731585
53000,5.666825294494629
53100,6.075462818145752
53200,4.204245431082589
53300,5.077516283307757
53400,4.972778956095378
53500,4.807956314086914
53600,6.249139149983724
53700,5.51943842569987
53800,5.712771733601888
53900,4.808094024658203
54000,5.637139456612723
54100,5.896918487548828
54200,4.77284574508667
54300,4.433742523193359
54400,6.742181777954102
54500,5.916965007781982
54600,4.457917404174805
54700,4.7272233963012695
54800,6.1147951398577005
54900,4.459107535226004
55000,5.865656852722168
55100,6.288933277130127
55200,4.139277458190918
55300,6.169704437255859
55400,5.6409912109375
55500,4.864312171936035
55600,5.460604985555013
55700,5.089838027954102
55800,5.03382682800293
55900,6.4097340901692705
56000,6.039371914333767
56100,4.908369382222493
56200,8.417223930358887
56300,4.734675513373481
56400,6.107348355379972
56500,4.1191286359514505
56600,4.989092254638672
56700,5.833149719238281
56800,5.565589904785156
56900,4.8747053146362305
57000,5.429703606499566
57100,5.128663199288504
57200,6.790707270304362
57300,5.322234259711371
57400,5.919514582707332
57500,7.107933044433594
57600,5.685829925537109
57700,5.949206265536222
57800,8.04465103149414
57900,4.358038766043527
58000,6.332630634307861
58100,5.976771763392857
58200,4.439776284354074
58300,3.9323392595563615
58400,6.392914715935202
58500,6.12788200378418
58600,5.610769907633464
58700,3.2852725982666016
58800,3.8395943641662598
58900,5.585941314697266
59000,5.042908477783203
59100,5.640160994096235
59200,5.865436900745738
59300,4.840792083740235
59400,4.362188884190151
59500,6.332614898681641
59600,4.179425557454427
59700,5.282257080078125
59800,6.019715049050071
59900,5.6016669640174275
60000,5.907055377960205
5,35.459248903227405
5,11.94093821501114
60100,5.381374740600586
60200,6.048542022705078
60300,5.718160356794085
60400,3.2958787282307944
60500,5.674925062391493
60600,4.932627868652344
60700,3.4677746295928955
60800,5.746407826741536
60900,3.9625457127889
61000,4.774340311686198
61100,5.061742782592773
61200,6.135140380859375
61300,5.408434867858887
61400,4.318947474161784
61500,5.312936305999756
61600,4.743651707967122
61700,5.265712420145671
61800,5.830057317560369
61900,6.552052307128906
62000,4.81236203511556
62100,5.359446048736572
62200,4.47492790222168
62300,4.386415754045759
62400,5.12904167175293
62500,3.8570762634277345
62600,4.007596206665039
62700,5.835071216930043
62800,4.590948486328125
62900,4.138331821986607
63000,5.107388019561768
63100,5.918216228485107
63200,3.882336207798549
63300,4.787076677594866
63400,5.124068895975749
63500,4.849470520019532
63600,5.95703845553928
63700,5.337671067979601
63800,5.78214963277181
63900,4.54662595476423
64000,5.512701851981027
64100,5.51637077331543
64200,4.5813679695129395
64300,4.451820373535156
64400,6.412729263305664
64500,5.928901672363281
64600,4.4556632995605465
64700,4.936625957489014
64800,6.181555066789899
64900,4.332536152430943
65000,5.708833694458008
65100,6.2353515625
65200,4.007129192352295
65300,6.298099517822266
65400,5.632005055745442
65500,4.843239784240723
65600,5.388184229532878
65700,5.390373229980469
65800,4.957344436645508
65900,6.175007714165582
66000,5.635656144883898
66100,4.889556884765625
66200,8.141511917114258
66300,4.777373419867621
66400,5.9299163818359375
66500,3.9492876870291576
66600,4.939508438110352
66700,5.56324462890625
66800,5.373083750406901
66900,4.674103736877441
67000,5.470773061116536
67100,4.910151890345982
67200,6.907423655192058
67300,5.445533752441406
67400,5.934009845440205
67500,7.216777038574219
67600,5.636982345581055
67700,5.929136796431108
67800,7.5597794850667315
67900,4.064372471400669
68000,6.1302595138549805
68100,5.920353480747768
68200,4.384181976318359
68300,3.9653707231794084
68400,6.279389325310202
68500,6.229827880859375
68600,5.832516352335612
68700,3.0847244262695312
68800,3.748960494995117
68900,5.346864180131392
69000,4.9929054260253904
69100,5.4614809209650215
69200,5.84233301336115
69300,4.902537536621094
69400,4.5733135768345425
69500,5.9283937726702005
69600,4.15865241156684
69700,4.903595924377441
69800,5.91869492964311
69900,5.70832766019381
70000,5.8234992027282715
6,34.44770395818936
6,12.255927600045009
70100,5.309395599365234
70200,5.83421630859375
70300,5.59406988961356
70400,3.121356964111328
70500,5.4942431979709205
70600,4.989277648925781
70700,3.2565460205078125
70800,5.7741349538167315
70900,3.904577891031901
71000,4.60047361585829
71100,5.037845611572266
71200,6.228768310546875
71300,5.377139091491699
71400,4.297323226928711
71500,5.343752384185791
71600,4.861996332804362
71700,5.137439727783203
71800,5.794650337912819
71900,6.5231201171875
72000,4.749467849731445
72100,5.717036724090576
72200,4.348196983337402
72300,4.323998042515346
72400,5.069431304931641
72500,4.369688034057617
72600,4.187562561035156
72700,5.771071347323331
72800,4.4455924987792965
72900,4.013087681361607
73000,5.237442970275879
73100,5.864835739135742
73200,3.9947095598493303
73300,4.7832134791782925
73400,4.848978678385417
73500,4.612548446655273
73600,6.23778576321072
73700,5.316251966688368
73800,5.697681427001953
73900,4.484673363821847
74000,5.318074907575335
74100,5.644387054443359
74200,4.471551895141602
74300,4.3598175048828125
74400,6.211048126220703
74500,5.7840447425842285
74600,4.293430328369141
74700,4.591883182525635
74800,6.131184169224331
74900,4.234272548130581
75000,5.46083927154541
75100,6.378005504608154
75200,4.134639739990234
75300,6.1137245178222654
75400,5.341406504313151
75500,4.707770824432373
75600,5.347058614095052
75700,5.519371414184571
75800,4.846966934204102
75900,6.262733459472656
76000,5.78012932671441
76100,4.7430620193481445
76200,8.21218490600586
76300,4.616328769259983
76400,6.203840775923296
76500,3.951493399483817
76600,5.053315734863281
76700,5.529214859008789
76800,5.360663096110026
76900,4.803463459014893
77000,5.1884002685546875
77100,4.950503758021763
77200,6.698158899943034
77300,5.3458141750759545
77400,5.746258075420673
77500,7.164876556396484
77600,5.70995864868164
77700,5.841728210449219
77800,6.825725555419922
77900,3.869625908987863
78000,6.216200351715088
78100,5.836164202008929
78200,4.187688827514648
78300,3.621504647391183
78400,6.348766551298254
78500,5.68279504776001
78600,5.611996968587239
78700,2.871918042500814
78800,3.843864917755127
78900,5.516883503306996
79000,4.764306640625
79100,5.5725156610662285
79200,5.821755842729048
79300,4.481327819824219
79400,4.463080269949777
79500,5.786288670131138
79600,3.983068678114149
79700,4.693923473358154
79800,5.761329650878906
79900,5.520476708045373
80000,5.784148216247559
7,33.52988611710475
7,12.438944151094839
80100,5.2091224670410154
80200,6.076486206054687
80300,5.638365609305246
80400,3.2165400187174478
80500,5.670022328694661
80600,4.82699940999349
80700,3.2753992080688477
80800,5.762474695841472
80900,3.8570117950439453
81000,4.459473080105251
81100,4.701535224914551
81200,6.290870361328125
81300,5.406531810760498
81400,4.275232315063477
81500,5.364742279052734
81600,4.8130747477213545
81700,5.201192220052083
81800,6.018873734907671
81900,6.479981994628906
82000,4.593549728393555
82100,5.5680413246154785
82200,4.162703037261963
82300,4.124145780290876
82400,4.885416412353516
82500,3.7060192108154295
82600,4.117557525634766
82700,5.828392722389915
82800,4.797887802124023
82900,4.035429273332868
83000,5.063749313354492
83100,5.875144004821777
83200,3.8109024592808316
83300,4.457983289446149
83400,4.819158554077148
83500,4.54414176940918
83600,6.102606879340278
83700,5.240915086534288
83800,5.3242998123168945
83900,4.784882681710379
84000,5.352430071149554
84100,5.609952163696289
84200,4.420446395874023
84300,4.432120513916016
84400,5.8154706954956055
84500,5.794955253601074
84600,4.132636642456054
84700,4.490324020385742
84800,6.087524959019253
84900,4.2205625261579245
85000,4.990595817565918
85100,6.2410783767700195
85200,3.9055142402648926
85300,5.978534317016601
85400,5.444745381673177
85500,4.557809829711914
85600,5.140219370524089
85700,5.32313346862793
85800,4.953172302246093
85900,5.944298214382595
86000,5.638726552327474
86100,4.87577756245931
86200,8.095440864562988
86300,4.699853261311849
86400,6.005855213512074
86500,3.739529473440988
86600,4.978346633911133
86700,5.5087230682373045
86800,5.440449396769206
86900,4.043531894683838
87000,5.200110541449653
87100,4.852777753557477
87200,6.720853169759114
87300,5.366711086697048
87400,5.784174992487981
87500,6.983734130859375
87600,5.68267593383789
87700,5.958729137073863
87800,6.586891810099284
87900,3.9357972826276506
88000,6.282008171081543
88100,5.75188228062221
88200,3.9901400974818637
88300,3.6417754037039622
88400,6.278162339154412
88500,5.668358325958252
88600,5.751977920532227
88700,2.9608688354492188
88800,3.5372273921966553
88900,5.613212238658559
89000,4.650438690185547
89100,5.694368189031428
89200,5.60829682783647
89300,4.325209045410157
89400,4.598230634416852
89500,5.665976388113839
89600,3.8193202548556857
89700,4.695587158203125
89800,6.051306291060015
89900,5.3918011005108175
90000,5.770582675933838
8,33.00677996536194
8,13.04053911086434
90100,4.864108276367188
90200,5.701820373535156
90300,5.420646667480469
90400,3.092900594075521
90500,5.472937689887153
90600,4.872805277506511
90700,3.121814727783203
90800,5.725901285807292
90900,3.5233001708984375
91000,4.512261284722222
91100,4.840613842010498
91200,6.6635589599609375
91300,5.380865097045898
91400,4.103405316670735
91500,5.355950355529785
91600,4.782234827677409
91700,5.136154492696126
91800,5.750518452037465
91900,6.266114807128906
92000,4.4762067794799805
92100,5.411601543426514
92200,4.723222732543945
92300,3.871355874197824
92400,4.855061340332031
92500,4.6095458984375
92600,3.9176567077636717
92700,5.73914233121005
92800,4.513407516479492
92900,3.854274204799107
93000,4.67822265625
93100,5.6300177574157715
93200,3.749188559395926
93300,3.715270451136998
93400,4.807898839314778
93500,4.430307006835937
93600,6.3991415235731335
93700,5.047589619954427
93800,5.266069412231445
93900,4.446626935686384
94000,5.314649309430804
94100,5.902052307128907
94200,4.402874946594238
94300,4.341857147216797
94400,5.7518157958984375
94500,5.643071174621582
94600,3.9432956695556642
94700,4.531060695648193
94800,6.003932952880859
94900,4.108796800885882
95000,4.939627647399902
95100,6.22315788269043
95200,3.8823635578155518
95300,6.094754791259765
95400,5.422555711534288
95500,4.368130683898926
95600,5.307412465413411
95700,5.4849693298339846
95800,4.707120513916015
95900,5.999761369493273
96000,5.8646524217393665
96100,4.794873555501302
96200,8.204788208007812
96300,4.598385281032986
96400,5.852094476873225
96500,3.630298069545201
96600,4.814989471435547
96700,5.427950286865235
96800,5.35719617207845
96900,4.505124092102051
97000,5.050050523546007
97100,4.675755637032645
97200,6.522359848022461
97300,5.307409498426649
97400,5.737224872295673
97500,6.94732666015625
97600,5.403043746948242
97700,6.009579051624645
97800,6.712416330973308
97900,3.617840358189174
98000,6.311638832092285
98100,5.567767007010324
98200,3.8649022238595143
98300,3.4656167711530412
98400,6.388457354377298
98500,5.664657115936279
98600,5.9445234934488935
98700,2.813081741333008
98800,3.385868549346924
98900,5.248683235862038
99000,4.5702568054199215
99100,5.476941195401278
99200,5.679032065651634
99300,4.335364151000976
99400,4.043676103864398
99500,5.839109693254743
99600,3.7228804694281683
99700,4.911964416503906
99800,5.849069075150923
99900,5.417535635141226
100000,5.7515153884887695
9,32.41699076950368
9,13.670588409690671
100100,4.971025848388672
100200,5.729200744628907
100300,5.556119101388114
100400,3.2292493184407554
100500,5.227018568250868
100600,4.896976725260417
100700,3.110828399658203
100800,5.446596145629883
100900,3.4412193298339844
101000,4.385576883951823
101100,4.761702060699463
101200,6.389002075195313
101300,5.212826728820801
101400,4.232893308003743
101500,5.142566680908203
101600,4.705729166666667
101700,4.961817741394043
101800,5.696724978360263
101900,6.283242797851562
102000,4.649932861328125
102100,5.639184951782227
102200,4.676860332489014
102300,3.8532796587262834
102400,4.625511169433594
102500,3.875966262817383
102600,3.85518798828125
102700,5.704211841930043
102800,4.603235244750977
102900,3.803673335484096
103000,4.8423871994018555
103100,5.869003772735596
103200,3.7935567583356584
103300,3.870271955217634
103400,4.728356043497722
103500,4.453667068481446
103600,5.975123935275608
103700,4.938262939453125
103800,5.45567512512207
103900,4.290482657296317
104000,5.244086674281529
104100,5.58917236328125
104200,4.067446231842041
104300,4.299568939208984
104400,5.627840995788574
104500,5.540218830108643
104600,3.6925811767578125
104700,4.393709182739258
104800,5.9959547860281805
104900,4.1211972917829245
105000,5.251931190490723
105100,6.221352577209473
105200,3.9296655654907227
105300,6.08417854309082
105400,5.502961900499132
105500,4.4885735511779785
105600,5.497616449991862
105700,5.171723556518555
105800,4.795774841308594
105900,5.98838636610243
106000,5.752970377604167
106100,4.910815556844075
106200,8.0244722366333
106300,4.623004913330078
106400,5.96872295032848
106500,3.599982125418527
106600,5.073600387573242
106700,5.480960845947266
106800,5.3032331466674805
106900,4.367359161376953
107000,4.962435828314887
107100,4.816532679966518
107200,6.797998428344727
107300,5.395912594265408
107400,5.75660412128155
107500,7.155487823486328
107600,5.427537155151367
107700,5.907141251997515
107800,6.503224690755208
107900,3.4617652893066406
108000,6.0289154052734375
108100,5.594389779227121
108200,3.7429477146693637
108300,3.4601028987339566
108400,6.4536756627699905
108500,5.298178195953369
108600,5.407698313395183
108700,2.8665412267049155
108800,3.2005624771118164
108900,5.266616474498402
109000,4.568650817871093
109100,5.403819691051137
109200,5.642827467484907
109300,4.3783447265625
109400,4.262126922607422
109500,5.836405072893415
109600,3.6311929490831165
109700,4.333733081817627
109800,5.77310527454723
109900,5.204589256873498
110000,5.7100653648376465
10,31.969772701421228
10,13.617571761534162
110100,4.379526901245117
110200,5.384236526489258
110300,5.517555781773159
110400,3.1608104705810547
110500,5.64089838663737
110600,4.822999064127604
110700,3.2354211807250977
110800,5.546050389607747
110900,3.6377665201822915
111000,4.390206231011285
111100,4.708060264587402
111200,6.371240844726563
111300,5.27637243270874
111400,4.186731338500977
111500,5.450867176055908
111600,4.535275141398112
111700,5.118229230244954
111800,5.902721058238637
111900,6.122344207763672
112000,4.718358039855957
112100,5.272005081176758
112200,4.74604606628418
112300,3.822547367640904
112400,4.5421806335449215
112500,3.9002559661865233
112600,3.619548034667969
112700,5.692419572310015
112800,4.518404388427735
112900,3.7202415466308594
113000,4.635797023773193
113100,5.763319969177246
113200,3.770064490182059
113300,3.8695482526506697
113400,4.653029759724935
113500,4.474636459350586
113600,5.927360534667969
113700,4.848975711398655
113800,5.310888290405273
113900,3.837953839983259
114000,5.076962062290737
114100,5.683004379272461
114200,4.165236473083496
114300,4.277936553955078
114400,5.126503944396973
114500,5.412705421447754
114600,3.5020370483398438
114700,4.3277764320373535
114800,5.883419036865234
114900,3.980546133858817
115000,5.235522270202637
115100,6.33254337310791
115200,3.868223190307617
115300,6.232382583618164
115400,5.270523495144314
115500,4.367045879364014
115600,5.405706405639648
115700,5.455941390991211
115800,4.7437187194824215
115900,5.677985297309028
116000,5.643302493625217
116100,4.656266530354817
116200,7.754883766174316
116300,4.482102288140191
116400,5.726746299050071
116500,3.259650639125279
116600,4.81921501159668
116700,5.4782958984375
116800,5.4568532307942705
116900,4.037698268890381
117000,5.024957444932726
117100,4.68974849155971
117200,6.5733896891276045
117300,5.156413184271918
117400,5.510321397047776
117500,7.135852813720703
117600,5.545601654052734
117700,6.008269570090554
117800,6.67146110534668
117900,3.5526509966169084
118000,6.135186195373535
118100,5.512429373604911
118200,3.785912105015346
118300,3.261273520333426
118400,6.44427490234375
118500,5.526957035064697
118600,5.863391240437825
118700,2.7522691090901694
118800,3.4406545162200928
118900,5.198193636807528
119000,4.496797561645508
119100,5.520503304221413
119200,5.61970311945135
119300,4.274496841430664
119400,3.8116858346121654
119500,5.9331784929547995
119600,3.644073910183377
119700,4.455062389373779
119800,5.848143837668679
119900,5.252511244553786
120000,5.837622165679932
11,31.528645468148234
11,14.07713660543726
120100,4.537188720703125
120200,5.450780868530273
120300,5.148156302315848
120400,3.223104476928711
120500,4.991857740614149
120600,4.613097635904948
120700,2.978588104248047
120800,5.563937505086263
120900,3.5621655782063804
121000,4.224139743381077
121100,4.852611064910889
121200,6.2463232421875
121300,5.250245094299316
121400,4.278196016947429
121500,5.342455863952637
121600,4.551001866658528
121700,4.7792097727457685
121800,5.803187283602628
121900,6.11536865234375
122000,4.674555778503418
122100,5.241822242736816
122200,4.708361625671387
122300,3.6475464957101003
122400,4.487575912475586
122500,4.261605072021484
122600,3.912183380126953
122700,5.587050004438921
122800,4.451961517333984
122900,3.7102434975760326
123000,4.732968330383301
123100,5.838608741760254
123200,3.759601593017578
123300,3.97271238054548
123400,4.525327046712239
123500,4.423536682128907
123600,6.21134779188368
123700,4.728183322482639
123800,5.200736045837402
123900,4.103458404541016
124000,4.9378765651157925
124100,5.240956878662109
124200,4.025057792663574
124300,4.190590286254883
124400,5.336850643157959
124500,5.370159149169922
124600,3.407567596435547
124700,4.529630184173584
124800,5.978950500488281
124900,4.061137608119419
125000,4.798006534576416
125100,6.253876209259033
125200,3.8944387435913086
125300,6.1275146484375
125400,5.6332215203179254
125500,4.429173469543457
125600,5.06188170115153
125700,5.560047912597656
125800,4.717470169067383
125900,5.795382181803386
126000,5.8596606784396705
126100,4.69444465637207
126200,7.8759565353393555
126300,4.358308580186632
126400,5.686551874334162
126500,3.283818926130022
126600,5.125446319580078
126700,5.346077728271484
126800,5.369508743286133
126900,3.9169111251831055
127000,5.072741190592448
127100,4.493925639561245
127200,6.380361557006836
127300,5.2461598714192705
127400,5.567771324744592
127500,7.1007240295410154
127600,5.504126739501953
127700,5.847292813387784
127800,6.649170557657878
127900,3.4217777252197266
128000,6.49170446395874
128100,5.427060808454241
128200,3.683978489467076
128300,3.062310355050223
128400,6.401860854204963
128500,5.304912567138672
128600,5.662731170654297
128700,2.728551228841146
128800,3.246182680130005
128900,5.357851201837713
129000,4.5348365783691404
129100,5.456301602450284
129200,5.41808388449929
129300,4.298715591430664
129400,3.6320852552141463
129500,5.854074205671038
129600,3.3761927286783853
129700,4.212238788604736
129800,5.823243574662642
129900,5.372782780573918
130000,5.942192077636719
12,31.367710056832433
12,14.370122747359911
130100,4.539151000976562
130200,5.682416915893555
130300,5.1714968000139505
130400,3.066460927327474
130500,4.846696217854817
130600,4.567813618977865
130700,3.0731842517852783
130800,5.155566533406575
130900,3.6976801554361978
131000,4.166723887125651
131100,5.078887462615967
131200,6.713961181640625
131300,5.096829891204834
131400,3.937556266784668
131500,5.270673751831055
131600,4.363547960917155
131700,4.97189458211263
131800,5.51941611550071
131900,6.040870666503906
132000,4.645993550618489
132100,5.037310600280762
132200,4.7617692947387695
132300,3.5881685529436385
132400,4.561869812011719
132500,4.213442611694336
132600,4.0889533996582035
132700,5.507911335338246
132800,4.527109909057617
132900,3.864454541887556
133000,4.632950782775879
133100,5.5004096031188965
133200,3.541800090244838
133300,3.64591189793178
133400,4.447815577189128
133500,4.275969696044922
133600,5.784548441569011
133700,4.665879991319445
133800,5.282786051432292
133900,3.8062823159354076
134000,5.008680071149554
134100,5.486727523803711
134200,3.9474644660949707
134300,4.34381103515625
134400,5.399495601654053
134500,5.315060615539551
134600,3.39163818359375
134700,4.391718864440918
134800,5.962323325020926
134900,3.879073006766183
135000,5.262019157409668
135100,6.256744384765625
135200,4.14687442779541
135300,5.8910682678222654
135400,5.620765262179905
135500,4.267847061157227
135600,5.3474381764729815
135700,5.446584320068359
135800,4.8378150939941404
135900,5.796856350368923
136000,5.909721374511719
136100,4.463470458984375
136200,7.852600574493408
136300,4.680270724826389
136400,5.95172119140625
136500,3.428318296160017
136600,5.029597473144531
136700,5.245242691040039
136800,5.511884689331055
136900,3.9165830612182617
137000,5.234033372667101
137100,4.392478397914341
137200,6.437513987223308
137300,5.090288798014323
137400,5.5262920673076925
137500,7.226077270507813
137600,5.2708488464355465
137700,5.784443248401988
137800,5.689847946166992
137900,3.313195364815848
138000,6.4077959060668945
138100,5.498050689697266
138200,3.742800031389509
138300,3.1738602774483815
138400,6.540688907398897
138500,5.046355724334717
138600,5.856730779012044
138700,2.6415292421976724
138800,3.240474224090576
138900,5.130810130726207
139000,4.562433242797852
139100,5.544574390758168
139200,5.155029990456321
139300,4.085194778442383
139400,3.8485649653843472
139500,5.646269662039621
139600,3.3389884101019964
139700,4.132394790649414
139800,5.691314350474965
139900,5.3362591083233175
140000,5.710576057434082
13,30.746977873996858
13,14.446510525867682
140100,4.378047180175781
140200,5.561428070068359
140300,5.2186279296875
140400,3.1806627909342446
140500,4.677295260959202
140600,4.588997395833333
140700,2.9994750022888184
140800,4.951464653015137
140900,3.302999496459961
141000,4.100772857666016
141100,4.852053165435791
141200,6.831775512695312
141300,5.0397748947143555
141400,4.035237630208333
141500,5.2575602531433105
141600,4.5039857228597
141700,5.076368014017741
141800,5.792417006059126
141900,5.768754577636718
142000,4.9178206125895185
142100,4.661562919616699
142200,4.0966010093688965
142300,3.512348175048828
142400,4.471721649169922
142500,4.165610885620117
142600,3.428417205810547
142700,5.384634538130327
142800,4.48510856628418
142900,3.394498552594866
143000,4.309395790100098
143100,5.732771873474121
143200,3.4201578412737166
143300,4.002410343715122
143400,4.427493095397949
143500,4.285546112060547
143600,5.876845465766059
143700,4.762113783094618
143800,5.04914124806722
143900,3.9059170314243863
144000,4.861788068498884
144100,5.439096832275391
144200,3.7892675399780273
144300,4.313744354248047
144400,5.174142360687256
144500,5.4515275955200195
144600,3.384813690185547
144700,4.4552412033081055
144800,5.938896724155971
144900,3.7728050776890347
145000,5.047182083129883
145100,6.125862121582031
145200,3.7558441162109375
145300,5.8119384765625
145400,5.624452379014757
145500,4.2246809005737305
145600,5.259243647257487
145700,5.329398345947266
145800,4.9944091796875
145900,5.71696302625868
146000,6.016818152533637
146100,4.751034100850423
146200,7.841172695159912
146300,4.835634019639757
146400,5.601507013494318
146500,3.2882614135742188
146600,4.980392074584961
146700,5.503878402709961
146800,5.39694341023763
146900,3.760955333709717
147000,5.154004414876302
147100,4.2225341796875
147200,6.247343063354492
147300,5.039388868543837
147400,5.627017094538762
147500,7.008551788330078
147600,5.424622344970703
147700,5.78946963223544
147800,5.897617340087891
147900,3.471469061715262
148000,6.371812343597412
148100,5.056188855852399
148200,3.831707545689174
148300,3.060817173549107
148400,6.661488252527573
148500,5.144254684448242
148600,5.529625574747722
148700,2.866466204325358
148800,3.025069236755371
148900,5.210744684392756
149000,4.611019897460937
149100,5.447163321755149
149200,5.228278766978871
149300,4.157313537597656
149400,3.721680232456752
149500,5.621163504464286
149600,3.2447132534450955
149700,4.33188533782959
149800,5.632197986949574
149900,5.338014455942007
150000,5.755405426025391
14,30.511845422911072
14,14.987448868175681
150100,4.091869354248047
150200,6.067584228515625
150300,5.0112103053501675
150400,3.0497350692749023
150500,4.545939127604167
150600,4.674133809407552
150700,3.034484624862671
150800,4.951298077901204
150900,3.2517515818277993
151000,4.0819579230414496
151100,5.053719997406006
151200,6.461149291992188
151300,5.063969612121582
151400,4.059577941894531
151500,5.1669392585754395
151600,4.262385368347168
151700,5.17701784769694
151800,5.798480640758168
151900,6.0673370361328125
152000,4.679528554280599
152100,5.011053085327148
152200,4.8234357833862305
152300,3.3542158944266185
152400,4.399352645874023
152500,3.689775848388672
152600,3.729639434814453
152700,5.468828374689275
152800,4.317301177978516
152900,3.4176837376185825
153000,4.631622314453125
153100,5.665462017059326
153200,3.5434393201555525
153300,4.3021392822265625
153400,4.278679211934407
153500,4.118519592285156
153600,5.609634823269314
153700,4.679148356119792
153800,5.179683685302734
153900,3.845116751534598
154000,4.783314296177456
154100,5.390897750854492
154200,3.8274178504943848
154300,4.035807037353516
154400,4.952672481536865
154500,5.457784652709961
154600,3.208455276489258
154700,4.2092509269714355
154800,5.756330217633929
154900,3.718351091657366
155000,4.995850563049316
155100,6.205520153045654
155200,3.7952356338500977
155300,5.860250854492188
155400,5.504357655843099
155500,4.186595439910889
155600,4.979854265848796
155700,5.652105712890625
155800,4.726309204101563
155900,5.777370029025608
156000,5.899001227484809
156100,4.382543563842773
156200,7.698063850402832
156300,4.6974669562445746
156400,5.693471041592685
156500,3.394158499581473
156600,4.82939567565918
156700,5.132337951660157
156800,5.315022786458333
156900,3.819960594177246
157000,5.0851186116536455
157100,4.51063483101981
157200,6.122777938842773
157300,4.9816843668619795
157400,5.5739886944110575
157500,6.859530639648438
157600,5.474031066894531
157700,5.970110112970525
157800,6.626736323038737
157900,3.4935449872698103
158000,5.853314399719238
158100,5.46380124773298
158200,3.27478517804827
158300,2.9168336050851003
158400,6.307946149040671
158500,5.13330078125
158600,5.362510681152344
158700,2.5894277890523276
158800,3.1263492107391357
158900,5.005810824307528
159000,4.549505615234375
159100,5.2734128778631035
159200,5.275599392977628
159300,3.6203872680664064
159400,4.1953533717564175
159500,5.721466064453125
159600,3.070180469089084
159700,4.141445159912109
159800,5.611079129305753
159900,5.354132432204026
160000,5.681847095489502
15,30.30965505657251
15,14.948495997639045
160100,4.002489471435547
160200,5.165386199951172
160300,5.013860974993024
160400,3.2235755920410156
160500,4.40335930718316
160600,4.516338602701823
160700,2.958261013031006
160800,5.363527933756511
160900,3.060190200805664
161000,3.9167327880859375
161100,4.582245349884033
161200,6.46398681640625
161300,5.090823650360107
161400,3.9078330993652344
161500,5.239688873291016
161600,4.241088231404622
161700,4.89564832051595
161800,5.640499808571556
161900,5.994013977050781
162000,4.743114153544108
162100,5.022977828979492
162200,4.6173200607299805
162300,3.1900648389543806
162400,4.383400344848633
162500,3.549907684326172
162600,3.3716049194335938
162700,5.669601093639027
162800,4.681581115722656
162900,3.2995011465890065
163000,4.505824565887451
163100,5.608031272888184
163200,3.524547576904297
163300,3.9212540217808316
163400,4.3236878712972
163500,4.102568817138672
163600,5.722649468315972
163700,4.588438245985243
163800,5.254458745320638
163900,4.080942153930664
164000,4.750537872314453
164100,5.427239227294922
164200,3.743699312210083
164300,4.048136901855469
164400,5.129236221313477
164500,5.235171794891357
164600,3.1955942153930663
164700,4.2136616706848145
164800,5.9488710675920755
164900,3.552546909877232
165000,5.170406818389893
165100,6.099615573883057
165200,3.9021148681640625
165300,5.680696105957031
165400,5.469646877712673
165500,4.267636299133301
165600,5.179387092590332
165700,5.485537719726563
165800,4.750253677368164
165900,5.695533328586155
166000,5.88984849717882
166100,4.434903462727864
166200,7.717315673828125
166300,4.862893846299913
166400,5.85881944136186
166500,3.649305616106306
166600,5.043309020996094
166700,5.143928909301758
166800,5.467966715494792
166900,3.9913644790649414
167000,5.13107426961263
167100,4.108975274222238
167200,6.216906229654948
167300,5.0837279425726996
167400,5.38511481651893
167500,6.841770172119141
167600,5.3754325866699215
167700,5.84682880748402
167800,7.010979970296224
167900,3.2171363830566406
168000,6.234258651733398
168100,5.137110028948102
168200,3.5525191170828685
168300,3.0306265694754466
168400,6.331296584185432
168500,5.200237274169922
168600,5.4469045003255205
168700,2.8481127421061196
168800,2.8793134689331055
168900,5.13311073996804
169000,4.3189857482910154
169100,5.182224620472301
169200,5.126677773215554
169300,3.85040397644043
169400,3.485934393746512
169500,5.511660984584263
169600,3.1942982143825955
169700,4.2107038497924805
169800,5.523428483442827
169900,5.1509528526893025
170000,5.6732048988342285
16,30.14686089622401
16,15.314406431706082
170100,3.928907012939453
170200,5.125592422485352
170300,5.126306806291852
170400,2.9263795216878257
170500,4.389650980631511
170600,4.453021240234375
170700,2.835552215576172
170800,5.088867823282878
170900,2.874600092569987
171000,3.963007609049479
171100,4.366872787475586
171200,6.44041259765625
171300,4.982121467590332
171400,3.8068100611368814
171500,5.0994720458984375
171600,4.27249813079834
171700,4.997240702311198
171800,5.40233022516424
171900,5.917704010009766
172000,4.881800015767415
172100,4.805962562561035
172200,4.326770782470703
172300,3.0693283081054688
172400,4.182152557373047
172500,3.487171936035156
172600,3.591949462890625
172700,5.314050847833807
172800,4.337369155883789
172900,3.6331514630998885
173000,4.20185661315918
173100,5.279510498046875
173200,3.3797825404575894
173300,3.7111473083496094
173400,4.399889628092448
173500,4.154257202148438
173600,5.947257147894965
173700,4.2398732503255205
173800,5.145092646280925
173900,3.8805321284702847
174000,4.624410901750837
174100,5.769172286987304
174200,3.640530586242676
174300,3.867253875732422
174400,4.634642601013184
174500,5.538836479187012
174600,3.4007606506347656
174700,3.933492422103882
174800,5.815435137067523
174900,3.657306671142578
175000,4.835111618041992
175100,6.118183135986328
175200,3.7325525283813477
175300,6.123310470581055
175400,5.45513916015625
175500,3.9009451866149902
175600,4.88392448425293
175700,5.599022674560547
175800,4.675906372070313
175900,5.662178039550781
176000,5.5254711574978295
176100,4.260196050008138
176200,7.669294834136963
176300,4.2863036261664496
176400,5.48412427035245
176500,3.132171630859375
176600,4.892057800292969
176700,5.404574584960938
176800,5.431474049886067
176900,3.877650260925293
177000,5.2271169026692705
177100,4.277719497680664
177200,6.367209116617839
177300,4.815792931450738
177400,5.409024165226863
177500,7.1588493347167965
177600,5.339932632446289
177700,5.782876448197798
177800,5.326113700866699
177900,3.328924996512277
178000,6.359997749328613
178100,5.120881761823382
178200,3.420377458844866
178300,2.85711669921875
178400,6.439581029555377
178500,5.562770366668701
178600,5.758113861083984
178700,2.6331404050191245
178800,2.7320704460144043
178900,5.224497708407315
179000,4.664745712280274
179100,5.28900111805309
179200,5.188045154918324
179300,3.9442508697509764
179400,3.640138898577009
179500,5.500255584716797
179600,3.180615954928928
179700,4.303318500518799
179800,6.036488619717685
179900,5.093929584209736
180000,5.649454116821289
17,29.852832134720597
17,14.814823153989497
180100,4.04742431640625
180200,5.740087890625
180300,5.19331305367606
180400,3.055459976196289
180500,4.32891845703125
180600,4.38434804280599
180700,2.7863545417785645
180800,5.00631046295166
180900,3.108273188273112
181000,3.9479234483506946
181100,4.23739767074585
181200,6.492745971679687
181300,4.917817115783691
181400,3.8206214904785156
181500,4.853722095489502
181600,4.164114952087402
181700,5.040236790974935
181800,5.636000199751421
181900,5.606838989257812
182000,4.63898245493571
182100,4.898655414581299
182200,4.517930507659912
182300,3.205782209123884
182400,4.342593002319336
182500,3.408389663696289
182600,3.43897705078125
182700,5.401227777654475
182800,4.338585662841797
182900,3.625977107456752
183000,4.22027587890625
183100,5.103707313537598
183200,3.407886505126953
183300,3.1018469674246654
183400,4.265907923380534
183500,3.9352691650390623
183600,5.662102593315972
183700,4.262233734130859
183800,5.174002965291341
183900,3.7958551134381975
184000,4.490672247750418
184100,5.063327026367188
184200,3.6098828315734863
184300,3.839992141723633
184400,4.707423210144043
184500,5.2734904289245605
184600,3.4674427032470705
184700,3.8409523963928223
184800,5.832838875906808
184900,3.5438878195626393
185000,4.761129379272461
185100,6.259754180908203
185200,3.731879472732544
185300,5.837434387207031
185400,5.464986589219835
185500,4.093538284301758
185600,4.9293317794799805
185700,5.5199424743652346
185800,4.62438735961914
185900,5.8539013332790795
186000,5.761778937445746
186100,4.226169586181641
186200,7.584330081939697
186300,4.533621046278212
186400,5.701092806729403
186500,3.605175563267299
186600,4.814499282836914
186700,4.965726470947265
186800,5.526939392089844
186900,3.8523850440979004
187000,4.901522318522136
187100,4.357110704694476
187200,6.455507914225261
187300,4.824777391221788
187400,5.398200401893029
187500,7.055979919433594
187600,5.195545959472656
187700,5.763588298450816
187800,5.110349973042806
187900,3.2755328587123325
188000,6.283720016479492
188100,4.982819693429129
188200,3.3368661063058034
188300,2.8889171055385043
188400,6.486939374138327
188500,5.449979782104492
188600,4.981231053670247
188700,2.5698420206705728
188800,2.8797078132629395
188900,4.997387625954368
189000,4.319505310058593
189100,5.386749961159446
189200,5.233912034468218
189300,3.7938236236572265
189400,3.8118602207728793
189500,5.573732103620257
189600,3.1604561275906033
189700,3.911611557006836
189800,5.4593869989568535
189900,5.018237774188702
190000,5.870977401733398
18,29.531536280621165
18,15.668378355184554
190100,3.616011047363281
190200,5.380666351318359
190300,4.718491690499442
190400,3.0293731689453125
190500,4.208917405870226
190600,4.295489501953125
190700,2.840601921081543
190800,5.20577875773112
190900,3.0967788696289062
191000,3.8129793802897134
191100,4.1881818771362305
191200,6.2709521484375
191300,5.001977920532227
191400,3.8706108729044595
191500,5.011049747467041
191600,4.095554351806641
191700,4.6122086842854815
191800,5.487560272216797
191900,5.802914047241211
192000,4.773232777913411
192100,4.86380672454834
192200,4.338547229766846
192300,2.826352800641741
192400,4.174696350097657
192500,3.789640426635742
192600,3.291162872314453
192700,5.547748565673828
192800,4.310415649414063
192900,3.241553715297154
193000,4.136308670043945
193100,5.280210494995117
193200,3.5520341055733815
193300,3.732024601527623
193400,4.215967178344727
193500,3.9255081176757813
193600,5.6086374918619795
193700,4.370352427164714
193800,5.257548650105794
193900,3.676365988595145
194000,4.596967424665179
194100,5.166107940673828
194200,3.5578274726867676
194300,4.011648559570313
194400,4.623017311096191
194500,5.039426326751709
194600,2.838865280151367
194700,4.100820064544678
194800,5.830043247767857
194900,3.6355983189174106
195000,5.02733039855957
195100,6.4477643966674805
195200,3.7599799633026123
195300,5.743561172485352
195400,5.254336039225261
195500,4.14792537689209
195600,4.798035939534505
195700,5.8077960968017575
195800,4.753934860229492
195900,5.634657118055555
196000,5.05180189344618
196100,4.287147839864095
196200,7.458511829376221
196300,4.17442152235243
196400,5.494606018066406
196500,3.181476048060826
196600,4.79932861328125
196700,5.075605010986328
196800,5.3498687744140625
196900,3.4652199745178223
197000,5.230881161159939
197100,3.609630584716797
197200,6.11488660176595
197300,4.989411248101129
197400,5.4908893291766825
197500,6.883720397949219
197600,5.257096481323242
197700,5.75114648992365
197800,5.053967475891113
197900,3.042306355067662
198000,6.150040626525879
198100,4.842415945870536
198200,3.2278941018240794
198300,2.8244078499930247
198400,6.448795991785386
198500,5.038951873779297
198600,5.38064702351888
198700,2.57711394627889
198800,3.169379472732544
198900,5.125392220237038
199000,4.549012756347656
199100,5.332581259987571
199200,4.991133256392046
199300,3.2526103973388674
199400,3.395159585135324
199500,5.329849788120815
199600,3.065692901611328
199700,4.259882926940918
199800,5.454524647105824
199900,5.110251206618089
200000,5.600255012512207
19,29.49332419092743
19,16.03640067766597
200100,3.5837158203125
200200,5.470458602905273
200300,4.962140764508929
200400,3.1245396931966147
200500,4.340540144178602
200600,4.529137166341146
200700,2.7383804321289062
200800,4.807420094807942
200900,2.967749277750651
201000,3.7744149102105036
201100,4.390173435211182
201200,6.560421752929687
201300,5.072681903839111
201400,3.7334823608398438
201500,5.053748607635498
201600,4.031944274902344
201700,4.6976572672526045
201800,5.39733921397816
201900,5.608744049072266
202000,4.612830479939778
202100,4.764919281005859
202200,4.164446830749512
202300,2.8410862513950894
202400,4.369085693359375
202500,4.123020172119141
202600,3.4690872192382813
202700,5.248758142644709
202800,4.102755737304688
202900,3.0813004629952565
203000,4.521973609924316
203100,5.484156608581543
203200,3.4812218802315846
203300,2.996436527797154
203400,4.280162811279297
203500,4.0072792053222654
203600,5.2945972018771705
203700,4.229534149169922
203800,5.184178352355957
203900,3.5905325753348216
204000,4.339990888323102
204100,4.943655776977539
204200,3.404191732406616
204300,4.021470642089843
204400,4.797432899475098
204500,5.225608825683594
204600,2.7138900756835938
204700,4.138958930969238
204800,5.9097442626953125
204900,3.389380863734654
205000,4.573246479034424
205100,6.220394134521484
205200,3.438072919845581
205300,5.686133575439453
205400,5.384326934814453
205500,3.892573356628418
205600,4.698411623636882
205700,5.419648742675781
205800,4.591231918334961
205900,5.346959008110894
206000,5.839590708414714
206100,3.9491907755533853
206200,7.354544639587402
206300,4.670455084906684
206400,5.427067843350497
206500,3.210241045270647
206600,4.558256149291992
206700,5.377220916748047
206800,5.0195315678914385
206900,3.684725761413574
207000,4.913637797037761
207100,4.074145180838449
207200,6.09860102335612
207300,4.7793935139973955
207400,5.268536494328425
207500,6.746761322021484
207600,5.225761032104492
207700,5.678741108287465
207800,5.113751729329427
207900,2.7889273507254466
208000,6.235820770263672
208100,5.144603729248047
208200,3.093390328543527
208300,2.747321810041155
208400,6.451468523810892
208500,5.293449878692627
208600,5.365179061889648
208700,2.5803688367207847
208800,2.835153102874756
208900,4.846834009343928
209000,4.5302268981933596
209100,5.084345730868253
209200,5.044281005859375
209300,3.498235321044922
209400,3.2475060054234097
209500,5.345554896763393
209600,3.199781205919054
209700,4.101090431213379
209800,5.24186879938299
209900,5.079037006084736
210000,5.6960015296936035
20,29.11969709347489
20,16.007660171985435
210100,3.731390380859375
210200,5.63989372253418
210300,4.849364689418247
210400,2.702995936075846
210500,4.429421742757161
210600,4.364592997233073
210700,2.8919408321380615
210800,4.965200742085774
210900,2.772288958231608
211000,3.7867312961154513
211100,4.100475788116455
211200,6.286203002929687
211300,4.9165449142456055
211400,3.7628370920817056
211500,4.904182434082031
211600,4.133048375447591
211700,4.884603182474772
211800,4.961975791237571
211900,5.742148590087891
212000,4.648825645446777
212100,4.737274646759033
212200,4.515678882598877
212300,2.701655524117606
212400,4.3245849609375
212500,3.289638137817383
212600,3.5478282928466798
212700,5.263812672008168
212800,4.0816810607910154
212900,3.4670813424246654
213000,4.2566375732421875
213100,5.3765668869018555
213200,3.420525142124721
213300,3.181898389543806
213400,4.082115809122722
213500,3.9119029998779298
213600,5.295170254177517
213700,4.446701897515191
213800,5.083466211954753
213900,3.5629871913364957
214000,4.611534663609096
214100,5.5353656768798825
214200,3.576835870742798
214300,3.9959999084472657
214400,4.505423545837402
214500,4.965048313140869
214600,2.6679901123046874
214700,4.251892566680908
214800,5.864909580775669
214900,3.327002389090402
215000,4.608757972717285
215100,6.153903007507324
215200,3.9217758178710938
215300,5.881770324707031
215400,5.540774451361762
215500,4.041195869445801
215600,4.799055735270183
215700,5.77435531616211
215800,4.522970199584961
215900,5.85494867960612
216000,5.622460683186849
216100,4.193919499715169
216200,7.237127304077148
216300,4.546008639865452
216400,5.387691151012074
216500,3.294358389718192
216600,4.747409820556641
216700,5.137055206298828
216800,4.942849159240723
216900,3.5303869247436523
217000,4.743993971082899
217100,3.832806178501674
217200,5.99818229675293
217300,4.61034181382921
217400,5.4039165790264425
217500,6.701495361328125
217600,5.42211685180664
217700,5.679360823197798
217800,5.873624165852864
217900,3.114667075020926
218000,6.200936794281006
218100,4.888495309012277
218200,3.079420907156808
218300,2.939894539969308
218400,6.34868397432215
218500,4.917477607727051
218600,4.995354334513347
218700,2.921932856241862
218800,2.570085287094116
218900,5.07088886607777
219000,4.2573905944824215
219100,5.265309073708274
219200,5.092939203435725
219300,4.165435791015625
219400,3.244295392717634
219500,5.2953899928501675
219600,3.1494748857286243
219700,3.9921329021453857
219800,5.2722625732421875
219900,4.95667736346905
220000,5.4619035720825195
21,28.950607082964424
21,16.111625883670143
220100,3.6842628479003907
220200,5.3449455261230465
220300,4.812526157924107
220400,2.850605010986328
220500,4.2403543260362415
220600,4.231502787272135
220700,2.846160411834717
220800,4.495826721191406
220900,3.069951375325521
221000,3.6342455546061196
221100,3.9797234535217285
221200,6.191312255859375
221300,4.870233535766602
221400,3.845883369445801
221500,5.269637107849121
221600,3.841458002726237
221700,4.955900510152181
221800,5.173830205743963
221900,5.905624008178711
222000,4.425262451171875
222100,4.6253767013549805
222200,4.3383026123046875
222300,2.817595890590123
222400,4.152192687988281
222500,3.0593828201293944
222600,3.442020797729492
222700,5.216429276899858
222800,4.308474349975586
222900,3.3238187517438615
223000,4.158330917358398
223100,5.355214595794678
223200,3.2199619838169644
223300,3.1772379193987166
223400,4.078046480814616
223500,3.7898468017578124
223600,5.394628736707899
223700,3.9915839301215277
223800,5.060298919677734
223900,3.504857199532645
224000,4.53743771144322
224100,4.801132583618164
224200,3.2400970458984375
224300,3.739451217651367
224400,4.527420997619629
224500,5.168115139007568
224600,2.742808532714844
224700,4.157615661621094
224800,5.859202793666294
224900,3.3808740888323103
225000,4.810678482055664
225100,6.212320804595947
225200,3.5563411712646484
225300,5.719609069824219
225400,5.581448872884114
225500,4.078369617462158
225600,4.730859120686849
225700,5.636895751953125
225800,4.399329376220703
225900,5.229348500569661
226000,5.251223670111762
226100,4.244784673055013
226200,7.335007190704346
226300,4.428269280327691
226400,5.403392444957387
226500,3.3643256596156528
226600,4.890871810913086
226700,4.931455612182617
226800,5.59898058573405
226900,3.695237636566162
227000,5.388888041178386
227100,3.790451867239816
227200,5.928576151529948
227300,4.9068319532606335
227400,5.037234966571514
227500,6.775969696044922
227600,5.236166763305664
227700,5.950646833939985
227800,5.167120297749837
227900,3.080791473388672
228000,6.2702531814575195
228100,4.64043208530971
228200,3.301030840192522
228300,2.7589163099016463
228400,6.360644621007583
228500,4.9053120613098145
228600,5.842283248901367
228700,2.5829855600992837
228800,2.4919557571411133
228900,4.850406646728516
229000,4.520762634277344
229100,5.150570609352806
229200,4.615110570734197
229300,3.3564994812011717
229400,3.5169399806431363
229500,5.518033708844866
229600,2.886032952202691
229700,3.6335530281066895
229800,5.167985395951704
229900,5.344659658578726
230000,5.731614589691162
22,29.016449270286234
22,16.48939607163366
230100,3.6263095855712892
230200,5.229958343505859
230300,4.616690499441964
230400,3.0101499557495117
230500,3.972991519504123
230600,4.615002950032552
230700,2.6298985481262207
230800,4.442544301350911
230900,3.2875096003214517
231000,3.8584111531575522
231100,4.239319801330566
231200,6.798707885742187
231300,4.807518005371094
231400,3.65959103902181
231500,5.01861047744751
231600,3.7773049672444663
231700,4.760316212972005
231800,5.002588792280718
231900,5.55828971862793
232000,4.643807093302409
232100,4.474752426147461
232200,3.9794280529022217
232300,2.5898519243512834
232400,4.353763198852539
232500,3.185599136352539
232600,3.6415260314941404
232700,5.278063687411222
232800,3.93157844543457
232900,3.350463322230748
233000,4.121797561645508
233100,5.324681758880615
233200,3.5100059509277344
233300,2.8008815220424106
233400,3.904356320699056
233500,3.883830261230469
233600,5.449311998155382
233700,4.0225342644585504
233800,4.947013854980469
233900,3.349960054670061
234000,4.4565228053501675
234100,4.802300262451172
234200,3.4515862464904785
234300,3.6812599182128904
234400,4.542250633239746
234500,5.2411603927612305
234600,2.5086631774902344
234700,3.908871650695801
234800,5.892731257847378
234900,3.252647944859096
235000,4.502922058105469
235100,6.232564926147461
235200,3.5639100074768066
235300,5.668656921386718
235400,5.582647111680773
235500,3.7487974166870117
235600,4.839262326558431
235700,5.258980178833008
235800,4.687907791137695
235900,4.6010487874348955
236000,5.526240454779731
236100,4.403214772542317
236200,7.0894012451171875
236300,4.196846856011285
236400,5.646797180175781
236500,2.995709555489676
236600,4.575123596191406
236700,5.220581817626953
236800,5.176711718241374
236900,3.4566540718078613
237000,4.932537078857422
237100,3.594922201974051
237200,5.984276453653972
237300,4.672037760416667
237400,5.442100524902344
237500,6.476298522949219
237600,5.123502349853515
237700,5.744892467151988
237800,5.2271162668863935
237900,3.1367699759347096
238000,6.216767311096191
238100,4.845105307442801
238200,3.012494223458426
238300,2.670071465628488
238400,6.722085391773897
238500,4.9848408699035645
238600,5.684340159098308
238700,2.5532350540161133
238800,2.435319423675537
238900,4.967761646617543
239000,4.417747116088867
239100,5.11719443581321
239200,4.947377638383345
239300,3.246728515625
239400,3.2972929818289622
239500,5.2024721418108255
239600,2.793493906656901
239700,3.4709665775299072
239800,5.155086170543324
239900,5.198555579552283
240000,5.577796936035156
23,28.72796392127944
23,16.48279119045606
240100,3.85462646484375
240200,5.753134918212891
240300,4.92408207484654
240400,2.818122227986654
240500,3.834963904486762
240600,4.359643046061198
240700,2.812596321105957
240800,4.758836110432942
240900,2.7082347869873047
241000,3.6708026462131076
241100,4.916876792907715
241200,6.826553955078125
241300,4.8764967918396
241400,3.563225428263346
241500,4.9171833992004395
241600,4.229392369588216
241700,4.56979497273763
241800,5.090194008567116
241900,5.736590576171875
242000,4.417101860046387
242100,4.721423625946045
242200,4.508476257324219
242300,2.607592446463449
242400,4.189492797851562
242500,3.1576559066772463
242600,3.4489940643310546
242700,5.28951020674272
242800,4.179381942749023
242900,2.9552034650530135
243000,4.0602312088012695
243100,4.752439498901367
243200,3.6024862016950334
243300,3.0087890625
243400,4.103320757548015
243500,3.696125030517578
243600,5.108570098876953
243700,4.257500542534722
243800,5.274446169535319
243900,3.528599875313895
244000,4.291870662144253
244100,5.000729370117187
244200,3.2683520317077637
244300,3.7996990203857424
244400,4.602803707122803
244500,4.998566150665283
244600,2.604915428161621
244700,4.027716636657715
244800,5.913722446986607
244900,3.319577625819615
245000,4.734875202178955
245100,6.34152889251709
245200,3.6323113441467285
245300,5.702790451049805
245400,5.531556871202257
245500,3.736184597015381
245600,5.00343640645345
245700,5.6136829376220705
245800,4.4627643585205075
245900,5.400395287407769
246000,5.197262234157986
246100,4.448232650756836
246200,7.320522308349609
246300,4.281008826361762
246400,5.652134982022372
246500,3.2527569362095425
246600,4.783245086669922
246700,4.739254379272461
246800,4.941965421040853
246900,3.359342575073242
247000,4.824932098388672
247100,3.596900394984654
247200,5.86842664082845
247300,4.438012017144097
247400,5.458034221942608
247500,6.611666107177735
247600,5.348030853271484
247700,5.627321069890803
247800,5.0255889892578125
247900,2.758904593331473
248000,5.955471038818359
248100,4.627952030726841
248200,3.1281847272600447
248300,2.6161466326032365
248400,6.224007101619945
248500,4.892817974090576
248600,4.803195953369141
248700,2.4123875300089517
248800,2.5153279304504395
248900,4.939335562966087
249000,4.4628654479980465
249100,5.341875249689275
249200,4.608254519375888
249300,3.21334228515625
249400,3.0247835431780135
249500,5.724246433803013
249600,2.7544174194335938
249700,3.717681646347046
249800,5.368742509321733
249900,5.022130526029146
250000,5.560999870300293
24,28.87035087562567
24,16.982338838394853
