100,9.291754150390625
200,7.3924201965332035
300,7.411339351109096
400,5.50526746114095
500,6.768363528781467
600,6.4827428181966145
700,6.335330486297607
800,6.925723393758138
900,5.640102386474609
1000,6.252975040011936
1100,6.369818210601807
1200,6.360335693359375
1300,6.595810890197754
1400,5.0107682545979815
1500,6.131095886230469
1600,6.155642827351888
1700,6.412537256876628
1800,6.13953330300071
1900,6.23198356628418
2000,5.395002365112305
2100,6.335293292999268
2200,4.470390796661377
2300,5.942350660051618
2400,5.628533554077149
2500,5.876708602905273
2600,5.520713424682617
2700,6.461954290216619
2800,5.821390914916992
2900,5.344122750418527
3000,8.096473693847656
3100,6.033280372619629
3200,4.571282250540597
3300,5.500453404017857
3400,6.124186833699544
3500,5.7135356903076175
3600,5.932970258924696
3700,6.373241848415798
3800,5.8799997965494795
3900,5.919355119977679
4000,5.907023838588169
4100,5.879187774658203
4200,5.306664943695068
4300,5.931587982177734
4400,7.305882453918457
4500,6.631922721862793
4600,6.4268943786621096
4700,5.096461772918701
4800,6.606695992606027
4900,5.873928615025112
5000,6.763851642608643
5100,6.296753406524658
5200,4.660499095916748
5300,6.677099609375
5400,6.242221408420139
5500,5.380343914031982
5600,6.129391352335612
5700,5.11119384765625
5800,5.579184722900391
5900,6.350944519042969
6000,5.51211420694987
6100,5.512542724609375
6200,7.910993576049805
6300,4.985408359103733
6400,6.99565956809304
6500,4.666485922677176
6600,5.378482055664063
6700,6.493437194824219
6800,5.994808197021484
6900,5.474474906921387
7000,5.279839833577474
7100,5.65081296648298
7200,7.038092931111653
7300,5.979791005452474
7400,6.463999821589543
7500,7.310575866699219
7600,6.154358291625977
7700,6.311906294389204
7800,8.594744364420572
7900,5.525579180036273
8000,6.082691192626953
8100,6.971920013427734
8200,5.609091622488839
8300,4.870248522077288
8400,6.773233750287225
8500,6.172384262084961
8600,6.22321891784668
8700,4.422796885172526
8800,5.194094181060791
8900,6.120534029873935
9000,5.303680419921875
9100,5.595339688387784
9200,6.377614107998935
9300,5.571955871582031
9400,5.490766252790179
9500,6.361448560442243
9600,4.91745122273763
9700,6.116762161254883
9800,6.447099165482954
9900,6.122690054086538
10000,6.134000778198242
0,45.74000737773081
0,7.250780711053862
10100,6.468893432617188
10200,6.1551563262939455
10300,6.353901454380581
10400,3.4997180302937827
10500,5.952056884765625
10600,5.437022908528646
10700,5.341105937957764
10800,6.734153111775716
10900,4.398623148600261
11000,5.536179436577691
11100,5.500843524932861
11200,5.928323974609375
11300,6.169892311096191
11400,4.83753236134847
11500,6.066190719604492
11600,5.664090474446614
11700,5.369128545125325
11800,5.678272247314453
11900,6.148253631591797
12000,5.093217531840007
12100,5.740550994873047
12200,5.113461494445801
12300,5.1238283429827005
12400,5.220469665527344
12500,5.248027420043945
12600,4.87682876586914
12700,6.17553017356179
12800,5.102214813232422
12900,4.670760018484933
13000,7.893010139465332
13100,5.949916839599609
13200,4.592807224818638
13300,5.079942975725446
13400,5.810789108276367
13500,5.296578598022461
13600,5.832282172309028
13700,6.000807020399305
13800,5.85606320699056
13900,5.528040204729352
14000,5.794025421142578
14100,5.783394241333008
14200,4.7394022941589355
14300,5.500080108642578
14400,7.321823596954346
14500,6.0433125495910645
14600,5.824016571044922
14700,4.859818458557129
14800,6.168859209333148
14900,5.017598833356585
15000,6.854875564575195
15100,6.2091217041015625
15200,4.260190010070801
15300,6.230143737792969
15400,5.961839040120442
15500,5.302240371704102
15600,5.895818710327148
15700,4.975195693969726
15800,5.640003967285156
15900,6.3264719645182295
16000,5.117103152804905
16100,5.284705797831218
16200,8.120826721191406
16300,4.714641571044922
16400,6.894889831542969
16500,4.287721361432757
16600,5.089908599853516
16700,6.029032897949219
16800,5.852163950602214
16900,5.08466100692749
17000,5.194024827745226
17100,5.470587594168527
17200,6.928208033243815
17300,6.172835456000434
17400,6.078379704402043
17500,7.165299987792968
17600,5.895265579223633
17700,6.231805974786932
17800,8.421693166097006
17900,5.155726841517857
18000,6.025092124938965
18100,6.572185516357422
18200,5.299186706542969
18300,4.586316244942801
18400,6.614159527946921
18500,5.919502258300781
18600,6.080987930297852
18700,3.751880645751953
18800,4.873319149017334
18900,5.89164941961115
19000,5.210663604736328
19100,5.645509199662642
19200,6.317531238902699
19300,5.338145446777344
19400,5.114687238420759
19500,6.1834853036063055
19600,4.690077039930555
19700,5.509829998016357
19800,6.331212824041193
19900,6.217918982872596
20000,6.199551582336426
1,41.04231781479437
1,9.1963099953048
20100,5.848394775390625
20200,6.0576942443847654
20300,6.009342738560268
20400,3.4206838607788086
20500,5.874053107367621
20600,5.333187357584635
20700,4.221413612365723
20800,6.474903742472331
20900,4.223236083984375
21000,5.1145579020182295
21100,5.250368118286133
21200,6.05763916015625
21300,5.885967254638672
21400,4.314829508463542
21500,5.821587562561035
21600,5.211049397786458
21700,5.465140024820964
21800,5.808317704634233
21900,6.002596664428711
22000,4.943521181742351
22100,5.611304759979248
22200,4.628757476806641
22300,5.238239833286831
22400,4.922229766845703
22500,4.487332534790039
22600,4.5426994323730465
22700,5.942804509943182
22800,4.99048957824707
22900,4.485228402273996
23000,6.681983947753906
23100,6.126870155334473
23200,4.297876085553851
23300,4.955804007393973
23400,5.2972412109375
23500,5.051117324829102
23600,6.008616129557292
23700,5.925076378716363
23800,5.6011962890625
23900,5.035011836460659
24000,5.425309317452567
24100,5.700935363769531
24200,4.695261478424072
24300,4.9044349670410154
24400,6.940150260925293
24500,5.754570007324219
24600,5.543468475341797
24700,4.85999870300293
24800,6.291870662144253
24900,4.751633780343192
25000,6.74290657043457
25100,6.271152496337891
25200,4.231924533843994
25300,5.997332763671875
25400,5.980011834038629
25500,4.959895133972168
25600,5.615142822265625
25700,5.18126106262207
25800,5.113643646240234
25900,6.264822218153212
26000,4.926471286349827
26100,4.960720698038737
26200,8.255675315856934
26300,4.817181057400173
26400,6.45616982199929
26500,4.268728528703962
26600,5.152042388916016
26700,5.882753372192383
26800,5.769737243652344
26900,5.192647457122803
27000,5.37326897515191
27100,5.143651144845145
27200,6.7913055419921875
27300,5.847195943196614
27400,5.823423532339243
27500,6.953093719482422
27600,5.734203720092774
27700,6.070056568492543
27800,7.890726725260417
27900,4.863714490618024
28000,6.052935600280762
28100,6.442672184535435
28200,4.894380841936384
28300,4.379689625331333
28400,6.812832103056066
28500,5.613373756408691
28600,5.928077061971028
28700,3.601994832356771
28800,4.605103969573975
28900,5.776189283891157
29000,4.942369842529297
29100,5.828922618519176
29200,6.12588154185902
29300,5.271664047241211
29400,5.099091666085379
29500,6.087127140590122
29600,4.4760284423828125
29700,5.434015274047852
29800,6.16077353737571
29900,6.028605534480168
30000,6.035577774047852
2,38.43579177111392
2,9.987177720360698
30100,6.197500228881836
30200,5.860594177246094
30300,6.072135380336216
30400,3.262614885965983
30500,5.704278733995226
30600,5.261120096842448
30700,4.098570823669434
30800,6.144412994384766
30900,3.9349365234375
31000,4.966897752549913
31100,5.030880451202393
31200,6.018553466796875
31300,5.843583106994629
31400,4.313891092936198
31500,5.6316375732421875
31600,5.302426656087239
31700,5.187987645467122
31800,5.504070975563743
31900,6.008115005493164
32000,5.131216367085774
32100,5.690209865570068
32200,4.857457160949707
32300,4.850227900913784
32400,5.128616714477539
32500,4.211053466796875
32600,4.276458740234375
32700,5.911404696377841
32800,4.865880966186523
32900,4.230908530099051
33000,6.073204040527344
33100,6.168158531188965
33200,4.063727787562779
33300,5.3051572527204245
33400,5.032636642456055
33500,4.84586181640625
33600,6.147053612603082
33700,5.767197502983941
33800,5.621187210083008
33900,4.805193219866071
34000,5.289157867431641
34100,5.700637435913086
34200,4.483205795288086
34300,4.91766242980957
34400,6.866897106170654
34500,5.922286033630371
34600,4.921270751953125
34700,5.017512321472168
34800,6.303482600620815
34900,4.522166388375418
35000,5.880480766296387
35100,6.20289421081543
35200,4.119965076446533
35300,6.0512939453125
35400,5.897432115342882
35500,4.835862636566162
35600,5.501672108968099
35700,4.930020904541015
35800,5.04150505065918
35900,6.098177591959636
36000,4.891041649712457
36100,4.91357421875
36200,7.821996688842773
36300,4.654060363769531
36400,6.405363603071733
36500,4.543957029070173
36600,5.14921760559082
36700,5.799275207519531
36800,5.740210215250651
36900,4.802855491638184
37000,5.287132263183594
37100,5.1655169895717075
37200,6.751359303792317
37300,5.888429005940755
37400,5.897072425255408
37500,6.997905731201172
37600,5.781620788574219
37700,5.917832114479759
37800,8.256601969401041
37900,4.8218585423060825
38000,5.987130165100098
38100,6.195935930524554
38200,4.812200818743024
38300,4.1900177001953125
38400,6.74876807717716
38500,5.444292068481445
38600,5.808055241902669
38700,3.4865697224934897
38800,4.185495853424072
38900,5.68419716574929
39000,5.206138992309571
39100,5.823152715509588
39200,5.944598804820668
39300,5.421326446533203
39400,4.570757457188198
39500,6.078144073486328
39600,4.27936765882704
39700,5.35781192779541
39800,6.012592662464488
39900,5.961790231557993
40000,6.241050720214844
3,36.75916527163627
3,10.877144460795746
40100,5.997216796875
40200,5.595030212402344
40300,5.908988952636719
40400,3.1152772903442383
40500,5.298339419894749
40600,5.127262878417969
40700,3.6941986083984375
40800,5.982666651407878
40900,3.64530881245931
41000,4.784987131754558
41100,5.324795722961426
41200,6.309649047851562
41300,5.702367782592773
41400,4.200639088948567
41500,5.5502729415893555
41600,4.890092213948567
41700,5.360037485758464
41800,5.949914412064985
41900,6.198600769042969
42000,5.118140856424968
42100,5.415983200073242
42200,4.542971611022949
42300,4.860132489885602
42400,5.141928100585938
42500,3.9166610717773436
42600,4.252605056762695
42700,5.811875776811079
42800,4.681150436401367
42900,4.179891858782087
43000,6.247267723083496
43100,6.192740440368652
43200,3.777938025338309
43300,5.166406358991351
43400,4.860900243123372
43500,4.477499008178711
43600,5.86430909898546
43700,5.55174085828993
43800,5.76200803120931
43900,4.885810852050781
44000,5.228709629603794
44100,5.586317443847657
44200,4.350900650024414
44300,4.807555770874023
44400,6.946205139160156
44500,5.835122108459473
44600,4.842295455932617
44700,4.899149417877197
44800,6.192651476178851
44900,4.2975248609270364
45000,5.8300676345825195
45100,6.4455342292785645
45200,3.940890073776245
45300,5.867372131347656
45400,5.827125973171658
45500,4.690471172332764
45600,5.536973317464192
45700,4.932830810546875
45800,5.215600967407227
45900,6.206566704644097
46000,5.150419447157118
46100,4.838476816813151
46200,8.25767707824707
46300,4.701294369167751
46400,6.154476512562145
46500,4.373232705252511
46600,5.038333892822266
46700,5.990218734741211
46800,5.431809107462565
46900,4.5891900062561035
47000,5.334234873453776
47100,5.055183955601284
47200,6.716514587402344
47300,5.8472705417209205
47400,6.049248328575721
47500,6.874310302734375
47600,5.572527313232422
47700,6.169619473544034
47800,7.946967442830403
47900,4.1950370243617465
48000,5.984153747558594
48100,5.848082951136997
48200,4.331503731863839
48300,4.057378768920898
48400,6.636287913602941
48500,5.282439231872559
48600,6.149068196614583
48700,3.249823888142904
48800,3.8994531631469727
48900,5.58586328679865
49000,4.7518268585205075
49100,5.729138114235618
49200,6.080936085094105
49300,4.776394653320312
49400,4.5753342764718195
49500,6.317617688860212
49600,4.281653086344401
49700,5.03676700592041
49800,6.0960471413352275
49900,5.87490962101863
50000,6.145118713378906
4,35.09087921234052
4,12.169599618340424
50100,6.138909149169922
50200,5.779767608642578
50300,5.784363882882254
50400,3.260404904683431
50500,5.325959947374132
50600,5.120337422688802
50700,3.561657428741455
50800,5.950897216796875
50900,3.6215222676595054
51000,4.711431715223524
51100,4.970655918121338
51200,6.17261474609375
51300,5.700497627258301
51400,4.0581309000651045
51500,5.555746078491211
51600,5.015088399251302
51700,5.193601608276367
51800,5.494657343084162
51900,6.017304229736328
52000,5.153924942016602
52100,5.289165496826172
52200,4.680593013763428
52300,4.4801515851702005
52400,5.0227210998535154
52500,3.7641273498535157
52600,4.1095947265625
52700,5.8182241266424
52800,4.571364212036133
52900,4.092980793544224
53000,4.977344512939453
53100,6.120214462280273
53200,3.664111546107701
53300,4.607206072126116
53400,4.615395228068034
53500,4.418720245361328
53600,6.12977769639757
53700,5.290904998779297
53800,5.763893127441406
53900,4.511103766305106
54000,4.9538149152483255
54100,5.635213470458984
54200,4.2523956298828125
54300,4.73522834777832
54400,6.834147930145264
54500,6.042270183563232
54600,4.682715606689453
54700,4.8162641525268555
54800,6.012803213936942
54900,4.200760432652065
55000,5.89898681640625
55100,6.346600532531738
55200,3.7785472869873047
55300,5.691592025756836
55400,5.778224097357856
55500,4.536262512207031
55600,5.810380935668945
55700,4.847019958496094
55800,5.17591667175293
55900,6.128141615125868
56000,4.960016038682726
56100,4.81134573618571
56200,7.903135299682617
56300,4.5256398518880205
56400,6.072147022594105
56500,4.101184572492327
56600,4.990842056274414
56700,6.012020874023437
56800,5.518243153889974
56900,4.622474193572998
57000,5.210762023925781
57100,5.020862579345703
57200,6.629859288533528
57300,5.975681304931641
57400,5.812326284555288
57500,6.822607421875
57600,5.74162712097168
57700,6.104331970214844
57800,7.774745941162109
57900,3.783307211739676
58000,5.9923481941223145
58100,5.703158787318638
58200,4.178227015904018
58300,3.872784750802176
58400,6.6924878288717835
58500,5.118804454803467
58600,5.693945566813151
58700,3.0408878326416016
58800,3.7941012382507324
58900,5.490625554865057
59000,4.6929473876953125
59100,5.758566076105291
59200,5.86307109485973
59300,4.927931594848633
59400,4.45094244820731
59500,6.170751844133649
59600,4.09014892578125
59700,4.994639873504639
59800,5.996321938254616
59900,5.52953866811899
60000,6.184791088104248
5,34.116707810707936
5,12.775617556274499
60100,5.36910400390625
60200,5.392422485351562
60300,5.46222904750279
60400,3.4871791203816733
60500,5.071968078613281
60600,5.180579121907552
60700,3.4735867977142334
60800,5.701555252075195
60900,3.384301503499349
61000,4.69382561577691
61100,5.285915374755859
61200,6.164437255859375
61300,5.588860034942627
61400,4.165981928507487
61500,5.385563373565674
61600,5.149399439493815
61700,5.241631507873535
61800,5.530757210471413
61900,6.1440582275390625
62000,4.965078989664714
62100,5.321419715881348
62200,4.654837608337402
62300,4.475807734898159
62400,4.738497543334961
62500,3.78582878112793
62600,4.032121658325195
62700,5.81873252175071
62800,4.59930648803711
62900,4.049547467912946
63000,5.196377754211426
63100,6.133960247039795
63200,3.653606414794922
63300,5.09956305367606
63400,4.638210932413737
63500,4.303870391845703
63600,5.921209123399523
63700,5.2375640869140625
63800,5.6522216796875
63900,4.258955819266183
64000,4.839352199009487
64100,5.333885955810547
64200,4.282693386077881
64300,4.810769271850586
64400,6.356524467468262
64500,6.080224514007568
64600,4.355669403076172
64700,4.808534145355225
64800,6.076053619384766
64900,4.018104553222656
65000,5.893533229827881
65100,6.270627498626709
65200,3.7630362510681152
65300,6.08892936706543
65400,5.725455390082465
65500,4.518011569976807
65600,5.591692606608073
65700,4.705051422119141
65800,5.088771057128906
65900,5.96351072523329
66000,5.07300525241428
66100,4.652527491251628
66200,8.009018898010254
66300,4.592624240451389
66400,5.803679726340554
66500,4.011895315987723
66600,4.961744689941407
66700,5.779458618164062
66800,5.47667121887207
66900,4.078776836395264
67000,5.092244466145833
67100,4.853777749197824
67200,6.481680552164714
67300,5.758860270182292
67400,5.718417827899639
67500,6.726426696777343
67600,5.7742057800292965
67700,6.084399830211293
67800,6.861220041910808
67900,3.754624502999442
68000,5.737262725830078
68100,5.562530517578125
68200,4.1544069562639505
68300,3.4852469308035716
68400,6.64572951372932
68500,5.2802815437316895
68600,5.799421946207683
68700,3.117030461629232
68800,3.692089557647705
68900,5.490379680286754
69000,4.841116333007813
69100,5.834800720214844
69200,5.806417638605291
69300,4.359514617919922
69400,4.381263732910156
69500,6.240365164620536
69600,3.9788470798068576
69700,4.82372522354126
69800,5.874384099786932
69900,5.651738680326021
70000,6.059310436248779
6,33.079953287329424
6,12.893870662747867
70100,5.349127960205078
70200,5.371046447753907
70300,5.300230843680246
70400,3.415332476298014
70500,5.035656399197048
70600,5.182402547200521
70700,3.262834072113037
70800,5.496828715006511
70900,3.4205331802368164
71000,4.457492404513889
71100,4.912475109100342
71200,6.109896850585938
71300,5.508289337158203
71400,4.093639055887858
71500,5.407401084899902
71600,4.625707626342773
71700,5.142360687255859
71800,5.590851176868785
71900,6.1700187683105465
72000,4.92897097269694
72100,5.196653842926025
72200,4.613574504852295
72300,4.261702946254185
72400,4.876811218261719
72500,3.7488632202148438
72600,3.8430717468261717
72700,5.719254927201704
72800,4.34350357055664
72900,3.9003001621791293
73000,4.973663330078125
73100,5.995397090911865
73200,3.5239780970982144
73300,4.921259198869977
73400,4.561796506245931
73500,4.19824447631836
73600,5.917271084255642
73700,5.018779754638672
73800,5.480056126912435
73900,4.180212838309152
74000,4.5999570574079245
74100,5.581211853027344
74200,4.1755757331848145
74300,4.669239044189453
74400,6.544710159301758
74500,5.918288230895996
74600,4.403059387207032
74700,4.916116237640381
74800,6.040180751255581
74900,3.9881668090820312
75000,5.289303779602051
75100,6.138299942016602
75200,3.5382349491119385
75300,5.685588455200195
75400,5.558322482638889
75500,4.4817376136779785
75600,5.4314219156901045
75700,4.8662567138671875
75800,4.792654037475586
75900,5.770513322618273
76000,4.934456295437283
76100,4.424557685852051
76200,7.834496974945068
76300,4.685161590576172
76400,5.819911609996449
76500,4.0717781611851285
76600,4.927879714965821
76700,5.6026771545410154
76800,5.423315684000651
76900,3.8133349418640137
77000,5.217970954047309
77100,4.788415636335101
77200,6.459266662597656
77300,5.606328752305773
77400,5.94453840989333
77500,6.600883483886719
77600,5.715546798706055
77700,6.053478587757457
77800,6.843397776285808
77900,3.5546387263706754
78000,6.206002235412598
78100,5.555547441755023
78200,4.087785993303571
78300,3.3205503736223494
78400,6.690017251407399
78500,5.166360378265381
78600,6.197662353515625
78700,3.1723931630452475
78800,3.6368603706359863
78900,5.511194749311968
79000,5.054973602294922
79100,6.127922058105469
79200,5.266539140181108
79300,4.453929138183594
79400,4.027185440063477
79500,6.1535154070172995
79600,3.9657105339898004
79700,4.843375205993652
79800,5.707089510830966
79900,5.535027137169471
80000,5.908242225646973
7,32.29240033543757
7,13.462639280724034
80100,5.16162338256836
80200,5.263939666748047
80300,5.23139408656529
80400,3.4608888626098633
80500,5.097485860188802
80600,5.115905253092448
80700,3.167018175125122
80800,5.653562545776367
80900,3.2999610900878906
81000,4.316946241590712
81100,4.739505767822266
81200,6.094898071289062
81300,5.649465084075928
81400,4.313808441162109
81500,5.434454917907715
81600,4.631427764892578
81700,5.083755175272624
81800,5.398327914151278
81900,6.030242919921875
82000,4.984084447224935
82100,5.094356060028076
82200,4.521468162536621
82300,3.97448240007673
82400,4.829254913330078
82500,3.6911376953125
82600,3.9156776428222657
82700,5.548563176935369
82800,4.342723083496094
82900,3.8178956168038503
83000,4.811371803283691
83100,5.92172384262085
83200,3.460373197283064
83300,4.572461264474051
83400,4.45453675587972
83500,4.095183944702148
83600,6.0217611524793835
83700,4.9124908447265625
83800,5.688159942626953
83900,3.9516694205147878
84000,4.476297651018415
84100,5.451036834716797
84200,4.2736921310424805
84300,4.627132797241211
84400,6.0548481941223145
84500,5.798416614532471
84600,4.171698760986328
84700,4.72503137588501
84800,6.008065904889788
84900,3.8037796020507812
85000,5.12921142578125
85100,5.914841651916504
85200,3.5894832611083984
85300,5.4546154022216795
85400,5.689601474338108
85500,4.373642921447754
85600,5.405470530192058
85700,4.788076019287109
85800,4.921504974365234
85900,5.901832156711155
86000,4.902435302734375
86100,4.830930391947429
86200,7.473207950592041
86300,4.6793670654296875
86400,5.644908905029297
86500,3.869552884783064
86600,4.741171646118164
86700,5.843527984619141
86800,5.593905766805013
86900,3.7631497383117676
87000,4.993965996636285
87100,4.7705857413155695
87200,6.313038508097331
87300,5.487980312771267
87400,5.650322547325721
87500,6.370124816894531
87600,5.603443145751953
87700,5.957637440074574
87800,6.93557612101237
87900,3.4414885384695872
88000,5.899172306060791
88100,5.436891283307757
88200,3.828717367989676
88300,3.298750196184431
88400,6.807565576889935
88500,5.409175872802734
88600,5.614264806111653
88700,2.9176025390625
88800,3.226161003112793
88900,5.312944585626775
89000,4.800571441650391
89100,5.8041447726163
89200,5.210624694824219
89300,4.176499557495117
89400,4.351770673479352
89500,6.130761827741351
89600,3.8411966959635415
89700,4.650670528411865
89800,5.717011191628196
89900,5.554043696476863
90000,6.0034990310668945
8,31.74076698816709
8,14.108737013834006
90100,4.927330780029297
90200,5.300453948974609
90300,5.351291656494141
90400,3.1631644566853843
90500,5.021680196126302
90600,5.1026458740234375
90700,3.0138425827026367
90800,5.529350280761719
90900,3.1679582595825195
91000,4.3234274122450085
91100,5.001238822937012
91200,5.778150024414063
91300,5.473398685455322
91400,4.028313318888347
91500,5.397471904754639
91600,4.809985478719075
91700,5.240606307983398
91800,5.526823564009233
91900,5.964591979980469
92000,4.863974889119466
92100,4.8870978355407715
92200,3.925906181335449
92300,3.727494376046317
92400,4.684346008300781
92500,3.6354911804199217
92600,3.940068817138672
92700,5.607208945534446
92800,4.141714859008789
92900,3.8078945704868863
93000,5.3946404457092285
93100,5.803128719329834
93200,3.2133881705147878
93300,4.731572832380023
93400,4.32667605082194
93500,4.068997192382812
93600,5.843720330132379
93700,4.90685314602322
93800,5.52749760945638
93900,4.08496584211077
94000,4.552604130336216
94100,5.690248107910156
94200,4.100005149841309
94300,4.51612663269043
94400,6.450056552886963
94500,5.902472496032715
94600,4.008050155639649
94700,4.627796173095703
94800,5.8799928937639505
94900,3.8033954075404575
95000,5.957951545715332
95100,6.143490314483643
95200,3.552234411239624
95300,5.756787109375
95400,5.815555996365017
95500,4.374814987182617
95600,5.250005722045898
95700,4.80914192199707
95800,4.768617248535156
95900,5.875985039605035
96000,5.279683007134332
96100,4.483127911885579
96200,7.496296405792236
96300,4.721062554253472
96400,5.570725527676669
96500,3.8722921098981584
96600,4.772719955444336
96700,5.490386962890625
96800,5.561225255330403
96900,3.742337703704834
97000,5.248941209581163
97100,4.667384556361607
97200,6.259634017944336
97300,5.517697652180989
97400,5.705177894005408
97500,6.451944732666016
97600,5.3958885192871096
97700,5.822966835715554
97800,6.708462397257487
97900,3.2019429888044084
98000,5.937698841094971
98100,5.131751469203404
98200,3.7407618931361606
98300,3.3668790544782365
98400,6.836196450626149
98500,5.0417680740356445
98600,5.541586558024089
98700,2.9886547724405923
98800,3.166192054748535
98900,5.248862179842862
99000,4.695077514648437
99100,5.849196000532671
99200,5.149021842262962
99300,4.0556083679199215
99400,3.890277317592076
99500,6.038127354213169
99600,3.842572953965929
99700,4.406630516052246
99800,5.643243963068182
99900,5.279593247633714
100000,5.906591415405273
9,31.054753760141338
9,14.421002103049526
100100,4.349188613891601
100200,5.340367126464844
100300,5.402498517717634
100400,3.3888352711995444
100500,4.955450693766276
100600,5.008591715494791
100700,3.0269556045532227
100800,5.044724782307942
100900,3.084079106648763
101000,4.277515411376953
101100,5.059270858764648
101200,5.621875
101300,5.325981140136719
101400,3.9508043924967446
101500,5.349147319793701
101600,4.149731953938802
101700,4.956719080607097
101800,5.620671012184837
101900,5.786328887939453
102000,5.041752179463704
102100,5.114805221557617
102200,4.499576568603516
102300,3.3759128025599887
102400,4.752336120605468
102500,3.6365615844726564
102600,3.5538307189941407
102700,5.581738211891868
102800,4.374400329589844
102900,3.782790320260184
103000,4.829809188842773
103100,5.90496826171875
103200,3.2392711639404297
103300,4.619786943708148
103400,4.34226926167806
103500,4.095574188232422
103600,6.105669233534071
103700,5.0057729085286455
103800,5.317462921142578
103900,3.9405550275530135
104000,4.632696969168527
104100,5.4410858154296875
104200,4.198712348937988
104300,4.684028625488281
104400,5.765693664550781
104500,5.932336330413818
104600,3.8049175262451174
104700,4.734287738800049
104800,6.0023683820452005
104900,3.712644577026367
105000,5.676639556884766
105100,5.83643102645874
105200,3.6341896057128906
105300,5.913973236083985
105400,5.5148874918619795
105500,4.196837902069092
105600,5.184065500895183
105700,4.878070449829101
105800,4.696772766113281
105900,5.768259684244792
106000,4.799881829155816
106100,4.427558263142903
106200,7.266613006591797
106300,4.6226043701171875
106400,5.815554532137784
106500,3.7969275883265903
106600,4.688666534423828
106700,5.363299179077148
106800,5.559907913208008
106900,3.551190137863159
107000,5.086928473578559
107100,4.547327859061105
107200,6.3299713134765625
107300,5.323439280192058
107400,5.536295964167668
107500,6.349232482910156
107600,5.675870513916015
107700,5.7627785422585225
107800,7.578715006510417
107900,3.617541176932199
108000,5.841177940368652
108100,5.041317531040737
108200,3.558013371058873
108300,2.9564623151506697
108400,6.799128364114201
108500,5.0187907218933105
108600,5.782605489095052
108700,2.895040194193522
108800,3.209610939025879
108900,5.370086669921875
109000,4.613400268554687
109100,6.014248934659091
109200,5.351502852006392
109300,3.9369037628173826
109400,4.659139905657087
109500,5.989524296351841
109600,3.8118604024251304
109700,4.636063575744629
109800,5.726246573708274
109900,5.391443692720854
110000,6.167912483215332
10,30.665600142791448
10,14.614141027177352
110100,4.431120300292969
110200,5.641303253173828
110300,5.358817509242466
110400,3.126331647237142
110500,4.758191850450304
110600,5.0570317586263025
110700,2.8797013759613037
110800,5.323025385538737
110900,3.341522216796875
111000,4.1905932956271705
111100,4.680963516235352
111200,6.625020751953125
111300,5.215973854064941
111400,3.932536760965983
111500,5.297562599182129
111600,4.420045852661133
111700,4.970851898193359
111800,5.455065640536222
111900,5.762413787841797
112000,4.995678901672363
112100,4.877598762512207
112200,4.09766960144043
112300,3.4690178462437222
112400,4.513323593139648
112500,3.5511627197265625
112600,3.6996505737304686
112700,5.414926008744673
112800,3.8943244934082033
112900,3.5547057560511996
113000,4.682785987854004
113100,5.9689040184021
113200,3.202793666294643
113300,4.055412837437221
113400,4.285621325174968
113500,3.9628833770751952
113600,5.879371643066406
113700,4.762336730957031
113800,5.348920822143555
113900,3.8129542214529857
114000,4.285100664411273
114100,5.409797668457031
114200,4.217748165130615
114300,4.513607025146484
114400,5.610729694366455
114500,5.887021541595459
114600,3.735822296142578
114700,4.744016170501709
114800,5.878751482282366
114900,3.6862198965890065
115000,5.50452995300293
115100,5.9943108558654785
115200,3.219447612762451
115300,5.788220977783203
115400,5.789418114556207
115500,4.07643985748291
115600,5.163163185119629
115700,4.711838912963867
115800,4.810214233398438
115900,5.8705800374348955
116000,4.667033301459418
116100,4.786567687988281
116200,7.307249069213867
116300,4.4884490966796875
116400,5.450727289373225
116500,3.5500499180385043
116600,5.084878540039062
116700,5.268851089477539
116800,5.519299189249675
116900,3.3622093200683594
117000,5.283870273166233
117100,4.329902648925781
117200,6.100460052490234
117300,5.3864084879557295
117400,5.499747056227464
117500,6.29253044128418
117600,5.649895477294922
117700,5.799450267444957
117800,6.876332600911458
117900,3.3000218527657643
118000,5.740532875061035
118100,5.306419372558594
118200,3.475213187081473
118300,3.094873700823103
118400,6.21285202923943
118500,5.119603157043457
118600,5.51663335164388
118700,2.7742430369059243
118800,3.2263307571411133
118900,5.31022158536044
119000,4.656932067871094
119100,5.987214521928267
119200,5.030024441805753
119300,3.9442989349365236
119400,4.10491452898298
119500,5.735162462506976
119600,3.703017340766059
119700,4.52912712097168
119800,5.6690129366788
119900,5.386384817270132
120000,5.753775596618652
11,30.23548743698295
11,14.879449893209905
120100,4.5269920349121096
120200,4.816067886352539
120300,5.297701154436384
120400,2.920299847920736
120500,4.625023312038845
120600,5.181763203938802
120700,2.819626808166504
120800,5.122646331787109
120900,2.995119094848633
121000,3.9353544447157116
121100,4.670780181884766
121200,6.12097900390625
121300,5.173650741577148
121400,3.840982437133789
121500,5.2436699867248535
121600,4.285982767740886
121700,4.66906197865804
121800,5.34098330411044
121900,5.811866760253906
122000,4.9868723551432295
122100,4.671897888183594
122200,3.9074275493621826
122300,3.330409731183733
122400,5.022179412841797
122500,3.377552795410156
122600,3.462434005737305
122700,5.462216463955966
122800,3.9185420989990236
122900,3.4387196132114957
123000,4.828763008117676
123100,5.632047653198242
123200,3.3539810180664062
123300,4.453790392194476
123400,4.227338155110677
123500,3.923014831542969
123600,6.067484537760417
123700,4.54927741156684
123800,5.414145787556966
123900,3.728918892996652
124000,4.3965364183698386
124100,5.1602325439453125
124200,3.9799861907958984
124300,4.459941864013672
124400,6.177291393280029
124500,5.9757490158081055
124600,3.5429412841796877
124700,4.836193084716797
124800,6.031166076660156
124900,3.647997719900949
125000,5.068284511566162
125100,5.837148189544678
125200,3.465033531188965
125300,5.445849227905273
125400,5.614670223659939
125500,3.919011116027832
125600,5.173750241597493
125700,4.597354888916016
125800,4.6616767883300785
125900,5.696306864420573
126000,5.124295128716363
126100,4.545046488444011
126200,7.243643760681152
126300,4.2979015774197045
126400,5.6085336858576
126500,3.3657515389578685
126600,4.75147705078125
126700,5.564588165283203
126800,5.392997741699219
126900,3.5699377059936523
127000,5.177945454915364
127100,4.294046674455915
127200,6.031638463338216
127300,5.369933658175999
127400,5.764925443209135
127500,6.273433685302734
127600,5.614250946044922
127700,5.6552065069025215
127800,6.2578779856363935
127900,3.438716343470982
128000,5.785909652709961
128100,5.093959808349609
128200,3.475644792829241
128300,3.0501022338867188
128400,6.633154476390166
128500,5.2047953605651855
128600,5.620577494303386
128700,2.85975710550944
128800,3.394972324371338
128900,5.321224906227806
129000,4.502029800415039
129100,5.615586020729759
129200,4.801402352072976
129300,4.0546619415283205
129400,3.9762892041887556
129500,5.884844098772321
129600,3.6991170247395835
129700,4.465088844299316
129800,5.561047640713778
129900,5.603293198805589
130000,5.805323123931885
12,29.9224186860582
12,15.396763240304118
130100,4.437429046630859
130200,5.086402511596679
130300,5.188767569405692
130400,2.9719775517781577
130500,4.4304178025987415
130600,4.960713195800781
130700,2.754103660583496
130800,5.096909840901692
130900,3.0796216328938804
131000,4.09444342719184
131100,4.790614128112793
131200,5.621631469726562
131300,5.044163227081299
131400,3.93485164642334
131500,5.059434413909912
131600,4.023278554280599
131700,4.784934361775716
131800,5.145252574573863
131900,5.656586837768555
132000,4.990823745727539
132100,4.406486988067627
132200,4.055023193359375
132300,3.285332815987723
132400,4.548502349853516
132500,3.344157409667969
132600,3.72839469909668
132700,5.5750205300071025
132800,4.073854446411133
132900,3.3763610294886996
133000,4.573625564575195
133100,5.572637557983398
133200,3.2650980268205916
133300,4.239477702549526
133400,4.225278854370117
133500,3.876639556884766
133600,5.913178337944879
133700,4.472526126437717
133800,5.287429173787435
133900,3.6041853768484935
134000,4.406318119594029
134100,5.234323120117187
134200,3.870587110519409
134300,4.888041305541992
134400,6.278792858123779
134500,5.778590202331543
134600,3.5249282836914064
134700,4.880537033081055
134800,5.892256600516183
134900,3.5130116598946706
135000,5.643545150756836
135100,5.858912467956543
135200,3.43458890914917
135300,6.1228515625
135400,5.213333553738064
135500,4.01397705078125
135600,5.085359573364258
135700,4.873315048217774
135800,4.761124038696289
135900,5.78305180867513
136000,4.783117082383898
136100,4.3744246164957685
136200,7.3566741943359375
136300,4.402687072753906
136400,5.328831412575462
136500,3.426074436732701
136600,4.804252243041992
136700,5.575297164916992
136800,5.3073075612386065
136900,3.2313694953918457
137000,5.155234018961589
137100,4.531761169433594
137200,5.944845835367839
137300,5.2365307278103295
137400,5.57148683988131
137500,6.216067886352539
137600,5.888720321655273
137700,5.713519703258168
137800,6.469476064046224
137900,3.0360685076032365
138000,5.919645309448242
138100,4.884646824428013
138200,3.065201078142439
138300,2.8573706490652904
138400,6.598355910357307
138500,5.293643474578857
138600,5.262627283732097
138700,2.7154954274495444
138800,3.28507661819458
138900,5.142870816317472
139000,4.412070846557617
139100,5.722605618563565
139200,4.948932647705078
139300,3.967070770263672
139400,4.283908299037388
139500,6.072145734514509
139600,3.5612411499023438
139700,4.129623889923096
139800,5.47546421397816
139900,5.455720754770132
140000,5.810277938842773
13,29.426274286204613
13,15.032079909615396
140100,4.251017379760742
140200,4.879578399658203
140300,5.065687997000558
140400,3.155358632405599
140500,4.410204569498698
140600,4.929222615559896
140700,2.729001045227051
140800,4.968443234761556
140900,3.0271199544270835
141000,3.8608525594075522
141100,4.9844489097595215
141200,6.107930908203125
141300,4.985830307006836
141400,3.910287539164225
141500,5.329521179199219
141600,4.023438135782878
141700,4.910393397013347
141800,5.513600089333274
141900,5.3554424285888675
142000,5.101983070373535
142100,4.477226734161377
142200,4.1203694343566895
142300,2.938123975481306
142400,4.513782501220703
142500,3.380040740966797
142600,3.253717803955078
142700,5.336191350763494
142800,3.786305618286133
142900,3.514019557407924
143000,4.594343185424805
143100,5.869106292724609
143200,3.2178028651646207
143300,3.860963821411133
143400,4.0947825113932295
143500,3.8121299743652344
143600,5.770362430148655
143700,4.25492689344618
143800,5.196659088134766
143900,3.4721641540527344
144000,3.9623911721365794
144100,5.362517547607422
144200,3.625802516937256
144300,4.46838607788086
144400,6.43101692199707
144500,5.428152084350586
144600,3.623468780517578
144700,4.79261589050293
144800,5.890390123639788
144900,3.374432700020926
145000,5.117037773132324
145100,5.610057830810547
145200,3.225693941116333
145300,5.945057678222656
145400,5.5099597507052955
145500,4.01121187210083
145600,4.6620127360026045
145700,5.141133499145508
145800,5.059803771972656
145900,5.321873558892144
146000,4.738915761311849
146100,4.4182923634847
146200,7.350768089294434
146300,4.447810278998481
146400,5.490409851074219
146500,3.354762486049107
146600,4.77594223022461
146700,5.59283561706543
146800,5.546471913655599
146900,3.143845558166504
147000,5.102783626980251
147100,4.07664544241769
147200,5.972924550374349
147300,5.124281141493055
147400,5.376005319448618
147500,6.225381469726562
147600,6.053057098388672
147700,5.831012379039418
147800,7.39864985148112
147900,2.989868709019252
148000,5.873129844665527
148100,4.912166050502232
148200,2.9826458522251675
148300,2.7540604727608815
148400,6.683937072753906
148500,5.228659629821777
148600,6.053932825724284
148700,2.7059942881266275
148800,2.956911087036133
148900,5.116974570534446
149000,4.563668060302734
149100,5.698496038263494
149200,5.22101454301314
149300,3.7157787322998046
149400,3.7104056222098216
149500,5.841935294015067
149600,3.5837393866644964
149700,4.11187219619751
149800,5.2547597018155185
149900,5.554056020883413
150000,5.955028533935547
14,29.42216290914298
14,15.811116553042567
150100,3.9724586486816404
150200,5.117501068115234
150300,5.049563816615513
150400,3.237153689066569
150500,4.42825190226237
150600,4.844170633951823
150700,2.7234058380126953
150800,4.730948766072591
150900,2.9100519816080728
151000,3.7813949584960938
151100,4.853072643280029
151200,6.354588012695313
151300,4.998310089111328
151400,3.83144474029541
151500,5.231618881225586
151600,3.704082806905111
151700,4.81317138671875
151800,5.308407870205966
151900,5.995473098754883
152000,4.946791966756185
152100,4.676213264465332
152200,4.206416130065918
152300,2.947190693446568
152400,4.579437255859375
152500,3.488499069213867
152600,3.3175777435302733
152700,5.311491532759233
152800,3.890977478027344
152900,3.2780848911830356
153000,4.533083915710449
153100,5.823004245758057
153200,3.010942186628069
153300,4.254920414515904
153400,3.9731038411458335
153500,3.729636383056641
153600,5.8508788214789496
153700,4.0184826321072045
153800,5.232371966044108
153900,3.52285521371024
154000,4.023777008056641
154100,5.150361633300781
154200,3.6538848876953125
154300,4.320170211791992
154400,5.657608985900879
154500,5.720466136932373
154600,3.334760284423828
154700,4.959503650665283
154800,5.770377022879464
154900,3.3179054260253906
155000,4.921822547912598
155100,5.8401031494140625
155200,3.448051691055298
155300,5.740832138061523
155400,5.697024027506511
155500,3.739314556121826
155600,4.921884218851726
155700,4.9681236267089846
155800,4.845686721801758
155900,5.319280836317274
156000,4.983239915635851
156100,4.590329488118489
156200,7.043646812438965
156300,4.325190650092231
156400,5.3695127313787285
156500,3.396435328892299
156600,4.7686210632324215
156700,5.358029174804687
156800,5.365350723266602
156900,3.0443639755249023
157000,4.951938629150391
157100,4.233105795724051
157200,6.020246505737305
157300,4.822277492947048
157400,5.042684114896334
157500,6.098642349243164
157600,5.6821746826171875
157700,5.586399771950462
157800,6.666389465332031
157900,3.2487618582589284
158000,5.46394157409668
158100,4.520959581647601
158200,3.1226103646414622
158300,2.826049259730748
158400,6.435611949247472
158500,4.919210433959961
158600,5.787382125854492
158700,2.7728195190429688
158800,2.6834568977355957
158900,4.932367498224432
159000,4.366249465942383
159100,5.777029210870916
159200,5.040584910999645
159300,3.7263324737548826
159400,3.730036871773856
159500,5.856864929199219
159600,3.595097435845269
159700,4.215309143066406
159800,5.398561304265803
159900,5.373937753530649
160000,5.7372026443481445
15,29.060592171376122
15,16.35366249315477
160100,3.9944839477539062
160200,4.8547016143798825
160300,4.888822283063616
160400,2.9704856872558594
160500,4.076703389485677
160600,4.868745422363281
160700,2.6429309844970703
160800,5.833688735961914
160900,2.936875025431315
161000,3.8167037963867188
161100,5.462879657745361
161200,6.0285186767578125
161300,4.975037097930908
161400,3.8015178044637046
161500,5.299992561340332
161600,3.6169872283935547
161700,4.694698333740234
161800,5.429183266379616
161900,5.836616897583008
162000,4.904675483703613
162100,4.557502746582031
162200,3.990814685821533
162300,2.9309599740164622
162400,4.364795303344726
162500,3.395532989501953
162600,3.295515441894531
162700,5.194003018465909
162800,4.1593505859375
162900,3.369044712611607
163000,4.578934669494629
163100,5.3714680671691895
163200,2.996026175362723
163300,3.707019260951451
163400,4.113741874694824
163500,3.733777618408203
163600,5.936629401312934
163700,3.778445349799262
163800,5.23646895090739
163900,3.4027061462402344
164000,4.076038360595703
164100,5.1992042541503904
164200,3.2379050254821777
164300,4.071487045288086
164400,6.368624687194824
164500,5.656739234924316
164600,3.2901660919189455
164700,4.677044868469238
164800,5.715819222586496
164900,3.3006090436662947
165000,4.992875099182129
165100,6.003871917724609
165200,3.2112131118774414
165300,5.659524154663086
165400,5.253868950737847
165500,3.6533327102661133
165600,5.198479970296224
165700,4.842433166503906
165800,4.787446594238281
165900,5.357736375596788
166000,5.047093285454644
166100,4.189057032267253
166200,7.210991382598877
166300,4.356409284803602
166400,5.513347278941762
166500,3.110663822719029
166600,4.96660270690918
166700,5.188172912597656
166800,5.336691538492839
166900,3.254173755645752
167000,5.219190809461805
167100,4.289577484130859
167200,6.141623179117839
167300,4.866571214463976
167400,5.212074279785156
167500,6.103565979003906
167600,5.491584014892578
167700,5.59670673717152
167800,6.898092905680339
167900,3.217041015625
168000,5.6843695640563965
168100,4.463136672973633
168200,2.8764316013881137
168300,2.5131214686802457
168400,6.667588626637178
168500,4.94687032699585
168600,5.733781178792317
168700,2.678009351094564
168800,2.9206318855285645
168900,4.945767142555931
169000,4.946010589599609
169100,5.823288657448509
169200,4.733284343372691
169300,3.5409950256347655
169400,3.648876735142299
169500,5.646210806710379
169600,3.5214496188693576
169700,4.2135796546936035
169800,5.367590470747515
169900,5.239092900202825
170000,5.602256774902344
16,28.9871078080084
16,16.588813119941413
170100,3.8192470550537108
170200,4.87496337890625
170300,5.013289315359933
170400,3.0304813385009766
170500,4.054567972819011
170600,4.8194127400716145
170700,2.465259075164795
170800,4.947275797526042
170900,2.8853397369384766
171000,3.9006534152560763
171100,4.852732181549072
171200,5.969794921875
171300,4.951122283935547
171400,3.793945630391439
171500,5.05903434753418
171600,4.040639241536458
171700,5.044919967651367
171800,5.253907637162642
171900,5.692040252685547
172000,5.127231280008952
172100,4.860965251922607
172200,3.714264392852783
172300,2.679800578526088
172400,4.098787689208985
172500,3.0349735260009765
172600,3.132986068725586
172700,5.451428500088778
172800,3.832541656494141
172900,3.2304796491350447
173000,4.216470718383789
173100,5.74354362487793
173200,2.8915345328194753
173300,4.117311750139509
173400,4.166137059529622
173500,3.8197906494140623
173600,5.3324534098307295
173700,4.0639220343695746
173800,5.314811706542969
173900,3.8548992701939175
174000,4.161915642874582
174100,5.271193313598633
174200,3.50936222076416
174300,4.33355941772461
174400,6.1431803703308105
174500,5.376033782958984
174600,2.9785797119140627
174700,4.216460227966309
174800,5.875329153878348
174900,3.166394369942801
175000,4.726690292358398
175100,5.61857795715332
175200,3.2289376258850098
175300,5.930426406860351
175400,5.134673648410374
175500,3.7866761684417725
175600,4.480503082275391
175700,4.962389755249023
175800,4.59760856628418
175900,5.252811008029514
176000,4.636812845865886
176100,4.182122548421224
176200,6.924434661865234
176300,4.2966897752549915
176400,5.492976448752663
176500,3.1436184474400113
176600,4.756445693969726
176700,5.405844879150391
176800,5.44125493367513
176900,2.950343370437622
177000,5.076119740804036
177100,4.5325758797781805
177200,5.884864171346028
177300,5.152046627468533
177400,5.362875131460337
177500,6.028874206542969
177600,5.640542221069336
177700,5.5378501198508525
177800,6.468676249186198
177900,3.0722481863839284
178000,5.828616142272949
178100,4.1847847529820035
178200,2.865452085222517
178300,2.512305668422154
178400,6.502175275017233
178500,5.098496437072754
178600,5.202888488769531
178700,2.845393180847168
178800,2.6585464477539062
178900,5.06416840986772
179000,4.482565307617188
179100,5.921116222034801
179200,4.445413762872869
179300,3.3747913360595705
179400,3.8129942757742747
179500,6.2826031276157925
179600,3.3246739705403647
179700,4.0067458152771
179800,5.241653095592152
179900,5.205279423640325
180000,5.659525394439697
17,28.505447068099404
17,16.566085609702114
180100,3.7453964233398436
180200,4.7991172790527346
180300,4.945375714983259
180400,2.9099438985188804
180500,4.120089213053386
180600,4.6593175252278645
180700,2.380429267883301
180800,5.232278188069661
180900,2.9257888793945312
181000,3.618427276611328
181100,5.224893093109131
181200,6.21735595703125
181300,4.83941650390625
181400,3.7670116424560547
181500,5.144659996032715
181600,3.8505516052246094
181700,4.7261505126953125
181800,5.045506217262962
181900,5.501771926879883
182000,4.945479075113933
182100,4.35995626449585
182200,3.3588950634002686
182300,2.7723601205008372
182400,4.3139701843261715
182500,3.099050521850586
182600,3.42022705078125
182700,5.150487379594282
182800,3.967241668701172
182900,3.094104221888951
183000,4.206610202789307
183100,5.793778419494629
183200,2.9216131482805525
183300,3.901083537510463
183400,3.8523343404134116
183500,3.6275325775146485
183600,5.310382843017578
183700,3.4379713270399304
183800,5.254042625427246
183900,3.525575910295759
184000,4.219556263514927
184100,5.225395965576172
184200,3.5707528591156006
184300,3.8644805908203126
184400,6.0615129470825195
184500,5.093213081359863
184600,3.0973310470581055
184700,4.6553192138671875
184800,5.627658299037388
184900,3.0332309177943637
185000,4.510739326477051
185100,5.916769981384277
185200,3.0564794540405273
185300,5.540788650512695
185400,4.933825174967448
185500,3.796760082244873
185600,5.292524973551433
185700,5.076428604125977
185800,4.591485595703125
185900,5.003500196668837
186000,4.6278839111328125
186100,4.474221547444661
186200,6.820922374725342
186300,4.161779615614149
186400,5.17414682561701
186500,3.1357528141566684
186600,4.647150039672852
186700,5.600304031372071
186800,5.271398226420085
186900,3.0680432319641113
187000,5.079739040798611
187100,4.195197514125279
187200,5.804820378621419
187300,4.945259941948785
187400,5.076099102313702
187500,6.015371704101563
187600,5.4174652099609375
187700,5.253552523526278
187800,6.619373957316081
187900,3.0652152470179965
188000,5.774137020111084
188100,4.562458038330078
188200,2.668119430541992
188300,2.609786714826311
188400,6.710022870232077
188500,4.659327983856201
188600,5.050989468892415
188700,2.9248784383138022
188800,2.645622730255127
188900,4.952963048761541
189000,4.7349906921386715
189100,5.485280470414595
189200,4.487882440740412
189300,3.406612014770508
189400,3.3444693429129466
189500,5.95396968296596
189600,3.2995372348361545
189700,4.055875778198242
189800,5.117948705499822
189900,5.404604985163762
190000,5.409475803375244
18,28.346068632108544
18,17.106215093573653
190100,3.707566833496094
190200,4.965281677246094
190300,5.0064206804547995
190400,2.955022176106771
190500,3.886871761745877
190600,4.584232584635417
190700,2.479606866836548
190800,4.382158279418945
190900,2.646129290262858
191000,3.686891343858507
191100,4.597357749938965
191200,6.263828735351563
191300,4.842088222503662
191400,3.6589698791503906
191500,5.286287784576416
191600,3.6104710896809897
191700,4.728662490844727
191800,4.859497763893821
191900,5.738537216186524
192000,4.966707865397136
192100,4.475509166717529
192200,3.606212615966797
192300,2.627471378871373
192400,4.223040008544922
192500,2.968250274658203
192600,4.021083068847656
192700,5.080526525324041
192800,4.165427780151367
192900,2.9211273193359375
193000,4.416144847869873
193100,5.4739603996276855
193200,2.9992403302873885
193300,3.0161519731794084
193400,3.914109547932943
193500,3.7026248931884767
193600,5.706107245551215
193700,3.6355874803331165
193800,5.364843368530273
193900,3.5553975786481584
194000,4.296130044119699
194100,5.140814590454101
194200,3.5103392601013184
194300,4.143320083618164
194400,5.449284553527832
194500,5.538989543914795
194600,3.076923370361328
194700,4.417112827301025
194800,5.7426043919154575
194900,2.8873934064592635
195000,4.862118721008301
195100,5.9844584465026855
195200,2.9008231163024902
195300,5.8418731689453125
195400,5.178392622205946
195500,3.504028081893921
195600,4.842990557352702
195700,4.614697265625
195800,4.43652572631836
195900,4.944229549831814
196000,4.450744205050999
196100,4.383321762084961
196200,6.510359287261963
196300,4.4036131964789496
196400,5.078649347478693
196500,2.7982965196881975
196600,4.569996643066406
196700,5.3005107879638675
196800,5.252680778503418
196900,3.0735857486724854
197000,5.055187225341797
197100,4.001386369977679
197200,5.702612559000651
197300,4.727556864420573
197400,5.090569716233474
197500,6.2473304748535154
197600,5.017554473876953
197700,5.227174932306463
197800,6.583144505818685
197900,2.697986057826451
198000,5.952195644378662
198100,4.503324781145368
198200,2.9301087515694753
198300,2.456974574497768
198400,6.6948551851160385
198500,5.395504474639893
198600,4.818593978881836
198700,2.9216651916503906
198800,2.6000070571899414
198900,4.97120493108576
199000,4.5576416015625
199100,5.516680630770597
199200,4.457945043390447
199300,3.6135028839111327
199400,3.8326263427734375
199500,5.361977168491909
199600,3.153642866346571
199700,4.189535140991211
199800,5.039236242120916
199900,5.155113807091346
200000,5.199737548828125
19,28.173669368190765
19,17.32843219736547
200100,4.0893707275390625
200200,4.484524536132812
200300,4.875454493931362
200400,2.7006441752115884
200500,4.030513763427734
200600,4.500538635253906
200700,2.5603981018066406
200800,4.8181578318278
200900,3.223320643107096
201000,3.615969763861762
201100,4.671159744262695
201200,6.799258422851563
201300,4.900417804718018
201400,3.5949745178222656
201500,5.14885139465332
201600,3.4040136337280273
201700,4.496957778930664
201800,4.858279835094105
201900,5.340080642700196
202000,4.696539243062337
202100,4.317230224609375
202200,3.3186302185058594
202300,2.589885711669922
202400,4.053060150146484
202500,2.922245407104492
202600,3.0989410400390627
202700,5.061643080277876
202800,3.859467315673828
202900,2.9871529170445035
203000,4.297183036804199
203100,5.482107162475586
203200,2.7870118277413503
203300,3.911226545061384
203400,3.7068557739257812
203500,3.5298248291015626
203600,5.207448323567708
203700,3.6093084547254772
203800,5.060590744018555
203900,3.3511140005929128
204000,3.972164971487863
204100,5.172007751464844
204200,3.4242453575134277
204300,4.043672943115235
204400,5.519352912902832
204500,5.270220756530762
204600,3.099071502685547
204700,4.421468734741211
204800,5.846347263881138
204900,2.947279248918806
205000,4.404830455780029
205100,5.688554763793945
205200,3.1107394695281982
205300,5.629461669921875
205400,4.910782708062066
205500,3.8271472454071045
205600,4.640130678812663
205700,4.674649047851562
205800,4.547106170654297
205900,5.031394534640842
206000,4.824532402886285
206100,4.211509704589844
206200,7.051492214202881
206300,3.9641134474012585
206400,5.083842884410512
206500,2.7819202968052457
206600,4.7496692657470705
206700,5.471834564208985
206800,5.082517306009929
206900,3.100792407989502
207000,4.8511403401692705
207100,3.921604701450893
207200,5.557776133219401
207300,4.499559190538195
207400,5.129065880408654
207500,5.959737396240234
207600,5.17048454284668
207700,5.049412120472301
207800,6.095141092936198
207900,3.312109810965402
208000,5.715604782104492
208100,4.375887734549386
208200,2.8394832611083984
208300,2.3732261657714844
208400,6.446690727682674
208500,4.7861738204956055
208600,5.09080696105957
208700,3.5400091807047525
208800,2.4148941040039062
208900,5.043555519797585
209000,4.3140312194824215
209100,5.627939744429155
209200,4.378234169699929
209300,3.589457321166992
209400,3.4330945696149553
209500,5.291558401925223
209600,3.2785407172309027
209700,4.0333571434021
209800,4.862842213023793
209900,5.195746201735276
210000,5.197970390319824
20,28.127303523368198
20,17.36484447695253
210100,3.5573020935058595
210200,4.671614074707032
210300,4.537955147879464
210400,2.948880195617676
210500,3.8269309997558594
210600,4.851299540201823
210700,2.545410394668579
210800,4.477673530578613
210900,2.8569183349609375
211000,3.4386507670084634
211100,5.373631477355957
211200,5.668804321289063
211300,4.994372844696045
211400,3.329262097676595
211500,5.23618221282959
211600,3.6872030893961587
211700,4.235331217447917
211800,4.982533194802024
211900,5.786355590820312
212000,4.686672210693359
212100,4.491574287414551
212200,3.601797580718994
212300,2.5757598876953125
212400,4.059321594238281
212500,3.35347900390625
212600,3.061014175415039
212700,5.24175990711559
212800,3.9671226501464845
212900,2.864349365234375
213000,4.460964202880859
213100,5.166544437408447
213200,2.6383350917271207
213300,3.3241476331438338
213400,3.8791192372639975
213500,3.5389652252197266
213600,5.353873358832465
213700,3.705679999457465
213800,5.105485916137695
213900,3.4736606052943637
214000,4.249586922781808
214100,4.885356903076172
214200,3.344313621520996
214300,4.221260070800781
214400,5.625158309936523
214500,5.320089340209961
214600,2.5052234649658205
214700,4.240598201751709
214800,5.661867414202009
214900,2.8947715759277344
215000,4.514891624450684
215100,5.551345348358154
215200,2.974780559539795
215300,5.730636215209961
215400,5.147865295410156
215500,3.635484457015991
215600,4.570000330607097
215700,4.779644012451172
215800,4.616012191772461
215900,4.723601447211371
216000,4.524515363905165
216100,4.162560145060222
216200,6.942957878112793
216300,4.187720404730903
216400,4.848191001198509
216500,2.5990191868373325
216600,4.754082489013672
216700,5.628166198730469
216800,5.032225926717122
216900,3.201540231704712
217000,4.9571512010362415
217100,4.415938241141183
217200,5.52944819132487
217300,4.522708468967014
217400,5.137461148775541
217500,5.800967025756836
217600,5.215447235107422
217700,5.5494911887428975
217800,6.047695795694987
217900,2.7437973022460938
218000,5.5245866775512695
218100,4.052496228899274
218200,2.837787083217076
218300,2.3342579432896207
218400,6.449066162109375
218500,5.136634826660156
218600,5.498324712117513
218700,2.5788742701212564
218800,2.5233798027038574
218900,4.990629022771662
219000,4.599344635009766
219100,5.314683393998579
219200,4.331314780495384
219300,3.5362510681152344
219400,3.2654735020228793
219500,5.615318298339844
219600,3.0905284881591797
219700,3.9840683937072754
219800,5.172597711736506
219900,5.201304509089543
220000,5.726886749267578
21,27.712703202065672
21,17.478004334366595
220100,3.8600154876708985
220200,4.442279815673828
220300,4.646228790283203
220400,2.78775946299235
220500,3.7192840576171875
220600,4.467173258463542
220700,2.314119815826416
220800,4.116686185201009
220900,2.5249274571736655
221000,3.4003177218967013
221100,4.085764408111572
221200,6.248262939453125
221300,4.509706020355225
221400,3.57228151957194
221500,5.168741226196289
221600,3.2286033630371094
221700,4.581027030944824
221800,4.846183430064809
221900,5.736160659790039
222000,4.950795491536458
222100,4.454604625701904
222200,3.3241326808929443
222300,2.451433999197824
222400,4.004873657226563
222500,3.3608234405517576
222600,2.8917158126831053
222700,5.002450422807173
222800,3.441898727416992
222900,2.7488585880824496
223000,4.352827072143555
223100,5.242430686950684
223200,2.6373013087681363
223300,4.656029292515346
223400,3.797562917073568
223500,3.7836517333984374
223600,5.23823716905382
223700,3.7443669637044272
223800,5.416267395019531
223900,3.2228431701660156
224000,4.102531433105469
224100,5.049470138549805
224200,3.177337408065796
224300,4.013669967651367
224400,4.810577392578125
224500,5.16704797744751
224600,2.728919792175293
224700,4.054196834564209
224800,5.797742571149554
224900,2.8480532509940013
225000,4.449216842651367
225100,5.56821346282959
225200,2.86710524559021
225300,5.178630065917969
225400,5.026332855224609
225500,3.6220192909240723
225600,4.9122622807820635
225700,5.353434753417969
225800,5.222434616088867
225900,4.631052652994792
226000,4.296413845486111
226100,4.038150787353516
226200,6.341757297515869
226300,3.9059270222981772
226400,4.963943828235973
226500,3.1756676265171597
226600,4.7585186004638675
226700,5.384764862060547
226800,5.483381907145183
226900,3.027858018875122
227000,5.242785983615452
227100,4.125575201851981
227200,5.6957441965738935
227300,4.683647155761719
227400,5.15226334791917
227500,5.911317443847656
227600,4.969455718994141
227700,5.278824892911044
227800,5.21674378712972
227900,2.8575507572719028
228000,5.4021453857421875
228100,4.218835558210101
228200,2.593208040509905
228300,2.2213347298758372
228400,6.499234367819393
228500,4.599273204803467
228600,4.850175857543945
228700,2.962590535481771
228800,2.56693434715271
228900,4.895891362970525
229000,4.492483520507813
229100,5.514383142644709
229200,4.369606018066406
229300,3.8183059692382812
229400,3.485602787562779
229500,5.206439971923828
229600,2.9544319576687283
229700,3.995288133621216
229800,5.18393984707919
229900,5.388491703913762
230000,5.4738569259643555
22,27.86032389924614
22,17.803318159983924
230100,3.4340553283691406
230200,4.399308395385742
230300,4.649541582380023
230400,2.986072540283203
230500,4.609118143717448
230600,4.956309000651042
230700,2.5178117752075195
230800,4.615531921386719
230900,2.7090651194254556
231000,3.445888943142361
231100,4.128045082092285
231200,6.317628784179687
231300,4.820496082305908
231400,3.417599678039551
231500,5.176094055175781
231600,3.569413503011068
231700,4.333127975463867
231800,4.727493632923473
231900,5.024224090576172
232000,4.79036299387614
232100,4.096580505371094
232200,3.470168113708496
232300,2.2898161751883372
232400,4.152894973754883
232500,3.1965078353881835
232600,2.947536659240723
232700,5.005523681640625
232800,4.382825469970703
232900,2.7334461212158203
233000,4.2593536376953125
233100,4.998034954071045
233200,2.719205583844866
233300,3.9318858555385043
233400,3.889622370402018
233500,3.774366760253906
233600,5.76297844780816
233700,3.438464058770074
233800,5.228448549906413
233900,3.0882925306047713
234000,4.240135192871094
234100,4.987985610961914
234200,2.970846652984619
234300,3.7780105590820314
234400,4.809175968170166
234500,5.30656623840332
234600,2.846580696105957
234700,4.214103698730469
234800,5.661142076764788
234900,2.869147164481027
235000,4.269211769104004
235100,5.786220073699951
235200,3.3046364784240723
235300,5.609114074707032
235400,4.926430172390408
235500,3.2693490982055664
235600,4.718156178792317
235700,4.808090591430664
235800,4.5478981018066404
235900,4.543603685167101
236000,4.309691111246745
236100,4.052839914957683
236200,6.305405616760254
236300,4.175423940022786
236400,4.8535832491788
236500,2.7381199428013394
236600,4.735399627685547
236700,5.675529479980469
236800,5.016661326090495
236900,2.889739513397217
237000,4.928317599826389
237100,4.127256120954241
237200,5.523660659790039
237300,4.6075286865234375
237400,4.907693716195913
237500,5.716072845458984
237600,4.953664779663086
237700,5.31717924638228
237800,5.321330706278483
237900,2.8987742832728793
238000,5.699138641357422
238100,3.9361801147460938
238200,2.7474705832345143
238300,2.2440276827131
238400,6.535622540642233
238500,4.610509872436523
238600,4.885953267415364
238700,2.7678038279215493
238800,2.249577045440674
238900,4.951875860040838
239000,4.278223037719727
239100,5.2056520635431465
239200,4.042929562655362
239300,3.5336551666259766
239400,3.115276881626674
239500,5.560979570661273
239600,2.9268885718451605
239700,3.6167564392089844
239800,4.937751770019531
239900,5.103821387657752
240000,5.530994415283203
23,27.841740608971918
23,17.50683094449505
240100,3.8954498291015627
240200,4.3051811218261715
240300,4.739728110177176
240400,3.153986612955729
240500,3.635221693250868
240600,4.440568542480468
240700,2.6159896850585938
240800,5.102621714274089
240900,2.8814284006754556
241000,3.2157310909695096
241100,4.959911823272705
241200,6.683560180664062
241300,4.768688201904297
241400,3.305736541748047
241500,5.161066055297852
241600,3.3516057332356772
241700,4.484880765279134
241800,4.414270574396307
241900,5.238938903808593
242000,4.747512181599935
242100,4.327686309814453
242200,3.277894973754883
242300,2.0807557787214006
242400,3.710955047607422
242500,2.699553298950195
242600,3.0227394104003906
242700,5.091832941228693
242800,3.6460811614990236
242900,2.8347789219447543
243000,4.469908714294434
243100,5.798879623413086
243200,2.9346084594726562
243300,4.091084344046457
243400,3.6465962727864585
243500,3.351575469970703
243600,6.071847703721788
243700,3.087752448187934
243800,5.041664123535156
243900,3.444018772670201
244000,3.9400978088378906
244100,4.856869125366211
244200,3.057227373123169
244300,4.030565643310547
244400,4.885961532592773
244500,5.159914016723633
244600,2.75802001953125
244700,4.341142177581787
244800,5.661018371582031
244900,2.7570343017578125
245000,4.614389419555664
245100,5.850773811340332
245200,2.730860710144043
245300,6.129202270507813
245400,4.872927347819011
245500,3.6549625396728516
245600,4.568479855855306
245700,4.461494827270508
245800,4.655525207519531
245900,4.56595696343316
246000,4.697517395019531
246100,4.028199513753255
246200,6.762236595153809
246300,3.87249755859375
246400,4.972429102117365
246500,2.5749588012695312
246600,4.738780975341797
246700,5.275434112548828
246800,5.057233492533366
246900,2.764622688293457
247000,4.946808709038629
247100,3.9951586042131697
247200,5.5722300211588545
247300,4.587663014729817
247400,5.208097604604868
247500,5.796885299682617
247600,4.701008605957031
247700,5.114354913884943
247800,4.951152483622233
247900,2.7757601056780135
248000,6.016050815582275
248100,3.9436680930001393
248200,3.401862008231027
248300,2.1587754658290317
248400,6.6353661032284
248500,4.570230960845947
248600,5.0730406443278
248700,2.459098974863688
248800,2.4984378814697266
248900,4.925317937677557
249000,4.331970596313477
249100,5.5818634033203125
249200,4.274594393643466
249300,3.3750465393066404
249400,3.5147672380719865
249500,5.359742300851004
249600,3.0249917772081165
249700,3.6141443252563477
249800,4.9099859757856885
249900,5.0765240009014425
250000,5.60619592666626
24,27.778398792788508
24,17.86543501749696
